>> $thermo = Sim21Thermo.SRK
pkgName: SRK
>> / -> $thermo
Thermo case attached to a unit operation. / to /thermo
>> thermo + HYDROGEN WATER CARBON_MONOXIDE CARBON_DIOXIDE
HYDROGEN WATER CARBON MONOXIDE CARBON DIOXIDE 
>> thermo + METHANE OXYGEN NITROGEN AMMONIA ETHANE PROPANE
METHANE OXYGEN NITROGEN AMMONIA ETHANE PROPANE 
>> 
>> units SI
>> 
>> # A Equilibrum reactor - isothermal, no pressure drop
>> #rxn = EquiliReactor.IsothermalEquiliReactor()           #IsothermalEqmReactor()
>> rxn = EquiliReactor.EquilibriumReactor()
>> cd /rxn
/rxn
>> In.P = 100
>> In.T = 80
>> In.MoleFlow = 8 lbmole/h
>> In.Fraction = 1 1 1 1 1 1 1 1 0 0
>> DeltaP = 10
>> 
>> # Test 1 : Testing Outlet T spec  ----------------------------------
>> 
>> NumberRxn = 2
>> Rxn0.Formula = Reforming:3*0+1*2-1*1-!4
>> Rxn1.Formula =  Shift:1*3+1*0-!2-1*1
>> Rxn0.EqmConst.Table.Series0  =  366.5 533.15 699.8 810.9 866.5 922.04 977.6 1033.15 1199.8 1310.9 1477.6 K
>> Rxn0.EqmConst.Table.Series1  =  7.81e-19 2.17e-9 0.000266 0.049 0.4098 2.679 14.26 63.43 2464 17010 178400
>> Rxn1.EqmConst.Table.Series0  =  366.5 422.04 477.6 505.4 588.7 616.5 727.6 838.7 1088.7 1227.6 1477.6 K
>> Rxn1.EqmConst.Table.Series1  =  4523 783.6 206.8 119 31.44 22 7.05 3.13 0.9813 0.647 0.3843
>> CalculationOption = 1
>> Out.T = 80
Converged /rxn.itnRxn
>> 
>> In
Port: /rxn.itnRxn.In + sim21.old.solver.Ports.Port_Material
Connected to: None
VapFrac            = 1.0 = 
T                  = 80.0 * C
P                  = 100.0 * kPa
MoleFlow           = 3.6287395301604706 * kgmole/h
MassFlow           = 83.97626299142713 = kg/h
VolumeFlow         = 106.36583590079162 = m3/hr
StdLiqVolumeFlow   = 0.12083081213789829 = m3/hr
H                  = -106499.12044775895 = kJ/kmol
Energy             = -107349.3245266956 = W
MolecularWeight    = 23.141992499999997 = 
ZFactor            = 0.9982813692032438 = 
HYDROGEN           = 0.125 * 
WATER              = 0.125 * 
CARBON MONOXIDE    = 0.125 * 
CARBON DIOXIDE     = 0.125 * 
METHANE            = 0.125 * 
OXYGEN             = 0.125 * 
NITROGEN           = 0.125 * 
AMMONIA            = 0.125 * 
ETHANE             = 0.0 * 
PROPANE            = 0.0 * 

>> Out
Port: /rxn.itnRxn.Out + sim21.old.solver.Ports.Port_Material
Connected to: None
VapFrac            = 1.0 = 
T                  = 80.0 * C
P                  = 90.0 = kPa
MoleFlow           = 3.179958545587172 = kgmole/h
MassFlow           = 83.97626299142712 = kg/h
VolumeFlow         = 103.50827272243926 = m3/hr
StdLiqVolumeFlow   = 0.11435072841070026 = m3/hr
H                  = -139177.41123399723 = kJ/kmol
Energy             = -122938.44394618043 = W
MolecularWeight    = 26.407974125310837 = 
ZFactor            = 0.9977063049383761 = 
HYDROGEN           = 0.0030255038282381943 = 
WATER              = 0.14112854453284704 = 
CARBON MONOXIDE    = 6.090142939820674e-07 = 
CARBON DIOXIDE     = 0.2147174071060678 = 
METHANE            = 0.21320495969909567 = 
OXYGEN             = 0.14264099193981916 = 
NITROGEN           = 0.14264099193981916 = 
AMMONIA            = 0.14264099193981916 = 
ETHANE             = 0.0 = 
PROPANE            = 0.0 = 

>> OutQ
Port: /rxn.EneStream.Out + sim21.old.solver.Ports.Port_Energy
Connected to: None
Energy   = 15589.119419484841 = W

>> 
>> # Test 2 : Testing Outlet Q spec  ----------------------------------
>> Out.T = None
>> OutQ = 10000
>> Out
Port: /rxn.itnRxn.Out + sim21.old.solver.Ports.Port_Material
Connected to: None
VapFrac            = 1.0 = 
T                  = 245.10954933449307 = C
P                  = 90.0 = kPa
MoleFlow           = 3.1847458248652147 = kgmole/h
MassFlow           = 83.97626299142712 = kg/h
VolumeFlow         = 152.40093286678785 = m3/hr
StdLiqVolumeFlow   = 0.11458881989806279 = m3/hr
H                  = -132650.32486979818 = kJ/kmol
Energy             = -117349.32452669558 = W
MolecularWeight    = 26.368277912722025 = 
ZFactor            = 0.999479428436906 = 
HYDROGEN           = 0.005930562571643703 = 
WATER              = 0.13950998518838525 = 
CARBON MONOXIDE    = 9.738220175718812e-05 = 
CARBON DIOXIDE     = 0.21504946705158584 = 
METHANE            = 0.21213287686664256 = 
OXYGEN             = 0.14242657537332853 = 
NITROGEN           = 0.14242657537332853 = 
AMMONIA            = 0.14242657537332853 = 
ETHANE             = 0.0 = 
PROPANE            = 0.0 = 

>> OutQ
Port: /rxn.EneStream.Out + sim21.old.solver.Ports.Port_Energy
Connected to: None
Energy   = 10000.0 * W

>> 
>> # Test 3 Negative K value in K table, Should not solve -------------------------------------------
>> Rxn0.EqmConst.Table.Series0  =  366.5 533.15 699.8 810.9 866.5 922.04 977.6 1033.15 1199.8 1310.9 1477.6 K
>> Rxn0.EqmConst.Table.Series1  =  -7.81e-19 -2.17e-9 -0.000266 -0.049 -0.4098 -2.679 -14.26 -63.43 -2464 -17010 -178400
>> #Rxn1.EqmConst.Table.Series0  =  366.5 422.04 477.6 505.4 588.7 616.5 727.6 838.7 1088.7 1227.6 1477.6 K
>> #Rxn1.EqmConst.Table.Series1  =  -4523 -783.6 -206.8 -119 -31.44 -22 -7.05 -3.13 -0.9813 -0.647 -0.3843
>> Ignored = 1
>> Ignored = None
>> Out
Port: /rxn.itnRxn.Out + sim21.old.solver.Ports.Port_Material
Connected to: None
VapFrac            = None
T                  = None
P                  = 90.0 = kPa
MoleFlow           = None
MassFlow           = None
VolumeFlow         = None
StdLiqVolumeFlow   = None
H                  = None
Energy             = None
MolecularWeight    = None
ZFactor            = None
HYDROGEN           = None
WATER              = None
CARBON MONOXIDE    = None
CARBON DIOXIDE     = None
METHANE            = None
OXYGEN             = None
NITROGEN           = None
AMMONIA            = None
ETHANE             = None
PROPANE            = None

>> OutQ
Port: /rxn.EneStream.Out + sim21.old.solver.Ports.Port_Energy
Connected to: None
Energy   = 10000.0 * W

>> 
>> 
>> # Test 4 : Given No Flow at Temperature spec. Should partially solve ----------------------------------
>> Rxn0.EqmConst.Table.Series0  =  366.5 533.15 699.8 810.9 866.5 922.04 977.6 1033.15 1199.8 1310.9 1477.6 K
>> Rxn0.EqmConst.Table.Series1  =  7.81e-19 2.17e-9 0.000266 0.049 0.4098 2.679 14.26 63.43 2464 17010 178400
>> In.MoleFlow = None
>> OutQ = None
>> Out.T = 80
Converged /rxn.itnRxn
>> Out
Port: /rxn.itnRxn.Out + sim21.old.solver.Ports.Port_Material
Connected to: None
VapFrac            = 1.0 = 
T                  = 80.0 * C
P                  = 90.0 = kPa
MoleFlow           = None
MassFlow           = None
VolumeFlow         = None
StdLiqVolumeFlow   = None
H                  = -139177.41123399822 = kJ/kmol
Energy             = None
MolecularWeight    = 26.407974125310957 = 
ZFactor            = 0.9977063049383761 = 
HYDROGEN           = 0.0030255038282293594 = 
WATER              = 0.1411285445328521 = 
CARBON MONOXIDE    = 6.090142939901413e-07 = 
CARBON DIOXIDE     = 0.2147174071060665 = 
METHANE            = 0.2132049596990988 = 
OXYGEN             = 0.14264099193981977 = 
NITROGEN           = 0.14264099193981977 = 
AMMONIA            = 0.14264099193981977 = 
ETHANE             = 0.0 = 
PROPANE            = 0.0 = 

>> OutQ
Port: /rxn.EneStream.Out + sim21.old.solver.Ports.Port_Energy
Connected to: None
Energy   = None

>> 
>> # Test 5 : Given No Flow at Reaction Heat spec. Should not solve ----------------------------------
>> Out.T = None
>> OutQ = -10000
>> Out
Port: /rxn.itnRxn.Out + sim21.old.solver.Ports.Port_Material
Connected to: None
VapFrac            = None
T                  = None
P                  = 90.0 = kPa
MoleFlow           = None
MassFlow           = None
VolumeFlow         = None
StdLiqVolumeFlow   = None
H                  = None
Energy             = None
MolecularWeight    = None
ZFactor            = None
HYDROGEN           = None
WATER              = None
CARBON MONOXIDE    = None
CARBON DIOXIDE     = None
METHANE            = None
OXYGEN             = None
NITROGEN           = None
AMMONIA            = None
ETHANE             = None
PROPANE            = None

>> OutQ
Port: /rxn.EneStream.Out + sim21.old.solver.Ports.Port_Energy
Connected to: None
Energy   = -10000.0 * W

>> 
>> # Test 6 : Given Inlet and Outlet Pressures ----------------------------------
>> OutQ = -5150
>> In.P = None
>> In.MoleFlow = 8 lbmole/h
>> Out.P = 90
>> Out
Port: /rxn.itnRxn.Out + sim21.old.solver.Ports.Port_Material
Connected to: None
VapFrac            = 1.0 = 
T                  = 464.2622500441523 = C
P                  = 90.0 * kPa
MoleFlow           = 3.409154423718179 = kgmole/h
MassFlow           = 83.97626299142712 = kg/h
VolumeFlow         = 232.26349316245876 = m3/hr
StdLiqVolumeFlow   = 0.12210015716554554 = m3/hr
H                  = -107920.47603840618 = kJ/kmol
Energy             = -102199.3245266956 = W
MolecularWeight    = 24.632578215638233 = 
ZFactor            = 1.000074275013806 = 
HYDROGEN           = 0.10425085706387414 = 
WATER              = 0.0974413195398183 = 
CARBON MONOXIDE    = 0.033030888344741514 = 
CARBON DIOXIDE     = 0.20086650385648933 = 
METHANE            = 0.165256519496923 = 
OXYGEN             = 0.1330513038993846 = 
NITROGEN           = 0.1330513038993846 = 
AMMONIA            = 0.1330513038993846 = 
ETHANE             = 0.0 = 
PROPANE            = 0.0 = 

>> OutQ
Port: /rxn.EneStream.Out + sim21.old.solver.Ports.Port_Energy
Connected to: None
Energy   = -5150.0 * W

>> 
>> 
