>> thermo = Sim21Thermo.IdealVapLiq
pkgName: IdealVapLiq
The usage of thermo = Sim21Thermo.IdealVapLiq is obsolete and will be deprecated. Use $thermoname = opTypeDesc instead
>> thermo + ETHANOL WATER
ETHANOL WATER 
>> topVap = Stream.Stream_Material()
>> topVap.In.P = 101.325
>> topVap.In.T = 78
>> topVap.In.MoleFlow = 100
>> topVap.In.Fraction = 0.85 0.15
>> 
>> cond = Heater.Cooler()
>> topVap.Out -> cond.In
>> cond.DeltaP = 0
>> cond.Out.T = 25
>> 
>> cond.OutQ
Port: /cond.OutQ + sim21.old.solver.Ports.Port_Energy
Connected to: None
Energy   = 189252.5752588911 = W

>> 
