>> # Ammonia Refrigeration Loop - no streams
>> # Sim42 Tutorial
>> 
>> 
>> $thermo = Sim21Thermo.SRK
pkgName: SRK
>> / -> $thermo
Thermo case attached to a unit operation. / to /thermo
>> thermo + Ammonia
Ammonia 
>> 
>> 
>> Chiller    = Heater.Heater()
>> Compressor = Compressor.Compressor()
>> Condenser  = Heater.Cooler()
>> JT         = Valve.Valve()
>> 
>> 
>> Chiller.Out.T        = 253.15 K
>> Chiller.Out.VapFrac  = 1
>> Chiller.Out.Fraction = 1
>> Chiller.DeltaP = 20
>> 
>> Chiller.InQ   = 10000
>> 
>> 
>> Condenser.Out.T        = 333.15 K
>> Condenser.Out.VapFrac  = 0
>> Condenser.Out.Fraction = 1
>> Condenser.DeltaP = 20
>> 
>> Compressor.Efficiency = 0.75
>> 
>> Chiller.Out    -> Compressor.In
>> Compressor.Out -> Condenser.In
>> Condenser.Out  -> JT.In
>> JT.Out         -> Chiller.In
>> 
>> 
>> Chiller.Out
Port: /Chiller.Out + sim21.old.solver.Ports.Port_Material
Connected to: /Compressor.Ideal.In
VapFrac            = 1.0 * 
T                  = -19.99999999999997 * C
P                  = 188.81409998710538 = kPa
MoleFlow           = 2.214885544905873 = kgmole/h
MassFlow           = 37.72065257023037 = kg/h
VolumeFlow         = 24.08419355372925 = m3/hr
StdLiqVolumeFlow   = 0.05528354320085059 = m3/hr
H                  = -47616.27382774328 = kJ/kmol
Energy             = -29295.7212787079 = W
MolecularWeight    = 17.03052 = 
ZFactor            = 0.9754457615178855 = 
AMMONIA            = 1.0 * 

>> Compressor.Out
Port: /Compressor.Waste.Out + sim21.old.solver.Ports.Port_Material
Connected to: /Condenser.In
VapFrac            = 1.0 | 
T                  = 245.05602910884636 | C
P                  = 2646.583523682509 | kPa
MoleFlow           = 2.214885544905873 = kgmole/h
MassFlow           = 37.72065257023037 = kg/h
VolumeFlow         = 3.466493029342006 = m3/hr
StdLiqVolumeFlow   = 0.05528354320085059 = m3/hr
H                  = -37935.45619889536 = kJ/kmol
Energy             = -23339.63710398423 = W
MolecularWeight    = 17.03052 | 
ZFactor            = 0.9613643213296844 | 
AMMONIA            = 1.0 = 

>> Condenser.Out
Port: /Condenser.Out + sim21.old.solver.Ports.Port_Material
Connected to: /JT.In
VapFrac            = 0.0 * 
T                  = 60.0 * C
P                  = 2626.583523682509 = kPa
MoleFlow           = 2.214885544905873 = kgmole/h
MassFlow           = 37.72065257023037 = kg/h
VolumeFlow         = 0.07840019159253866 = m3/hr
StdLiqVolumeFlow   = 0.05528354320085059 = m3/hr
H                  = -63869.93536921581 = kJ/kmol
Energy             = -39295.7212787079 = W
MolecularWeight    = 17.03052 = 
ZFactor            = 0.033564721512769236 = 
AMMONIA            = 1.0 * 

>> JT.Out
Port: /JT.Out + sim21.old.solver.Ports.Port_Material
Connected to: /Chiller.In
VapFrac            = 0.29032586234191116 | 
T                  = -17.717970937701267 | C
P                  = 208.81409998710538 | kPa
MoleFlow           = 2.214885544905873 | kgmole/h
MassFlow           = 37.72065257023037 | kg/h
VolumeFlow         = 6.411585907188101 | m3/hr
StdLiqVolumeFlow   = 0.05528354320085059 | m3/hr
H                  = -63869.93536921581 = kJ/kmol
Energy             = -39295.7212787079 | W
MolecularWeight    = 17.03052 | 
ZFactor            = 0.2846193740381616 | 
AMMONIA            = 1.0 = 

