>> # optimizecode 1
>> # maxversions 0
>> units SI
>> # /LiquidPhases = 2
>> # /StdLiqVolRefT = 288.15
>> # /StdLiqVolRefT = 60 F
>> # /RecycleDetails = 1
>> 
>> # Properties commented out for testing
>> # displayproperties
>> # displayproperties VapFrac T P MoleFlow MassFlow VolumeFlow StdLiqVolumeFlow StdGasVolumeFlow Energy H S MolecularWeight MassDensity Cp ThermalConductivity Viscosity molarV ZFactor S
>> # commonproperties
>> # commonproperties + ZFactor P T MolecularWeight MassDensity StdLiqMolarVol VapFrac T P MoleFlow MassFlow VolumeFlow StdLiqVolumeFlow StdGasVolumeFlow Energy H S MolecularWeight MassDensity Cp ThermalConductivity Viscosity molarV ZFactor S
>> 
>> $VMGThermo = Sim21Thermo.Peng-Robinson
pkgName: Peng-Robinson
>> / -> $VMGThermo
Thermo case attached to a unit operation. / to /VMGThermo
>> # /SolidPhases = 0
>> 
>> $VMGThermo + WATER
WATER 
>> $VMGThermo + METHANE
METHANE 
>> $VMGThermo + ETHANE
ETHANE 
>> $VMGThermo + PROPANE
PROPANE 
>> $VMGThermo + n-BUTANE
n-BUTANE 
>> $VMGThermo + ISOPENTANE
ISOPENTANE 
>> 
>> /CP1 = Compressor.CompressorWithCurve("IgnoreCurve = 1")
Error processing command:
<class 'TypeError'>
'module' object is not callable
  File "C:\Users\Kiran\Projects\sim21\sim21\old\cli\CommandInterface.py", line 3562, in run
    interface.ProcessCommandStream(inp, out, err)

  File "C:\Users\Kiran\Projects\sim21\sim21\old\cli\CommandInterface.py", line 284, in ProcessCommandStream
    cmdResult = self.ProcessCommandString(cmd)

  File "C:\Users\Kiran\Projects\sim21\sim21\old\cli\CommandInterface.py", line 379, in ProcessCommandString
    cmdResult = self.ProcessCommand(cmd)

  File "C:\Users\Kiran\Projects\sim21\sim21\old\cli\CommandInterface.py", line 354, in ProcessCommand
    return operators[operator](self, lhsObj, dequote(remaining))

  File "C:\Users\Kiran\Projects\sim21\sim21\old\cli\CommandInterface.py", line 1807, in Equal
    self.CreateObject(parentObj, createName, rhsDesc)

  File "C:\Users\Kiran\Projects\sim21\sim21\old\cli\CommandInterface.py", line 1730, in CreateObject
    parent.AddObject(newObj, name)

  File "C:\Users\Kiran\Projects\sim21\sim21\old\unitop\UnitOperations.py", line 198, in AddObject
    self.AddUnitOperation(obj, name)

  File "C:\Users\Kiran\Projects\sim21\sim21\old\unitop\UnitOperations.py", line 997, in AddUnitOperation
    cmdproc = CommandInterface(uOp)


>> '/CP1.In.Fraction' =   .003690036900369  .3690036900369  .3690036900369  .18450184501845  .03690036900369  .03690036900369
>> '/CP1.In.T' =  80
>> '/CP1.In.P' =  100
>> '/CP1.In.MoleFlow' =  100
>> '/CP1.Out.P' =  300
>> '/CP1.AdiabaticEff.Generic' =  .8
>> /CP1.In
Port: /CP1.FlowSensor.In + sim21.old.solver.Ports.Port_Material
Connected to: None
VapFrac            = 1.0 = 
T                  = 80.0 * C
P                  = 100.0 * kPa
MoleFlow           = 100.0 * kgmole/h
MassFlow           = 3002.4561180811806 = kg/h
VolumeFlow         = 2922.1876882959823 = m3/hr
StdLiqVolumeFlow   = 5.2029409594095934 = m3/hr
H                  = -85821.47106628661 = kJ/kmol
Energy             = -2383929.751841295 = W
MolecularWeight    = 30.024561180811805 = 
ZFactor            = 0.9952099536973447 = 
WATER              = 0.003690036900369004 * 
METHANE            = 0.36900369003690037 * 
ETHANE             = 0.36900369003690037 * 
PROPANE            = 0.18450184501845018 * 
N-BUTANE           = 0.03690036900369004 * 
ISOPENTANE         = 0.03690036900369004 * 

>> /CP1.Out
Port: /CP1.OutPSensor.Out + sim21.old.solver.Ports.Port_Material
Connected to: None
VapFrac            = 1.0 = 
T                  = 146.88612461493386 = C
P                  = 300.0 * kPa
MoleFlow           = 99.99999999999999 = kgmole/h
MassFlow           = 3002.4561180811806 = kg/h
VolumeFlow         = 1154.591731355319 = m3/hr
StdLiqVolumeFlow   = 5.202940959409594 = m3/hr
H                  = -81527.46774591424 = kJ/kmol
Energy             = -2264651.8818309507 = W
MolecularWeight    = 30.024561180811805 = 
ZFactor            = 0.9918108836729245 = 
WATER              = 0.003690036900369004 = 
METHANE            = 0.36900369003690037 = 
ETHANE             = 0.36900369003690037 = 
PROPANE            = 0.18450184501845018 = 
N-BUTANE           = 0.03690036900369004 = 
ISOPENTANE         = 0.03690036900369004 = 

>> /CP1.AdiabaticEff
Port: /CP1.EfficiencySig.effClone + sim21.old.solver.Ports.Port_Signal
Connected to: None
Generic   = 0.8 * 

>> /CP1.PolytropicEff
Port: /CP1.PolytropicEffSig.effClone + sim21.old.solver.Ports.Port_Signal
Connected to: None
Generic   = 0.8128500762448715 = 

>> /CP1.TotalQ.In
Port: /CP1.TotalQ.In + sim21.old.solver.Ports.Port_Energy
Connected to: None
Energy   = 119277.8700103442 = W

>> 
>> '/CP1.AdiabaticEff.Generic' =
>> '/CP1.PolytropicEff.Generic' =  .8
>> /CP1.In
Port: /CP1.FlowSensor.In + sim21.old.solver.Ports.Port_Material
Connected to: None
VapFrac            = 1.0 = 
T                  = 80.0 * C
P                  = 100.0 * kPa
MoleFlow           = 100.0 * kgmole/h
MassFlow           = 3002.4561180811806 = kg/h
VolumeFlow         = 2922.1876882959823 = m3/hr
StdLiqVolumeFlow   = 5.2029409594095934 = m3/hr
H                  = -85821.47106628661 = kJ/kmol
Energy             = -2383929.751841295 = W
MolecularWeight    = 30.024561180811805 = 
ZFactor            = 0.9952099536973447 = 
WATER              = 0.003690036900369004 * 
METHANE            = 0.36900369003690037 * 
ETHANE             = 0.36900369003690037 * 
PROPANE            = 0.18450184501845018 * 
N-BUTANE           = 0.03690036900369004 * 
ISOPENTANE         = 0.03690036900369004 * 

>> /CP1.Out
Port: /CP1.OutPSensor.Out + sim21.old.solver.Ports.Port_Material
Connected to: None
VapFrac            = 1.0 = 
T                  = 147.96198224171025 = C
P                  = 300.0 * kPa
MoleFlow           = 100.0 = kgmole/h
MassFlow           = 3002.456118081181 = kg/h
VolumeFlow         = 1157.6326871188196 = m3/hr
StdLiqVolumeFlow   = 5.202940959409595 = m3/hr
H                  = -81452.58909895003 = kJ/kmol
Energy             = -2262571.919415279 = W
MolecularWeight    = 30.024561180811805 = 
ZFactor            = 0.9918825544672126 = 
WATER              = 0.003690036900369004 = 
METHANE            = 0.36900369003690037 = 
ETHANE             = 0.36900369003690037 = 
PROPANE            = 0.18450184501845018 = 
N-BUTANE           = 0.03690036900369004 = 
ISOPENTANE         = 0.03690036900369004 = 

>> /CP1.AdiabaticEff
Port: /CP1.EfficiencySig.effClone + sim21.old.solver.Ports.Port_Signal
Connected to: None
Generic   = 0.7862887306136411 = 

>> /CP1.PolytropicEff
Port: /CP1.PolytropicEffSig.effClone + sim21.old.solver.Ports.Port_Signal
Connected to: None
Generic   = 0.8 * 

>> /CP1.TotalQ.In
Port: /CP1.TotalQ.In + sim21.old.solver.Ports.Port_Energy
Connected to: None
Energy   = 121357.83242601634 = W

>> 
>> /CP1.FlowSensor.In.MoleFlow =
>> /CP1.In
Port: /CP1.FlowSensor.In + sim21.old.solver.Ports.Port_Material
Connected to: None
VapFrac            = 1.0 = 
T                  = 80.0 * C
P                  = 100.0 * kPa
MoleFlow           = None
MassFlow           = None
VolumeFlow         = None
StdLiqVolumeFlow   = None
H                  = -85821.47106628661 = kJ/kmol
Energy             = None
MolecularWeight    = 30.024561180811805 = 
ZFactor            = 0.9952099536973447 = 
WATER              = 0.003690036900369004 * 
METHANE            = 0.36900369003690037 * 
ETHANE             = 0.36900369003690037 * 
PROPANE            = 0.18450184501845018 * 
N-BUTANE           = 0.03690036900369004 * 
ISOPENTANE         = 0.03690036900369004 * 

>> /CP1.Out
Port: /CP1.OutPSensor.Out + sim21.old.solver.Ports.Port_Material
Connected to: None
VapFrac            = 1.0 = 
T                  = 147.96198224171025 = C
P                  = 300.0 * kPa
MoleFlow           = None
MassFlow           = None
VolumeFlow         = None
StdLiqVolumeFlow   = None
H                  = -81452.58909895003 = kJ/kmol
Energy             = None
MolecularWeight    = 30.024561180811805 = 
ZFactor            = 0.9918825544672126 = 
WATER              = 0.003690036900369004 = 
METHANE            = 0.36900369003690037 = 
ETHANE             = 0.36900369003690037 = 
PROPANE            = 0.18450184501845018 = 
N-BUTANE           = 0.03690036900369004 = 
ISOPENTANE         = 0.03690036900369004 = 

>> /CP1.AdiabaticEff
Port: /CP1.EfficiencySig.effClone + sim21.old.solver.Ports.Port_Signal
Connected to: None
Generic   = 0.7862887306136411 = 

>> /CP1.PolytropicEff
Port: /CP1.PolytropicEffSig.effClone + sim21.old.solver.Ports.Port_Signal
Connected to: None
Generic   = 0.8 * 

>> /CP1.TotalQ.In
Port: /CP1.TotalQ.In + sim21.old.solver.Ports.Port_Energy
Connected to: None
Energy   = None

>> 
>> /CP1.TotalQ.In.Work = 121861.34
>> /CP1.In
Port: /CP1.FlowSensor.In + sim21.old.solver.Ports.Port_Material
Connected to: None
VapFrac            = 1.0 = 
T                  = 80.0 * C
P                  = 100.0 * kPa
MoleFlow           = 100.41489499599525 = kgmole/h
MassFlow           = 3014.913158272053 = kg/h
VolumeFlow         = 2934.311698788312 = m3/hr
StdLiqVolumeFlow   = 5.224527701094772 = m3/hr
H                  = -85821.47106628661 = kJ/kmol
Energy             = -2393820.5570897264 = W
MolecularWeight    = 30.024561180811805 = 
ZFactor            = 0.9952099536973447 = 
WATER              = 0.003690036900369004 * 
METHANE            = 0.36900369003690037 * 
ETHANE             = 0.36900369003690037 * 
PROPANE            = 0.18450184501845018 * 
N-BUTANE           = 0.03690036900369004 * 
ISOPENTANE         = 0.03690036900369004 * 

>> /CP1.Out
Port: /CP1.OutPSensor.Out + sim21.old.solver.Ports.Port_Material
Connected to: None
VapFrac            = 1.0 = 
T                  = 147.96198224171025 = C
P                  = 300.0 * kPa
MoleFlow           = 100.41489499599524 = kgmole/h
MassFlow           = 3014.9131582720524 = kg/h
VolumeFlow         = 1162.4356472096808 = m3/hr
StdLiqVolumeFlow   = 5.224527701094771 = m3/hr
H                  = -81452.58909895003 = kJ/kmol
Energy             = -2271959.217089726 = W
MolecularWeight    = 30.024561180811805 = 
ZFactor            = 0.9918825544672126 = 
WATER              = 0.003690036900369004 = 
METHANE            = 0.36900369003690037 = 
ETHANE             = 0.36900369003690037 = 
PROPANE            = 0.18450184501845018 = 
N-BUTANE           = 0.03690036900369004 = 
ISOPENTANE         = 0.03690036900369004 = 

>> /CP1.AdiabaticEff
Port: /CP1.EfficiencySig.effClone + sim21.old.solver.Ports.Port_Signal
Connected to: None
Generic   = 0.7862887306136411 = 

>> /CP1.PolytropicEff
Port: /CP1.PolytropicEffSig.effClone + sim21.old.solver.Ports.Port_Signal
Connected to: None
Generic   = 0.8 * 

>> /CP1.TotalQ.In
Port: /CP1.TotalQ.In + sim21.old.solver.Ports.Port_Energy
Connected to: None
Energy   = 121861.34 * W

>> 
>> /CP1.TotalQ.In.Work =
>> /CP1.FlowSensor.In.MoleFlow = 100
>> /CP1.FlowSensor.In.T =
>> /CP1.OutPSensor.Out.T = 148.12996
>> /CP1.In
Port: /CP1.FlowSensor.In + sim21.old.solver.Ports.Port_Material
Connected to: None
VapFrac            = 1.0 = 
T                  = 80.16004580747847 = C
P                  = 100.0 * kPa
MoleFlow           = 100.0 * kgmole/h
MassFlow           = 3002.456118081181 = kg/h
VolumeFlow         = 2923.5315776686075 = m3/hr
StdLiqVolumeFlow   = 5.202940959409595 = m3/hr
H                  = -85811.68680072723 = kJ/kmol
Energy             = -2383657.9666868676 = W
MolecularWeight    = 30.024561180811805 = 
ZFactor            = 0.9952166151527443 = 
WATER              = 0.003690036900369004 * 
METHANE            = 0.36900369003690037 * 
ETHANE             = 0.36900369003690037 * 
PROPANE            = 0.18450184501845018 * 
N-BUTANE           = 0.03690036900369004 * 
ISOPENTANE         = 0.03690036900369004 * 

>> /CP1.Out
Port: /CP1.OutPSensor.Out + sim21.old.solver.Ports.Port_Material
Connected to: None
VapFrac            = 1.0 = 
T                  = 148.12995999999998 * C
P                  = 300.0 * kPa
MoleFlow           = 100.0 = kgmole/h
MassFlow           = 3002.456118081181 = kg/h
VolumeFlow         = 1158.107450392088 = m3/hr
StdLiqVolumeFlow   = 5.202940959409595 = m3/hr
H                  = -81440.8912827948 = kJ/kmol
Energy             = -2262246.980077633 = W
MolecularWeight    = 30.024561180811805 = 
ZFactor            = 0.9918936836054351 = 
WATER              = 0.003690036900369004 = 
METHANE            = 0.36900369003690037 = 
ETHANE             = 0.36900369003690037 = 
PROPANE            = 0.18450184501845018 = 
N-BUTANE           = 0.03690036900369004 = 
ISOPENTANE         = 0.03690036900369004 = 

>> /CP1.AdiabaticEff
Port: /CP1.EfficiencySig.effClone + sim21.old.solver.Ports.Port_Signal
Connected to: None
Generic   = 0.7862930031250702 = 

>> /CP1.PolytropicEff
Port: /CP1.PolytropicEffSig.effClone + sim21.old.solver.Ports.Port_Signal
Connected to: None
Generic   = 0.8 * 

>> /CP1.TotalQ.In
Port: /CP1.TotalQ.In + sim21.old.solver.Ports.Port_Energy
Connected to: None
Energy   = 121410.98660923447 = W

>> 
>> 
>> /CP1.PolytropicEffSig.effClone.Generic =
>> /CP1.EfficiencySig.effClone.Generic = 0.78619833
>> /CP1.In
Port: /CP1.FlowSensor.In + sim21.old.solver.Ports.Port_Material
Connected to: None
VapFrac            = 1.0 = 
T                  = 80.15286088406441 = C
P                  = 100.0 * kPa
MoleFlow           = 100.0 * kgmole/h
MassFlow           = 3002.456118081181 = kg/h
VolumeFlow         = 2923.471246850783 = m3/hr
StdLiqVolumeFlow   = 5.202940959409595 = m3/hr
H                  = -85812.12597720041 = kJ/kmol
Energy             = -2383670.166033345 = W
MolecularWeight    = 30.024561180811805 = 
ZFactor            = 0.9952163163315547 = 
WATER              = 0.003690036900369004 * 
METHANE            = 0.36900369003690037 * 
ETHANE             = 0.36900369003690037 * 
PROPANE            = 0.18450184501845018 * 
N-BUTANE           = 0.03690036900369004 * 
ISOPENTANE         = 0.03690036900369004 * 

>> /CP1.Out
Port: /CP1.OutPSensor.Out + sim21.old.solver.Ports.Port_Material
Connected to: None
VapFrac            = 1.0 = 
T                  = 148.12995999999998 * C
P                  = 300.0 * kPa
MoleFlow           = 100.0 = kgmole/h
MassFlow           = 3002.456118081181 = kg/h
VolumeFlow         = 1158.107450392088 = m3/hr
StdLiqVolumeFlow   = 5.202940959409595 = m3/hr
H                  = -81440.8912827948 = kJ/kmol
Energy             = -2262246.980077633 = W
MolecularWeight    = 30.024561180811805 = 
ZFactor            = 0.9918936836054351 = 
WATER              = 0.003690036900369004 = 
METHANE            = 0.36900369003690037 = 
ETHANE             = 0.36900369003690037 = 
PROPANE            = 0.18450184501845018 = 
N-BUTANE           = 0.03690036900369004 = 
ISOPENTANE         = 0.03690036900369004 = 

>> /CP1.AdiabaticEff
Port: /CP1.EfficiencySig.effClone + sim21.old.solver.Ports.Port_Signal
Connected to: None
Generic   = 0.78619833 * 

>> /CP1.PolytropicEff
Port: /CP1.PolytropicEffSig.effClone + sim21.old.solver.Ports.Port_Signal
Connected to: None
Generic   = 0.7999114761071793 = 

>> /CP1.TotalQ.In
Port: /CP1.TotalQ.In + sim21.old.solver.Ports.Port_Energy
Connected to: None
Energy   = 121423.18595627381 = W

>> 
>> /CP1.OutPSensor.Out.T =
>> /CP1.FlowSensor.In.T = 80
>> 
>> 
>> EXP1 = Compressor.ExpanderWithCurve()
>> /EXP1.FlowSensor.In -> /CP1.OutPSensor.Out
>> /EXP1.PolytropicEffSig.effClone.Generic = .8
>> /EXP1.OutPSensor.Out.P = 100
>> /EXP1.In
Port: /EXP1.FlowSensor.In + sim21.old.solver.Ports.Port_Material
Connected to: /CP1.OutPSensor.Out
VapFrac            = 1.0 | 
T                  = 147.9691932603314 | C
P                  = 300.0 | kPa
MoleFlow           = 100.0 | kgmole/h
MassFlow           = 3002.456118081181 | kg/h
VolumeFlow         = 1157.6530681340398 | m3/hr
StdLiqVolumeFlow   = 5.202940959409595 | m3/hr
H                  = -81452.08674528722 | kJ/kmol
Energy             = -2262557.965146867 | W
MolecularWeight    = 30.024561180811805 | 
ZFactor            = 0.9918830325611325 | 
WATER              = 0.003690036900369004 | 
METHANE            = 0.36900369003690037 | 
ETHANE             = 0.36900369003690037 | 
PROPANE            = 0.18450184501845018 | 
N-BUTANE           = 0.03690036900369004 | 
ISOPENTANE         = 0.03690036900369004 | 

>> /EXP1.Out
Port: /EXP1.OutPSensor.Out + sim21.old.solver.Ports.Port_Material
Connected to: None
VapFrac            = 1.0 = 
T                  = 103.68065535191971 = C
P                  = 100.0 * kPa
MoleFlow           = 100.0 = kgmole/h
MassFlow           = 3002.456118081181 = kg/h
VolumeFlow         = 3120.8907949361674 = m3/hr
StdLiqVolumeFlow   = 5.202940959409595 = m3/hr
H                  = -84340.51567029189 = kJ/kmol
Energy             = -2342792.1019525523 = W
MolecularWeight    = 30.024561180811805 = 
ZFactor            = 0.9960890400161178 = 
WATER              = 0.003690036900369004 = 
METHANE            = 0.36900369003690037 = 
ETHANE             = 0.36900369003690037 = 
PROPANE            = 0.18450184501845018 = 
N-BUTANE           = 0.03690036900369004 = 
ISOPENTANE         = 0.03690036900369004 = 

>> /EXP1.AdiabaticEff
Port: /EXP1.EfficiencySig.effClone + sim21.old.solver.Ports.Port_Signal
Connected to: None
Generic   = 0.8114082160278718 = 

>> /EXP1.PolytropicEff
Port: /EXP1.PolytropicEffSig.effClone + sim21.old.solver.Ports.Port_Signal
Connected to: None
Generic   = 0.8 * 

>> /EXP1.TotalQ.Out
Port: /EXP1.TotalQ.Out + sim21.old.solver.Ports.Port_Energy
Connected to: None
Energy   = 80234.13680568512 = W

>> 
>> 
>> /EXP1.PolytropicEffSig.effClone.Generic =
>> /EXP1.EfficiencySig.effClone.Generic = 	0.81140616
>> /EXP1.In
Port: /EXP1.FlowSensor.In + sim21.old.solver.Ports.Port_Material
Connected to: /CP1.OutPSensor.Out
VapFrac            = 1.0 | 
T                  = 147.9691932603314 | C
P                  = 300.0 | kPa
MoleFlow           = 100.0 | kgmole/h
MassFlow           = 3002.456118081181 | kg/h
VolumeFlow         = 1157.6530681340398 | m3/hr
StdLiqVolumeFlow   = 5.202940959409595 | m3/hr
H                  = -81452.08674528722 | kJ/kmol
Energy             = -2262557.965146867 | W
MolecularWeight    = 30.024561180811805 | 
ZFactor            = 0.9918830325611325 | 
WATER              = 0.003690036900369004 | 
METHANE            = 0.36900369003690037 | 
ETHANE             = 0.36900369003690037 | 
PROPANE            = 0.18450184501845018 | 
N-BUTANE           = 0.03690036900369004 | 
ISOPENTANE         = 0.03690036900369004 | 

>> /EXP1.Out
Port: /EXP1.OutPSensor.Out + sim21.old.solver.Ports.Port_Material
Connected to: None
VapFrac            = 1.0 = 
T                  = 103.68076975217917 = C
P                  = 100.0 * kPa
MoleFlow           = 100.0 = kgmole/h
MassFlow           = 3002.456118081181 = kg/h
VolumeFlow         = 3120.891754222858 = m3/hr
StdLiqVolumeFlow   = 5.202940959409595 = m3/hr
H                  = -84340.50835129972 = kJ/kmol
Energy             = -2342791.8986472143 = W
MolecularWeight    = 30.024561180811805 = 
ZFactor            = 0.9960890437918838 = 
WATER              = 0.003690036900369004 = 
METHANE            = 0.36900369003690037 = 
ETHANE             = 0.36900369003690037 = 
PROPANE            = 0.18450184501845018 = 
N-BUTANE           = 0.03690036900369004 = 
ISOPENTANE         = 0.03690036900369004 = 

>> /EXP1.AdiabaticEff
Port: /EXP1.EfficiencySig.effClone + sim21.old.solver.Ports.Port_Signal
Connected to: None
Generic   = 0.81140616 * 

>> /EXP1.PolytropicEff
Port: /EXP1.PolytropicEffSig.effClone + sim21.old.solver.Ports.Port_Signal
Connected to: None
Generic   = 0.7999978522091343 = 

>> /EXP1.TotalQ.Out
Port: /EXP1.TotalQ.Out + sim21.old.solver.Ports.Port_Energy
Connected to: None
Energy   = 80233.93350034721 = W

>> 
>> 
>> /EXP1.EfficiencySig.effClone.Generic =
>> /EXP1.PolytropicEffSig.effClone.Generic = .8
>> /EXP1.FlowSensor.In ->
>> /EXP1.OutPSensor.Out.T = 103.7
>> /EXP1.FlowSensor.In.P = 300
>> /EXP1.In.Fraction = 0.00369003690037 0.369003690037 0.369003690037 0.184501845018 0.0369003690037 0.0369003690037
>> /EXP1.FlowSensor.In.MoleFlow = 100
>> /EXP1.In
Port: /EXP1.FlowSensor.In + sim21.old.solver.Ports.Port_Material
Connected to: None
VapFrac            = 1.0 = 
T                  = 147.9890004156299 = C
P                  = 300.0 * kPa
MoleFlow           = 100.0 * kgmole/h
MassFlow           = 3002.4561180804776 = kg/h
VolumeFlow         = 1157.709050423273 = m3/hr
StdLiqVolumeFlow   = 5.202940959408451 = m3/hr
H                  = -81450.7068526973 = kJ/kmol
Energy             = -2262519.634797147 = W
MolecularWeight    = 30.024561180804774 = 
ZFactor            = 0.9918843456288744 = 
WATER              = 0.003690036900370849 * 
METHANE            = 0.3690036900370849 * 
ETHANE             = 0.3690036900370849 * 
PROPANE            = 0.18450184501804243 * 
N-BUTANE           = 0.03690036900370849 * 
ISOPENTANE         = 0.03690036900370849 * 

>> /EXP1.Out
Port: /EXP1.OutPSensor.Out + sim21.old.solver.Ports.Port_Material
Connected to: None
VapFrac            = 1.0 = 
T                  = 103.69999999999999 * C
P                  = 100.0 * kPa
MoleFlow           = 100.0 = kgmole/h
MassFlow           = 3002.4561180804776 = kg/h
VolumeFlow         = 3121.0530065794737 = m3/hr
StdLiqVolumeFlow   = 5.202940959408451 = m3/hr
H                  = -84339.2817905805 = kJ/kmol
Energy             = -2342757.827516125 = W
MolecularWeight    = 30.024561180804774 = 
ZFactor            = 0.9960896784250871 = 
WATER              = 0.003690036900370849 = 
METHANE            = 0.3690036900370849 = 
ETHANE             = 0.3690036900370849 = 
PROPANE            = 0.18450184501804243 = 
N-BUTANE           = 0.03690036900370849 = 
ISOPENTANE         = 0.03690036900370849 = 

>> /EXP1.AdiabaticEff
Port: /EXP1.EfficiencySig.effClone + sim21.old.solver.Ports.Port_Signal
Connected to: None
Generic   = 0.811407806285524 = 

>> /EXP1.PolytropicEff
Port: /EXP1.PolytropicEffSig.effClone + sim21.old.solver.Ports.Port_Signal
Connected to: None
Generic   = 0.8 * 

>> /EXP1.TotalQ.Out
Port: /EXP1.TotalQ.Out + sim21.old.solver.Ports.Port_Energy
Connected to: None
Energy   = 80238.19271897804 = W

>> 
>> 
>> /EXP1.OutPSensor.Out.T =
>> /EXP1.FlowSensor.In.T = 148.15736
>> /EXP1.In
Port: /EXP1.FlowSensor.In + sim21.old.solver.Ports.Port_Material
Connected to: None
VapFrac            = 1.0 = 
T                  = 148.15736000000004 * C
P                  = 300.0 * kPa
MoleFlow           = 100.0 * kgmole/h
MassFlow           = 3002.4561180804776 = kg/h
VolumeFlow         = 1158.1848914373002 = m3/hr
StdLiqVolumeFlow   = 5.202940959408451 = m3/hr
H                  = -81438.98187796919 = kJ/kmol
Energy             = -2262193.9410546995 = W
MolecularWeight    = 30.024561180804774 = 
ZFactor            = 0.9918954973969697 = 
WATER              = 0.003690036900370849 * 
METHANE            = 0.3690036900370849 * 
ETHANE             = 0.3690036900370849 * 
PROPANE            = 0.18450184501804243 * 
N-BUTANE           = 0.03690036900370849 * 
ISOPENTANE         = 0.03690036900370849 * 

>> /EXP1.Out
Port: /EXP1.OutPSensor.Out + sim21.old.solver.Ports.Port_Material
Connected to: None
VapFrac            = 1.0 = 
T                  = 103.86385961009768 = C
P                  = 100.0 * kPa
MoleFlow           = 100.0 = kgmole/h
MassFlow           = 3002.4561180804776 = kg/h
VolumeFlow         = 3122.4270201477952 = m3/hr
StdLiqVolumeFlow   = 5.202940959408451 = m3/hr
H                  = -84328.792755739 = kJ/kmol
Energy             = -2342466.4654371943 = W
MolecularWeight    = 30.024561180804774 = 
ZFactor            = 0.9960950813601297 = 
WATER              = 0.003690036900370849 = 
METHANE            = 0.3690036900370849 = 
ETHANE             = 0.3690036900370849 = 
PROPANE            = 0.18450184501804243 = 
N-BUTANE           = 0.03690036900370849 = 
ISOPENTANE         = 0.03690036900370849 = 

>> /EXP1.AdiabaticEff
Port: /EXP1.EfficiencySig.effClone + sim21.old.solver.Ports.Port_Signal
Connected to: None
Generic   = 0.8114042330859201 = 

>> /EXP1.PolytropicEff
Port: /EXP1.PolytropicEffSig.effClone + sim21.old.solver.Ports.Port_Signal
Connected to: None
Generic   = 0.8 * 

>> /EXP1.TotalQ.Out
Port: /EXP1.TotalQ.Out + sim21.old.solver.Ports.Port_Energy
Connected to: None
Energy   = 80272.52438249502 = W

>> 
>> /EXP1.FlowSensor.In.MoleFlow =
>> /EXP1.In
Port: /EXP1.FlowSensor.In + sim21.old.solver.Ports.Port_Material
Connected to: None
VapFrac            = 1.0 = 
T                  = 148.15736000000004 * C
P                  = 300.0 * kPa
MoleFlow           = None
MassFlow           = None
VolumeFlow         = None
StdLiqVolumeFlow   = None
H                  = -81438.98187796919 = kJ/kmol
Energy             = None
MolecularWeight    = 30.024561180804774 = 
ZFactor            = 0.9918954973969697 = 
WATER              = 0.003690036900370849 * 
METHANE            = 0.3690036900370849 * 
ETHANE             = 0.3690036900370849 * 
PROPANE            = 0.18450184501804243 * 
N-BUTANE           = 0.03690036900370849 * 
ISOPENTANE         = 0.03690036900370849 * 

>> /EXP1.Out
Port: /EXP1.OutPSensor.Out + sim21.old.solver.Ports.Port_Material
Connected to: None
VapFrac            = 1.0 = 
T                  = 103.86385961009768 = C
P                  = 100.0 * kPa
MoleFlow           = None
MassFlow           = None
VolumeFlow         = None
StdLiqVolumeFlow   = None
H                  = -84328.792755739 = kJ/kmol
Energy             = None
MolecularWeight    = 30.024561180804774 = 
ZFactor            = 0.9960950813601297 = 
WATER              = 0.003690036900370849 = 
METHANE            = 0.3690036900370849 = 
ETHANE             = 0.3690036900370849 = 
PROPANE            = 0.18450184501804243 = 
N-BUTANE           = 0.03690036900370849 = 
ISOPENTANE         = 0.03690036900370849 = 

>> /EXP1.AdiabaticEff
Port: /EXP1.EfficiencySig.effClone + sim21.old.solver.Ports.Port_Signal
Connected to: None
Generic   = 0.8114042330859201 = 

>> /EXP1.PolytropicEff
Port: /EXP1.PolytropicEffSig.effClone + sim21.old.solver.Ports.Port_Signal
Connected to: None
Generic   = 0.8 * 

>> /EXP1.TotalQ.Out
Port: /EXP1.TotalQ.Out + sim21.old.solver.Ports.Port_Energy
Connected to: None
Energy   = None

>> 
>> /EXP1.TotalQ.Out.Work = 80541.524
>> /EXP1.In
Port: /EXP1.FlowSensor.In + sim21.old.solver.Ports.Port_Material
Connected to: None
VapFrac            = 1.0 = 
T                  = 148.15736000000004 * C
P                  = 300.0 * kPa
MoleFlow           = 100.33510795826386 = kgmole/h
MassFlow           = 3012.5175874755455 = kg/h
VolumeFlow         = 1162.0660611799162 = m3/hr
StdLiqVolumeFlow   = 5.220376428627199 = m3/hr
H                  = -81438.98187796919 = kJ/kmol
Energy             = -2269774.732982537 = W
MolecularWeight    = 30.024561180804774 = 
ZFactor            = 0.9918954973969697 = 
WATER              = 0.003690036900370849 * 
METHANE            = 0.3690036900370849 * 
ETHANE             = 0.3690036900370849 * 
PROPANE            = 0.18450184501804243 * 
N-BUTANE           = 0.03690036900370849 * 
ISOPENTANE         = 0.03690036900370849 * 

>> /EXP1.Out
Port: /EXP1.OutPSensor.Out + sim21.old.solver.Ports.Port_Material
Connected to: None
VapFrac            = 1.0 = 
T                  = 103.86385961009768 = C
P                  = 100.0 * kPa
MoleFlow           = 100.33510795826385 = kgmole/h
MassFlow           = 3012.517587475545 = kg/h
VolumeFlow         = 3132.8905215832915 = m3/hr
StdLiqVolumeFlow   = 5.2203764286271985 = m3/hr
H                  = -84328.792755739 = kJ/kmol
Energy             = -2350316.2569825365 = W
MolecularWeight    = 30.024561180804774 = 
ZFactor            = 0.9960950813601297 = 
WATER              = 0.003690036900370849 = 
METHANE            = 0.3690036900370849 = 
ETHANE             = 0.3690036900370849 = 
PROPANE            = 0.18450184501804243 = 
N-BUTANE           = 0.03690036900370849 = 
ISOPENTANE         = 0.03690036900370849 = 

>> /EXP1.AdiabaticEff
Port: /EXP1.EfficiencySig.effClone + sim21.old.solver.Ports.Port_Signal
Connected to: None
Generic   = 0.8114042330859201 = 

>> /EXP1.PolytropicEff
Port: /EXP1.PolytropicEffSig.effClone + sim21.old.solver.Ports.Port_Signal
Connected to: None
Generic   = 0.8 * 

>> /EXP1.TotalQ.Out
Port: /EXP1.TotalQ.Out + sim21.old.solver.Ports.Port_Energy
Connected to: None
Energy   = 80541.524 * W

>> 
>> 
>> copy /CP1 /EXP1
Copied /CP1 /EXP1 to the clipboard
>> paste /
Pasting /CP1 /EXP1
Pasted /CP1 /EXP1 as /CP1Clone /EXP1Clone
>> /CP1.Out
Port: /CP1.OutPSensor.Out + sim21.old.solver.Ports.Port_Material
Connected to: None
VapFrac            = 1.0 = 
T                  = 147.9691932603314 = C
P                  = 300.0 * kPa
MoleFlow           = 100.0 = kgmole/h
MassFlow           = 3002.456118081181 = kg/h
VolumeFlow         = 1157.6530681340398 = m3/hr
StdLiqVolumeFlow   = 5.202940959409595 = m3/hr
H                  = -81452.08674528722 = kJ/kmol
Energy             = -2262557.965146867 = W
MolecularWeight    = 30.024561180811805 = 
ZFactor            = 0.9918830325611325 = 
WATER              = 0.003690036900369004 = 
METHANE            = 0.36900369003690037 = 
ETHANE             = 0.36900369003690037 = 
PROPANE            = 0.18450184501845018 = 
N-BUTANE           = 0.03690036900369004 = 
ISOPENTANE         = 0.03690036900369004 = 

>> /EXP1.Out
Port: /EXP1.OutPSensor.Out + sim21.old.solver.Ports.Port_Material
Connected to: None
VapFrac            = 1.0 = 
T                  = 103.86385961009768 = C
P                  = 100.0 * kPa
MoleFlow           = 100.33510795826385 = kgmole/h
MassFlow           = 3012.517587475545 = kg/h
VolumeFlow         = 3132.8905215832915 = m3/hr
StdLiqVolumeFlow   = 5.2203764286271985 = m3/hr
H                  = -84328.792755739 = kJ/kmol
Energy             = -2350316.2569825365 = W
MolecularWeight    = 30.024561180804774 = 
ZFactor            = 0.9960950813601297 = 
WATER              = 0.003690036900370849 = 
METHANE            = 0.3690036900370849 = 
ETHANE             = 0.3690036900370849 = 
PROPANE            = 0.18450184501804243 = 
N-BUTANE           = 0.03690036900370849 = 
ISOPENTANE         = 0.03690036900370849 = 

>> /CP1Clone.Out
Port: /CP1Clone.OutPSensor.Out + sim21.old.solver.Ports.Port_Material
Connected to: None
VapFrac            = None
T                  = None
P                  = 300.0 * kPa
MoleFlow           = None
MassFlow           = None
VolumeFlow         = None
StdLiqVolumeFlow   = None
H                  = None
Energy             = None
MolecularWeight    = None
ZFactor            = None
WATER              = None
METHANE            = None
ETHANE             = None
PROPANE            = None
N-BUTANE           = None
ISOPENTANE         = None

>> /EXP1Clone.Out
Port: /EXP1Clone.OutPSensor.Out + sim21.old.solver.Ports.Port_Material
Connected to: None
VapFrac            = None
T                  = None
P                  = 100.0 * kPa
MoleFlow           = None
MassFlow           = None
VolumeFlow         = None
StdLiqVolumeFlow   = None
H                  = None
Energy             = None
MolecularWeight    = None
ZFactor            = None
WATER              = None
METHANE            = None
ETHANE             = None
PROPANE            = None
N-BUTANE           = None
ISOPENTANE         = None

