>> # Simple compressor test
>> units SI
>> $thermo = Sim21Thermo.Peng-Robinson
pkgName: Peng-Robinson
>> / -> $thermo
Thermo case attached to a unit operation. / to /thermo
>> thermo + METHANE ETHANE PROPANE n-BUTANE
METHANE ETHANE PROPANE n-BUTANE 
>> comp = Compressor.Compressor()
>> comp
Operation: comp = sim21.old.unitop.Compressor.Compressor
Port: In = sim21.old.solver.Ports.Port_Material
Port: Out = sim21.old.solver.Ports.Port_Material
Port: InQ = sim21.old.solver.Ports.Port_Energy (/comp.TotalQ.In)
Port: AdiabaticEff = sim21.old.solver.Ports.Port_Signal (/comp.EfficiencySig.In)
Port: DeltaP = sim21.old.solver.Ports.Port_Signal
Port: PolytropicEff = sim21.old.solver.Ports.Port_Signal
Child: EfficiencySig = sim21.old.unitop.Stream.Stream_Signal
Child: Ideal = sim21.old.unitop.Compressor.IdealCompressorExpander
Child: IdealQ = sim21.old.unitop.Sensor.EnergySensor
Child: Mix = sim21.old.unitop.Balance.BalanceOp
Child: Set = sim21.old.unitop.Set.Set
Child: TotalQ = sim21.old.unitop.Sensor.EnergySensor
Child: Waste = sim21.old.unitop.Heater.Heater
Child: WasteQ = sim21.old.unitop.Sensor.EnergySensor
Parameter: Ignored = None
>> cd comp
/comp
>> In.Fraction = .4 .3 .2 .1
>> In.P = 101.325
>> In.T = 20
>> In.MoleFlow = 100
>> Out.P = 400
>> Efficiency = .8
>> In
Port: /comp.Ideal.In + sim21.old.solver.Ports.Port_Material
Connected to: None
VapFrac            = 1.0 = 
T                  = 20.0 * C
P                  = 101.325 * kPa
MoleFlow           = 100.0 * kgmole/h
MassFlow           = 3006.904 = kg/h
VolumeFlow         = 2385.3394241305573 = m3/hr
StdLiqVolumeFlow   = 5.308300000000001 = m3/hr
H                  = -88798.97871407201 = kJ/kmol
Energy             = -2466638.2976131113 = W
MolecularWeight    = 30.06904 = 
ZFactor            = 0.9916141490209276 = 
METHANE            = 0.4000000000000001 * 
ETHANE             = 0.30000000000000004 * 
PROPANE            = 0.20000000000000004 * 
N-BUTANE           = 0.10000000000000002 * 

>> Out
Port: /comp.Waste.Out + sim21.old.solver.Ports.Port_Material
Connected to: None
VapFrac            = 1.0 = 
T                  = 99.03773213365122 = C
P                  = 400.0 * kPa
MoleFlow           = 100.00000000000001 = kgmole/h
MassFlow           = 3006.904 = kg/h
VolumeFlow         = 761.0835641739262 = m3/hr
StdLiqVolumeFlow   = 5.308300000000001 = m3/hr
H                  = -84254.15234555055 = kJ/kmol
Energy             = -2340393.1207097378 = W
MolecularWeight    = 30.06904 = 
ZFactor            = 0.9837757104217405 = 
METHANE            = 0.4000000000000001 = 
ETHANE             = 0.30000000000000004 = 
PROPANE            = 0.20000000000000004 = 
N-BUTANE           = 0.10000000000000002 = 

>> InQ
Port: /comp.TotalQ.In + sim21.old.solver.Ports.Port_Energy
Connected to: None
Energy   = 126245.1769033738 = W

>> Efficiency = .5
>> Out
Port: /comp.Waste.Out + sim21.old.solver.Ports.Port_Material
Connected to: None
VapFrac            = 1.0 = 
T                  = 139.94183782814468 = C
P                  = 400.0 * kPa
MoleFlow           = 100.0 = kgmole/h
MassFlow           = 3006.9039999999995 = kg/h
VolumeFlow         = 848.7809381368729 = m3/hr
StdLiqVolumeFlow   = 5.3083 = m3/hr
H                  = -81527.25652443765 = kJ/kmol
Energy             = -2264646.0145677123 = W
MolecularWeight    = 30.06904 = 
ZFactor            = 0.9884957580552888 = 
METHANE            = 0.4000000000000001 = 
ETHANE             = 0.30000000000000004 = 
PROPANE            = 0.20000000000000004 = 
N-BUTANE           = 0.10000000000000002 = 

>> InQ
Port: /comp.TotalQ.In + sim21.old.solver.Ports.Port_Energy
Connected to: None
Energy   = 201992.283045399 = W

>> # ideal efficiency
>> Efficiency = 1.
>> Out
Port: /comp.Waste.Out + sim21.old.solver.Ports.Port_Material
Connected to: None
VapFrac            = 1.0 = 
T                  = 84.69855863490096 = C
P                  = 400.0 * kPa
MoleFlow           = 100.0 = kgmole/h
MassFlow           = 3006.9039999999995 = kg/h
VolumeFlow         = 730.1630729959866 = m3/hr
StdLiqVolumeFlow   = 5.3083 = m3/hr
H                  = -85163.11761925483 = kJ/kmol
Energy             = -2365642.156090412 = W
MolecularWeight    = 30.06904 = 
ZFactor            = 0.9816267830108427 = 
METHANE            = 0.4000000000000001 = 
ETHANE             = 0.30000000000000004 = 
PROPANE            = 0.20000000000000004 = 
N-BUTANE           = 0.10000000000000002 = 

>> InQ
Port: /comp.TotalQ.In + sim21.old.solver.Ports.Port_Energy
Connected to: None
Energy   = 100996.1415226995 = W

>> 
>> # add expander
>> cd /
/
>> expander = Compressor.Expander()
>> comp.Out -> expander.In
>> expander.Efficiency = 1.
>> expander.Out.P = 101.325
>> expander.OutQ
Port: /expander.TotalQ.Out + sim21.old.solver.Ports.Port_Energy
Connected to: None
Energy   = 100996.20555932866 = W

>> expander.Out
Port: /expander.Waste.Out + sim21.old.solver.Ports.Port_Material
Connected to: None
VapFrac            = 1.0 = 
T                  = 19.99993482299442 = C
P                  = 101.325 * kPa
MoleFlow           = 100.0 = kgmole/h
MassFlow           = 3006.9039999999995 = kg/h
VolumeFlow         = 2385.338881030268 = m3/hr
StdLiqVolumeFlow   = 5.3083 = m3/hr
H                  = -88798.98101939066 = kJ/kmol
Energy             = -2466638.3616497405 = W
MolecularWeight    = 30.06904 = 
ZFactor            = 0.9916141437164773 = 
METHANE            = 0.4000000000000001 = 
ETHANE             = 0.30000000000000004 = 
PROPANE            = 0.20000000000000004 = 
N-BUTANE           = 0.10000000000000002 = 

>> comp.Efficiency = .75
>> expander.Efficiency = .75
>> comp.InQ
Port: /comp.TotalQ.In + sim21.old.solver.Ports.Port_Energy
Connected to: None
Energy   = 134661.522030266 = W

>> comp.Out
Port: /comp.Waste.Out + sim21.old.solver.Ports.Port_Material
Connected to: /expander.Ideal.In
VapFrac            = 1.0 = 
T                  = 103.73449453975684 = C
P                  = 400.0 * kPa
MoleFlow           = 100.0 = kgmole/h
MassFlow           = 3006.9039999999995 = kg/h
VolumeFlow         = 771.1892191151511 = m3/hr
StdLiqVolumeFlow   = 5.3083 = m3/hr
H                  = -83951.16392098245 = kJ/kmol
Energy             = -2331976.7755828453 = W
MolecularWeight    = 30.06904 = 
ZFactor            = 0.9844155958690499 = 
METHANE            = 0.4000000000000001 = 
ETHANE             = 0.30000000000000004 = 
PROPANE            = 0.20000000000000004 = 
N-BUTANE           = 0.10000000000000002 = 

>> expander.OutQ
Port: /expander.TotalQ.Out + sim21.old.solver.Ports.Port_Energy
Connected to: None
Energy   = 80312.6953518939 = W

>> expander.Out
Port: /expander.Waste.Out + sim21.old.solver.Ports.Port_Material
Connected to: None
VapFrac            = 1.0 = 
T                  = 54.685499199182175 = C
P                  = 101.325 * kPa
MoleFlow           = 100.0 = kgmole/h
MassFlow           = 3006.9039999999995 = kg/h
VolumeFlow         = 2673.829866218556 = m3/hr
StdLiqVolumeFlow   = 5.3083 = m3/hr
H                  = -86842.42095365062 = kJ/kmol
Energy             = -2412289.4709347393 = W
MolecularWeight    = 30.06904 = 
ZFactor            = 0.9939401142899842 = 
METHANE            = 0.4000000000000001 = 
ETHANE             = 0.30000000000000004 = 
PROPANE            = 0.20000000000000004 = 
N-BUTANE           = 0.10000000000000002 = 

