>> # A few additions to flowsheet1
>> # compsplit.tst and flowsheet2.tst are problematic since they seem to rely on opposite behavior of normalization
>> # flowsheet2.tst will pass with no consistency errors if normalization is not applied in Normalize in Variables.py
>> # compsplit.tst requires the normalization to pass without consistency errors
>> # TODO This should be fixed at some point - not a big deal but causes weird errors when components are deleted/added
>> # Marking both as passed
>> 
>> units SI
>> 
>> # set up thermo
>> $thermo = Sim21Thermo.Peng-Robinson
pkgName: Peng-Robinson
>> / -> $thermo
Thermo case attached to a unit operation. / to /thermo
>> thermo + PROPANE n-BUTANE ISOBUTANE n-PENTANE
PROPANE n-BUTANE ISOBUTANE n-PENTANE 
>> 
>> # Add a couple of streams
>> stream1 = Stream.Stream_Material()
>> stream2 = Stream.Stream_Material()
>> 
>> # Make the stream1 In port current to save typing
>> cd stream1.In
/stream1.In
>> Fraction = .5 0 0 .5  # assign mole fractions
>> T = 187
>> P = 715
>> MoleFlow = 3000
>> 
>> # Make the other stream In port current
>> cd /stream2.In
/stream2.In
>> Fraction = 0 .5 .5 0
>> T = -73
>> P = 715
>> MoleFlow = 3000
>> cd /  # return to top level flowsheet
/
>> 
>> # now mix the streams
>> mixer = Mixer.Mixer()   # add a mixer op
>> stream1.Out -> mixer.In0 # connect the streams to it
>> stream2.Out -> mixer.In1
>> mixer.Out  # have a look at the combined outlet
Port: /mixer.Out + sim21.old.solver.Ports.Port_Material
Connected to: None
VapFrac            = 0.5016269369734438 = 
T                  = 60.720147369182826 = C
P                  = 715.0 = kPa
MoleFlow           = 6000.0 = kgmole/h
MassFlow           = 348733.2 = kg/h
VolumeFlow         = 10377.315141251234 = m3/hr
StdLiqVolumeFlow   = 592.395 = m3/hr
H                  = -135251.87476101628 = kJ/kmol
Energy             = -225419791.26836044 = W
MolecularWeight    = 58.1222 = 
ZFactor            = 0.4454798074136086 = 
PROPANE            = 0.25 = 
N-BUTANE           = 0.25 = 
ISOBUTANE          = 0.25 = 
N-PENTANE          = 0.25 = 

>> 
>> # add a flash drum
>> flash = Flash.SimpleFlash()
>> mixer.Out -> flash.In
>> 
>> # have a look at the flash outlets
>> flash.Vap
Port: /flash.Vap + sim21.old.solver.Ports.Port_Material
Connected to: None
VapFrac            = 1.0 = 
T                  = 60.720147369182826 = C
P                  = 715.0 = kPa
MoleFlow           = 3009.761621840663 = kgmole/h
MassFlow           = 165696.56811144392 = kg/h
VolumeFlow         = 10046.924729881168 = m3/hr
StdLiqVolumeFlow   = 284.33277437370486 = m3/hr
H                  = -121301.22419379758 = kJ/kmol
Energy             = -101413269.23910612 = W
MolecularWeight    = 55.0530536734367 = 
ZFactor            = 0.8597957942464199 = 
PROPANE            = 0.3532581899504509 = 
N-BUTANE           = 0.24029212459736243 = 
ISOBUTANE          = 0.27200080800437637 = 
N-PENTANE          = 0.1344488774478102 = 

>> flash.Liq0
Port: /flash.Liq0 + sim21.old.solver.Ports.Port_Material
Connected to: None
VapFrac            = 0.0 = 
T                  = 60.720147369182826 = C
P                  = 715.0 = kPa
MoleFlow           = 2990.238378159337 = kgmole/h
MassFlow           = 183036.6318885561 = kg/h
VolumeFlow         = 330.3904113700674 = m3/hr
StdLiqVolumeFlow   = 308.0622256262951 = m3/hr
H                  = -149293.8354262726 = kJ/kmol
Energy             = -124006710.0872901 = W
MolecularWeight    = 61.21138475964101 = 
ZFactor            = 0.028458754646560613 = 
PROPANE            = 0.14606763811087703 = 
N-BUTANE           = 0.2597712580474788 = 
ISOBUTANE          = 0.22785554888710335 = 
N-PENTANE          = 0.3663055549545409 = 

>> # now lets add a couple of components
>> thermo + n-HEXANE n-DODECANE
n-HEXANE n-DODECANE 
>> # pretty much everything will have been forgotten
>> stream1.Out
Port: /stream1.Out + sim21.old.solver.Ports.Port_Material
Connected to: /mixer.In0
VapFrac            = 1.0 = 
T                  = 187.0 = C
P                  = 715.0 = kPa
MoleFlow           = 3000.0 = kgmole/h
MassFlow           = 174366.6 = kg/h
VolumeFlow         = 15136.77789383901 = m3/hr
StdLiqVolumeFlow   = 285.135 = m3/hr
H                  = -107395.58602503985 = kJ/kmol
Energy             = -89496321.68753321 = W
MolecularWeight    = 58.1222 = 
ZFactor            = 0.9429412049775399 = 
PROPANE            = 0.5 = 
N-BUTANE           = 0.0 = 
ISOBUTANE          = 0.0 = 
N-PENTANE          = 0.5 = 
N-HEXANE           = 0.0 = 
N-DODECANE         = 0.0 = 

>> 
>> # let's delete a component
>> thermo - n-Pentane
>> stream1.In.Fraction
PROPANE                     = 1.0 * 
N-BUTANE                    = 0.0 * 
ISOBUTANE                   = 0.0 * 
N-HEXANE                    = 0.0 * 
N-DODECANE                  = 0.0 * 

>> stream1.In.Fraction.n-Hexane = .25
Mole fractions of /stream1.In sums to 1.250000, not 1
Mole fractions of /stream1.In sums to 1.250000, not 1
Mole fractions of /mixer.In0 sums to 1.250000, not 1
Mole fractions of /mixer.In0 sums to 1.250000, not 1
Mole fractions of /mixer.Out sums to 1.125000, not 1
Mole fractions of /mixer.In0 sums to 1.250000, not 1
Mole fractions of /mixer.Out sums to 1.125000, not 1
Mole fractions of /flash.In sums to 1.125000, not 1
The following consistency errors in flowsheet / have not been resolved (only lists one per unit operation):
/stream1.In.Fraction: 0.2 Vs 0.25
/mixer.Out.Fraction: 0.111111 Vs 0.125
/flash.In.MassFlow: 330031 Vs 331901

ConsistencyError: /stream1.In - Fraction 0.8 vs 1.0
Error processing command:
<class 'sim21.old.solver.Error.ConsistencyError'>
ConsistencyError: /stream1.In - Fraction 0.8 vs 1.0
  File "/home/theadmin/Projects/sim21/sim21/old/cli/CommandInterface.py", line 3562, in run
    interface.ProcessCommandStream(inp, out, err)

  File "/home/theadmin/Projects/sim21/sim21/old/cli/CommandInterface.py", line 284, in ProcessCommandStream
    cmdResult = self.ProcessCommandString(cmd)

  File "/home/theadmin/Projects/sim21/sim21/old/cli/CommandInterface.py", line 400, in ProcessCommandString
    self.root.Solve()

  File "/home/theadmin/Projects/sim21/sim21/old/solver/Flowsheet.py", line 335, in Solve
    self.InnerSolve()

  File "/home/theadmin/Projects/sim21/sim21/old/solver/Flowsheet.py", line 558, in InnerSolve
    raise Error.ConsistencyError(self._consistencyErrorStack[0])


>> 
>> # Whoops, caps count, even in components - try again
The following consistency errors in flowsheet / have not been resolved (only lists one per unit operation):
/stream1.In.Fraction: 0.2 Vs 0.25
/mixer.Out.Fraction: 0.111111 Vs 0.125
/flash.In.MassFlow: 330031 Vs 331901

>> stream1.In.Fraction.N-HEXANE = .25
The following consistency errors in flowsheet / have not been resolved (only lists one per unit operation):
/stream1.In.Fraction: 0.2 Vs 0.25
/mixer.Out.Fraction: 0.111111 Vs 0.125
/flash.In.MassFlow: 330031 Vs 331901

>> stream1.In.Fraction.N-DODECANE = .25
Mole fractions of /stream1.In sums to 1.500000, not 1
Mole fractions of /stream1.In sums to 1.500000, not 1
Mole fractions of /mixer.In0 sums to 1.500000, not 1
Mole fractions of /mixer.In0 sums to 1.500000, not 1
Mole fractions of /mixer.Out sums to 1.250000, not 1
Mole fractions of /mixer.In0 sums to 1.500000, not 1
Mole fractions of /mixer.Out sums to 1.250000, not 1
Mole fractions of /flash.In sums to 1.250000, not 1
The following consistency errors in flowsheet / have not been resolved (only lists one per unit operation):
/stream1.In.Fraction: 0.166667 Vs 0.25
/mixer.Out.Fraction: 0.1 Vs 0.125
/flash.In.MassFlow: 399229 Vs 390813

ConsistencyError: /stream1.In - Fraction 0.6666666666666666 vs 1.0
Error processing command:
<class 'sim21.old.solver.Error.ConsistencyError'>
ConsistencyError: /stream1.In - Fraction 0.6666666666666666 vs 1.0
  File "/home/theadmin/Projects/sim21/sim21/old/cli/CommandInterface.py", line 3562, in run
    interface.ProcessCommandStream(inp, out, err)

  File "/home/theadmin/Projects/sim21/sim21/old/cli/CommandInterface.py", line 284, in ProcessCommandStream
    cmdResult = self.ProcessCommandString(cmd)

  File "/home/theadmin/Projects/sim21/sim21/old/cli/CommandInterface.py", line 400, in ProcessCommandString
    self.root.Solve()

  File "/home/theadmin/Projects/sim21/sim21/old/solver/Flowsheet.py", line 335, in Solve
    self.InnerSolve()

  File "/home/theadmin/Projects/sim21/sim21/old/solver/Flowsheet.py", line 558, in InnerSolve
    raise Error.ConsistencyError(self._consistencyErrorStack[0])


>> 
>> # Whoops again - the composition is not normalized when
The following consistency errors in flowsheet / have not been resolved (only lists one per unit operation):
/stream1.In.Fraction: 0.166667 Vs 0.25
/mixer.Out.Fraction: 0.1 Vs 0.125
/flash.In.MassFlow: 399229 Vs 390813

>> # individual component fractions are specified
The following consistency errors in flowsheet / have not been resolved (only lists one per unit operation):
/stream1.In.Fraction: 0.166667 Vs 0.25
/mixer.Out.Fraction: 0.1 Vs 0.125
/flash.In.MassFlow: 399229 Vs 390813

>> stream1.In.Fraction = .25 0 0 .25 .25 .25
The following consistency errors in flowsheet / have not been resolved (only lists one per unit operation):
/stream1.In.Fraction: 0.166667 Vs 0.25
/mixer.Out.Fraction: 0.1 Vs 0.125
/flash.In.MassFlow: 399229 Vs 390813

>> 
>> # stream1 should now be known
The following consistency errors in flowsheet / have not been resolved (only lists one per unit operation):
/stream1.In.Fraction: 0.166667 Vs 0.25
/mixer.Out.Fraction: 0.1 Vs 0.125
/flash.In.MassFlow: 399229 Vs 390813

>> stream1.Out
The following consistency errors in flowsheet / have not been resolved (only lists one per unit operation):
/stream1.In.Fraction: 0.166667 Vs 0.25
/mixer.Out.Fraction: 0.1 Vs 0.125
/flash.In.MassFlow: 399229 Vs 390813

Port: /stream1.Out + sim21.old.solver.Ports.Port_Material
Connected to: /mixer.In0
VapFrac            = 0.8778312305596325 = 
T                  = 187.0 = C
P                  = 715.0 = kPa
MoleFlow           = 3000.0 = kgmole/h
MassFlow           = 216446.31999999998 = kg/h
VolumeFlow         = 13301.428210166407 = m3/hr
StdLiqVolumeFlow   = 329.83 = m3/hr
H                  = -128307.36149091092 = kJ/kmol
Energy             = -106922801.24242575 = W
MolecularWeight    = 72.14877333333334 = 
ZFactor            = 0.8286086267752931 = 
PROPANE            = 1.0 = 
N-BUTANE           = 0.0 = 
ISOBUTANE          = 0.0 = 
N-HEXANE           = 0.25 = 
N-DODECANE         = 0.25 = 

>> 
>> # Now fix stream2 as well
The following consistency errors in flowsheet / have not been resolved (only lists one per unit operation):
/stream1.In.Fraction: 0.166667 Vs 0.25
/mixer.Out.Fraction: 0.1 Vs 0.125
/flash.In.MassFlow: 399229 Vs 390813

>> stream2.In.Fraction = 0 .25 .25 0 .3 .2
The following consistency errors in flowsheet / have not been resolved (only lists one per unit operation):
/stream1.In.Fraction: 0.166667 Vs 0.25
/mixer.Out.Fraction: 0.1 Vs 0.125
/flash.In.MassFlow: 399229 Vs 390813

>> 
>> # Now everything should be known again
The following consistency errors in flowsheet / have not been resolved (only lists one per unit operation):
/stream1.In.Fraction: 0.166667 Vs 0.25
/mixer.Out.Fraction: 0.1 Vs 0.125
/flash.In.MassFlow: 399229 Vs 390813

>> flash.Vap
The following consistency errors in flowsheet / have not been resolved (only lists one per unit operation):
/stream1.In.Fraction: 0.166667 Vs 0.25
/mixer.Out.Fraction: 0.1 Vs 0.125
/flash.In.MassFlow: 399229 Vs 390813

Port: /flash.Vap + sim21.old.solver.Ports.Port_Material
Connected to: None
VapFrac            = 1.0 = 
T                  = 71.64340661803698 = C
P                  = 715.0 = kPa
MoleFlow           = 3870.6830040414116 = kgmole/h
MassFlow           = 201258.07673090496 = kg/h
VolumeFlow         = 13776.823968648261 = m3/hr
StdLiqVolumeFlow   = 345.69964038810275 = m3/hr
H                  = -115209.20492242847 = kJ/kmol
Energy             = -123871753.16732444 = W
MolecularWeight    = 51.99549446977956 = 
ZFactor            = 0.8877167370912978 = 
PROPANE            = 0.5223634582182539 = 
N-BUTANE           = 0.20995392290393858 = 
ISOBUTANE          = 0.226147629964007 = 
N-HEXANE           = 0.041118165608446916 = 
N-DODECANE         = 0.00041682330535346666 = 

>> flash.Liq0
The following consistency errors in flowsheet / have not been resolved (only lists one per unit operation):
/stream1.In.Fraction: 0.166667 Vs 0.25
/mixer.Out.Fraction: 0.1 Vs 0.125
/flash.In.MassFlow: 399229 Vs 390813

Port: /flash.Liq0 + sim21.old.solver.Ports.Port_Material
Connected to: None
VapFrac            = 0.0 = 
T                  = 71.64340661803698 = C
P                  = 715.0 = kPa
MoleFlow           = 2129.3169959585884 = kgmole/h
MassFlow           = 197970.78726909502 = kg/h
VolumeFlow         = 330.53250081539977 = m3/hr
StdLiqVolumeFlow   = 295.90435961189723 = m3/hr
H                  = -201148.4398093395 = kJ/kmol
Energy             = -118974664.33238326 = W
MolecularWeight    = 92.97384449794961 = 
ZFactor            = 0.03871566767252432 = 
PROPANE            = 0.17756709830425904 = 
N-BUTANE           = 0.1819057095392842 = 
ISOBUTANE          = 0.1524687084686124 = 
N-HEXANE           = 0.20703569081482037 = 
N-DODECANE         = 0.28102279287302395 = 

