>> units SI
>> $thermo = Sim21Thermo.Peng-Robinson
pkgName: Peng-Robinson
>> / -> $thermo
Thermo case attached to a unit operation. / to /thermo
>> thermo + NITROGEN WATER METHANE ETHANE PROPANE ISOBUTANE CARBON_DIOXIDE HYDROGEN_SULFIDE n-BUTANE
NITROGEN WATER METHANE ETHANE PROPANE ISOBUTANE CARBON DIOXIDE HYDROGEN SULFIDE n-BUTANE 
>> 
>> Feed = Stream.Stream_Material()
>> Out = Stream.Stream_Material()
>> Hydrate = Hydrate.Hydrate()
>> 
>> Feed.Out -> Hydrate.In
>> Hydrate.Out -> Out.In
>> 
>> Feed.In.T = 40
>> Feed.In.P = 2000 kPa
>> Feed.In.Fraction = 0.094 0.0 0.784 0.06 0.036 0.005 0.002 0.0 0.019
>> Feed.In.MoleFlow = 100
>> 
>> 
>> # Results
>> Feed.In
Port: /Feed.In + sim21.old.solver.Ports.Port_Material
Connected to: None
VapFrac            = 1.0 = 
T                  = 40.0 * C
P                  = 2000.0 * kPa
MoleFlow           = 100.0 * kgmole/h
MassFlow           = 2008.5084759999997 = kg/h
VolumeFlow         = 123.98620781717635 = m3/hr
StdLiqVolumeFlow   = 3.9156916400000013 = m3/hr
H                  = -70908.0888768902 = kJ/kmol
Energy             = -1969669.1354691721 = W
MolecularWeight    = 20.085084759999997 = 
ZFactor            = 0.9523942651757082 = 
NITROGEN           = 0.094 * 
WATER              = 0.0 * 
METHANE            = 0.784 * 
ETHANE             = 0.06 * 
PROPANE            = 0.036 * 
ISOBUTANE          = 0.005 * 
CARBON DIOXIDE     = 0.002 * 
HYDROGEN SULFIDE   = 0.0 * 
N-BUTANE           = 0.019 * 

>> Out.Out
Port: /Out.Out + sim21.old.solver.Ports.Port_Material
Connected to: None
VapFrac            = 1.0 = 
T                  = 40.0 = C
P                  = 2000.0 = kPa
MoleFlow           = 100.0 = kgmole/h
MassFlow           = 2008.5084759999997 = kg/h
VolumeFlow         = 123.98620781717635 = m3/hr
StdLiqVolumeFlow   = 3.9156916400000013 = m3/hr
H                  = -70908.0888768902 = kJ/kmol
Energy             = -1969669.1354691721 = W
MolecularWeight    = 20.085084759999997 = 
ZFactor            = 0.9523942651757082 = 
NITROGEN           = 0.094 = 
WATER              = 0.0 = 
METHANE            = 0.784 = 
ETHANE             = 0.06 = 
PROPANE            = 0.036 = 
ISOBUTANE          = 0.005 = 
CARBON DIOXIDE     = 0.002 = 
HYDROGEN SULFIDE   = 0.0 = 
N-BUTANE           = 0.019 = 

>> Hydrate.HydrateTemp
Port: /Hydrate.HydrateTemp + sim21.old.solver.Ports.Port_Signal
Connected to: None
T   = 8.962090191064817 = C

>> 
>> copy /Feed /Out /Hydrate
Copied /Feed /Out /Hydrate to the clipboard
>> paste /
Pasting /Feed /Out /Hydrate
Pasted /Feed /Out /Hydrate as /FeedClone /OutClone /HydrateClone
>> FeedClone.In
Port: /FeedClone.In + sim21.old.solver.Ports.Port_Material
Connected to: None
VapFrac            = 1.0 = 
T                  = 40.0 * C
P                  = 2000.0 * kPa
MoleFlow           = 100.0 * kgmole/h
MassFlow           = 2008.5084759999997 = kg/h
VolumeFlow         = 123.98620781717635 = m3/hr
StdLiqVolumeFlow   = 3.9156916400000013 = m3/hr
H                  = -70908.0888768902 = kJ/kmol
Energy             = -1969669.1354691721 = W
MolecularWeight    = 20.085084759999997 = 
ZFactor            = 0.9523942651757082 = 
NITROGEN           = 0.094 * 
WATER              = 0.0 * 
METHANE            = 0.784 * 
ETHANE             = 0.06 * 
PROPANE            = 0.036 * 
ISOBUTANE          = 0.005 * 
CARBON DIOXIDE     = 0.002 * 
HYDROGEN SULFIDE   = 0.0 * 
N-BUTANE           = 0.019 * 

>> OutClone.Out
Port: /OutClone.Out + sim21.old.solver.Ports.Port_Material
Connected to: None
VapFrac            = 1.0 = 
T                  = 40.0 = C
P                  = 2000.0 = kPa
MoleFlow           = 100.0 = kgmole/h
MassFlow           = 2008.5084759999997 = kg/h
VolumeFlow         = 123.98620781717635 = m3/hr
StdLiqVolumeFlow   = 3.9156916400000013 = m3/hr
H                  = -70908.0888768902 = kJ/kmol
Energy             = -1969669.1354691721 = W
MolecularWeight    = 20.085084759999997 = 
ZFactor            = 0.9523942651757082 = 
NITROGEN           = 0.094 = 
WATER              = 0.0 = 
METHANE            = 0.784 = 
ETHANE             = 0.06 = 
PROPANE            = 0.036 = 
ISOBUTANE          = 0.005 = 
CARBON DIOXIDE     = 0.002 = 
HYDROGEN SULFIDE   = 0.0 = 
N-BUTANE           = 0.019 = 

>> HydrateClone.HydrateTemp
Port: /HydrateClone.HydrateTemp + sim21.old.solver.Ports.Port_Signal
Connected to: None
T   = 8.962090191064817 = C

