>> # Test lookup table
>> 
>> lkp = Pump.LookupTable()
>> 
>> # setup table
>> lkp.NumberSeries = 3
>> lkp.NumberTables = 1
>> lkp.TableType = P
>> lkp.SpecTagValue = 100.0		# specified table tag value
>> lkp.Extrapolate0 = 0		# do not extrapolate series 0
>> 
>> lkp.SeriesType0 = P
>> lkp.SeriesType1 = T
>> lkp.SeriesType2 = H
>> 
>> lkp.Table0.TagValue = 32.0	# tag value for the input table 0
>> lkp.Table0.Series0 =  1.0 2.0 3.0 4.0  5.0  6.0  7.0
>> lkp.Table0.Series1 =  2.0 4.0 6.0 8.0 10.0 12.0 14.0 
>> lkp.Table0.Series2 = 10.0 9.5 9.0 8.5  8.0  7.5  7.0
>> 
>> lkp
Operation: lkp = sim21.old.unitop.Pump.LookupTable
Port: SpecTagValue = sim21.old.solver.Ports.Port_Signal
Port: Signal0 = sim21.old.solver.Ports.Port_Signal
Port: Signal1 = sim21.old.solver.Ports.Port_Signal
Port: Signal2 = sim21.old.solver.Ports.Port_Signal
Parameter: Ignored = None
Parameter: TableType = P
Parameter: NumberSeries = 3
Parameter: NumberTables = 1
Parameter: Extrapolate0 = 0
Parameter: SeriesType0 = P
Parameter: Extrapolate1 = 1.0
Parameter: SeriesType1 = T
Parameter: Extrapolate2 = 1.0
Parameter: SeriesType2 = H
>> 
>> # interpolate the table
>> # expecting: 5.75, 11.5, 7.625
>> lkp.Signal1 = 11.5
>> lkp.Signal0
Port: /lkp.Signal0 + sim21.old.solver.Ports.Port_Signal
Connected to: None
P   = 5.75 = kPa

>> lkp.Signal1
Port: /lkp.Signal1 + sim21.old.solver.Ports.Port_Signal
Connected to: None
T   = 11.5 * C

>> lkp.Signal2
Port: /lkp.Signal2 + sim21.old.solver.Ports.Port_Signal
Connected to: None
H   = 7.625 = kJ/kmol

>> 
>> # extrapolate down the table
>> # Expecting: 1.0, 0.0, 10.5
>> lkp.Signal1 = 0.0
>> lkp.Signal0
Port: /lkp.Signal0 + sim21.old.solver.Ports.Port_Signal
Connected to: None
P   = 1.0 = kPa

>> lkp.Signal1
Port: /lkp.Signal1 + sim21.old.solver.Ports.Port_Signal
Connected to: None
T   = 0.0 * C

>> lkp.Signal2
Port: /lkp.Signal2 + sim21.old.solver.Ports.Port_Signal
Connected to: None
H   = 10.0 = kJ/kmol

>> 
>> # extrapolate up the table
>> # expecting: 7.0, 16.0, 6.5
>> lkp.Signal1 = 16.0
>> lkp.Signal0
Port: /lkp.Signal0 + sim21.old.solver.Ports.Port_Signal
Connected to: None
P   = 7.0 = kPa

>> lkp.Signal1
Port: /lkp.Signal1 + sim21.old.solver.Ports.Port_Signal
Connected to: None
T   = 16.0 * C

>> lkp.Signal2
Port: /lkp.Signal2 + sim21.old.solver.Ports.Port_Signal
Connected to: None
H   = 7.0 = kJ/kmol

>> 
>> # try specifying Signal0 instead of Signal1
>> # expecting 1.5, 3.0, 9.75
>> lkp.Signal1 = None
>> lkp.Signal0 = 1.5
>> lkp.Signal0
Port: /lkp.Signal0 + sim21.old.solver.Ports.Port_Signal
Connected to: None
P   = 1.5 * kPa

>> lkp.Signal1
Port: /lkp.Signal1 + sim21.old.solver.Ports.Port_Signal
Connected to: None
T   = 3.0 = C

>> lkp.Signal2
Port: /lkp.Signal2 + sim21.old.solver.Ports.Port_Signal
Connected to: None
H   = 9.75 = kJ/kmol

>> 
>> # multiple entry, input both Signal0 and Signal1
>> # expecting 1.5, (4.0 vs 3.0), 9.75 with inconsistency for signal1
>> lkp.Signal1 = 4.0
The following consistency errors in flowsheet / have not been resolved (only lists one per unit operation):
/lkp.Signal1.T: 276.15 Vs 277.15

ConsistencyError: /lkp.Signal1 - T 276.15 vs 277.15
Error processing command:
<class 'sim21.old.solver.Error.ConsistencyError'>
ConsistencyError: /lkp.Signal1 - T 276.15 vs 277.15
  File "C:\Users\kpatv\Code\sim21\sim21\cli\CommandInterface.py", line 3560, in run
    interface.ProcessCommandStream(inp, out, err)

  File "C:\Users\kpatv\Code\sim21\sim21\cli\CommandInterface.py", line 284, in ProcessCommandStream
    cmdResult = self.ProcessCommandString(cmd)

  File "C:\Users\kpatv\Code\sim21\sim21\cli\CommandInterface.py", line 400, in ProcessCommandString
    self.root.Solve()

  File "C:\Users\kpatv\Code\sim21\sim21\old\solver\Flowsheet.py", line 335, in Solve
    self.InnerSolve()

  File "C:\Users\kpatv\Code\sim21\sim21\old\solver\Flowsheet.py", line 558, in InnerSolve
    raise Error.ConsistencyError(self._consistencyErrorStack[0])


>> lkp.Signal0
The following consistency errors in flowsheet / have not been resolved (only lists one per unit operation):
/lkp.Signal1.T: 276.15 Vs 277.15

Port: /lkp.Signal0 + sim21.old.solver.Ports.Port_Signal
Connected to: None
P   = 1.5 * kPa

>> lkp.Signal1
The following consistency errors in flowsheet / have not been resolved (only lists one per unit operation):
/lkp.Signal1.T: 276.15 Vs 277.15

Port: /lkp.Signal1 + sim21.old.solver.Ports.Port_Signal
Connected to: None
T   = 4.0 * C

>> lkp.Signal2
The following consistency errors in flowsheet / have not been resolved (only lists one per unit operation):
/lkp.Signal1.T: 276.15 Vs 277.15

Port: /lkp.Signal2 + sim21.old.solver.Ports.Port_Signal
Connected to: None
H   = 9.75 = kJ/kmol

