>> #ethanol distillation
>> $thermo = Sim21Thermo.IdealVapLiqWilson
pkgName: IdealVapLiqWilson
>> / -> $thermo
Thermo case attached to a unit operation. / to /thermo
>> thermo + Ethanol Water
Ethanol Water 
>> 
>> units SI
>> 
>> Feed = Stream.Stream_Material()
>> Feed.In.MoleFlow = 34.43
>> Feed.In.Fraction = 0.3 0.7
>> Feed.In.VapFrac = 0.0
>> Feed.In.P = 101.325
>> Feed.In
Port: /Feed.In + sim21.old.solver.Ports.Port_Material
Connected to: None
VapFrac            = 0.0 * 
T                  = 81.9774388655162 = C
P                  = 101.325 * kPa
MoleFlow           = 34.43 * kgmole/h
MassFlow           = 910.0271800399998 = kg/h
VolumeFlow         = 1.0989401031252752 = m3/hr
StdLiqVolumeFlow   = 1.04161079 = m3/hr
H                  = -277881.061799535 = kJ/kmol
Energy             = -2657623.5993772196 = W
MolecularWeight    = 26.431227999999997 = 
ZFactor            = 0.0010953053211494074 = 
ETHANOL            = 0.3 * 
WATER              = 0.7 * 

>> 
>> Steam = Stream.Stream_Material()
>> Steam.In.P = 24.7 psia
>> Steam.In.Fraction = 0 1
>> Steam.In.MoleFlow = 51.1
>> Steam.In.VapFrac = 1.0
>> Steam.In
Port: /Steam.In + sim21.old.solver.Ports.Port_Material
Connected to: None
VapFrac            = 1.0 * 
T                  = 114.17782830225161 = C
P                  = 170.30049789999998 * kPa
MoleFlow           = 51.1 * kgmole/h
MassFlow           = 920.580808 = kg/h
VolumeFlow         = 966.3131025631951 = m3/hr
StdLiqVolumeFlow   = 0.923377 = m3/hr
H                  = -238792.3262471364 = kJ/kmol
Energy             = -3389524.408674631 = W
MolecularWeight    = 18.01528 = 
ZFactor            = 1.0 = 
ETHANOL            = 0.0 * 
WATER              = 1.0 * 

>> 
>> dist = Tower.Tower()
>> dist.MaxOuterLoops = 40
>> dist.Stage_0 + 12
>> cd dist.Stage_0
/dist.Stage_0
>> l = Tower.LiquidDraw()
>> l.Port.P = 101.325
>> l.Port.MoleFlow = 12.91
>> #reflux = Tower.RefluxRatioSpec()
>> #reflux.Port = 3.0
>> cond = Tower.EnergyFeed(0)
>> estT = Tower.Estimate('T')
>> estT.Value = 78
>> 
>> cd ../Stage_11
/dist.Stage_11
>> f = Tower.Feed()
>> /Feed.Out -> f.Port
>> 
>> cd ../Stage_13
/dist.Stage_13
>> l = Tower.LiquidDraw()
>> l.Port.P = 101.325
>> f = Tower.Feed()
>> /Steam.Out -> f.Port
>> estT = Tower.Estimate('T')
>> estT.Value = 100
>> 
>> cd ..
/dist
>> /distillate = Stream.Stream_Material()
>> /stillage   = Stream.Stream_Material()
>> /distillate.In -> Stage_0.l.Port
>> /stillage.In -> Stage_13.l.Port
>> 
>> TryToSolve = 1
Calculating Jacobian for /dist
Calculating disturbance 10 of 14 in jacobian of /dist
/dist Inner Error 0.007999
/dist Inner Error 0.002087
/dist Inner Error 0.000690
/dist Inner Error 0.000259
/dist Inner Error 0.000008
Inner loop converged
/dist Iteration 1 Outer Error 0.101852
/dist Inner Error 0.011878
/dist Inner Error 0.002780
/dist Inner Error 0.000486
/dist Inner Error 0.000104
/dist Inner Error 0.000015
/dist Inner Error 0.000002
Inner loop converged
/dist Iteration 2 Outer Error 0.077994
/dist Inner Error 0.004330
/dist Inner Error 0.000492
/dist Inner Error 0.000057
/dist Inner Error 0.000010
/dist Inner Error 0.000001
Inner loop converged
/dist Iteration 3 Outer Error 0.101816
/dist Inner Error 0.001172
/dist Inner Error 0.000115
/dist Inner Error 0.000025
/dist Inner Error 0.000002
Inner loop converged
/dist Iteration 4 Outer Error 0.123719
/dist Inner Error 0.000562
/dist Inner Error 0.000069
/dist Inner Error 0.000008
Inner loop converged
/dist Iteration 5 Outer Error 0.125054
/dist Inner Error 0.000594
/dist Inner Error 0.000192
/dist Inner Error 0.000036
/dist Inner Error 0.000002
Inner loop converged
/dist Iteration 6 Outer Error 0.105980
/dist Inner Error 0.000660
/dist Inner Error 0.000091
/dist Inner Error 0.000008
Inner loop converged
/dist Iteration 7 Outer Error 0.121458
/dist Inner Error 0.000900
/dist Inner Error 0.000228
/dist Inner Error 0.000016
/dist Inner Error 0.000003
Inner loop converged
/dist Iteration 8 Outer Error 0.102579
/dist Inner Error 0.000831
/dist Inner Error 0.000084
/dist Inner Error 0.000010
/dist Inner Error 0.000002
Inner loop converged
/dist Iteration 9 Outer Error 0.076052
/dist Inner Error 0.000690
/dist Inner Error 0.000052
/dist Inner Error 0.000004
Inner loop converged
/dist Iteration 10 Outer Error 0.084294
/dist Inner Error 0.000376
/dist Inner Error 0.000061
/dist Inner Error 0.000005
Inner loop converged
/dist Iteration 11 Outer Error 0.077133
/dist Inner Error 0.000358
/dist Inner Error 0.000029
/dist Inner Error 0.000003
Inner loop converged
/dist Iteration 12 Outer Error 0.060161
/dist Inner Error 0.000216
/dist Inner Error 0.000023
/dist Inner Error 0.000002
Inner loop converged
/dist Iteration 13 Outer Error 0.041581
/dist Inner Error 0.000222
/dist Inner Error 0.000017
/dist Inner Error 0.000003
Inner loop converged
/dist Iteration 14 Outer Error 0.036907
/dist Inner Error 0.000128
/dist Inner Error 0.000021
/dist Inner Error 0.000004
Inner loop converged
/dist Iteration 15 Outer Error 0.033756
/dist Inner Error 0.000084
/dist Inner Error 0.000016
/dist Inner Error 0.000002
Inner loop converged
/dist Iteration 16 Outer Error 0.028563
/dist Inner Error 0.000041
/dist Inner Error 0.000006
Inner loop converged
/dist Iteration 17 Outer Error 0.022752
/dist Inner Error 0.000021
/dist Inner Error 0.000005
Inner loop converged
/dist Iteration 18 Outer Error 0.017321
/dist Inner Error 0.000010
/dist Inner Error 0.000003
Inner loop converged
/dist Iteration 19 Outer Error 0.012747
/dist Inner Error 0.000005
Inner loop converged
/dist Iteration 20 Outer Error 0.009133
/dist Inner Error 0.000006
Inner loop converged
/dist Iteration 21 Outer Error 0.006406
/dist Inner Error 0.000006
Inner loop converged
/dist Iteration 22 Outer Error 0.004417
/dist Inner Error 0.000005
Inner loop converged
/dist Iteration 23 Outer Error 0.003005
/dist Inner Error 0.000004
Inner loop converged
/dist Iteration 24 Outer Error 0.002023
/dist Inner Error 0.000003
Inner loop converged
/dist Iteration 25 Outer Error 0.001353
/dist Inner Error 0.000002
Inner loop converged
/dist Iteration 26 Outer Error 0.000903
/dist Inner Error 0.000002
Inner loop converged
/dist Iteration 27 Outer Error 0.000603
/dist Inner Error 0.000001
Inner loop converged
/dist Iteration 28 Outer Error 0.000405
/dist Inner Error 0.000001
Inner loop converged
/dist Iteration 29 Outer Error 0.000274
/dist Inner Error 0.000001
Inner loop converged
/dist Iteration 30 Outer Error 0.000187
/dist Inner Error 0.000000
Inner loop converged
/dist Iteration 31 Outer Error 0.000130
/dist Inner Error 0.000000
Inner loop converged
/dist Iteration 32 Outer Error 0.000091
/dist Inner Error 0.000000
Inner loop converged
>> 
>> copy /
Copied / to the clipboard
>> paste /
Pasting /
Pasted / as /RootClone
/RootClone.dist Inner Error 0.000000
Inner loop converged
/RootClone.dist Iteration 1 Outer Error 0.000065
/RootClone.dist Inner Error 0.000000
Inner loop converged
>> cd /RootClone
/RootClone
>> dist.Stage_0.l.Port
Port: /RootClone.dist.LiquidDraw_0_l + sim21.old.solver.Ports.Port_Material
Connected to: /RootClone.distillate.In
VapFrac            = 0.0 = 
T                  = 78.48786449810149 = C
P                  = 101.325 * kPa
MoleFlow           = 12.91 * kgmole/h
MassFlow           = 521.7748654055558 = kg/h
VolumeFlow         = 0.6950622459845646 = m3/hr
StdLiqVolumeFlow   = 0.6519286783408224 = m3/hr
H                  = -272427.33868673583 = kJ/kmol
Energy             = -976954.7062349332 = W
MolecularWeight    = 40.41633349384631 = 
ZFactor            = 0.0018658823240712003 = 
ETHANOL            = 0.7985215745337177 = 
WATER              = 0.20147842546628225 = 

