>> #ethanol distillation
>> $thermo = Sim21Thermo.IdealVapLiqNRTL
pkgName: IdealVapLiqNRTL
>> / -> $thermo
Thermo case attached to a unit operation. / to /thermo
>> thermo + Ethanol Water
Ethanol Water 
>> 
>> units SI
>> 
>> Feed = Stream.Stream_Material()
>> Feed.In.MoleFlow = 34.43
>> Feed.In.Fraction = 0.3 0.7
>> Feed.In.VapFrac = 0.0
>> Feed.In.P = 101.325
>> Feed.In
Port: /Feed.In + sim21.old.solver.Ports.Port_Material
Connected to: None
VapFrac            = 0.0 * 
T                  = 81.52576278774728 = C
P                  = 101.325 * kPa
MoleFlow           = 34.43 * kgmole/h
MassFlow           = 910.0271800399998 = kg/h
VolumeFlow         = 1.0983766335417633 = m3/hr
StdLiqVolumeFlow   = 1.04161079 = m3/hr
H                  = -277926.77952561964 = kJ/kmol
Energy             = -2658060.8386297454 = W
MolecularWeight    = 26.431227999999997 = 
ZFactor            = 0.0010961378605601282 = 
ETHANOL            = 0.3 * 
WATER              = 0.7 * 

>> 
>> Steam = Stream.Stream_Material()
>> Steam.In.P = 24.7 psia
>> Steam.In.Fraction = 0 1
>> Steam.In.MoleFlow = 51.1
>> Steam.In.VapFrac = 1.0
>> Steam.In
Port: /Steam.In + sim21.old.solver.Ports.Port_Material
Connected to: None
VapFrac            = 1.0 * 
T                  = 114.17782830225161 = C
P                  = 170.30049789999998 * kPa
MoleFlow           = 51.1 * kgmole/h
MassFlow           = 920.580808 = kg/h
VolumeFlow         = 966.3131025631951 = m3/hr
StdLiqVolumeFlow   = 0.923377 = m3/hr
H                  = -238792.3262471364 = kJ/kmol
Energy             = -3389524.408674631 = W
MolecularWeight    = 18.01528 = 
ZFactor            = 1.0 = 
ETHANOL            = 0.0 * 
WATER              = 1.0 * 

>> 
>> dist = Tower.Tower()
>> dist.MaxOuterLoops = 40
>> dist.Stage_0 + 12
>> cd dist.Stage_0
/dist.Stage_0
>> l = Tower.LiquidDraw()
>> l.Port.P = 101.325
>> l.Port.MoleFlow = 12.91
>> #reflux = Tower.RefluxRatioSpec()
>> #reflux.Port = 3.0
>> cond = Tower.EnergyFeed(0)
>> estT = Tower.Estimate('T')
>> estT.Value = 78
>> 
>> cd ../Stage_11
/dist.Stage_11
>> f = Tower.Feed()
>> /Feed.Out -> f.Port
>> 
>> cd ../Stage_13
/dist.Stage_13
>> l = Tower.LiquidDraw()
>> l.Port.P = 101.325
>> f = Tower.Feed()
>> /Steam.Out -> f.Port
>> estT = Tower.Estimate('T')
>> estT.Value = 100
>> 
>> cd ..
/dist
>> /distillate = Stream.Stream_Material()
>> /stillage   = Stream.Stream_Material()
>> /distillate.In -> Stage_0.l.Port
>> /stillage.In -> Stage_13.l.Port
>> 
>> TryToSolve = 1
Calculating Jacobian for /dist
Calculating disturbance 10 of 14 in jacobian of /dist
/dist Inner Error 0.009639
/dist Inner Error 0.001578
/dist Inner Error 0.000592
/dist Inner Error 0.000328
/dist Inner Error 0.000007
Inner loop converged
/dist Iteration 1 Outer Error 0.097521
/dist Inner Error 0.007986
/dist Inner Error 0.001660
/dist Inner Error 0.000333
/dist Inner Error 0.000054
/dist Inner Error 0.000007
Inner loop converged
/dist Iteration 2 Outer Error 0.083495
/dist Inner Error 0.004515
/dist Inner Error 0.000616
/dist Inner Error 0.000084
/dist Inner Error 0.000012
/dist Inner Error 0.000001
Inner loop converged
/dist Iteration 3 Outer Error 0.121402
/dist Inner Error 0.001138
/dist Inner Error 0.000133
/dist Inner Error 0.000021
/dist Inner Error 0.000002
Inner loop converged
/dist Iteration 4 Outer Error 0.109723
/dist Inner Error 0.000810
/dist Inner Error 0.000120
/dist Inner Error 0.000020
/dist Inner Error 0.000003
Inner loop converged
/dist Iteration 5 Outer Error 0.142060
/dist Inner Error 0.001330
/dist Inner Error 0.000253
/dist Inner Error 0.000028
/dist Inner Error 0.000003
Inner loop converged
/dist Iteration 6 Outer Error 0.115654
/dist Inner Error 0.001302
/dist Inner Error 0.000183
/dist Inner Error 0.000014
/dist Inner Error 0.000003
Inner loop converged
/dist Iteration 7 Outer Error 0.114040
/dist Inner Error 0.001252
/dist Inner Error 0.000181
/dist Inner Error 0.000010
/dist Inner Error 0.000003
Inner loop converged
/dist Iteration 8 Outer Error 0.121098
/dist Inner Error 0.001301
/dist Inner Error 0.000195
/dist Inner Error 0.000026
/dist Inner Error 0.000005
Inner loop converged
/dist Iteration 9 Outer Error 0.093138
/dist Inner Error 0.001399
/dist Inner Error 0.000171
/dist Inner Error 0.000007
Inner loop converged
/dist Iteration 10 Outer Error 0.083412
/dist Inner Error 0.000469
/dist Inner Error 0.000095
/dist Inner Error 0.000011
/dist Inner Error 0.000004
Inner loop converged
/dist Iteration 11 Outer Error 0.090430
/dist Inner Error 0.000714
/dist Inner Error 0.000059
/dist Inner Error 0.000010
/dist Inner Error 0.000001
Inner loop converged
/dist Iteration 12 Outer Error 0.079495
/dist Inner Error 0.000453
/dist Inner Error 0.000056
/dist Inner Error 0.000015
/dist Inner Error 0.000003
Inner loop converged
/dist Iteration 13 Outer Error 0.058364
/dist Inner Error 0.001317
/dist Inner Error 0.000137
/dist Inner Error 0.000009
Inner loop converged
/dist Iteration 14 Outer Error 0.047281
/dist Inner Error 0.000224
/dist Inner Error 0.000037
/dist Inner Error 0.000002
Inner loop converged
/dist Iteration 15 Outer Error 0.048495
/dist Inner Error 0.000253
/dist Inner Error 0.000042
/dist Inner Error 0.000004
Inner loop converged
/dist Iteration 16 Outer Error 0.044689
/dist Inner Error 0.000293
/dist Inner Error 0.000030
/dist Inner Error 0.000003
Inner loop converged
/dist Iteration 17 Outer Error 0.037768
/dist Inner Error 0.000129
/dist Inner Error 0.000015
/dist Inner Error 0.000002
Inner loop converged
/dist Iteration 18 Outer Error 0.029899
/dist Inner Error 0.000205
/dist Inner Error 0.000012
/dist Inner Error 0.000002
Inner loop converged
/dist Iteration 19 Outer Error 0.022586
/dist Inner Error 0.000124
/dist Inner Error 0.000019
/dist Inner Error 0.000002
Inner loop converged
/dist Iteration 20 Outer Error 0.016516
/dist Inner Error 0.000023
/dist Inner Error 0.000002
Inner loop converged
/dist Iteration 21 Outer Error 0.011809
/dist Inner Error 0.000011
/dist Inner Error 0.000002
Inner loop converged
/dist Iteration 22 Outer Error 0.008317
/dist Inner Error 0.000008
Inner loop converged
/dist Iteration 23 Outer Error 0.005783
/dist Inner Error 0.000011
/dist Inner Error 0.000002
Inner loop converged
/dist Iteration 24 Outer Error 0.004191
/dist Inner Error 0.000004
Inner loop converged
/dist Iteration 25 Outer Error 0.003140
/dist Inner Error 0.000005
Inner loop converged
/dist Iteration 26 Outer Error 0.002296
/dist Inner Error 0.000005
Inner loop converged
/dist Iteration 27 Outer Error 0.001647
/dist Inner Error 0.000004
Inner loop converged
/dist Iteration 28 Outer Error 0.001163
/dist Inner Error 0.000003
Inner loop converged
/dist Iteration 29 Outer Error 0.000811
/dist Inner Error 0.000002
Inner loop converged
/dist Iteration 30 Outer Error 0.000562
/dist Inner Error 0.000002
Inner loop converged
/dist Iteration 31 Outer Error 0.000389
/dist Inner Error 0.000001
Inner loop converged
/dist Iteration 32 Outer Error 0.000270
/dist Inner Error 0.000001
Inner loop converged
/dist Iteration 33 Outer Error 0.000190
/dist Inner Error 0.000001
Inner loop converged
/dist Iteration 34 Outer Error 0.000135
/dist Inner Error 0.000000
Inner loop converged
/dist Iteration 35 Outer Error 0.000098
/dist Inner Error 0.000000
Inner loop converged
>> 
>> copy /
Copied / to the clipboard
>> paste /
Pasting /
Pasted / as /RootClone
/RootClone.dist Inner Error 0.000000
Inner loop converged
/RootClone.dist Iteration 1 Outer Error 0.000073
/RootClone.dist Inner Error 0.000000
Inner loop converged
>> cd /RootClone
/RootClone
>> dist.Stage_0.l.Port
Port: /RootClone.dist.LiquidDraw_0_l + sim21.old.solver.Ports.Port_Material
Connected to: /RootClone.distillate.In
VapFrac            = 0.0 = 
T                  = 78.4482580062263 = C
P                  = 101.325 * kPa
MoleFlow           = 12.91 * kgmole/h
MassFlow           = 521.3639166564411 = kg/h
VolumeFlow         = 0.6943760929734414 = m3/hr
StdLiqVolumeFlow   = 0.6513337853340612 = m3/hr
H                  = -272445.9945829225 = kJ/kmol
Energy             = -977021.6083515359 = W
MolecularWeight    = 40.3845016774935 = 
ZFactor            = 0.001864250337000432 = 
ETHANOL            = 0.79738687825163 = 
WATER              = 0.20261312174837 = 

