>> #material stream example
>> $thermo = Sim21Thermo.Peng-Robinson
pkgName: Peng-Robinson
>> / -> $thermo
Thermo case attached to a unit operation. / to /thermo
>> thermo + WATER TRIETHYLENE_GLYCOL
WATER TRIETHYLENE GLYCOL 
>> 
>> #generate WATER/TEG bubble temperature curve
>> units Field
>> 
>> s = Stream.Stream_Material()
>> s.In.P = 1 atm
>> s.In.VapFrac = 0.0
>> s.In.Fraction = 0.0 1.0
>> s.Out.T
/s.Out.T= 545.5526238831324 = F
>> s.In.Fraction = 0.1 0.9
>> s.Out.T
/s.Out.T= 281.7623238435637 = F
>> s.In.Fraction = 0.2 0.8
>> s.Out.T
/s.Out.T= 228.15648173953267 = F
>> s.In.Fraction = 0.3 0.7
>> s.Out.T
/s.Out.T= 203.17547794778767 = F
>> s.In.Fraction = 0.4 0.6
>> s.Out.T
/s.Out.T= 188.94516903485373 = F
>> s.In.Fraction = 0.5 0.5
>> s.Out.T
/s.Out.T= 180.84527105964733 = F
>> s.In.Fraction = 0.6 0.4
>> s.Out.T
/s.Out.T= 177.37917684596124 = F
>> s.In.Fraction = 0.7 0.3
>> s.Out.T
/s.Out.T= 178.41938085908896 = F
>> s.In.Fraction = 0.8 0.2
>> s.Out.T
/s.Out.T= 184.930677133124 = F
>> s.In.Fraction = 0.9 0.1
>> s.Out.T
/s.Out.T= 198.85678868825428 = F
>> s.In.Fraction = 1.0 0.0
>> s.Out.T
/s.Out.T= 207.64434844029614 = F
