>> #Cooler Example - Distillation Tower Condenser Duty
>> $thermo = Sim21Thermo.IdealVapLiqNRTL
pkgName: IdealVapLiqNRTL
>> / -> $thermo
Thermo case attached to a unit operation. / to /thermo
>> thermo + ETHANOL WATER
ETHANOL WATER 
>> 
>> topVap = Stream.Stream_Material()
>> topVap.In.P = 101.325
>> topVap.In.VapFrac = 1
>> topVap.In.MoleFlow = 100
>> topVap.In.Fraction = 0.85 0.15
>> 
>> cond = Heater.Cooler()
>> topVap.Out -> cond.In
>> cond.DeltaP = 0
>> cond.Out.VapFrac = 0
>> 
>> cond.OutQ
Port: /cond.OutQ + sim21.old.solver.Ports.Port_Energy
Connected to: None
Energy   = 1091147.0291556306 = W

>> 
