>> units SI
>> $thermo = Sim21Thermo.Peng-Robinson
pkgName: Peng-Robinson
>> / -> $thermo
Thermo case attached to a unit operation. / to /thermo
>> thermo + propane isobutane n-butane isopentane n-pentane n-hexane
propane isobutane n-butane isopentane n-pentane n-hexane 
>> 
>> Feed = Stream.Stream_Material()
>> Feed.In.T = 20
>> Feed.In.P = 3000
>> Feed.In.MoleFlow = 100
>> Feed.In.Fraction = 1 2 3 4 5 6
>> 
>> 
>> pump = Flowsheet.SubFlowsheet('read mechengpump.sop')
Error processing command:
<class 'TypeError'>
'module' object is not callable
  File "C:\Users\Kiran\Projects\sim21\sim21\old\cli\CommandInterface.py", line 3562, in run
    interface.ProcessCommandStream(inp, out, err)

  File "C:\Users\Kiran\Projects\sim21\sim21\old\cli\CommandInterface.py", line 284, in ProcessCommandStream
    cmdResult = self.ProcessCommandString(cmd)

  File "C:\Users\Kiran\Projects\sim21\sim21\old\cli\CommandInterface.py", line 379, in ProcessCommandString
    cmdResult = self.ProcessCommand(cmd)

  File "C:\Users\Kiran\Projects\sim21\sim21\old\cli\CommandInterface.py", line 354, in ProcessCommand
    return operators[operator](self, lhsObj, dequote(remaining))

  File "C:\Users\Kiran\Projects\sim21\sim21\old\cli\CommandInterface.py", line 1807, in Equal
    self.CreateObject(parentObj, createName, rhsDesc)

  File "C:\Users\Kiran\Projects\sim21\sim21\old\cli\CommandInterface.py", line 1730, in CreateObject
    parent.AddObject(newObj, name)

  File "C:\Users\Kiran\Projects\sim21\sim21\old\unitop\UnitOperations.py", line 198, in AddObject
    self.AddUnitOperation(obj, name)

  File "C:\Users\Kiran\Projects\sim21\sim21\old\unitop\UnitOperations.py", line 997, in AddUnitOperation
    cmdproc = CommandInterface(uOp)


>> Feed.Out -> pump.In
Port type mismatch connecting to pump.In
Error processing command:
<class 'sim21.old.cli.CommandInterface.CmdError'>
Port type mismatch connecting to pump.In
  File "C:\Users\Kiran\Projects\sim21\sim21\old\cli\CommandInterface.py", line 3562, in run
    interface.ProcessCommandStream(inp, out, err)

  File "C:\Users\Kiran\Projects\sim21\sim21\old\cli\CommandInterface.py", line 284, in ProcessCommandStream
    cmdResult = self.ProcessCommandString(cmd)

  File "C:\Users\Kiran\Projects\sim21\sim21\old\cli\CommandInterface.py", line 379, in ProcessCommandString
    cmdResult = self.ProcessCommand(cmd)

  File "C:\Users\Kiran\Projects\sim21\sim21\old\cli\CommandInterface.py", line 354, in ProcessCommand
    return operators[operator](self, lhsObj, dequote(remaining))

  File "C:\Users\Kiran\Projects\sim21\sim21\old\cli\CommandInterface.py", line 2089, in Connect
    raise CmdError('CMDConnectTypeMismatch', rhsDesc)


>> pump.Out.P = 5000
There is no object named P
Error processing command:
<class 'sim21.old.cli.CommandInterface.CmdError'>
There is no object named P
  File "C:\Users\Kiran\Projects\sim21\sim21\old\cli\CommandInterface.py", line 3562, in run
    interface.ProcessCommandStream(inp, out, err)

  File "C:\Users\Kiran\Projects\sim21\sim21\old\cli\CommandInterface.py", line 284, in ProcessCommandStream
    cmdResult = self.ProcessCommandString(cmd)

  File "C:\Users\Kiran\Projects\sim21\sim21\old\cli\CommandInterface.py", line 379, in ProcessCommandString
    cmdResult = self.ProcessCommand(cmd)

  File "C:\Users\Kiran\Projects\sim21\sim21\old\cli\CommandInterface.py", line 342, in ProcessCommand
    lhsObj = self.GetObject(self.currentObj, lhsDesc)

  File "C:\Users\Kiran\Projects\sim21\sim21\old\cli\CommandInterface.py", line 2175, in GetObject
    return self.GetObject(obj, remaining)

  File "C:\Users\Kiran\Projects\sim21\sim21\old\cli\CommandInterface.py", line 2180, in GetObject
    raise CmdError('CMDNoSuchName', remaining)


>> pump.Efficiency = .75
>> 
>> pump.Out
None
>> pump.InQ
None
>> 
>> # try Efficiency / Q test
>> pump.Out.P = None
There is no object named P
Error processing command:
<class 'sim21.old.cli.CommandInterface.CmdError'>
There is no object named P
  File "C:\Users\Kiran\Projects\sim21\sim21\old\cli\CommandInterface.py", line 3562, in run
    interface.ProcessCommandStream(inp, out, err)

  File "C:\Users\Kiran\Projects\sim21\sim21\old\cli\CommandInterface.py", line 284, in ProcessCommandStream
    cmdResult = self.ProcessCommandString(cmd)

  File "C:\Users\Kiran\Projects\sim21\sim21\old\cli\CommandInterface.py", line 379, in ProcessCommandString
    cmdResult = self.ProcessCommand(cmd)

  File "C:\Users\Kiran\Projects\sim21\sim21\old\cli\CommandInterface.py", line 342, in ProcessCommand
    lhsObj = self.GetObject(self.currentObj, lhsDesc)

  File "C:\Users\Kiran\Projects\sim21\sim21\old\cli\CommandInterface.py", line 2175, in GetObject
    return self.GetObject(obj, remaining)

  File "C:\Users\Kiran\Projects\sim21\sim21\old\cli\CommandInterface.py", line 2180, in GetObject
    raise CmdError('CMDNoSuchName', remaining)


>> pump.InQ = 8000
>> pump.Out
None
>> 
>> # backwards
>> Feed.In.P = None
>> Feed.In.T = None
>> pump.Out.P = 5000
There is no object named P
Error processing command:
<class 'sim21.old.cli.CommandInterface.CmdError'>
There is no object named P
  File "C:\Users\Kiran\Projects\sim21\sim21\old\cli\CommandInterface.py", line 3562, in run
    interface.ProcessCommandStream(inp, out, err)

  File "C:\Users\Kiran\Projects\sim21\sim21\old\cli\CommandInterface.py", line 284, in ProcessCommandStream
    cmdResult = self.ProcessCommandString(cmd)

  File "C:\Users\Kiran\Projects\sim21\sim21\old\cli\CommandInterface.py", line 379, in ProcessCommandString
    cmdResult = self.ProcessCommand(cmd)

  File "C:\Users\Kiran\Projects\sim21\sim21\old\cli\CommandInterface.py", line 342, in ProcessCommand
    lhsObj = self.GetObject(self.currentObj, lhsDesc)

  File "C:\Users\Kiran\Projects\sim21\sim21\old\cli\CommandInterface.py", line 2175, in GetObject
    return self.GetObject(obj, remaining)

  File "C:\Users\Kiran\Projects\sim21\sim21\old\cli\CommandInterface.py", line 2180, in GetObject
    raise CmdError('CMDNoSuchName', remaining)


>> pump.Out.T = 20
There is no object named T
Error processing command:
<class 'sim21.old.cli.CommandInterface.CmdError'>
There is no object named T
  File "C:\Users\Kiran\Projects\sim21\sim21\old\cli\CommandInterface.py", line 3562, in run
    interface.ProcessCommandStream(inp, out, err)

  File "C:\Users\Kiran\Projects\sim21\sim21\old\cli\CommandInterface.py", line 284, in ProcessCommandStream
    cmdResult = self.ProcessCommandString(cmd)

  File "C:\Users\Kiran\Projects\sim21\sim21\old\cli\CommandInterface.py", line 379, in ProcessCommandString
    cmdResult = self.ProcessCommand(cmd)

  File "C:\Users\Kiran\Projects\sim21\sim21\old\cli\CommandInterface.py", line 342, in ProcessCommand
    lhsObj = self.GetObject(self.currentObj, lhsDesc)

  File "C:\Users\Kiran\Projects\sim21\sim21\old\cli\CommandInterface.py", line 2175, in GetObject
    return self.GetObject(obj, remaining)

  File "C:\Users\Kiran\Projects\sim21\sim21\old\cli\CommandInterface.py", line 2180, in GetObject
    raise CmdError('CMDNoSuchName', remaining)


>> Feed.In
Port: /Feed.In + sim21.old.solver.Ports.Port_Material
Connected to: None
VapFrac            = None
T                  = None
P                  = None
MoleFlow           = 100.0 * kgmole/h
MassFlow           = 7148.084761904763 = kg/h
VolumeFlow         = None
StdLiqVolumeFlow   = 11.507190476190479 = m3/hr
H                  = None
Energy             = None
MolecularWeight    = None
ZFactor            = None
PROPANE            = 0.047619047619047616 * 
ISOBUTANE          = 0.09523809523809523 * 
N-BUTANE           = 0.14285714285714285 * 
ISOPENTANE         = 0.19047619047619047 * 
N-PENTANE          = 0.23809523809523808 * 
N-HEXANE           = 0.2857142857142857 * 

>> 
>> # compare to isentropic pump
>> spump = Pump.Pump()
>> Feed.clone = Stream.ClonePort(0)
>> Feed.clone -> spump.In
>> spump.Out.P = 5000
>> spump.Efficiency = .75
>> spump.InQ
Port: /spump.TotalQ.In + sim21.old.solver.Ports.Port_Energy
Connected to: None
Energy   = None

>> 
>> copy /
Copied / to the clipboard
>> paste /
Pasting /
Pasted / as /RootClone
