>> units SI
>> $thermo = Sim21Thermo.Peng-Robinson
pkgName: Peng-Robinson
>> / -> $thermo
Thermo case attached to a unit operation. / to /thermo
>> thermo + PROPANE n-BUTANE ISOBUTANE n-PENTANE
PROPANE n-BUTANE ISOBUTANE n-PENTANE 
>> 
>> flash = Flash.MixAndFlash()
>> flash.In0.T = 460.15 K
>> cd flash.In0
/flash.myMixer.In0
>> Fraction = .5 .5 0 0
>> P = 700.325
>> MoleFlow = 10
>> cd ..
/flash.myMixer
>> cd In1
/flash.myMixer.In1
>> T = 200.15 K
>> P = 700.325
>> MoleFlow = 10
>> Fraction = 0 0 .5 .5
>> cd /flash
/flash
>> # The vapour and liq outlet ports should now be known
>> Vap
Port: /flash.myFlash.Vap + sim21.old.solver.Ports.Port_Material
Connected to: None
VapFrac            = 1.0 = 
T                  = 57.057847121518535 = C
P                  = 700.325 = kPa
MoleFlow           = 7.500811044413727 = kgmole/h
MassFlow           = 406.96996899316133 = kg/h
VolumeFlow         = 25.362143027562418 = m3/hr
StdLiqVolumeFlow   = 0.6993931452954292 = m3/hr
H                  = -120461.31940572003 = kJ/kmol
Energy             = -250988.2208397429 = W
MolecularWeight    = 54.256795242996375 = 
ZFactor            = 0.8624933940225098 = 
PROPANE            = 0.38840985668900324 = 
N-BUTANE           = 0.22907743482807397 = 
ISOBUTANE          = 0.2696799887013932 = 
N-PENTANE          = 0.11283271978152971 = 

>> Liq0
Port: /flash.myFlash.Liq0 + sim21.old.solver.Ports.Port_Material
Connected to: None
VapFrac            = 0.0 = 
T                  = 57.057847121518535 = C
P                  = 700.325 = kPa
MoleFlow           = 12.499188955586273 = kgmole/h
MassFlow           = 755.4740310068387 = kg/h
VolumeFlow         = 1.3589370148651434 = m3/hr
StdLiqVolumeFlow   = 1.2752568547045708 = m3/hr
H                  = -148564.05500479642 = kJ/kmol
Energy             = -515813.9431980731 = W
MolecularWeight    = 60.44184416215214 = 
ZFactor            = 0.027732916867508284 = 
PROPANE            = 0.16693971621697914 = 
N-BUTANE           = 0.26255571129268424 = 
ISOBUTANE          = 0.238189963594448 = 
N-PENTANE          = 0.3323146088958886 = 

>> # As well as the inlets
>> In1
Port: /flash.myMixer.In1 + sim21.old.solver.Ports.Port_Material
Connected to: None
VapFrac            = 0.0 = 
T                  = -72.99999999999997 * C
P                  = 700.325 * kPa
MoleFlow           = 10.0 * kgmole/h
MassFlow           = 651.3549 = kg/h
VolumeFlow         = 0.9185528252092452 = m3/hr
StdLiqVolumeFlow   = 1.0979 = m3/hr
H                  = -177166.20462072428 = kJ/kmol
Energy             = -492128.34616867854 = W
MolecularWeight    = 65.13549 = 
ZFactor            = 0.038655739660049704 = 
PROPANE            = 0.0 * 
N-BUTANE           = 0.0 * 
ISOBUTANE          = 0.5 * 
N-PENTANE          = 0.5 * 

>> In0
Port: /flash.myMixer.In0 + sim21.old.solver.Ports.Port_Material
Connected to: None
VapFrac            = 1.0 = 
T                  = 187.0 * C
P                  = 700.325 * kPa
MoleFlow           = 10.0 * kgmole/h
MassFlow           = 511.0891 = kg/h
VolumeFlow         = 52.28164346980193 = m3/hr
StdLiqVolumeFlow   = 0.87675 = m3/hr
H                  = -98882.34021311281 = kJ/kmol
Energy             = -274673.1672586467 = W
MolecularWeight    = 51.108909999999995 = 
ZFactor            = 0.9570072980022583 = 
PROPANE            = 0.5 * 
N-BUTANE           = 0.5 * 
ISOBUTANE          = 0.0 * 
N-PENTANE          = 0.0 * 

>> 
>> #Test copy and paste
>> copy /flash
Copied /flash to the clipboard
>> paste /
Pasting /flash
Pasted /flash as /flashClone
>> /flashClone.In0
Port: /flashClone.myMixer.In0 + sim21.old.solver.Ports.Port_Material
Connected to: None
VapFrac            = None
T                  = 187.0 * C
P                  = 700.325 * kPa
MoleFlow           = 10.0 * kgmole/h
MassFlow           = None
VolumeFlow         = None
StdLiqVolumeFlow   = None
H                  = None
Energy             = None
MolecularWeight    = None
ZFactor            = None
PROPANE            = 0.5 * 
N-BUTANE           = 0.5 * 
ISOBUTANE          = 0.0 * 
N-PENTANE          = 0.0 * 

>> /flashClone.Vap
Port: /flashClone.myFlash.Vap + sim21.old.solver.Ports.Port_Material
Connected to: None
VapFrac            = None
T                  = None
P                  = None
MoleFlow           = None
MassFlow           = None
VolumeFlow         = None
StdLiqVolumeFlow   = None
H                  = None
Energy             = None
MolecularWeight    = None
ZFactor            = None
PROPANE            = None
N-BUTANE           = None
ISOBUTANE          = None
N-PENTANE          = None

