>> # tests multivariable balance solution
>> units SI
>> $thermo = Sim21Thermo.Peng-Robinson
pkgName: Peng-Robinson
>> / -> $thermo
Thermo case attached to a unit operation. / to /thermo
>> thermo + PROPANE n-BUTANE
PROPANE n-BUTANE 
>> balance = Balance.BalanceOp()
>> balance
Operation: balance = sim21.old.unitop.Balance.BalanceOp
Parameter: Ignored = None
Parameter: NumberStreamsInMat = 0
Parameter: NumberStreamsOutMat = 0
Parameter: NumberStreamsInEne = 0
Parameter: NumberStreamsOutEne = 0
Parameter: BalanceType = 6
>> 
>> # set number of balance streams
>> balance.NumberStreamsInMat = 2
>> balance.NumberStreamsOutMat = 2
>> 
>> # make it a mole balance (not that it matters in this case)
>> balance.BalanceType = 2
>> 
>> # set compositions
>> cd balance
/balance
>> In0.Fraction
PROPANE                     = None
N-BUTANE                    = None

>> In0.Fraction = .3 .7
>> In1.Fraction = .4 .6
>> Out0.Fraction = .6 .4
>> Out1.Fraction = .8 .2
>> 
>> # give two flows - other two should be calculated
>> In0.MoleFlow = 1000
>> Out0.MoleFlow = 1500
>> 
>> # and they are
>> In1.MoleFlow
/balance.In1.MoleFlow= -500.00000000000017 = kgmole/h
>> Out1.MoleFlow
/balance.Out1.MoleFlow= -1000.0000000000001 = kgmole/h
>> 
>> #now test copy and paste
>> copy /balance
Copied /balance to the clipboard
>> paste /
Pasting /balance
Pasted /balance as /balanceClone
>> 
>> cd /balanceClone
/balanceClone
>> In1.MoleFlow
/balanceClone.In1.MoleFlow= -500.00000000000017 = kgmole/h
>> Out1.MoleFlow
/balanceClone.Out1.MoleFlow= -1000.0000000000001 = kgmole/h
>> 
>> cut /balance
Copied /balance to the clipboard
>> /
Operation: / = sim21.old.solver.Flowsheet.Flowsheet
Thermo: PENG-ROBINSON
Child: balanceClone = sim21.old.unitop.Balance.BalanceOp
Parameter: Ignored = None
Parameter: MaxError = 0.0001
Parameter: MaxNumIterations = 20
Parameter: MaxControllerIter = 20
Parameter: MaxRecycleStep = 0.05
>> paste /
Pasting /balance
Pasted /balance as /balance
