>> # Nitrogen Rejection Unit (from old Hysim manual)
>> units Field
>> $thermo = Sim21Thermo.Peng-Robinson
pkgName: Peng-Robinson
>> / -> $thermo
Thermo case attached to a unit operation. / to /thermo
>> thermo + Nitrogen Methane Ethane PROPANE
Nitrogen Methane Ethane PROPANE 
>> thermo + ISOBUTANE n-BUTANE ISOPENTANE n-PENTANE
ISOBUTANE n-BUTANE ISOPENTANE n-PENTANE 
>> 
>> hp_feed = Stream.Stream_Material()
>> hp_ovhd = Stream.Stream_Material()
>> hp_btms = Stream.Stream_Material()
>> 
>> cd hp_feed.In
/hp_feed.In
>> T = -215
>> P = 380
>> MoleFlow = 1000
>> Fraction = .5454 .4153 .0347 .0036 .0004 .0003 .0002 .0001
>> cd /
/
>> 
>> hp_column = Tower.Tower()
>> hp_column.Stage_0 + 8  # ten stages`
>> 
>> cd hp_column.Stage_0
/hp_column.Stage_0
>> 
>> l = Tower.LiquidDraw()
>> l.Port.P = 370
>> 
>> l.Port -> /hp_ovhd.In
>> /hp_ovhd.In.Fraction.NITROGEN = .99
>> 
>> l.estF = Tower.Estimate('MoleFlow')
>> l.estF.Value = 200
>> 
>> cond = Tower.EnergyFeed(0)
>> 
>> estReflux = Tower.Estimate('Reflux')
>> estReflux.Value = 3
>> 
>> estT = Tower.Estimate('T')
>> estT.Value = -250
>> 
>> cd ../Stage_9
/hp_column.Stage_9
>> f = Tower.Feed()
>> f.Port -> /hp_feed.Out
>> 
>> l = Tower.LiquidDraw()
>> l.Port.P = 377
>> l.Port -> /hp_btms.In
>> 
>> estT = Tower.Estimate('T')
>> estT.Value = -230
>> 
>> cd ..
/hp_column
>> 
>> TryToSolve = 1  # start calculation
Calculating Jacobian for /hp_column
Calculating disturbance 10 of 10 in jacobian of /hp_column
/hp_column Inner Error 0.039983
/hp_column Inner Error 0.032712
/hp_column Inner Error 0.009385
/hp_column Inner Error 0.005678
/hp_column Inner Error 0.003157
/hp_column Inner Error 0.001609
/hp_column Inner Error 0.000547
/hp_column Inner Error 0.000359
/hp_column Inner Error 0.000174
/hp_column Inner Error 0.000110
/hp_column Inner Error 0.000049
/hp_column Inner Error 0.000017
/hp_column Inner Error 0.000009
Inner loop converged
/hp_column Iteration 1 Outer Error 0.205653
/hp_column Inner Error 0.047332
/hp_column Inner Error 0.046576
/hp_column Inner Error 0.021243
/hp_column Inner Error 0.013706
/hp_column Inner Error 0.009577
/hp_column Inner Error 0.006217
/hp_column Inner Error 0.001036
/hp_column Inner Error 0.000627
/hp_column Inner Error 0.000095
/hp_column Inner Error 0.000037
/hp_column Inner Error 0.000005
Inner loop converged
/hp_column Iteration 2 Outer Error 0.335368
/hp_column Inner Error 0.016669
/hp_column Inner Error 0.010283
/hp_column Inner Error 0.002316
/hp_column Inner Error 0.000329
/hp_column Inner Error 0.000031
/hp_column Inner Error 0.000012
/hp_column Inner Error 0.000002
Inner loop converged
/hp_column Iteration 3 Outer Error 0.025646
/hp_column Inner Error 0.003724
/hp_column Inner Error 0.001483
/hp_column Inner Error 0.000480
/hp_column Inner Error 0.000093
/hp_column Inner Error 0.000016
/hp_column Inner Error 0.000004
Inner loop converged
/hp_column Iteration 4 Outer Error 0.009108
/hp_column Inner Error 0.001293
/hp_column Inner Error 0.000337
/hp_column Inner Error 0.000121
/hp_column Inner Error 0.000015
/hp_column Inner Error 0.000001
Inner loop converged
/hp_column Iteration 5 Outer Error 0.000956
/hp_column Inner Error 0.000161
/hp_column Inner Error 0.000015
/hp_column Inner Error 0.000002
Inner loop converged
/hp_column Iteration 6 Outer Error 0.000592
/hp_column Inner Error 0.000043
/hp_column Inner Error 0.000005
Inner loop converged
/hp_column Iteration 7 Outer Error 0.000234
/hp_column Inner Error 0.000018
/hp_column Inner Error 0.000003
Inner loop converged
/hp_column Iteration 8 Outer Error 0.000088
/hp_column Inner Error 0.000002
Inner loop converged
>> 
>> cd /
/
>> hp_ovhd.Out
Port: /hp_ovhd.Out + sim21.old.solver.Ports.Port_Material
Connected to: None
VapFrac            = 0.0 = 
T                  = -242.73815248407885 = F
P                  = 370.0 = psia
MoleFlow           = 75.42342076888859 = lbmole/h
MassFlow           = 2103.8373863489896 = lb/h
VolumeFlow         = 0.018264220214504683 = ft3/s
StdLiqVolumeFlow   = 0.011694800309534467 = ft3/s
H                  = -4183.655913634543 = Btu/lbmol
Energy             = -315492.5778609748 = Btu/hr
MolecularWeight    = 27.89368766415248 = 
ZFactor            = 0.1385509486654283 = 
NITROGEN           = 0.99 = 
METHANE            = 0.01000022153353529 = 
ETHANE             = 5.840636912034059e-10 = 
PROPANE            = 2.686229834904208e-09 = 
ISOBUTANE          = 5.626179771553011e-09 = 
N-BUTANE           = 2.085730988165289e-09 = 
ISOPENTANE         = 1.1764222519311724e-10 = 
N-PENTANE          = 2.823230517211723e-11 = 

>> hp_btms.Out
Port: /hp_btms.Out + sim21.old.solver.Ports.Port_Material
Connected to: None
VapFrac            = 0.0 = 
T                  = -215.4873642792639 = F
P                  = 377.0 = psia
MoleFlow           = 924.5765792311117 = lbmole/h
MassFlow           = 21101.574707751734 = lb/h
VolumeFlow         = 0.17362653735565653 = ft3/s
StdLiqVolumeFlow   = 0.14733013985781268 = ft3/s
H                  = -20767.366604208342 = Btu/lbmol
Energy             = -19197791.912012674 = Btu/hr
MolecularWeight    = 22.82296045753186 = 
ZFactor            = 0.09726038078650462 = 
NITROGEN           = 0.5091312516031936 = 
METHANE            = 0.4483628056296159 = 
ETHANE             = 0.03753069322262612 = 
PROPANE            = 0.003893674010636477 = 
ISOBUTANE          = 0.0004326300110120895 = 
N-BUTANE           = 0.0003244726823347801 = 
ISOPENTANE         = 0.0002163152253903546 = 
N-PENTANE          = 0.00010815761519049521 = 

>> 
>> # now add exchanger for overheads
>> e1 = Heater.HeatExchanger()
>> e1.DeltaPC = 0.5
>> e1.DeltaPH = 0.5
>> hp_ovhd.Out -> e1.InH
>> e1.OutH.T = -270
>> 
>> # valve
>> v1 = Valve.Valve()
>> e1.OutH -> v1.In
>> v1.Out.P = 29.3919
>> 
>> e2 = Heater.HeatExchanger()
>> e2.DeltaPH = .5
>> e2.DeltaPC = .5
>> hp_btms.Out -> e2.InH
>> e2.OutH.T = -230
>> 
>> # another valve
>> v2 = Valve.Valve()
>> e2.OutH -> /v2.In
>> v2.Out.P = 29.3919
>> 
>> lp_column = Tower.Tower()
>> lp_column.Stage_0 + 4  # six stages
>> 
>> cd lp_column.Stage_0
/lp_column.Stage_0
>> f = Tower.Feed()
>> f.Port -> /v1.Out
>> 
>> v = Tower.VapourDraw()
>> v.Port -> /e1.InC
>> v.Port.P = 29.392
>> 
>> cd ../Stage_3
/lp_column.Stage_3
>> f = Tower.Feed()
>> f.Port -> /v2.Out
>> 
>> cd ../Stage_5
/lp_column.Stage_5
>> reb = Tower.EnergyFeed(1)
>> reb.Port -> /hp_column.Stage_0.cond.Port
>> 
>> l = Tower.LiquidDraw()
>> l.Port -> /e2.InC
>> l.Port.P = 36.74
>> 
>> cd ..
/lp_column
>> TryToSolve = 1
Calculating Jacobian for /lp_column
/lp_column Inner Error 0.002929
/lp_column Inner Error 0.000970
/lp_column Inner Error 0.000076
/lp_column Inner Error 0.000017
/lp_column Inner Error 0.000001
Inner loop converged
/lp_column Iteration 1 Outer Error 0.033530
/lp_column Inner Error 0.007951
/lp_column Inner Error 0.003227
/lp_column Inner Error 0.000828
/lp_column Inner Error 0.000353
/lp_column Inner Error 0.000025
/lp_column Inner Error 0.000008
Inner loop converged
/lp_column Iteration 2 Outer Error 0.112317
/lp_column Inner Error 0.002817
/lp_column Inner Error 0.001387
/lp_column Inner Error 0.000641
/lp_column Inner Error 0.000196
/lp_column Inner Error 0.000008
Inner loop converged
/lp_column Iteration 3 Outer Error 0.074753
/lp_column Inner Error 0.004464
/lp_column Inner Error 0.001356
/lp_column Inner Error 0.000021
/lp_column Inner Error 0.000010
Inner loop converged
/lp_column Iteration 4 Outer Error 0.019535
/lp_column Inner Error 0.002490
/lp_column Inner Error 0.000743
/lp_column Inner Error 0.000002
Inner loop converged
/lp_column Iteration 5 Outer Error 0.005911
/lp_column Inner Error 0.000497
/lp_column Inner Error 0.000104
/lp_column Inner Error 0.000001
Inner loop converged
/lp_column Iteration 6 Outer Error 0.002625
/lp_column Inner Error 0.000088
/lp_column Inner Error 0.000009
Inner loop converged
/lp_column Iteration 7 Outer Error 0.001015
/lp_column Inner Error 0.000011
/lp_column Inner Error 0.000001
Inner loop converged
/lp_column Iteration 8 Outer Error 0.000394
/lp_column Inner Error 0.000002
Inner loop converged
/lp_column Iteration 9 Outer Error 0.000167
/lp_column Inner Error 0.000001
Inner loop converged
/lp_column Iteration 10 Outer Error 0.000070
/lp_column Inner Error 0.000001
Inner loop converged
>> 
>> copy /
Copied / to the clipboard
>> paste /
Pasting /
Pasted / as /RootClone
/RootClone.hp_column Inner Error 0.000000
Inner loop converged
/RootClone.hp_column Iteration 1 Outer Error 0.000031
/RootClone.hp_column Inner Error 0.000001
Inner loop converged
/RootClone.lp_column Inner Error 0.000003
Inner loop converged
/RootClone.lp_column Iteration 1 Outer Error 0.000089
/RootClone.lp_column Inner Error 0.000001
Inner loop converged
>> 
>> /e1.OutC
Port: /e1.ColdSide.Out + sim21.old.solver.Ports.Port_Material
Connected to: None
VapFrac            = 1.0 = 
T                  = -286.47359803464605 = F
P                  = 28.892 = psia
MoleFlow           = 429.99334365803975 = lbmole/h
MassFlow           = 11929.328691678382 = lb/h
VolumeFlow         = 7.317060594440672 = ft3/s
StdLiqVolumeFlow   = 0.06668959420750675 = ft3/s
H                  = -3303.2306049332838 = Btu/lbmol
Energy             = -1420128.32234762 = Btu/hr
MolecularWeight    = 27.74305409594366 = 
ZFactor            = 0.9522475527814945 = 
NITROGEN           = 0.9774164923925953 = 
METHANE            = 0.022583502028549956 = 
ETHANE             = 2.748379722022515e-09 = 
PROPANE            = 1.4509879605073374e-09 = 
ISOBUTANE          = 9.879615342570062e-10 = 
N-BUTANE           = 3.659487644149462e-10 = 
ISOPENTANE         = 2.0627021775215663e-11 = 
N-PENTANE          = 4.949825078058311e-12 = 

>> /RootClone.e1.OutC
Port: /RootClone.e1.ColdSide.Out + sim21.old.solver.Ports.Port_Material
Connected to: None
VapFrac            = 1.0 = 
T                  = -286.4743850304015 = F
P                  = 28.892 = psia
MoleFlow           = 429.9769798680482 = lbmole/h
MassFlow           = 11928.773453128402 = lb/h
VolumeFlow         = 7.3167382883443155 = ft3/s
StdLiqVolumeFlow   = 0.06668708262003745 = ft3/s
H                  = -3303.874833058343 = Btu/lbmol
Energy             = -1420351.234747793 = Btu/hr
MolecularWeight    = 27.742818601859582 = 
ZFactor            = 0.9522461730274733 = 
NITROGEN           = 0.9773968202469002 = 
METHANE            = 0.02260317417372799 = 
ETHANE             = 2.7496148651444514e-09 = 
PROPANE            = 1.450697028826218e-09 = 
ISOBUTANE          = 9.876489977600051e-10 = 
N-BUTANE           = 3.658407121614325e-10 = 
ISOPENTANE         = 2.0621620193636193e-11 = 
N-PENTANE          = 4.948610414120623e-12 = 

>> /e2.OutC
Port: /e2.ColdSide.Out + sim21.old.solver.Ports.Port_Material
Connected to: None
VapFrac            = 0.1168662612772513 = 
T                  = -269.4909143817138 = F
P                  = 36.24 = psia
MoleFlow           = 570.0066563419606 = lbmole/h
MassFlow           = 11276.083402422348 = lb/h
VolumeFlow         = 1.0609168077969782 = ft3/s
StdLiqVolumeFlow   = 0.09233534595984035 = ft3/s
H                  = -31420.99283444678 = Btu/lbmol
Energy             = -17907163.271847628 = Btu/hr
MolecularWeight    = 19.782371445953007 = 
ZFactor            = 0.1189770053151356 = 
NITROGEN           = 0.2195016726085734 = 
METHANE            = 0.7115517683225577 = 
ETHANE             = 0.060876480006222346 = 
PROPANE            = 0.0063157146254886245 = 
ISOBUTANE          = 0.0007017454458339671 = 
N-BUTANE           = 0.0005263093672794826 = 
ISOPENTANE         = 0.0003508730799987907 = 
N-PENTANE          = 0.00017543654404557574 = 

>> /RootClone.e2.OutC
Port: /RootClone.e2.ColdSide.Out + sim21.old.solver.Ports.Port_Material
Connected to: None
VapFrac            = 0.11687358856630314 = 
T                  = -269.49521677868574 = F
P                  = 36.24 = psia
MoleFlow           = 570.0230201319515 = lbmole/h
MassFlow           = 11276.638638715873 = lb/h
VolumeFlow         = 1.0609844258072527 = ft3/s
StdLiqVolumeFlow   = 0.09233785754789674 = ft3/s
H                  = -31419.77549917439 = Btu/lbmol
Energy             = -17906983.559472892 = Btu/hr
MolecularWeight    = 19.782777608008722 = 
ZFactor            = 0.1189838644057166 = 
NITROGEN           = 0.21953826892048553 = 
METHANE            = 0.7115171512765774 = 
ETHANE             = 0.06087473240939706 = 
PROPANE            = 0.006315533318988296 = 
ISOBUTANE          = 0.0007017253009204441 = 
N-BUTANE           = 0.0005262942584800747 = 
ISOPENTANE         = 0.00035086300740429954 = 
N-PENTANE          = 0.00017543150774693804 = 

