>> # Seader example problem, 10_4 (from 2nd Ed.)
>> #
>> units Field
>> $thermo = Sim21Thermo.Peng-Robinson
pkgName: Peng-Robinson
>> / -> $thermo
Thermo case attached to a unit operation. / to /thermo
>> thermo + METHANE ETHANE PROPANE N-BUTANE N-PENTANE N-DODECANE
METHANE ETHANE PROPANE N-BUTANE N-PENTANE N-DODECANE 
>> 
>> col = Tower.Tower()
>> col.Stage_0
Stage_0
>> col.Stage_0 + 4  # six stage
>> 
>> 
>> cd col.Stage_0
/col.Stage_0
>> 
>> f = Tower.Feed()
>> f.Port.T = 90
>> f.Port.P = 400
>> f.Port.MoleFlow = 565.0
>> f.Port.Fraction = 0 0 0 0.0 0.0 1
>> 
>> v = Tower.VapourDraw()
>> v.Port.P = 400
>> 
>> estT = Tower.Estimate('T')
>> estT.Value = 100
>> 
>> cd /
/
>> 
>> 
>> cd col.Stage_5
/col.Stage_5
>> 
>> f = Tower.Feed()
>> f.Port.T = 105
>> f.Port.P = 400
>> f.Port.MoleFlow = 800
>> f.Port.Fraction = 160 370 240 25 5 0
>> 
>> l = Tower.LiquidDraw()
>> l.Port.P = 400
>> 
>> estT = Tower.Estimate('T')
>> estT.Value = 100
>> 
>> 
>> cd ..
/col
>> 
>> DampingFactor = 0.9
>> TryToSolve = 1  # start calculation - turned off by default
Calculating Jacobian for /col
/col Inner Error 0.011714
/col Inner Error 0.004091
/col Inner Error 0.000579
/col Inner Error 0.000091
/col Inner Error 0.000010
Inner loop converged
/col Iteration 1 Outer Error 0.113658
/col Inner Error 0.001304
/col Inner Error 0.000374
/col Inner Error 0.000024
/col Inner Error 0.000004
Inner loop converged
/col Iteration 2 Outer Error 0.019978
/col Inner Error 0.002160
/col Inner Error 0.000238
/col Inner Error 0.000023
/col Inner Error 0.000000
Inner loop converged
/col Iteration 3 Outer Error 0.013306
/col Inner Error 0.000053
/col Inner Error 0.000006
Inner loop converged
/col Iteration 4 Outer Error 0.004422
/col Inner Error 0.000004
Inner loop converged
/col Iteration 5 Outer Error 0.000776
/col Inner Error 0.000002
Inner loop converged
/col Iteration 6 Outer Error 0.000082
/col Inner Error 0.000002
Inner loop converged
>> 
>> 
>> /overhead = Stream.Stream_Material()
>> /overhead.In -> Stage_0.v.Port
>> 
>> /bottoms = Stream.Stream_Material()
>> /bottoms.In -> Stage_5.l.Port
>> 
>> cd /
/
>> 
>> overhead.Out
Port: /overhead.Out + sim21.old.solver.Ports.Port_Material
Connected to: None
VapFrac            = 1.0 = 
T                  = 104.50815321009158 = F
P                  = 400.0 = psia
MoleFlow           = 161.41252208757487 = lbmole/h
MassFlow           = 3202.147819638327 = lb/h
VolumeFlow         = 0.6237052275753536 = ft3/s
StdLiqVolumeFlow   = 0.027608225475742893 = ft3/s
H                  = -33169.80996576273 = Btu/lbmol
Energy             = -5353122.346017192 = Btu/hr
MolecularWeight    = 19.838286106939833 = 
ZFactor            = 0.9190137786391511 = 
METHANE            = 0.7314985709477018 = 
ETHANE             = 0.2672319325982418 = 
PROPANE            = 0.0011751489562647156 = 
N-BUTANE           = 4.2190622615970543e-07 = 
N-PENTANE          = 2.1657981702409834e-09 = 
N-DODECANE         = 9.392342576753878e-05 = 

>> bottoms.Out
Port: /bottoms.Out + sim21.old.solver.Ports.Port_Material
Connected to: None
VapFrac            = 5.627665665337561e-06 = 
T                  = 139.3919943448592 = F
P                  = 400.0 = psia
MoleFlow           = 1203.5874779124247 = lbmole/h
MassFlow           = 119126.10028036167 = lb/h
VolumeFlow         = 0.8832762777729017 = ft3/s
StdLiqVolumeFlow   = 0.7420490218288558 = ft3/s
H                  = -91380.70751156105 = Btu/lbmol
Energy             = -109966180.15248671 = Btu/hr
MolecularWeight    = 98.97585548744756 = 
ZFactor            = 0.16437783768163702 = 
METHANE            = 0.03483500080326136 = 
ETHANE             = 0.2715759558614851 = 
PROPANE            = 0.19924627054037009 = 
N-BUTANE           = 0.020771179791944448 = 
N-PENTANE          = 0.0041542469842618815 = 
N-DODECANE         = 0.4694173460186772 = 

>> 
>> cd col.Stage_0
/col.Stage_0
>> f.Port.MoleFlow = 500.0
Step size too small - Exiting inner loop
/col Iteration 1 Outer Error 0.088374
Calculating Jacobian for /col
/col Inner Error 0.001978
/col Inner Error 0.000435
/col Inner Error 0.000020
/col Inner Error 0.000006
Inner loop converged
/col Iteration 2 Outer Error 0.021449
/col Inner Error 0.000997
/col Inner Error 0.000090
/col Inner Error 0.000008
Inner loop converged
/col Iteration 3 Outer Error 0.015746
/col Inner Error 0.000039
/col Inner Error 0.000002
Inner loop converged
/col Iteration 4 Outer Error 0.002616
/col Inner Error 0.000005
Inner loop converged
/col Iteration 5 Outer Error 0.000785
/col Inner Error 0.000001
Inner loop converged
/col Iteration 6 Outer Error 0.000186
/col Inner Error 0.000000
Inner loop converged
/col Iteration 7 Outer Error 0.000042
/col Inner Error 0.000000
Inner loop converged
>> 
>> cd /
/
>> 
>> overhead.Out
Port: /overhead.Out + sim21.old.solver.Ports.Port_Material
Connected to: None
VapFrac            = 1.0 = 
T                  = 110.14206727422811 = F
P                  = 400.0 = psia
MoleFlow           = 205.83775224721643 = lbmole/h
MassFlow           = 4475.037855128201 = lb/h
VolumeFlow         = 0.7892532681522321 = ft3/s
StdLiqVolumeFlow   = 0.03656575282510524 = ft3/s
H                  = -33706.28135187272 = Btu/lbmol
Energy             = -6936858.484939688 = Btu/hr
MolecularWeight    = 21.740606940769645 = 
ZFactor            = 0.9029336586556199 = 
METHANE            = 0.5984969785388645 = 
ETHANE             = 0.39784177521377195 = 
PROPANE            = 0.003540429684419994 = 
N-BUTANE           = 1.52994018559035e-06 = 
N-PENTANE          = 1.2790430160194222e-08 = 
N-DODECANE         = 0.000119273832327739 = 

>> bottoms.Out
Port: /bottoms.Out + sim21.old.solver.Ports.Port_Material
Connected to: None
VapFrac            = 7.583011941637917e-07 = 
T                  = 141.41515877546544 = F
P                  = 400.0 = psia
MoleFlow           = 1094.1622477527833 = lbmole/h
MassFlow           = 106781.44824487175 = lb/h
VolumeFlow         = 0.7947823516227835 = ft3/s
StdLiqVolumeFlow   = 0.666977748651114 = ft3/s
H                  = -90238.11757206843 = Btu/lbmol
Energy             = -98718538.15708804 = Btu/hr
MolecularWeight    = 97.5919690742228 = 
ZFactor            = 0.16215360517778415 = 
METHANE            = 0.033639185857859896 = 
ETHANE             = 0.26331482724036614 = 
PROPANE            = 0.21867985886297092 = 
N-BUTANE           = 0.02284824314848742 = 
N-PENTANE          = 0.004569703787089822 = 
N-DODECANE         = 0.45694818110322594 = 

>> 
>> cd col.Stage_0
/col.Stage_0
>> f.Port.MoleFlow = 450.0
Step size too small - Exiting inner loop
/col Iteration 1 Outer Error 0.069555
Calculating Jacobian for /col
/col Inner Error 0.000712
/col Inner Error 0.000086
/col Inner Error 0.000006
Inner loop converged
/col Iteration 2 Outer Error 0.009763
/col Inner Error 0.000173
/col Inner Error 0.000013
/col Inner Error 0.000001
Inner loop converged
/col Iteration 3 Outer Error 0.007084
/col Inner Error 0.000022
/col Inner Error 0.000001
Inner loop converged
/col Iteration 4 Outer Error 0.001283
/col Inner Error 0.000005
Inner loop converged
/col Iteration 5 Outer Error 0.000395
/col Inner Error 0.000001
Inner loop converged
/col Iteration 6 Outer Error 0.000094
/col Inner Error 0.000000
Inner loop converged
>> 
>> cd /
/
>> 
>> overhead.Out
Port: /overhead.Out + sim21.old.solver.Ports.Port_Material
Connected to: None
VapFrac            = 1.0 = 
T                  = 113.68061766602304 = F
P                  = 400.0 = psia
MoleFlow           = 241.8011571869518 = lbmole/h
MassFlow           = 5522.513800984881 = lb/h
VolumeFlow         = 0.9229764707099359 = ft3/s
StdLiqVolumeFlow   = 0.04392862853428993 = ft3/s
H                  = -34024.99110083383 = Btu/lbmol
Energy             = -8225898.713584443 = Btu/hr
MolecularWeight    = 22.839070854564756 = 
ZFactor            = 0.8933221379100773 = 
METHANE            = 0.5244072935756511 = 
ETHANE             = 0.4678746569595448 = 
PROPANE            = 0.007576691750504239 = 
N-BUTANE           = 3.837592489776819e-06 = 
N-PENTANE          = 2.2513531093298895e-09 = 
N-DODECANE         = 0.0001375178704569462 = 

>> bottoms.Out
Port: /bottoms.Out + sim21.old.solver.Ports.Port_Material
Connected to: None
VapFrac            = 4.3135767183277434e-06 = 
T                  = 143.12731585529065 = F
P                  = 400.0 = psia
MoleFlow           = 1008.1988428130481 = lbmole/h
MassFlow           = 97217.2322990151 = lb/h
VolumeFlow         = 0.7260246257478911 = ft3/s
StdLiqVolumeFlow   = 0.608758145381638 = ft3/s
H                  = -89278.81343208745 = Btu/lbmol
Energy             = -89995660.085873 = Btu/hr
MolecularWeight    = 96.42664539046912 = 
ZFactor            = 0.16029868961401472 = 
METHANE            = 0.032927740209959686 = 
ETHANE             = 0.25477847783680235 = 
PROPANE            = 0.236231125303169 = 
N-BUTANE           = 0.024795775400756705 = 
N-PENTANE          = 0.004959338617835896 = 
N-DODECANE         = 0.44630754263147626 = 

>> 
>> cd col.Stage_0
/col.Stage_0
>> f.Port.MoleFlow = 370.0
Step size too small - Exiting inner loop
/col Iteration 1 Outer Error 0.123603
Calculating Jacobian for /col
/col Inner Error 0.001757
/col Inner Error 0.000305
/col Inner Error 0.000034
/col Inner Error 0.000003
Inner loop converged
/col Iteration 2 Outer Error 0.009306
/col Inner Error 0.000789
/col Inner Error 0.000033
/col Inner Error 0.000003
Inner loop converged
/col Iteration 3 Outer Error 0.008150
/col Inner Error 0.000016
/col Inner Error 0.000001
Inner loop converged
/col Iteration 4 Outer Error 0.001708
/col Inner Error 0.000005
Inner loop converged
/col Iteration 5 Outer Error 0.000595
/col Inner Error 0.000001
Inner loop converged
/col Iteration 6 Outer Error 0.000162
/col Inner Error 0.000000
Inner loop converged
/col Iteration 7 Outer Error 0.000040
/col Inner Error 0.000000
Inner loop converged
>> 
>> cd /
/
>> 
>> overhead.Out
Port: /overhead.Out + sim21.old.solver.Ports.Port_Material
Connected to: None
VapFrac            = 0.9999999930980392 = 
T                  = 119.68812015417753 = F
P                  = 400.0 = psia
MoleFlow           = 303.0298435754577 = lbmole/h
MassFlow           = 7370.191027850364 = lb/h
VolumeFlow         = 1.1526160090322493 = ft3/s
StdLiqVolumeFlow   = 0.057004932564050606 = ft3/s
H                  = -34498.7265335479 = Btu/lbmol
Energy             = -10452385.725922588 = Btu/hr
MolecularWeight    = 24.3216666408991 = 
ZFactor            = 0.8809439423030443 = 
METHANE            = 0.4369464709473021 = 
ETHANE             = 0.5374120288771174 = 
PROPANE            = 0.025451733090396337 = 
N-BUTANE           = 1.8940899233041553e-05 = 
N-PENTANE          = 1.3121073675665131e-08 = 
N-DODECANE         = 0.00017081306487769387 = 

>> bottoms.Out
Port: /bottoms.Out + sim21.old.solver.Ports.Port_Material
Connected to: None
VapFrac            = 7.027961481683795e-07 = 
T                  = 146.0686357485338 = F
P                  = 400.0 = psia
MoleFlow           = 866.9701564245419 = lbmole/h
MassFlow           = 81742.77107214961 = lb/h
VolumeFlow         = 0.6142866507745192 = ft3/s
StdLiqVolumeFlow   = 0.5143110772554104 = ft3/s
H                  = -87532.22353725106 = Btu/lbmol
Energy             = -75875064.16087346 = Btu/hr
MolecularWeight    = 94.28556504097405 = 
ZFactor            = 0.15695594834667423 = 
METHANE            = 0.03182598507402282 = 
ETHANE             = 0.23893338821268548 = 
PROPANE            = 0.26793005916243473 = 
N-BUTANE           = 0.02882943565825457 = 
N-PENTANE          = 0.005767206618211059 = 
N-DODECANE         = 0.4267139252743914 = 

