>> units SI
>> $thermo = Sim21Thermo.Peng-Robinson
pkgName: Peng-Robinson
>> / -> $thermo
Thermo case attached to a unit operation. / to /thermo
>> thermo + Methane Ethane Propane
Methane Ethane Propane 
>> 
>> Feed = Stream.Stream_Material()
>> Feed.In.T = 20
>> Feed.In.P = 3000
>> Feed.In.MoleFlow = 100
>> Feed.In.Fraction = 70 20 10
>> 
>> 
>> valve = Flowsheet.SubFlowsheet('read cv_valve.sop')
Error processing command:
<class 'TypeError'>
'module' object is not callable
  File "C:\Users\TheAdmin\Projects\sim21\sim21\old\cli\CommandInterface.py", line 3562, in run
    interface.ProcessCommandStream(inp, out, err)

  File "C:\Users\TheAdmin\Projects\sim21\sim21\old\cli\CommandInterface.py", line 284, in ProcessCommandStream
    cmdResult = self.ProcessCommandString(cmd)

  File "C:\Users\TheAdmin\Projects\sim21\sim21\old\cli\CommandInterface.py", line 379, in ProcessCommandString
    cmdResult = self.ProcessCommand(cmd)

  File "C:\Users\TheAdmin\Projects\sim21\sim21\old\cli\CommandInterface.py", line 354, in ProcessCommand
    return operators[operator](self, lhsObj, dequote(remaining))

  File "C:\Users\TheAdmin\Projects\sim21\sim21\old\cli\CommandInterface.py", line 1807, in Equal
    self.CreateObject(parentObj, createName, rhsDesc)

  File "C:\Users\TheAdmin\Projects\sim21\sim21\old\cli\CommandInterface.py", line 1730, in CreateObject
    parent.AddObject(newObj, name)

  File "C:\Users\TheAdmin\Projects\sim21\sim21\old\unitop\UnitOperations.py", line 198, in AddObject
    self.AddUnitOperation(obj, name)

  File "C:\Users\TheAdmin\Projects\sim21\sim21\old\unitop\UnitOperations.py", line 997, in AddUnitOperation
    cmdproc = CommandInterface(uOp)


>> Feed.Out -> valve.In
Port type mismatch connecting to valve.In
Error processing command:
<class 'sim21.old.cli.CommandInterface.CmdError'>
Port type mismatch connecting to valve.In
  File "C:\Users\TheAdmin\Projects\sim21\sim21\old\cli\CommandInterface.py", line 3562, in run
    interface.ProcessCommandStream(inp, out, err)

  File "C:\Users\TheAdmin\Projects\sim21\sim21\old\cli\CommandInterface.py", line 284, in ProcessCommandStream
    cmdResult = self.ProcessCommandString(cmd)

  File "C:\Users\TheAdmin\Projects\sim21\sim21\old\cli\CommandInterface.py", line 379, in ProcessCommandString
    cmdResult = self.ProcessCommand(cmd)

  File "C:\Users\TheAdmin\Projects\sim21\sim21\old\cli\CommandInterface.py", line 354, in ProcessCommand
    return operators[operator](self, lhsObj, dequote(remaining))

  File "C:\Users\TheAdmin\Projects\sim21\sim21\old\cli\CommandInterface.py", line 2089, in Connect
    raise CmdError('CMDConnectTypeMismatch', rhsDesc)


>> Outlet = Stream.Stream_Material()
>> valve.Out -> Outlet.In
Cannot connect to Out
Error processing command:
<class 'sim21.old.cli.CommandInterface.CmdError'>
Cannot connect to Out
  File "C:\Users\TheAdmin\Projects\sim21\sim21\old\cli\CommandInterface.py", line 3562, in run
    interface.ProcessCommandStream(inp, out, err)

  File "C:\Users\TheAdmin\Projects\sim21\sim21\old\cli\CommandInterface.py", line 284, in ProcessCommandStream
    cmdResult = self.ProcessCommandString(cmd)

  File "C:\Users\TheAdmin\Projects\sim21\sim21\old\cli\CommandInterface.py", line 379, in ProcessCommandString
    cmdResult = self.ProcessCommand(cmd)

  File "C:\Users\TheAdmin\Projects\sim21\sim21\old\cli\CommandInterface.py", line 354, in ProcessCommand
    return operators[operator](self, lhsObj, dequote(remaining))

  File "C:\Users\TheAdmin\Projects\sim21\sim21\old\cli\CommandInterface.py", line 2064, in Connect
    raise CmdError('CMDConnectNonPort', lhsObj.GetPath())


>> valve.Cv = 0.05
>> 
>> Outlet.Out
Port: /Outlet.Out + sim21.old.solver.Ports.Port_Material
Connected to: None
VapFrac            = None
T                  = None
P                  = None
MoleFlow           = None
MassFlow           = None
VolumeFlow         = None
StdLiqVolumeFlow is invalid
H                  = None
Energy             = None
MolecularWeight    = None
ZFactor            = None
METHANE            = None
ETHANE             = None
PROPANE            = None

>> Feed.In.MoleFlow = 200
>> Outlet.Out
Port: /Outlet.Out + sim21.old.solver.Ports.Port_Material
Connected to: None
VapFrac            = None
T                  = None
P                  = None
MoleFlow           = None
MassFlow           = None
VolumeFlow         = None
StdLiqVolumeFlow is invalid
H                  = None
Energy             = None
MolecularWeight    = None
ZFactor            = None
METHANE            = None
ETHANE             = None
PROPANE            = None

>> 
>> hx = Heater.HeatExchanger('read heatexdp.sop')
Error processing command:
<class 'TypeError'>
'module' object is not callable
  File "C:\Users\TheAdmin\Projects\sim21\sim21\old\cli\CommandInterface.py", line 3562, in run
    interface.ProcessCommandStream(inp, out, err)

  File "C:\Users\TheAdmin\Projects\sim21\sim21\old\cli\CommandInterface.py", line 284, in ProcessCommandStream
    cmdResult = self.ProcessCommandString(cmd)

  File "C:\Users\TheAdmin\Projects\sim21\sim21\old\cli\CommandInterface.py", line 379, in ProcessCommandString
    cmdResult = self.ProcessCommand(cmd)

  File "C:\Users\TheAdmin\Projects\sim21\sim21\old\cli\CommandInterface.py", line 354, in ProcessCommand
    return operators[operator](self, lhsObj, dequote(remaining))

  File "C:\Users\TheAdmin\Projects\sim21\sim21\old\cli\CommandInterface.py", line 1807, in Equal
    self.CreateObject(parentObj, createName, rhsDesc)

  File "C:\Users\TheAdmin\Projects\sim21\sim21\old\cli\CommandInterface.py", line 1730, in CreateObject
    parent.AddObject(newObj, name)

  File "C:\Users\TheAdmin\Projects\sim21\sim21\old\unitop\UnitOperations.py", line 198, in AddObject
    self.AddUnitOperation(obj, name)

  File "C:\Users\TheAdmin\Projects\sim21\sim21\old\unitop\UnitOperations.py", line 997, in AddUnitOperation
    cmdproc = CommandInterface(uOp)


>> 
>> hx.InC -> Outlet.Out
>> hx.InC.P
/hx.ColdSide.In.P= None
>> hx.OutC.P
/hx.ColdSide.Out.P= None
>> hx.CvC = .01
>> hx.OutC.P
/hx.ColdSide.Out.P= None
>> hx.CvC = None
>> hx.OutC.P = 800
>> hx.CvC
/hx.CvC = None 
>> 
>> copy /valve /Outlet /Feed /hx
Copied /valve /Outlet /Feed /hx to the clipboard
>> paste /
Pasting /valve /Outlet /Feed /hx
Pasted /valve /Outlet /Feed /hx as /valveClone /OutletClone /FeedClone /hxClone
>> 
>> OutletClone.Out
Port: /OutletClone.Out + sim21.old.solver.Ports.Port_Material
Connected to: /hxClone.ColdSide.In
VapFrac            = None
T                  = None
P                  = None
MoleFlow           = None
MassFlow           = None
VolumeFlow         = None
StdLiqVolumeFlow is invalid
H                  = None
Energy             = None
MolecularWeight    = None
ZFactor            = None
METHANE            = None
ETHANE             = None
PROPANE            = None

>> hxClone.CvC
/hxClone.CvC = None 
