>> # Seader example problem, 10_36 (from 2nd Ed.)
>> units Field
>> $thermo = Sim21Thermo.Peng-Robinson
pkgName: Peng-Robinson
>> / -> $thermo
Thermo case attached to a unit operation. / to /thermo
>> thermo + METHANE ETHANE PROPANE N-BUTANE N-PENTANE N-DODECANE
METHANE ETHANE PROPANE N-BUTANE N-PENTANE N-DODECANE 
>> 
>> col = Tower.Tower()
>> col.Stage_0
Stage_0
>> col.Stage_0 + 4  # 6 stage
>> 
>> 
>> cd col.Stage_0
/col.Stage_0
>> 
>> f = Tower.Feed()
>> f.Port.T = 90
>> f.Port.P = 75
>> f.Port.MoleFlow = 1000
>> f.Port.Fraction = 0 0 0 0 0 1
>> 
>> v = Tower.VapourDraw()
>> v.Port.P = 75
>> 
>> cd /
/
>> 
>> 
>> cd col.Stage_5
/col.Stage_5
>> 
>> f = Tower.Feed()
>> f.Port.T = 60
>> f.Port.P = 75
>> f.Port.MoleFlow = 2000
>> f.Port.Fraction = 0.83 0.084 0.048 0.026 0.012 0
>> 
>> l = Tower.LiquidDraw()
>> l.Port.P = 75
>> 
>> cd ..
/col
>> 
>> # DampingFactor = 0.25
>> TryToSolve = 1  # start calculation - turned off by default
Calculating Jacobian for /col
/col Inner Error 0.047001
/col Inner Error 0.033392
/col Inner Error 0.017883
/col Inner Error 0.010557
/col Inner Error 0.009611
/col Inner Error 0.007802
/col Inner Error 0.006719
/col Inner Error 0.006110
/col Inner Error 0.005510
/col Inner Error 0.003883
/col Inner Error 0.002282
/col Inner Error 0.001448
/col Inner Error 0.001176
/col Inner Error 0.000764
/col Inner Error 0.000185
/col Inner Error 0.000031
/col Inner Error 0.000009
Inner loop converged
/col Iteration 1 Outer Error 0.010785
/col Inner Error 0.001406
/col Inner Error 0.000465
/col Inner Error 0.000061
/col Inner Error 0.000007
Inner loop converged
/col Iteration 2 Outer Error 0.000660
/col Inner Error 0.000156
/col Inner Error 0.000015
/col Inner Error 0.000003
Inner loop converged
/col Iteration 3 Outer Error 0.000053
/col Inner Error 0.000012
/col Inner Error 0.000002
Inner loop converged
>> 
>> 
>> /overhead = Stream.Stream_Material()
>> /overhead.In -> Stage_0.v.Port
>> 
>> /bottoms = Stream.Stream_Material()
>> /bottoms.In -> Stage_5.l.Port
>> 
>> cd ..
/
>> 
>> /overhead.Out
Port: /overhead.Out + sim21.old.solver.Ports.Port_Material
Connected to: None
VapFrac            = 1.0 = 
T                  = 94.32148555821945 = F
P                  = 75.0 = psia
MoleFlow           = 1867.5948998416616 = lbmole/h
MassFlow           = 34577.90572850017 = lb/h
VolumeFlow         = 40.55030484233487 = ft3/s
StdLiqVolumeFlow   = 0.3182046396285059 = ft3/s
H                  = -32886.45170544319 = Btu/lbmol
Energy             = -61408241.27190351 = Btu/hr
MolecularWeight    = 18.514671319477127 = 
ZFactor            = 0.9860654764234776 = 
METHANE            = 0.8741438468962192 = 
ETHANE             = 0.08245885415165442 = 
PROPANE            = 0.03737665829898368 = 
N-BUTANE           = 0.00587961905662591 = 
N-PENTANE          = 2.1481304926230546e-05 = 
N-DODECANE         = 0.00011954029159080526 = 

>> /bottoms.Out
Port: /bottoms.Out + sim21.old.solver.Ports.Port_Material
Connected to: None
VapFrac            = 0.0 = 
T                  = 92.81151674123576 = F
P                  = 75.0 = psia
MoleFlow           = 1132.405100158338 = lbmole/h
MassFlow           = 176426.08123149982 = lb/h
VolumeFlow         = 1.1965120728557979 = ft3/s
StdLiqVolumeFlow   = 1.0634740672493999 = ft3/s
H                  = -137626.30651312813 = Btu/lbmol
Energy             = -155822523.73541236 = Btu/hr
MolecularWeight    = 155.79767453081155 = 
ZFactor            = 0.04811659811417101 = 
METHANE            = 0.024243452987638768 = 
ETHANE             = 0.012363300498757184 = 
PROPANE            = 0.02313266125702788 = 
N-BUTANE           = 0.036223126715958884 = 
N-PENTANE          = 0.021158401371671364 = 
N-DODECANE         = 0.882879057168946 = 

