>> # Seader example problem, 10_37 (from 2nd Ed.)
>> # Sucessfully solves
>> units Field
>> $thermo = Sim21Thermo.Peng-Robinson
pkgName: Peng-Robinson
>> / -> $thermo
Thermo case attached to a unit operation. / to /thermo
>> thermo + METHANE ETHANE PROPANE N-BUTANE N-PENTANE N-DECANE
METHANE ETHANE PROPANE N-BUTANE N-PENTANE N-DECANE 
>> 
>> col = Tower.Tower()
>> col.Stage_0
Stage_0
>> col.Stage_0 + 2  # four stage
>> 
>> 
>> cd col.Stage_0
/col.Stage_0
>> 
>> f = Tower.Feed()
>> f.Port.T = 90
>> f.Port.P = 75
>> f.Port.MoleFlow = 1000
>> f.Port.Fraction = 0 0 0 0 0 1
>> 
>> v = Tower.VapourDraw()
>> v.Port.P = 75
>> 
>> cd /
/
>> 
>> 
>> cd col.Stage_3
/col.Stage_3
>> 
>> f = Tower.Feed()
>> f.Port.T = 90
>> f.Port.P = 75
>> f.Port.MoleFlow = 1000
>> f.Port.Fraction = 286 157 240 169 148 0
>> 
>> l = Tower.LiquidDraw()
>> l.Port.P = 75
>> 
>> cd ..
/col
>> 
>> TryToSolve = 1  # start calculation - turned off by default
Calculating Jacobian for /col
/col Inner Error 0.002006
/col Inner Error 0.000635
/col Inner Error 0.000060
/col Inner Error 0.000026
/col Inner Error 0.000001
Inner loop converged
/col Iteration 1 Outer Error 0.088694
/col Inner Error 0.003818
/col Inner Error 0.000639
/col Inner Error 0.000229
/col Inner Error 0.000031
/col Inner Error 0.000000
Inner loop converged
/col Iteration 2 Outer Error 0.003391
/col Inner Error 0.001721
/col Inner Error 0.000227
/col Inner Error 0.000010
Inner loop converged
/col Iteration 3 Outer Error 0.000145
/col Inner Error 0.000049
/col Inner Error 0.000003
Inner loop converged
/col Iteration 4 Outer Error 0.000021
/col Inner Error 0.000004
Inner loop converged
>> 
>> 
>> /overhead = Stream.Stream_Material()
>> /overhead.In -> Stage_0.v.Port
>> 
>> /bottoms = Stream.Stream_Material()
>> /bottoms.In -> Stage_3.l.Port
>> 
>> cd ..
/
>> 
>> overhead.Out
Port: /overhead.Out + sim21.old.solver.Ports.Port_Material
Connected to: None
VapFrac            = 1.0 = 
T                  = 104.89834194652474 = F
P                  = 75.0 = psia
MoleFlow           = 496.0579762706853 = lbmole/h
MassFlow           = 12629.53861851911 = lb/h
VolumeFlow         = 10.847539004476548 = ft3/s
StdLiqVolumeFlow   = 0.10267282801906454 = ft3/s
H                  = -35582.49979737601 = Btu/lbmol
Energy             = -17648014.63349779 = Btu/hr
MolecularWeight    = 25.459803536406632 = 
ZFactor            = 0.9744951022369219 = 
METHANE            = 0.5484599657233895 = 
ETHANE             = 0.25001102898304584 = 
PROPANE            = 0.1906161819851028 = 
N-BUTANE           = 0.00953705379533777 = 
N-PENTANE          = 0.00016875464688095046 = 
N-DECANE           = 0.0012070148662428294 = 

>> bottoms.Out
Port: /bottoms.Out + sim21.old.solver.Ports.Port_Material
Connected to: None
VapFrac            = 0.0 = 
T                  = 128.88942747251102 = F
P                  = 75.0 = psia
MoleFlow           = 1503.9420237293145 = lbmole/h
MassFlow           = 170044.7642614809 = lb/h
VolumeFlow         = 1.1797537110151817 = ft3/s
StdLiqVolumeFlow   = 1.07808458407386 = ft3/s
H                  = -102932.65768984034 = Btu/lbmol
Energy             = -154778717.39490968 = Btu/hr
MolecularWeight    = 113.06603684084979 = 
ZFactor            = 0.03353260819871983 = 
METHANE            = 0.00926369442301951 = 
ETHANE             = 0.02192906002821724 = 
PROPANE            = 0.09670806468946881 = 
N-BUTANE           = 0.10922566548633518 = 
N-PENTANE          = 0.09835238697871808 = 
N-DECANE           = 0.6645211283942412 = 

>> 
>> 
