>> # Seader example problem, 10_33 (from 2nd Ed.)
>> #
>> units Field
>> $thermo = Sim21Thermo.Peng-Robinson
pkgName: Peng-Robinson
>> / -> $thermo
Thermo case attached to a unit operation. / to /thermo
>> 
>> thermo + N-BUTANE N-PENTANE N-HEXANE N-OCTANE
N-BUTANE N-PENTANE N-HEXANE N-OCTANE 
>> 
>> col = Tower.Tower()
>> col.Stage_0
Stage_0
>> col.Stage_0 + 28  # 28 stage
>> 
>> 
>> cd col.Stage_0
/col.Stage_0
>> 
>> cond = Tower.EnergyFeed(0)
>> 
>> l = Tower.LiquidDraw()
>> 
>> l.Port.P = 20
>> l.Port.MoleFlow = 14.08
>> 
>> reflux = Tower.StageSpecification('Reflux')
>> reflux.Value = 20
>> 
>> cd /
/
>> 
>> 
>> cd col.Stage_10
/col.Stage_10
>> 
>> l = Tower.LiquidDraw()
>> l.Port.MoleFlow = 19.53
>> 
>> cd /
/
>> 
>> cd col.Stage_24
/col.Stage_24
>> 
>> v = Tower.VapourDraw()
>> v.Port.MoleFlow = 24.78
>> 
>> cd /
/
>> 
>> 
>> 
>> 
>> cd col.Stage_14
/col.Stage_14
>> 
>> f = Tower.Feed()
>> f.Port.T = 150
>> f.Port.P = 25
>> f.Port.MoleFlow = 97.8
>> f.Port.Fraction = 14.08 19.53 24.78 39.4
>> 
>> cd /
/
>> 
>> 
>> cd col.Stage_29
/col.Stage_29
>> 
>> l = Tower.LiquidDraw()
>> l.Port.P = 25
>> 
>> reb = Tower.EnergyFeed(1)
>> 
>> cd ..
/col
>> 
>> # DampingFactor = 0.9
>> # MaxOuterLoops = 100
>> TryToSolve = 1  # start calculation - turned off by default
Calculating Jacobian for /col
Calculating disturbance 10 of 32 in jacobian of /col
Calculating disturbance 20 of 32 in jacobian of /col
Calculating disturbance 30 of 32 in jacobian of /col
/col Inner Error 0.021941
/col Inner Error 0.010745
/col Inner Error 0.006182
/col Inner Error 0.002548
/col Inner Error 0.000966
/col Inner Error 0.000636
/col Inner Error 0.000288
/col Inner Error 0.000188
/col Inner Error 0.000093
/col Inner Error 0.000037
/col Inner Error 0.000008
Inner loop converged
/col Iteration 1 Outer Error 0.301814
/col Inner Error 0.100227
/col Inner Error 0.061867
/col Inner Error 0.034661
/col Inner Error 0.020894
/col Inner Error 0.008593
/col Inner Error 0.005056
/col Inner Error 0.003994
/col Inner Error 0.003367
/col Inner Error 0.001060
/col Inner Error 0.000322
/col Inner Error 0.000065
/col Inner Error 0.000044
/col Inner Error 0.000012
/col Inner Error 0.000005
Inner loop converged
/col Iteration 2 Outer Error 0.009708
/col Inner Error 0.009720
/col Inner Error 0.006226
/col Inner Error 0.002205
/col Inner Error 0.000468
/col Inner Error 0.000210
/col Inner Error 0.000085
/col Inner Error 0.000037
/col Inner Error 0.000013
/col Inner Error 0.000005
Inner loop converged
/col Iteration 3 Outer Error 0.001166
/col Inner Error 0.000344
/col Inner Error 0.000101
/col Inner Error 0.000026
/col Inner Error 0.000004
Inner loop converged
/col Iteration 4 Outer Error 0.000046
/col Inner Error 0.000096
/col Inner Error 0.000015
/col Inner Error 0.000006
Inner loop converged
>> 
>> /overhead = Stream.Stream_Material()
>> /overhead.In -> Stage_0.l.Port
>> 
>> /bottoms = Stream.Stream_Material()
>> /bottoms.In -> Stage_29.l.Port
>> 
>> 
>> /draw1 = Stream.Stream_Material()
>> /draw1.In -> Stage_10.l.Port
>> 
>> /draw2 = Stream.Stream_Material()
>> /draw2.In -> Stage_24.v.Port
>> 
>> 
>> cd /
/
>> 
>> overhead.Out
Port: /overhead.Out + sim21.old.solver.Ports.Port_Material
Connected to: None
VapFrac            = 0.0 = 
T                  = 47.66006701103847 = F
P                  = 20.0 = psia
MoleFlow           = 14.08 = lbmole/h
MassFlow           = 826.1143788321053 = lb/h
VolumeFlow         = 0.005886760693290191 = ft3/s
StdLiqVolumeFlow   = 0.0063313681381995035 = ft3/s
H                  = -64781.77240825828 = Btu/lbmol
Energy             = -911973.9712747621 = Btu/hr
MolecularWeight    = 58.67289542082799 = 
ZFactor            = 0.005529033989323251 = 
N-BUTANE           = 0.9607391099499355 = 
N-PENTANE          = 0.039260881812496935 = 
N-HEXANE           = 4.916449734903626e-09 = 
N-OCTANE           = 3.3211177613804724e-09 = 

>> draw1.Out
Port: /draw1.Out + sim21.old.solver.Ports.Port_Material
Connected to: None
VapFrac            = 2.597489827413584e-08 = 
T                  = 115.61527297396228 = F
P                  = 21.724137931034484 = psia
MoleFlow           = 19.53 = lbmole/h
MassFlow           = 1403.242969648622 = lb/h
VolumeFlow         = 0.010125551607643475 = ft3/s
StdLiqVolumeFlow   = 0.009986485645287679 = ft3/s
H                  = -72754.55020993474 = Btu/lbmol
Energy             = -1420657.426269213 = Btu/hr
MolecularWeight    = 71.85063848687257 = 
ZFactor            = 0.0065676783982495076 = 
N-BUTANE           = 0.02838711769168767 = 
N-PENTANE          = 0.9644847777949719 = 
N-HEXANE           = 0.007126331594525816 = 
N-OCTANE           = 1.7729188146484432e-06 = 

>> draw2.Out
Port: /draw2.Out + sim21.old.solver.Ports.Port_Material
Connected to: None
VapFrac            = 0.0 = 
T                  = 197.78323578924284 = F
P                  = 24.137931034482758 = psia
MoleFlow           = 24.780000000000005 = lbmole/h
MassFlow           = 2166.703612023731 = lb/h
VolumeFlow         = 0.016148574727453294 = ft3/s
StdLiqVolumeFlow   = 0.014667468441994657 = ft3/s
H                  = -80272.54554908359 = Btu/lbmol
Energy             = -1988819.1806666174 = Btu/hr
MolecularWeight    = 87.43759531976313 = 
ZFactor            = 0.008026093258628686 = 
N-BUTANE           = 6.222442316856801e-08 = 
N-PENTANE          = 0.005755585607392135 = 
N-HEXANE           = 0.946372055258685 = 
N-OCTANE           = 0.04787229690949971 = 

>> bottoms.Out
Port: /bottoms.Out + sim21.old.solver.Ports.Port_Material
Connected to: None
VapFrac            = 0.0 = 
T                  = 288.5977759747545 = F
P                  = 25.0 = psia
MoleFlow           = 39.409593015557455 = lbmole/h
MassFlow           = 4468.260963269903 = lb/h
VolumeFlow         = 0.03423255177232181 = ft3/s
StdLiqVolumeFlow   = 0.028506732302212862 = ft3/s
H                  = -92830.1331788486 = Btu/lbmol
Energy             = -3657782.5683903485 = Btu/hr
MolecularWeight    = 113.38003316871122 = 
ZFactor            = 0.009735458674506368 = 
N-BUTANE           = 2.5695871987570483e-13 = 
N-PENTANE          = 2.3159335007345784e-06 = 
N-HEXANE           = 0.03024151226658313 = 
N-OCTANE           = 0.9697561717996591 = 

