>> # Cavett problem in Tower format
>> # Solves pretty quickly
>> units Field
>> $thermo = Sim21Thermo.Peng-Robinson
pkgName: Peng-Robinson
>> / -> $thermo
Thermo case attached to a unit operation. / to /thermo
>> thermo + NITROGEN CARBON_DIOXIDE HYDROGEN_SULFIDE
NITROGEN CARBON DIOXIDE HYDROGEN SULFIDE 
>> thermo + METHANE ETHANE PROPANE N-BUTANE ISOBUTANE N-PENTANE ISOPENTANE N-HEXANE N-HEPTANE N-OCTANE
METHANE ETHANE PROPANE N-BUTANE ISOBUTANE N-PENTANE ISOPENTANE N-HEXANE N-HEPTANE N-OCTANE 
>> thermo + N-NONANE N-DECANE N-DODECANE
N-NONANE N-DECANE N-DODECANE 
>> 
>> col = Tower.Tower()
>> col.Stage_0
Stage_0
>> col.Stage_0 + 2  # four stage
>> 
>> 
>> 
>> cd col.Stage_0
/col.Stage_0
>> v = Tower.VapourDraw()
>> v.Port.P = 814.7
>> v.Port.T = 100
>> cond = Tower.EnergyFeed(0)
>> cd /
/
>> 
>> 
>> cd col.Stage_1
/col.Stage_1
>> duty1 = Tower.EnergyFeed(0)
>> 
>> v = Tower.VapourDraw()
>> v.Port.MoleFlow = 1e-8
>> v.Port.T = 120
>> v.Port.P = 284.7
>> 
>> f = Tower.Feed()
>> f.Port.T = 120
>> f.Port.P = 284.7
>> f.Port.MoleFlow = 27340.6
>> f.Port.Fraction = 0.0131 0.1816 0.0124 0.1096 0.0876 0.0838 0.0221 0.0563 0.0289 0.0413 0.0645 0.0953 0.0675 0.0610 0.0304 0.0444
>> 
>> cd /
/
>> 
>> 
>> cd col.Stage_2
/col.Stage_2
>> duty2 = Tower.EnergyFeed(0)
>> 
>> v = Tower.VapourDraw()
>> v.Port.MoleFlow = 1e-8
>> v.Port.T = 96
>> v.Port.P = 63.7
>> cd /
/
>> 
>> 
>> cd col.Stage_3
/col.Stage_3
>> l = Tower.LiquidDraw()
>> l.Port.T = 85.0
>> l.Port.P = 27.7
>> reb = Tower.EnergyFeed(1)
>> 
>> cd /
/
>> 
>> 
>> cd col
/col
>> TryToSolve = 1  # start calculation - turned off by default
Calculating Jacobian for /col
/col Inner Error 0.047043
/col Inner Error 0.029190
/col Inner Error 0.028147
/col Inner Error 0.008653
/col Inner Error 0.002341
/col Inner Error 0.000553
/col Inner Error 0.000282
/col Inner Error 0.000051
/col Inner Error 0.000006
Inner loop converged
/col Iteration 1 Outer Error 0.148939
/col Inner Error 0.018759
/col Inner Error 0.003876
/col Inner Error 0.001598
/col Inner Error 0.000335
/col Inner Error 0.000022
/col Inner Error 0.000002
Inner loop converged
/col Iteration 2 Outer Error 0.006274
/col Inner Error 0.000810
/col Inner Error 0.000101
/col Inner Error 0.000003
Inner loop converged
/col Iteration 3 Outer Error 0.002002
/col Inner Error 0.000046
/col Inner Error 0.000005
Inner loop converged
/col Iteration 4 Outer Error 0.000637
/col Inner Error 0.000002
Inner loop converged
/col Iteration 5 Outer Error 0.000201
/col Inner Error 0.000000
Inner loop converged
/col Iteration 6 Outer Error 0.000063
/col Inner Error 0.000000
Inner loop converged
>> 
>> 
>> /overhead = Stream.Stream_Material()
>> /overhead.In -> Stage_0.v.Port
>> 
>> /bottoms = Stream.Stream_Material()
>> /bottoms.In -> Stage_3.l.Port
>> 
>> 
>> /overhead.Out
Port: /overhead.Out + sim21.old.solver.Ports.Port_Material
Connected to: None
VapFrac            = 1.0 = 
T                  = 100.00000000000004 = F
P                  = 814.7 = psia
MoleFlow           = 12512.380062605509 = lbmole/h
MassFlow           = 434921.4694261284 = lb/h
VolumeFlow         = 16.408947202249347 = ft3/s
StdLiqVolumeFlow   = 3.0316735162033748 = ft3/s
H                  = -87978.0134764318 = Btu/lbmol
Energy             = -1100629227.7473767 = Btu/hr
MolecularWeight    = 34.75929141272669 = 
ZFactor            = 0.640387158010037 = 
NITROGEN           = 0.028629247930343483 = 
CARBON DIOXIDE     = 0.3880123927563762 = 
HYDROGEN SULFIDE   = 0.023295441436975442 = 
METHANE            = 0.2393882674914792 = 
ETHANE             = 0.18200206753580966 = 
PROPANE            = 0.10038702709105031 = 
N-BUTANE           = 0.006374075906938492 = 
ISOBUTANE          = 0.025039963428580083 = 
N-PENTANE          = 0.0018292607995449742 = 
ISOPENTANE         = 0.0036821124576652754 = 
N-HEXANE           = 0.0009605473851230764 = 
N-HEPTANE          = 0.00032987762509202845 = 
N-OCTANE           = 5.614055189170903e-05 = 
N-NONANE           = 1.214104090206316e-05 = 
N-DECANE           = 1.4344211661021595e-06 = 
N-DODECANE         = 2.1410618299148526e-09 = 

>> /bottoms.Out
Port: /bottoms.Out + sim21.old.solver.Ports.Port_Material
Connected to: None
VapFrac            = 6.510853174362905e-09 = 
T                  = 85.0 = F
P                  = 27.7 = psia
MoleFlow           = 14828.219937374499 = lbmole/h
MassFlow           = 1452521.1257784367 = lb/h
VolumeFlow         = 9.867832002420853 = ft3/s
StdLiqVolumeFlow   = 9.537269329453542 = ft3/s
H                  = -95187.28812718963 = Btu/lbmol
Energy             = -1411220691.4189062 = Btu/hr
MolecularWeight    = 97.95654042852169 = 
ZFactor            = 0.011353118701472103 = 
NITROGEN           = 9.087867673485641e-07 = 
CARBON DIOXIDE     = 0.007491637062818021 = 
HYDROGEN SULFIDE   = 0.0032107590436693317 = 
METHANE            = 0.0001222129466772286 = 
ETHANE             = 0.007973756960733859 = 
PROPANE            = 0.06983440818731915 = 
N-BUTANE           = 0.0353780340152482 = 
ISOBUTANE          = 0.08269867608822114 = 
N-PENTANE          = 0.05175354811052482 = 
ISOPENTANE         = 0.07305803883427198 = 
N-HEXANE           = 0.11813978601211 = 
N-HEPTANE          = 0.17547304078634754 = 
N-OCTANE           = 0.12443551739891995 = 
N-NONANE           = 0.11248540389680861 = 
N-DECANE           = 0.05606219489520266 = 
N-DODECANE         = 0.08188207697436009 = 

>> 
