>> 
>> #Test signal stream
>> s1 = Stream.Stream_Signal()
>> 
>> #Should not be accepted. Type not set yet
>> s1.In = 100.0
Could not assign 100.0
Error processing command:
<class 'sim21.old.cli.CommandInterface.CmdError'>
Could not assign 100.0
  File "C:\Users\TheAdmin\Projects\sim21\sim21\old\cli\CommandInterface.py", line 3562, in run
    interface.ProcessCommandStream(inp, out, err)

  File "C:\Users\TheAdmin\Projects\sim21\sim21\old\cli\CommandInterface.py", line 284, in ProcessCommandStream
    cmdResult = self.ProcessCommandString(cmd)

  File "C:\Users\TheAdmin\Projects\sim21\sim21\old\cli\CommandInterface.py", line 379, in ProcessCommandString
    cmdResult = self.ProcessCommand(cmd)

  File "C:\Users\TheAdmin\Projects\sim21\sim21\old\cli\CommandInterface.py", line 354, in ProcessCommand
    return operators[operator](self, lhsObj, dequote(remaining))

  File "C:\Users\TheAdmin\Projects\sim21\sim21\old\cli\CommandInterface.py", line 1989, in Equal
    raise CmdError('CMDCouldNotAssign', rhsDesc)


>> 
>> #Set type
>> s1.SignalType = P
>> 
>> 
>> #set a value
>> s1.In = 100.0
>> s1.In
Port: /s1.In + sim21.old.solver.Ports.Port_Signal
Connected to: None
P   = 100.0 * kPa

>> s1.Out
Port: /s1.Out + sim21.old.solver.Ports.Port_Signal
Connected to: None
P   = 100.0 = kPa

>> 
>> 
>> #Set thermo below
>> $thermo = Sim21Thermo.PR
pkgName: PR
>> / -> $thermo
Thermo case attached to a unit operation. / to /thermo
>> thermo + WATER
WATER 
>> 
>> 
>> #Add a clone
>> s1.pPort = Stream.ClonePort(0)
>> s1.pPort
Port: /s1.pPort + sim21.old.solver.Ports.Port_Signal
Connected to: None
P   = 100.0 = kPa

>> 
>> 
>> #Clear value
>> s1.In = None
>> s1.In
Port: /s1.In + sim21.old.solver.Ports.Port_Signal
Connected to: None
P   = None

>> s1.Out
Port: /s1.Out + sim21.old.solver.Ports.Port_Signal
Connected to: None
P   = None

>> s1.pPort
Port: /s1.pPort + sim21.old.solver.Ports.Port_Signal
Connected to: None
P   = None

>> 
>> 
>> #Put a value to the clone
>> s1.pPort = 90
>> s1.In
Port: /s1.In + sim21.old.solver.Ports.Port_Signal
Connected to: None
P   = 90.0 = kPa

>> s1.Out
Port: /s1.Out + sim21.old.solver.Ports.Port_Signal
Connected to: None
P   = 90.0 = kPa

>> s1.pPort
Port: /s1.pPort + sim21.old.solver.Ports.Port_Signal
Connected to: None
P   = 90.0 * kPa

>> 
>> #Delete the clone
>> delete s1.pPort
>> 
>> #Try deleting the in and out ports
>> delete s1.In
>> delete s1.Out
>> 
>> #The In and Out ports are still there
>> s1.In
Port: /s1.In + sim21.old.solver.Ports.Port_Signal
Connected to: None
P   = None

>> s1.Out
Port: /s1.Out + sim21.old.solver.Ports.Port_Signal
Connected to: None
P   = None

>> s1.pPort
None
>> 
>> 
>> #Create a new signal with an init script
>> s2 = Stream.Stream_Signal("SignalType = T")
Error processing command:
<class 'TypeError'>
'module' object is not callable
  File "C:\Users\TheAdmin\Projects\sim21\sim21\old\cli\CommandInterface.py", line 3562, in run
    interface.ProcessCommandStream(inp, out, err)

  File "C:\Users\TheAdmin\Projects\sim21\sim21\old\cli\CommandInterface.py", line 284, in ProcessCommandStream
    cmdResult = self.ProcessCommandString(cmd)

  File "C:\Users\TheAdmin\Projects\sim21\sim21\old\cli\CommandInterface.py", line 379, in ProcessCommandString
    cmdResult = self.ProcessCommand(cmd)

  File "C:\Users\TheAdmin\Projects\sim21\sim21\old\cli\CommandInterface.py", line 354, in ProcessCommand
    return operators[operator](self, lhsObj, dequote(remaining))

  File "C:\Users\TheAdmin\Projects\sim21\sim21\old\cli\CommandInterface.py", line 1807, in Equal
    self.CreateObject(parentObj, createName, rhsDesc)

  File "C:\Users\TheAdmin\Projects\sim21\sim21\old\cli\CommandInterface.py", line 1730, in CreateObject
    parent.AddObject(newObj, name)

  File "C:\Users\TheAdmin\Projects\sim21\sim21\old\unitop\UnitOperations.py", line 198, in AddObject
    self.AddUnitOperation(obj, name)

  File "C:\Users\TheAdmin\Projects\sim21\sim21\old\unitop\UnitOperations.py", line 997, in AddUnitOperation
    cmdproc = CommandInterface(uOp)


>> s2.tPort = Stream.ClonePort(1)
>> s2.tPort = 230.0
Could not assign 230.0
Error processing command:
<class 'sim21.old.cli.CommandInterface.CmdError'>
Could not assign 230.0
  File "C:\Users\TheAdmin\Projects\sim21\sim21\old\cli\CommandInterface.py", line 3562, in run
    interface.ProcessCommandStream(inp, out, err)

  File "C:\Users\TheAdmin\Projects\sim21\sim21\old\cli\CommandInterface.py", line 284, in ProcessCommandStream
    cmdResult = self.ProcessCommandString(cmd)

  File "C:\Users\TheAdmin\Projects\sim21\sim21\old\cli\CommandInterface.py", line 379, in ProcessCommandString
    cmdResult = self.ProcessCommand(cmd)

  File "C:\Users\TheAdmin\Projects\sim21\sim21\old\cli\CommandInterface.py", line 354, in ProcessCommand
    return operators[operator](self, lhsObj, dequote(remaining))

  File "C:\Users\TheAdmin\Projects\sim21\sim21\old\cli\CommandInterface.py", line 1989, in Equal
    raise CmdError('CMDCouldNotAssign', rhsDesc)


>> s2.tPort
Port: /s2.tPort + sim21.old.solver.Ports.Port_Signal
Connected to: None

>> s2.In
Port: /s2.In + sim21.old.solver.Ports.Port_Signal
Connected to: None

>> s2.Out
Port: /s2.Out + sim21.old.solver.Ports.Port_Signal
Connected to: None

>> 
>> #A new clone
>> s2.tPort2 = Stream.ClonePort(1)
>> s2.tPort
Port: /s2.tPort + sim21.old.solver.Ports.Port_Signal
Connected to: None

>> s2.tPort2
Port: /s2.tPort2 + sim21.old.solver.Ports.Port_Signal
Connected to: None

>> s2.In
Port: /s2.In + sim21.old.solver.Ports.Port_Signal
Connected to: None

>> s2.Out
Port: /s2.Out + sim21.old.solver.Ports.Port_Signal
Connected to: None

>> 
>> #Delete the new clone
>> delete s2.tPort2
>> s2.tPort
Port: /s2.tPort + sim21.old.solver.Ports.Port_Signal
Connected to: None

>> s2.tPort2
None
>> s2.In
Port: /s2.In + sim21.old.solver.Ports.Port_Signal
Connected to: None

>> s2.Out
Port: /s2.Out + sim21.old.solver.Ports.Port_Signal
Connected to: None

>> 
>> 
>> #Now lets propagate the types
>> h = Heater.Heater()
>> s3 = Stream.Stream_Signal("c = Stream.ClonePort(0)
Error processing command:
<class 'TypeError'>
'module' object is not callable
  File "C:\Users\TheAdmin\Projects\sim21\sim21\old\cli\CommandInterface.py", line 3562, in run
    interface.ProcessCommandStream(inp, out, err)

  File "C:\Users\TheAdmin\Projects\sim21\sim21\old\cli\CommandInterface.py", line 284, in ProcessCommandStream
    cmdResult = self.ProcessCommandString(cmd)

  File "C:\Users\TheAdmin\Projects\sim21\sim21\old\cli\CommandInterface.py", line 379, in ProcessCommandString
    cmdResult = self.ProcessCommand(cmd)

  File "C:\Users\TheAdmin\Projects\sim21\sim21\old\cli\CommandInterface.py", line 354, in ProcessCommand
    return operators[operator](self, lhsObj, dequote(remaining))

  File "C:\Users\TheAdmin\Projects\sim21\sim21\old\cli\CommandInterface.py", line 1807, in Equal
    self.CreateObject(parentObj, createName, rhsDesc)

  File "C:\Users\TheAdmin\Projects\sim21\sim21\old\cli\CommandInterface.py", line 1730, in CreateObject
    parent.AddObject(newObj, name)

  File "C:\Users\TheAdmin\Projects\sim21\sim21\old\unitop\UnitOperations.py", line 198, in AddObject
    self.AddUnitOperation(obj, name)

  File "C:\Users\TheAdmin\Projects\sim21\sim21\old\unitop\UnitOperations.py", line 997, in AddUnitOperation
    cmdproc = CommandInterface(uOp)


>> ctrl = Controller.Controller()
>> 
>> h.DeltaP
Port: /h.DeltaP + sim21.old.solver.Ports.Port_Signal
Connected to: None
DP   = None

>> s3.In
Port: /s3.In + sim21.old.solver.Ports.Port_Signal
Connected to: None

>> s3.c
None
>> s3.Out
Port: /s3.Out + sim21.old.solver.Ports.Port_Signal
Connected to: None

>> ctrl.In
Port: /ctrl.In + sim21.old.solver.Ports.Port_Signal
Connected to: None

>> 
>> 
>> #Get the deltap type from the heater by connecting
>> h.DeltaP -> s3.In
>> h.DeltaP
Port: /h.DeltaP + sim21.old.solver.Ports.Port_Signal
Connected to: /s3.In
DP   = None

>> s3.In
Port: /s3.In + sim21.old.solver.Ports.Port_Signal
Connected to: /h.DeltaP
DP   = None

>> s3.c
None
>> s3.Out
Port: /s3.Out + sim21.old.solver.Ports.Port_Signal
Connected to: None

>> ctrl.In
Port: /ctrl.In + sim21.old.solver.Ports.Port_Signal
Connected to: None

>> 
>> #Connect to the controller.
>> #Right now the type does not get propagated all the way to the controller
>> #which is a bug
>> s3.Out -> ctrl.In
>> h.DeltaP
Port: /h.DeltaP + sim21.old.solver.Ports.Port_Signal
Connected to: /s3.In
DP   = None

>> s3.In
Port: /s3.In + sim21.old.solver.Ports.Port_Signal
Connected to: /h.DeltaP
DP   = None

>> s3.c
None
>> s3.Out
Port: /s3.Out + sim21.old.solver.Ports.Port_Signal
Connected to: /ctrl.In

>> ctrl.In
Port: /ctrl.In + sim21.old.solver.Ports.Port_Signal
Connected to: /s3.Out

>> 
>> 
>> #Put a value in s3.Out. This fails. is it a bug ??
>> s3.Out = 10.0
Could not assign 10.0
Error processing command:
<class 'sim21.old.cli.CommandInterface.CmdError'>
Could not assign 10.0
  File "C:\Users\TheAdmin\Projects\sim21\sim21\old\cli\CommandInterface.py", line 3562, in run
    interface.ProcessCommandStream(inp, out, err)

  File "C:\Users\TheAdmin\Projects\sim21\sim21\old\cli\CommandInterface.py", line 284, in ProcessCommandStream
    cmdResult = self.ProcessCommandString(cmd)

  File "C:\Users\TheAdmin\Projects\sim21\sim21\old\cli\CommandInterface.py", line 379, in ProcessCommandString
    cmdResult = self.ProcessCommand(cmd)

  File "C:\Users\TheAdmin\Projects\sim21\sim21\old\cli\CommandInterface.py", line 354, in ProcessCommand
    return operators[operator](self, lhsObj, dequote(remaining))

  File "C:\Users\TheAdmin\Projects\sim21\sim21\old\cli\CommandInterface.py", line 1989, in Equal
    raise CmdError('CMDCouldNotAssign', rhsDesc)


>> h.DeltaP
Port: /h.DeltaP + sim21.old.solver.Ports.Port_Signal
Connected to: /s3.In
DP   = None

>> s3.In
Port: /s3.In + sim21.old.solver.Ports.Port_Signal
Connected to: /h.DeltaP
DP   = None

>> s3.c
None
>> s3.Out
Port: /s3.Out + sim21.old.solver.Ports.Port_Signal
Connected to: /ctrl.In

>> ctrl.In
Port: /ctrl.In + sim21.old.solver.Ports.Port_Signal
Connected to: /s3.Out

>> 
>> 
>> #Now set it in the in port
>> s3.In = 10.0
>> h.DeltaP
Port: /h.DeltaP + sim21.old.solver.Ports.Port_Signal
Connected to: /s3.In
DP   = 10.0 | Kpa

>> s3.In
Port: /s3.In + sim21.old.solver.Ports.Port_Signal
Connected to: /h.DeltaP
DP   = 10.0 * Kpa

>> s3.c
None
>> s3.Out
Port: /s3.Out + sim21.old.solver.Ports.Port_Signal
Connected to: /ctrl.In
DP   = 10.0 = Kpa

>> ctrl.In
Port: /ctrl.In + sim21.old.solver.Ports.Port_Signal
Connected to: /s3.Out
DP   = 10.0 | Kpa

>> 
>> 
>> #Clear it
>> s3.In = None
>> h.DeltaP
Port: /h.DeltaP + sim21.old.solver.Ports.Port_Signal
Connected to: /s3.In
DP   = None

>> s3.In
Port: /s3.In + sim21.old.solver.Ports.Port_Signal
Connected to: /h.DeltaP
DP   = None

>> s3.c
None
>> s3.Out
Port: /s3.Out + sim21.old.solver.Ports.Port_Signal
Connected to: /ctrl.In
DP   = None

>> ctrl.In
Port: /ctrl.In + sim21.old.solver.Ports.Port_Signal
Connected to: /s3.Out
DP   = None

>> 
>> 
>> #Set in hx
>> h.DeltaP = 5.0
>> h.DeltaP
Port: /h.DeltaP + sim21.old.solver.Ports.Port_Signal
Connected to: /s3.In
DP   = 5.0 * Kpa

>> s3.In
Port: /s3.In + sim21.old.solver.Ports.Port_Signal
Connected to: /h.DeltaP
DP   = 5.0 | Kpa

>> s3.c
None
>> s3.Out
Port: /s3.Out + sim21.old.solver.Ports.Port_Signal
Connected to: /ctrl.In
DP   = 5.0 = Kpa

>> ctrl.In
Port: /ctrl.In + sim21.old.solver.Ports.Port_Signal
Connected to: /s3.Out
DP   = 5.0 | Kpa

>> 
>> 
>> #Disconnect
>> h.DeltaP ->
>> h.DeltaP
Port: /h.DeltaP + sim21.old.solver.Ports.Port_Signal
Connected to: None
DP   = 5.0 * Kpa

>> s3.In
Port: /s3.In + sim21.old.solver.Ports.Port_Signal
Connected to: None
DP   = None

>> s3.c
None
>> s3.Out
Port: /s3.Out + sim21.old.solver.Ports.Port_Signal
Connected to: /ctrl.In
DP   = None

>> ctrl.In
Port: /ctrl.In + sim21.old.solver.Ports.Port_Signal
Connected to: /s3.Out
DP   = None

>> 
>> #The types remained... what to do??
>> 
>> 
>> 
>> 
>> 
>> 
>> 
>> 
>> 
>> 
>> 
>> 
