>> # Depeopanizer test (from old Hysim manual)
>> units Field
>> $thermo = Sim21Thermo.Peng-Robinson
pkgName: Peng-Robinson
>> / -> $thermo
Thermo case attached to a unit operation. / to /thermo
>> thermo + Methane Ethane PROPANE
Methane Ethane PROPANE 
>> thermo + ISOBUTANE n-BUTANE ISOPENTANE n-PENTANE n-Hexane
ISOBUTANE n-BUTANE ISOPENTANE n-PENTANE n-Hexane 
>> thermo + n-Heptane n-Octane
n-Heptane n-Octane 
>> 
>> deprop = Tower.Tower()
>> deprop.Stage_0 + 18  # twenty stages`
>> 
>> cd deprop.Stage_0
/deprop.Stage_0
>> 
>> v = Tower.VapourDraw()
>> v.Port.P = 200
>> v.Port.Fraction.ISOBUTANE = .01
>> 
>> cond = Tower.EnergyFeed(0)
>> 
>> estT = Tower.Estimate('T')
>> estT.Value = 25
>> 
>> cd ../Stage_9
/deprop.Stage_9
>> f = Tower.Feed()
>> f.Port.T = 50
>> f.Port.P = 480
>> f.Port.MoleFlow = 1000
>> f.Port.Fraction = .1702 .1473 .1132 .1166 .1066 .0963 .0829 .0694 .0558 .0417
>> f.Port
Port: /deprop.Feed_9_f + sim21.old.solver.Ports.Port_Material
Connected to: None
VapFrac            = 0.001216070751314247 = 
T                  = 49.99999999999999 * F
P                  = 480.0 * psia
MoleFlow           = 1000.0000000000001 * lbmole/h
MassFlow           = 54388.326918000006 = lb/h
VolumeFlow         = 0.4158123456449343 = ft3/s
StdLiqVolumeFlow   = 0.3966768684715899 = ft3/s
H                  = -62299.579667023776 = Btu/lbmol
Energy             = -62289103.308412455 = Btu/hr
MolecularWeight    = 54.388326918 = 
ZFactor            = 0.13136681933414865 = 
METHANE            = 0.17020000000000002 * 
ETHANE             = 0.14730000000000001 * 
PROPANE            = 0.11320000000000001 * 
ISOBUTANE          = 0.11660000000000001 * 
N-BUTANE           = 0.10660000000000001 * 
ISOPENTANE         = 0.09630000000000001 * 
N-PENTANE          = 0.08290000000000002 * 
N-HEXANE           = 0.06940000000000002 * 
N-HEPTANE          = 0.05580000000000001 * 
N-OCTANE           = 0.04170000000000001 * 

>> 
>> cd ../Stage_19
/deprop.Stage_19
>> l = Tower.LiquidDraw()
>> l.Port.P = 205
>> l.spec = Tower.MoleRecoverySpec()
>> l.spec + PROPANE
>> l.spec.Port.Fraction = .1
>> 
>> reb = Tower.EnergyFeed(1)
>> estT = Tower.Estimate('T')
>> estT.Value = 250
>> 
>> cd ..
/deprop
>> 
>> /overhead = Stream.Stream_Material()
>> /overhead.In -> Stage_0.v.Port
>> 
>> /bottoms = Stream.Stream_Material()
>> /bottoms.In -> Stage_19.l.Port
>> 
>> 
>> TryToRestart = 0 # so each test starts from scratch
>> TryToSolve = 1  # start calculation
Calculating Jacobian for /deprop
Calculating disturbance 10 of 20 in jacobian of /deprop
Calculating disturbance 20 of 20 in jacobian of /deprop
/deprop Inner Error 0.024454
/deprop Inner Error 0.006961
/deprop Inner Error 0.006276
/deprop Inner Error 0.002766
/deprop Inner Error 0.002760
Inner loop is not changing significantly - exiting
/deprop Iteration 1 Outer Error 0.108301
Calculating Jacobian for /deprop
Calculating disturbance 10 of 20 in jacobian of /deprop
Calculating disturbance 20 of 20 in jacobian of /deprop
/deprop Inner Error 0.019582
/deprop Inner Error 0.011396
/deprop Inner Error 0.001111
/deprop Inner Error 0.000189
/deprop Inner Error 0.000030
/deprop Inner Error 0.000006
Inner loop converged
/deprop Iteration 2 Outer Error 0.003302
/deprop Inner Error 0.001570
/deprop Inner Error 0.000315
/deprop Inner Error 0.000014
/deprop Inner Error 0.000001
Inner loop converged
/deprop Iteration 3 Outer Error 0.000855
/deprop Inner Error 0.000243
/deprop Inner Error 0.000037
/deprop Inner Error 0.000000
Inner loop converged
/deprop Iteration 4 Outer Error 0.000109
/deprop Inner Error 0.000009
Inner loop converged
/deprop Iteration 5 Outer Error 0.000025
/deprop Inner Error 0.000003
Inner loop converged
>> 
>> /overhead.Out
Port: /overhead.Out + sim21.old.solver.Ports.Port_Material
Connected to: None
VapFrac            = 1.0 = 
T                  = 24.641777170149336 = F
P                  = 200.0 = psia
MoleFlow           = 423.8816006451467 = lbmole/h
MassFlow           = 11913.794272506344 = lb/h
VolumeFlow         = 2.635982521652694 = ft3/s
StdLiqVolumeFlow   = 0.09319027267175922 = ft3/s
H                  = -37825.92156513208 = Btu/lbmol
Energy             = -16031015.934090909 = Btu/hr
MolecularWeight    = 28.106419208136877 = 
ZFactor            = 0.8614678357371601 = 
METHANE            = 0.4015272182200302 = 
ETHANE             = 0.34749484064160185 = 
PROPANE            = 0.24034932953793411 = 
ISOBUTANE          = 0.01 = 
N-BUTANE           = 0.0006280102410689693 = 
ISOPENTANE         = 1.3447225381446642e-07 = 
N-PENTANE          = 5.952244361707379e-09 = 
N-HEXANE           = 1.5048740158123497e-09 = 
N-HEPTANE          = 1.1548230002245974e-09 = 
N-OCTANE           = 4.977951651403778e-10 = 

>> /bottoms.Out
Port: /bottoms.Out + sim21.old.solver.Ports.Port_Material
Connected to: None
VapFrac            = 2.1766644130402881e-07 = 
T                  = 256.72070648039687 = F
P                  = 205.0 = psia
MoleFlow           = 576.1183993548533 = lbmole/h
MassFlow           = 42474.52682112946 = lb/h
VolumeFlow         = 0.3794597013395988 = ft3/s
StdLiqVolumeFlow   = 0.3034865483541401 = ft3/s
H                  = -68471.9706839829 = Btu/lbmol
Energy             = -39441328.54300177 = Btu/hr
MolecularWeight    = 73.72534338584288 = 
ZFactor            = 0.0632257459612652 = 
METHANE            = 6.648001344336766e-11 = 
ETHANE             = 5.7813340303371945e-06 = 
PROPANE            = 0.019649331620287456 = 
ISOBUTANE          = 0.19503107360564412 = 
N-BUTANE           = 0.18456934917001164 = 
ISOPENTANE         = 0.1671530419919309 = 
N-PENTANE          = 0.143894028674984 = 
N-HEXANE           = 0.12046134863914577 = 
N-HEPTANE          = 0.09685509015677599 = 
N-OCTANE           = 0.07238095474070973 = 

>> 
>> cd Stage_19.l
/deprop.Stage_19.l
>> delete spec
>> spec = Tower.ComponentMoleFlowSpec()
>> spec + PROPANE
>> spec.Port.MoleFlow = 10
Calculating Jacobian for /deprop
Calculating disturbance 10 of 20 in jacobian of /deprop
Calculating disturbance 20 of 20 in jacobian of /deprop
/deprop Inner Error 0.645877
/deprop Inner Error 0.029087
/deprop Inner Error 0.008646
/deprop Inner Error 0.006367
Step size too small - Exiting inner loop
/deprop Iteration 1 Outer Error 0.096318
Calculating Jacobian for /deprop
Calculating disturbance 10 of 20 in jacobian of /deprop
Calculating disturbance 20 of 20 in jacobian of /deprop
/deprop Inner Error 0.232883
/deprop Inner Error 0.057213
/deprop Inner Error 0.010300
/deprop Inner Error 0.000459
/deprop Inner Error 0.000029
/deprop Inner Error 0.000001
Inner loop converged
/deprop Iteration 2 Outer Error 0.014278
/deprop Inner Error 0.236434
/deprop Inner Error 0.027637
/deprop Inner Error 0.001278
/deprop Inner Error 0.000112
/deprop Inner Error 0.000001
Inner loop converged
/deprop Iteration 3 Outer Error 0.000824
/deprop Inner Error 0.004294
/deprop Inner Error 0.000191
/deprop Inner Error 0.000004
Inner loop converged
/deprop Iteration 4 Outer Error 0.000196
/deprop Inner Error 0.000347
/deprop Inner Error 0.000037
/deprop Inner Error 0.000002
Inner loop converged
/deprop Iteration 5 Outer Error 0.000019
/deprop Inner Error 0.000015
/deprop Inner Error 0.000003
Inner loop converged
>> /bottoms.Out
Port: /bottoms.Out + sim21.old.solver.Ports.Port_Material
Connected to: None
VapFrac            = 1.3741465142261779e-08 = 
T                  = 257.32482169173323 = F
P                  = 205.0 = psia
MoleFlow           = 574.7892872917029 = lbmole/h
MassFlow           = 42415.806574088754 = lb/h
VolumeFlow         = 0.3791702508109667 = ft3/s
StdLiqVolumeFlow   = 0.3030426331935883 = ft3/s
H                  = -68491.65635687893 = Btu/lbmol
Energy             = -39361650.13572467 = Btu/hr
MolecularWeight    = 73.79366232800007 = 
ZFactor            = 0.06327025160460886 = 
METHANE            = 6.226815392888619e-11 = 
ETHANE             = 5.131147408199416e-06 = 
PROPANE            = 0.017397668683632232 = 
ISOBUTANE          = 0.1954592778266666 = 
N-BUTANE           = 0.18500432779805678 = 
ISOPENTANE         = 0.16753955873213244 = 
N-PENTANE          = 0.14422676155204323 = 
N-HEXANE           = 0.12073989698314817 = 
N-HEPTANE          = 0.09707905264417134 = 
N-OCTANE           = 0.07254832457047294 = 

>> 
>> delete spec
>> Port.MassFlow = 43000
Calculating Jacobian for /deprop
Calculating disturbance 10 of 20 in jacobian of /deprop
Calculating disturbance 20 of 20 in jacobian of /deprop
/deprop Inner Error 0.012760
/deprop Inner Error 0.007229
/deprop Inner Error 0.005773
/deprop Inner Error 0.001441
/deprop Inner Error 0.000418
/deprop Inner Error 0.000080
/deprop Inner Error 0.000019
/deprop Inner Error 0.000002
Inner loop converged
/deprop Iteration 1 Outer Error 0.137410
/deprop Inner Error 0.006406
/deprop Inner Error 0.002757
/deprop Inner Error 0.000782
/deprop Inner Error 0.000293
/deprop Inner Error 0.000057
/deprop Inner Error 0.000012
/deprop Inner Error 0.000002
Inner loop converged
/deprop Iteration 2 Outer Error 0.009994
/deprop Inner Error 0.000957
/deprop Inner Error 0.000214
/deprop Inner Error 0.000044
/deprop Inner Error 0.000006
Inner loop converged
/deprop Iteration 3 Outer Error 0.001248
/deprop Inner Error 0.000066
/deprop Inner Error 0.000012
/deprop Inner Error 0.000002
Inner loop converged
/deprop Iteration 4 Outer Error 0.000146
/deprop Inner Error 0.000007
Inner loop converged
/deprop Iteration 5 Outer Error 0.000022
/deprop Inner Error 0.000003
Inner loop converged
>> /bottoms.Out
Port: /bottoms.Out + sim21.old.solver.Ports.Port_Material
Connected to: None
VapFrac            = 0.0 = 
T                  = 251.50348756406396 = F
P                  = 205.0 = psia
MoleFlow           = 588.0046481080286 = lbmole/h
MassFlow           = 43000.0 = lb/h
VolumeFlow         = 0.3821479742603079 = ft3/s
StdLiqVolumeFlow   = 0.30745922546577664 = ft3/s
H                  = -68293.94759601698 = Btu/lbmol
Energy             = -40150405.75680058 = Btu/hr
MolecularWeight    = 73.12867103847323 = 
ZFactor            = 0.06284420477455305 = 
METHANE            = 1.0353676629971673e-10 = 
ETHANE             = 1.2569084830232946e-05 = 
PROPANE            = 0.039290383467646094 = 
ISOBUTANE          = 0.191289610272052 = 
N-BUTANE           = 0.18080674965725638 = 
ISOPENTANE         = 0.1637741193583341 = 
N-PENTANE          = 0.14098527604959624 = 
N-HEXANE           = 0.11802627705651299 = 
N-HEPTANE          = 0.09489720844370374 = 
N-OCTANE           = 0.07091780650653137 = 

>> 
>> Port.MassFlow = None
>> spec = Tower.ComponentMassFlowSpec()
>> spec + PROPANE
>> spec.Port.MassFlow = 450
Calculating Jacobian for /deprop
Calculating disturbance 10 of 20 in jacobian of /deprop
Calculating disturbance 20 of 20 in jacobian of /deprop
/deprop Inner Error 31.534008
/deprop Inner Error 1.391182
/deprop Inner Error 0.247349
/deprop Inner Error 0.007587
Step size too small - Exiting inner loop
/deprop Iteration 1 Outer Error 0.097158
Calculating Jacobian for /deprop
Calculating disturbance 10 of 20 in jacobian of /deprop
Calculating disturbance 20 of 20 in jacobian of /deprop
/deprop Inner Error 10.778707
/deprop Inner Error 2.826102
/deprop Inner Error 0.488381
/deprop Inner Error 0.016622
/deprop Inner Error 0.000842
/deprop Inner Error 0.000115
/deprop Inner Error 0.000010
/deprop Inner Error 0.000001
Inner loop converged
/deprop Iteration 2 Outer Error 0.014257
/deprop Inner Error 9.667703
/deprop Inner Error 0.727571
/deprop Inner Error 0.135238
/deprop Inner Error 0.004709
/deprop Inner Error 0.000010
/deprop Inner Error 0.000005
Inner loop converged
/deprop Iteration 3 Outer Error 0.000826
/deprop Inner Error 0.222090
/deprop Inner Error 0.002224
/deprop Inner Error 0.000186
/deprop Inner Error 0.000002
Inner loop converged
/deprop Iteration 4 Outer Error 0.000195
/deprop Inner Error 0.018547
/deprop Inner Error 0.000240
/deprop Inner Error 0.000009
Inner loop converged
/deprop Iteration 5 Outer Error 0.000019
/deprop Inner Error 0.002280
/deprop Inner Error 0.000023
/deprop Inner Error 0.000003
Inner loop converged
>> /bottoms.Out
Port: /bottoms.Out + sim21.old.solver.Ports.Port_Material
Connected to: None
VapFrac            = 1.4153143639439719e-08 = 
T                  = 257.2307116565666 = F
P                  = 205.0 = psia
MoleFlow           = 574.9957135757605 = lbmole/h
MassFlow           = 42424.92600096531 = lb/h
VolumeFlow         = 0.3792149052899395 = ft3/s
StdLiqVolumeFlow   = 0.30311157468285094 = ft3/s
H                  = -68488.60273601547 = Btu/lbmol
Energy             = -39374030.712647855 = Btu/hr
MolecularWeight    = 73.78303003204013 = 
ZFactor            = 0.06326328957033442 = 
METHANE            = 6.293179794255639e-11 = 
ETHANE             = 5.231337441581081e-06 = 
PROPANE            = 0.0177481241907142 = 
ISOBUTANE          = 0.19539268663183387 = 
N-BUTANE           = 0.1849365323671274 = 
ISOPENTANE         = 0.16747941103314642 = 
N-PENTANE          = 0.14417498343464538 = 
N-HEXANE           = 0.1206965507753931 = 
N-HEPTANE          = 0.09704420079656986 = 
N-OCTANE           = 0.07252227937019645 = 

>> 
>> delete spec
>> spec = Tower.MassRecoverySpec()
>> spec + PROPANE ETHANE
>> spec.Port.Fraction = .1
Calculating Jacobian for /deprop
Calculating disturbance 10 of 20 in jacobian of /deprop
Calculating disturbance 20 of 20 in jacobian of /deprop
/deprop Inner Error 0.047349
/deprop Inner Error 0.021536
/deprop Inner Error 0.013876
/deprop Inner Error 0.004587
/deprop Inner Error 0.000497
/deprop Inner Error 0.000185
/deprop Inner Error 0.000027
/deprop Inner Error 0.000008
Inner loop converged
/deprop Iteration 1 Outer Error 0.133383
/deprop Inner Error 0.017381
/deprop Inner Error 0.008574
/deprop Inner Error 0.002186
/deprop Inner Error 0.000399
/deprop Inner Error 0.000116
/deprop Inner Error 0.000014
/deprop Inner Error 0.000002
Inner loop converged
/deprop Iteration 2 Outer Error 0.009596
/deprop Inner Error 0.001596
/deprop Inner Error 0.000468
/deprop Inner Error 0.000190
/deprop Inner Error 0.000013
/deprop Inner Error 0.000007
Inner loop converged
/deprop Iteration 3 Outer Error 0.001235
/deprop Inner Error 0.000290
/deprop Inner Error 0.000021
/deprop Inner Error 0.000007
Inner loop converged
/deprop Iteration 4 Outer Error 0.000153
/deprop Inner Error 0.000010
/deprop Inner Error 0.000002
Inner loop converged
/deprop Iteration 5 Outer Error 0.000016
/deprop Inner Error 0.000002
Inner loop converged
>> /bottoms.Out
Port: /bottoms.Out + sim21.old.solver.Ports.Port_Material
Connected to: None
VapFrac            = 4.0441537403254096e-08 = 
T                  = 252.25580891944094 = F
P                  = 205.0 = psia
MoleFlow           = 586.2449853299499 = lbmole/h
MassFlow           = 42922.19212859408 = lb/h
VolumeFlow         = 0.38173865938568957 = ft3/s
StdLiqVolumeFlow   = 0.30687099243822324 = ft3/s
H                  = -68320.5123419254 = Btu/lbmol
Energy             = -40045822.47810813 = Btu/hr
MolecularWeight    = 73.21545293510971 = 
ZFactor            = 0.06289878495135973 = 
METHANE            = 9.770937006634989e-11 = 
ETHANE             = 1.1411144921686967e-05 = 
PROPANE            = 0.0364350191421974 = 
ISOBUTANE          = 0.19183455717313086 = 
N-BUTANE           = 0.1813515922758981 = 
ISOPENTANE         = 0.164265700181285 = 
N-PENTANE          = 0.14140845494697488 = 
N-HEXANE           = 0.11838054265392439 = 
N-HEPTANE          = 0.09518205023196087 = 
N-OCTANE           = 0.07113067215199745 = 

>> 
>> delete spec
>> spec = Tower.MoleRatioSpec()
>> spec + ETHANE PROPANE / ISOBUTANE n-BUTANE
>> spec.Port.Fraction = 0.05
Calculating Jacobian for /deprop
Calculating disturbance 10 of 20 in jacobian of /deprop
Calculating disturbance 20 of 20 in jacobian of /deprop
/deprop Inner Error 0.191029
/deprop Inner Error 0.015001
/deprop Inner Error 0.009700
/deprop Inner Error 0.005915
Step size too small - Exiting inner loop
/deprop Iteration 1 Outer Error 0.103370
Calculating Jacobian for /deprop
Calculating disturbance 10 of 20 in jacobian of /deprop
Calculating disturbance 20 of 20 in jacobian of /deprop
/deprop Inner Error 0.010493
/deprop Inner Error 0.009926
/deprop Inner Error 0.009343
/deprop Inner Error 0.008255
/deprop Inner Error 0.005106
/deprop Inner Error 0.000323
/deprop Inner Error 0.000011
/deprop Inner Error 0.000001
Inner loop converged
/deprop Iteration 2 Outer Error 0.007898
/deprop Inner Error 0.000982
/deprop Inner Error 0.000238
/deprop Inner Error 0.000119
/deprop Inner Error 0.000005
Inner loop converged
/deprop Iteration 3 Outer Error 0.000873
/deprop Inner Error 0.000071
/deprop Inner Error 0.000012
/deprop Inner Error 0.000000
Inner loop converged
/deprop Iteration 4 Outer Error 0.000118
/deprop Inner Error 0.000065
/deprop Inner Error 0.000006
Inner loop converged
/deprop Iteration 5 Outer Error 0.000014
/deprop Inner Error 0.000006
Inner loop converged
>> /bottoms.Out
Port: /bottoms.Out + sim21.old.solver.Ports.Port_Material
Connected to: None
VapFrac            = 0.0 = 
T                  = 256.8982664150874 = F
P                  = 205.0 = psia
MoleFlow           = 575.7267486150644 = lbmole/h
MassFlow           = 42457.22287774871 = lb/h
VolumeFlow         = 0.37937347227880175 = ft3/s
StdLiqVolumeFlow   = 0.30335573369355723 = ft3/s
H                  = -68477.77846198402 = Btu/lbmol
Energy             = -39417859.085484706 = Btu/hr
MolecularWeight    = 73.74544083504675 = 
ZFactor            = 0.06323870542754258 = 
METHANE            = 6.524974356435135e-11 = 
ETHANE             = 5.58831798476017e-06 = 
PROPANE            = 0.018987013726076894 = 
ISOBUTANE          = 0.19515711427631582 = 
N-BUTANE           = 0.18469714961228406 = 
ISOPENTANE         = 0.16726675175614272 = 
N-PENTANE          = 0.14399191574235143 = 
N-HEXANE           = 0.1205432950986263 = 
N-HEPTANE          = 0.09692097794039173 = 
N-OCTANE           = 0.07243019346457656 = 

>> 
>> delete spec
>> spec = Tower.MassRatioSpec()
>> spec + ETHANE PROPANE / ISOBUTANE n-BUTANE
>> spec.Port.Fraction = 0.05
Calculating Jacobian for /deprop
Calculating disturbance 10 of 20 in jacobian of /deprop
Calculating disturbance 20 of 20 in jacobian of /deprop
/deprop Inner Error 0.323992
/deprop Inner Error 0.065317
/deprop Inner Error 0.020550
Step size too small - Exiting inner loop
/deprop Iteration 1 Outer Error 0.111424
Calculating Jacobian for /deprop
Calculating disturbance 10 of 20 in jacobian of /deprop
Calculating disturbance 20 of 20 in jacobian of /deprop
/deprop Inner Error 0.070960
/deprop Inner Error 0.003991
/deprop Inner Error 0.003580
/deprop Inner Error 0.000178
/deprop Inner Error 0.000021
/deprop Inner Error 0.000003
Inner loop converged
/deprop Iteration 2 Outer Error 0.016535
/deprop Inner Error 0.006205
/deprop Inner Error 0.002989
/deprop Inner Error 0.000382
/deprop Inner Error 0.000026
/deprop Inner Error 0.000001
Inner loop converged
/deprop Iteration 3 Outer Error 0.001111
/deprop Inner Error 0.002168
/deprop Inner Error 0.000204
/deprop Inner Error 0.000001
Inner loop converged
/deprop Iteration 4 Outer Error 0.000228
/deprop Inner Error 0.000206
/deprop Inner Error 0.000022
/deprop Inner Error 0.000000
Inner loop converged
/deprop Iteration 5 Outer Error 0.000022
/deprop Inner Error 0.000001
Inner loop converged
>> /bottoms.Out
Port: /bottoms.Out + sim21.old.solver.Ports.Port_Material
Connected to: None
VapFrac            = 1.8541749980225034e-08 = 
T                  = 255.32165263889098 = F
P                  = 205.0 = psia
MoleFlow           = 579.2340532319917 = lbmole/h
MassFlow           = 42612.22847644522 = lb/h
VolumeFlow         = 0.38014561828263893 = ft3/s
StdLiqVolumeFlow   = 0.30452759096953813 = ft3/s
H                  = -68425.64789382764 = Btu/lbmol
Energy             = -39627800.403874435 = Btu/hr
MolecularWeight    = 73.56651122497101 = 
ZFactor            = 0.06312260616564011 = 
METHANE            = 7.597748185959788e-11 = 
ETHANE             = 7.3642924228794826e-06 = 
PROPANE            = 0.02488056465499863 = 
ISOBUTANE          = 0.1940362601410578 = 
N-BUTANE           = 0.18356270416017126 = 
ISOPENTANE         = 0.16625393797273358 = 
N-PENTANE          = 0.14312003416940713 = 
N-HEXANE           = 0.11981339671725713 = 
N-HEPTANE          = 0.0963341144260399 = 
N-OCTANE           = 0.07199162338993421 = 

>> 
>> delete spec
>> cd ..
/deprop.Stage_19
>> spec = Tower.ReboilRatioSpec()
>> spec.Port = 2
Calculating Jacobian for /deprop
Calculating disturbance 10 of 20 in jacobian of /deprop
Calculating disturbance 20 of 20 in jacobian of /deprop
/deprop Inner Error 0.191631
/deprop Inner Error 0.067452
/deprop Inner Error 0.026506
/deprop Inner Error 0.007195
/deprop Inner Error 0.005170
/deprop Inner Error 0.003844
/deprop Inner Error 0.000810
/deprop Inner Error 0.000225
/deprop Inner Error 0.000030
/deprop Inner Error 0.000012
/deprop Inner Error 0.000003
Inner loop converged
/deprop Iteration 1 Outer Error 0.053136
/deprop Inner Error 0.013606
/deprop Inner Error 0.007246
/deprop Inner Error 0.001428
/deprop Inner Error 0.000553
/deprop Inner Error 0.000249
/deprop Inner Error 0.000020
/deprop Inner Error 0.000006
Inner loop converged
/deprop Iteration 2 Outer Error 0.008939
/deprop Inner Error 0.001360
/deprop Inner Error 0.001150
/deprop Inner Error 0.000257
/deprop Inner Error 0.000023
/deprop Inner Error 0.000004
Inner loop converged
/deprop Iteration 3 Outer Error 0.000982
/deprop Inner Error 0.000379
/deprop Inner Error 0.000214
/deprop Inner Error 0.000044
/deprop Inner Error 0.000002
Inner loop converged
/deprop Iteration 4 Outer Error 0.000090
/deprop Inner Error 0.000022
/deprop Inner Error 0.000004
Inner loop converged
>> /bottoms.Out
Port: /bottoms.Out + sim21.old.solver.Ports.Port_Material
Connected to: None
VapFrac            = 4.522366690039182e-06 = 
T                  = 260.94395939066044 = F
P                  = 205.0 = psia
MoleFlow           = 567.0362561178893 = lbmole/h
MassFlow           = 42073.7637322344 = lb/h
VolumeFlow         = 0.37756513849054957 = ft3/s
StdLiqVolumeFlow   = 0.30045710930483527 = ft3/s
H                  = -68605.36189567871 = Btu/lbmol
Energy             = -38895185.8061581 = Btu/hr
MolecularWeight    = 74.19942424896213 = 
ZFactor            = 0.06354309712067825 = 
METHANE            = 1.2117684678548478e-07 = 
ETHANE             = 1.320243446431159e-06 = 
PROPANE            = 0.003991187685650561 = 
ISOBUTANE          = 0.1979955211139482 = 
N-BUTANE           = 0.18764532788734045 = 
ISOPENTANE         = 0.16983032761224545 = 
N-PENTANE          = 0.1461987602488087 = 
N-HEXANE           = 0.1223907605550492 = 
N-HEPTANE          = 0.09840640353941446 = 
N-OCTANE           = 0.07354026993724969 = 

>> spec.Port = None
>> 
>> # SPECIAL PROPERTIES NOT YET SUPPORTED!
>> # cd l
>> # viscosity = Tower.PropertySpec('Viscosity')
>> # viscosity.Port = 0.078
>> # /bottoms.Out
>> 
>> # viscosity.Port = None
>> # speedofsound = Tower.PropertySpec('SpeedOfSound')
>> # speedofsound.Port = 400 m/s
>> # /bottoms.Out
>> # viscosity.Port
>> 
>> 
>> #Test some special properties
>> # speedofsound.Port = None
>> # rvpd323 = Tower.SpecialPropertySpec("ReidVaporPressure_D323")
>> # rvpd323.Port = 33.027
>> # /bottoms.Out
>> # viscosity.Port
>> # speedofsound.Port
>> 
>> # rvpd323.Port = None
>> # kinvisc = Tower.SpecialPropertySpec("KinematicViscosity")
>> # kinvisc.Port = 3.1
>> # /bottoms.Out
>> # viscosity.Port
>> # speedofsound.Port
>> # rvpd323.Port
>> 
>> # copy /deprop /overhead /bottoms
>> # paste /
>> # cd /depropClone.Stage_19.l
>> # /bottomsClone.Out
>> # viscosity.Port
>> # speedofsound.Port
>> # rvpd323.Port
