>> # Depeopanizer test (from old Hysim manual)
>> units Field
>> $thermo = Sim21Thermo.Peng-Robinson
pkgName: Peng-Robinson
>> / -> $thermo
Thermo case attached to a unit operation. / to /thermo
>> thermo + Methane Ethane PROPANE
Methane Ethane PROPANE 
>> thermo + ISOBUTANE n-BUTANE ISOPENTANE n-PENTANE n-Hexane
ISOBUTANE n-BUTANE ISOPENTANE n-PENTANE n-Hexane 
>> thermo + n-Heptane n-Octane
n-Heptane n-Octane 
>> 
>> deprop = Tower.Tower()
>> deprop.Stage_0 + 18  # twenty stages`
>> 
>> cd deprop.Stage_0
/deprop.Stage_0
>> 
>> v = Tower.VapourDraw()
>> v.Port.P = 200
>> v.Port.Fraction.ISOBUTANE = .01
>> 
>> cond = Tower.EnergyFeed(0)
>> #cond.Port.Energy = 1.667e6
>> 
>> #estReflux = Tower.Estimate('Reflux')
>> #estReflux.Value = .45
>> estT = Tower.Estimate('T')
>> estT.Value = 25
>> 
>> #reflux = Tower.StageSpecification('Reflux')
>> #reflux.Value = .5042
>> 
>> cd ../Stage_9
/deprop.Stage_9
>> f = Tower.Feed()
>> f.Port.T = 50
>> f.Port.P = 480
>> f.Port.MoleFlow = 1000
>> f.Port.Fraction = .1702 .1473 .1132 .1166 .1066 .0963 .0829 .0694 .0558 .0417
>> f.Port
Port: /deprop.Feed_9_f + sim21.solver.Ports.Port_Material
Connected to: None
VapFrac            = 0.0012160576534577289 = 
T                  = 49.99999999999999 * F
P                  = 480.0 * psia
MoleFlow           = 1000.0000000000001 * lbmole/h
MassFlow           = 54388.326918000006 = lb/h
VolumeFlow         = 0.4158123139223912 = ft3/s
StdLiqVolumeFlow   = 0.39667686847159 = ft3/s
H                  = -62299.57969537366 = Btu/lbmol
Energy             = -62289103.33675756 = Btu/hr
MolecularWeight    = 54.388326918 = 
ZFactor            = 0.13136680931210476 = 
METHANE            = 0.17020000000000002 * 
ETHANE             = 0.14730000000000001 * 
PROPANE            = 0.11320000000000001 * 
ISOBUTANE          = 0.11660000000000001 * 
N-BUTANE           = 0.10660000000000001 * 
ISOPENTANE         = 0.09630000000000001 * 
N-PENTANE          = 0.08290000000000002 * 
N-HEXANE           = 0.06940000000000002 * 
N-HEPTANE          = 0.05580000000000001 * 
N-OCTANE           = 0.04170000000000001 * 

>> 
>> #estT = Tower.Estimate('T')
>> #estT.Value = 100
>> 
>> cd ../Stage_19
/deprop.Stage_19
>> l = Tower.LiquidDraw()
>> l.Port.P = 205
>> l.Port.Fraction.PROPANE = .02
>> 
>> reb = Tower.EnergyFeed(1)
>> #reb.Port.Energy = 8.42e6
>> estT = Tower.Estimate('T')
>> estT.Value = 250
>> 
>> cd ..
/deprop
>> 
>> /overhead = Stream.Stream_Material()
>> /overhead.In -> Stage_0.v.Port
>> 
>> /bottoms = Stream.Stream_Material()
>> /bottoms.In -> Stage_19.l.Port
>> 
>> 
>> 
>> TryToSolve = 1  # start calculation
Calculating Jacobian for /deprop
Calculating disturbance 10 of 20 in jacobian of /deprop
Calculating disturbance 20 of 20 in jacobian of /deprop
/deprop Inner Error 0.012860
/deprop Inner Error 0.006832
/deprop Inner Error 0.006678
/deprop Inner Error 0.003165
/deprop Inner Error 0.000681
/deprop Inner Error 0.000239
/deprop Inner Error 0.000058
/deprop Inner Error 0.000008
Inner loop converged
/deprop Iteration 1 Outer Error 0.108172
/deprop Inner Error 0.004526
/deprop Inner Error 0.001723
/deprop Inner Error 0.000432
/deprop Inner Error 0.000138
/deprop Inner Error 0.000028
/deprop Inner Error 0.000005
Inner loop converged
/deprop Iteration 2 Outer Error 0.006766
/deprop Inner Error 0.000600
/deprop Inner Error 0.000142
/deprop Inner Error 0.000025
/deprop Inner Error 0.000005
Inner loop converged
/deprop Iteration 3 Outer Error 0.001283
/deprop Inner Error 0.000058
/deprop Inner Error 0.000006
Inner loop converged
/deprop Iteration 4 Outer Error 0.000129
/deprop Inner Error 0.000011
/deprop Inner Error 0.000003
Inner loop converged
/deprop Iteration 5 Outer Error 0.000014
/deprop Inner Error 0.000002
Inner loop converged
>> 
>> /overhead.Out
Port: /overhead.Out + sim21.solver.Ports.Port_Material
Connected to: None
VapFrac            = 0.999996530863219 = 
T                  = 24.580602670090283 = F
P                  = 200.0 = psia
MoleFlow           = 423.6734232268661 = lbmole/h
MassFlow           = 11904.606872168857 = lb/h
VolumeFlow         = 2.6344298025390143 = ft3/s
StdLiqVolumeFlow   = 0.09312080958890798 = ft3/s
H                  = -37822.335677769195 = Btu/lbmol
Energy             = -16021623.76588294 = Btu/hr
MolecularWeight    = 28.09854481924385 = 
ZFactor            = 0.8614922512399985 = 
METHANE            = 0.4017245138130373 = 
ETHANE             = 0.3476654447805084 = 
PROPANE            = 0.2399815758657627 = 
ISOBUTANE          = 0.01 = 
N-BUTANE           = 0.0006297012770554387 = 
ISOPENTANE         = 1.3466684847429052e-07 = 
N-PENTANE          = 5.953728168815771e-09 = 
N-HEXANE           = 1.496154796687969e-09 = 
N-HEPTANE          = 1.1452613517077417e-09 = 
N-OCTANE           = 4.930823076433174e-10 = 

>> /bottoms.Out
Port: /bottoms.Out + sim21.solver.Ports.Port_Material
Connected to: None
VapFrac            = 3.0166031853868946e-06 = 
T                  = 256.62671277371487 = F
P                  = 205.0 = psia
MoleFlow           = 576.3265767731338 = lbmole/h
MassFlow           = 42483.727306754634 = lb/h
VolumeFlow         = 0.3795171721688105 = ft3/s
StdLiqVolumeFlow   = 0.303556134596017 = ft3/s
H                  = -68468.85925640282 = Btu/lbmol
Energy             = -39453787.5672031 = Btu/hr
MolecularWeight    = 73.714676749514 = 
ZFactor            = 0.06322077512488763 = 
METHANE            = 6.711816056222231e-11 = 
ETHANE             = 5.8835949750358955e-06 = 
PROPANE            = 0.02 = 
ISOBUTANE          = 0.19496558852225684 = 
N-BUTANE           = 0.1845016637957281 = 
ISOPENTANE         = 0.16709266382338453 = 
N-PENTANE          = 0.1438420520908868 = 
N-HEXANE           = 0.12041783628076155 = 
N-HEPTANE          = 0.09682010471772573 = 
N-OCTANE           = 0.07235480970628394 = 

>> 
>> 
>> # Now lets do some vol flow specs
>> # commonproperties + VolumeFlow StdLiqMolarVol
>> # displayproperties + StdLiqMolarVol StdLiqVolumeFlow
>> 
>> TryToSolve = 1
/deprop Inner Error 0.000001
Inner loop converged
/deprop Iteration 1 Outer Error 0.000007
/deprop Inner Error 0.000000
Inner loop converged
>> TryToRestart = 1
/deprop Inner Error 0.000000
Inner loop converged
/deprop Iteration 1 Outer Error 0.000001
/deprop Inner Error 0.000000
Inner loop converged
>> 
>> #Delete fractions
>> /deprop.LiquidDraw_19_l.Fraction = None None None None None None None None None None
>> /deprop.LiquidDraw_19_l.StdLiqVolumeFlow = 0.304
/deprop Inner Error 0.000446
/deprop Inner Error 0.000090
/deprop Inner Error 0.000023
/deprop Inner Error 0.000001
Inner loop converged
/deprop Iteration 1 Outer Error 0.002030
/deprop Inner Error 0.000458
/deprop Inner Error 0.000147
/deprop Inner Error 0.000021
/deprop Inner Error 0.000003
Inner loop converged
/deprop Iteration 2 Outer Error 0.000271
/deprop Inner Error 0.000031
/deprop Inner Error 0.000002
Inner loop converged
/deprop Iteration 3 Outer Error 0.000035
/deprop Inner Error 0.000002
Inner loop converged
>> /overhead.Out
Port: /overhead.Out + sim21.solver.Ports.Port_Material
Connected to: None
VapFrac            = 1.0 = 
T                  = 24.197156799438687 = F
P                  = 200.0 = psia
MoleFlow           = 422.3437209386715 = lbmole/h
MassFlow           = 11845.830739693749 = lb/h
VolumeFlow         = 2.62464453127234 = ft3/s
StdLiqVolumeFlow   = 0.09267646707403107 = ft3/s
H                  = -37798.94971528004 = Btu/lbmol
Energy             = -15961464.52331084 = Btu/hr
MolecularWeight    = 28.04784314101487 = 
ZFactor            = 0.8616768851519904 = 
METHANE            = 0.40298925541467856 = 
ETHANE             = 0.3487590994228711 = 
PROPANE            = 0.23760977864580457 = 
ISOBUTANE          = 0.01 = 
N-BUTANE           = 0.000640798277461991 = 
ISOPENTANE         = 1.3597116616119136e-07 = 
N-PENTANE          = 5.967272955807496e-09 = 
N-HEXANE           = 1.4476046936926141e-09 = 
N-HEPTANE          = 1.0914781845118868e-09 = 
N-OCTANE           = 4.664507362500622e-10 = 

>> /bottoms.Out
Port: /bottoms.Out + sim21.solver.Ports.Port_Material
Connected to: None
VapFrac            = 1.3191452548800654e-06 = 
T                  = 256.02713434186154 = F
P                  = 205.0 = psia
MoleFlow           = 577.6562790613284 = lbmole/h
MassFlow           = 42542.484450873184 = lb/h
VolumeFlow         = 0.37980153331111877 = ft3/s
StdLiqVolumeFlow   = 0.304 = ft3/s
H                  = -68449.12611385912 = Btu/lbmol
Energy             = -39533418.39927916 = Btu/hr
MolecularWeight    = 73.64670997777995 = 
ZFactor            = 0.06317538934228646 = 
METHANE            = 3.180067577439846e-08 = 
ETHANE             = 6.551021189782147e-06 = 
PROPANE            = 0.022239872431046102 = 
ISOBUTANE          = 0.1945381309198016 = 
N-BUTANE           = 0.18407029703530137 = 
ISOPENTANE         = 0.1667080339365753 = 
N-PENTANE          = 0.14351094324547017 = 
N-HEXANE           = 0.1201406474822465 = 
N-HEPTANE          = 0.09659723534849154 = 
N-OCTANE           = 0.07218825677920192 = 

>> 
>> /deprop.LiquidDraw_19_l.StdLiqVolumeFlow =
>> /deprop.VapourDraw_0_v.VolumeFlow = 2.0
/deprop Inner Error 0.631895
/deprop Inner Error 0.422729
/deprop Inner Error 0.053411
Step size too small - Exiting inner loop
/deprop Iteration 1 Outer Error 0.126068
Calculating Jacobian for /deprop
Calculating disturbance 10 of 20 in jacobian of /deprop
Calculating disturbance 20 of 20 in jacobian of /deprop
/deprop Inner Error 0.252808
/deprop Inner Error 0.234076
/deprop Inner Error 0.227692
/deprop Inner Error 0.226610
/deprop Inner Error 0.226237
/deprop Inner Error 0.226227
/deprop Inner Error 0.226213
/deprop Inner Error 0.226174
/deprop Inner Error 0.226171
Inner loop is not changing significantly - exiting
/deprop Iteration 2 Outer Error 0.286078
Calculating Jacobian for /deprop
Calculating disturbance 10 of 20 in jacobian of /deprop
Calculating disturbance 20 of 20 in jacobian of /deprop
/deprop Inner Error 0.499226
/deprop Inner Error 0.453744
/deprop Inner Error 0.173627
/deprop Inner Error 0.056604
/deprop Inner Error 0.044245
/deprop Inner Error 0.006661
/deprop Inner Error 0.005724
/deprop Inner Error 0.001964
/deprop Inner Error 0.001049
/deprop Inner Error 0.000438
/deprop Inner Error 0.000016
/deprop Inner Error 0.000016
Inner loop is not changing significantly - exiting
/deprop Iteration 3 Outer Error 0.077841
Calculating Jacobian for /deprop
Calculating disturbance 10 of 20 in jacobian of /deprop
Calculating disturbance 20 of 20 in jacobian of /deprop
/deprop Inner Error 0.052109
/deprop Inner Error 0.007566
Step size too small - Exiting inner loop
/deprop Iteration 4 Outer Error 0.015043
Calculating Jacobian for /deprop
Calculating disturbance 10 of 20 in jacobian of /deprop
Calculating disturbance 20 of 20 in jacobian of /deprop
/deprop Inner Error 0.025130
/deprop Inner Error 0.001938
/deprop Inner Error 0.000178
/deprop Inner Error 0.000100
/deprop Inner Error 0.000018
/deprop Inner Error 0.000007
Inner loop converged
/deprop Iteration 5 Outer Error 0.029778
/deprop Inner Error 0.066171
/deprop Inner Error 0.006830
/deprop Inner Error 0.006532
/deprop Inner Error 0.001271
/deprop Inner Error 0.000365
/deprop Inner Error 0.000039
/deprop Inner Error 0.000004
Inner loop converged
/deprop Iteration 6 Outer Error 0.006547
/deprop Inner Error 0.000945
/deprop Inner Error 0.000161
/deprop Inner Error 0.000019
/deprop Inner Error 0.000003
Inner loop converged
/deprop Iteration 7 Outer Error 0.001747
/deprop Inner Error 0.000075
/deprop Inner Error 0.000008
Inner loop converged
/deprop Iteration 8 Outer Error 0.000404
/deprop Inner Error 0.000010
Inner loop converged
/deprop Iteration 9 Outer Error 0.000097
/deprop Inner Error 0.000006
Inner loop converged
>> /overhead.Out
Port: /overhead.Out + sim21.solver.Ports.Port_Material
Connected to: None
VapFrac            = 0.9999998840729358 = 
T                  = -10.790329412402384 = F
P                  = 200.0 = psia
MoleFlow           = 343.95425996606923 = lbmole/h
MassFlow           = 8390.46390794753 = lb/h
VolumeFlow         = 2.0 = ft3/s
StdLiqVolumeFlow   = 0.06656966778862351 = ft3/s
H                  = -36168.589443284596 = Btu/lbmol
Energy             = -12438248.436097542 = Btu/hr
MolecularWeight    = 24.394126895590002 = 
ZFactor            = 0.8690890336310924 = 
METHANE            = 0.4948330713609306 = 
ETHANE             = 0.425876901590481 = 
PROPANE            = 0.06833048904994656 = 
ISOBUTANE          = 0.01 = 
N-BUTANE           = 0.0009597029927570221 = 
ISOPENTANE         = 8.896821086409133e-08 = 
N-PENTANE          = 2.4068373974958235e-09 = 
N-HEXANE           = 1.3350473267453973e-10 = 
N-HEPTANE          = 4.865379553848141e-11 = 
N-OCTANE           = 1.3515160759366393e-11 = 

>> /bottoms.Out
Port: /bottoms.Out + sim21.solver.Ports.Port_Material
Connected to: None
VapFrac            = 2.195054539229645e-06 = 
T                  = 226.49654159698704 = F
P                  = 205.0 = psia
MoleFlow           = 656.0457400339312 = lbmole/h
MassFlow           = 45997.865986439196 = lb/h
VolumeFlow         = 0.3999648721415601 = ft3/s
StdLiqVolumeFlow   = 0.3301072245817494 = ft3/s
H                  = -67249.22124692134 = Btu/lbmol
Energy             = -44111146.098324746 = Btu/hr
MolecularWeight    = 70.11380941831915 = 
ZFactor            = 0.06110098113231287 = 
METHANE            = 8.708739417223592e-08 = 
ETHANE             = 0.0012465982581660593 = 
PROPANE            = 0.1367243649826416 = 
ISOBUTANE          = 0.17248880488280485 = 
N-BUTANE           = 0.16198551348240256 = 
ISOPENTANE         = 0.14678849891476192 = 
N-PENTANE          = 0.1263631392040902 = 
N-HEXANE           = 0.10578530690633105 = 
N-HEPTANE          = 0.08505504506496654 = 
N-OCTANE           = 0.06356264121644116 = 

>> 
>> TryToRestart = 1  #Keep last solution and ramp it up
/deprop Inner Error 0.000000
Inner loop converged
/deprop Iteration 1 Outer Error 0.000024
/deprop Inner Error 0.000001
Inner loop converged
>> /deprop.VapourDraw_0_v.VolumeFlow = 2.8
/deprop Inner Error 0.160930
/deprop Inner Error 0.032662
/deprop Inner Error 0.013313
/deprop Inner Error 0.008949
/deprop Inner Error 0.002194
/deprop Inner Error 0.000134
/deprop Inner Error 0.000124
/deprop Inner Error 0.000023
/deprop Inner Error 0.000002
Inner loop converged
/deprop Iteration 1 Outer Error 0.093869
/deprop Inner Error 0.516090
/deprop Inner Error 0.210696
/deprop Inner Error 0.190797
Step size too small - Exiting inner loop
/deprop Iteration 2 Outer Error 0.276579
Calculating Jacobian for /deprop
Calculating disturbance 10 of 20 in jacobian of /deprop
Calculating disturbance 20 of 20 in jacobian of /deprop
/deprop Inner Error 2.573241
/deprop Inner Error 2.073992
/deprop Inner Error 1.183514
/deprop Inner Error 0.268815
/deprop Inner Error 0.049123
Step size too small - Exiting inner loop
/deprop Iteration 3 Outer Error 0.982307
Calculating Jacobian for /deprop
Calculating disturbance 10 of 20 in jacobian of /deprop
Calculating disturbance 20 of 20 in jacobian of /deprop
/deprop Inner Error 1.131388
/deprop Inner Error 0.939994
/deprop Inner Error 0.666902
/deprop Inner Error 0.189677
/deprop Inner Error 0.173952
Step size too small - Exiting inner loop
/deprop Iteration 4 Outer Error 0.269512
Calculating Jacobian for /deprop
Calculating disturbance 10 of 20 in jacobian of /deprop
Calculating disturbance 20 of 20 in jacobian of /deprop
/deprop Inner Error 0.321895
/deprop Inner Error 0.321890
Inner loop is not changing significantly - exiting
/deprop Iteration 5 Outer Error 0.216167
Calculating Jacobian for /deprop
Calculating disturbance 10 of 20 in jacobian of /deprop
Calculating disturbance 20 of 20 in jacobian of /deprop
/deprop Inner Error 2.319174
/deprop Inner Error 2.319095
/deprop Inner Error 2.314865
/deprop Inner Error 2.300439
/deprop Inner Error 2.285196
/deprop Inner Error 2.275855
/deprop Inner Error 2.267967
/deprop Inner Error 2.262725
/deprop Inner Error 2.258208
/deprop Inner Error 2.255355
/deprop Inner Error 2.252698
/deprop Inner Error 2.251240
/deprop Inner Error 2.249600
/deprop Inner Error 2.248957
/deprop Inner Error 2.247850
/deprop Inner Error 2.247701
/deprop Inner Error 2.246847
Step size too small - Exiting inner loop
/deprop Iteration 6 Outer Error 0.135850
Calculating Jacobian for /deprop
Calculating disturbance 10 of 20 in jacobian of /deprop
Calculating disturbance 20 of 20 in jacobian of /deprop
Step size too small - Exiting inner loop
/deprop Iteration 7 Outer Error 0.062737
Calculating Jacobian for /deprop
Calculating disturbance 10 of 20 in jacobian of /deprop
Calculating disturbance 20 of 20 in jacobian of /deprop
Step size too small - Exiting inner loop
/deprop Iteration 8 Outer Error 0.042641
Calculating Jacobian for /deprop
Calculating disturbance 10 of 20 in jacobian of /deprop
Calculating disturbance 20 of 20 in jacobian of /deprop
Step size too small - Exiting inner loop
/deprop Iteration 9 Outer Error 0.068178
Calculating Jacobian for /deprop
Calculating disturbance 10 of 20 in jacobian of /deprop
Calculating disturbance 20 of 20 in jacobian of /deprop
Step size too small - Exiting inner loop
/deprop Iteration 10 Outer Error 0.026984
Calculating Jacobian for /deprop
Calculating disturbance 10 of 20 in jacobian of /deprop
Calculating disturbance 20 of 20 in jacobian of /deprop
Step size too small - Exiting inner loop
/deprop Iteration 11 Outer Error 0.019141
Calculating Jacobian for /deprop
Calculating disturbance 10 of 20 in jacobian of /deprop
Calculating disturbance 20 of 20 in jacobian of /deprop
Step size too small - Exiting inner loop
/deprop Iteration 12 Outer Error 0.039368
Calculating Jacobian for /deprop
Calculating disturbance 10 of 20 in jacobian of /deprop
Calculating disturbance 20 of 20 in jacobian of /deprop
Step size too small - Exiting inner loop
/deprop Iteration 13 Outer Error 0.023136
Calculating Jacobian for /deprop
Calculating disturbance 10 of 20 in jacobian of /deprop
Calculating disturbance 20 of 20 in jacobian of /deprop
Step size too small - Exiting inner loop
/deprop Iteration 14 Outer Error 0.026132
Calculating Jacobian for /deprop
Calculating disturbance 10 of 20 in jacobian of /deprop
Calculating disturbance 20 of 20 in jacobian of /deprop
Step size too small - Exiting inner loop
/deprop Iteration 15 Outer Error 0.024467
Calculating Jacobian for /deprop
Calculating disturbance 10 of 20 in jacobian of /deprop
Calculating disturbance 20 of 20 in jacobian of /deprop
Step size too small - Exiting inner loop
/deprop Iteration 16 Outer Error 0.038774
Calculating Jacobian for /deprop
Calculating disturbance 10 of 20 in jacobian of /deprop
Calculating disturbance 20 of 20 in jacobian of /deprop
Step size too small - Exiting inner loop
/deprop Iteration 17 Outer Error 0.016642
Calculating Jacobian for /deprop
Calculating disturbance 10 of 20 in jacobian of /deprop
Calculating disturbance 20 of 20 in jacobian of /deprop
Step size too small - Exiting inner loop
/deprop Iteration 18 Outer Error 0.010089
Calculating Jacobian for /deprop
Calculating disturbance 10 of 20 in jacobian of /deprop
Calculating disturbance 20 of 20 in jacobian of /deprop
/deprop Inner Error 5.793873
/deprop Inner Error 5.793492
/deprop Inner Error 5.793124
/deprop Inner Error 5.790798
/deprop Inner Error 5.790601
/deprop Inner Error 5.784186
/deprop Inner Error 5.783191
/deprop Inner Error 5.761896
/deprop Inner Error 5.758022
/deprop Inner Error 5.721476
/deprop Inner Error 5.673358
/deprop Inner Error 5.487274
/deprop Inner Error 5.355772
/deprop Inner Error 5.210232
/deprop Inner Error 5.056695
/deprop Inner Error 4.988081
/deprop Inner Error 4.979799
Step size too small - Exiting inner loop
/deprop Iteration 19 Outer Error 0.052859
Calculating Jacobian for /deprop
Calculating disturbance 10 of 20 in jacobian of /deprop
Calculating disturbance 20 of 20 in jacobian of /deprop
/deprop Inner Error 5.524602
Inner loop is not changing significantly - exiting
/deprop Iteration 20 Outer Error 0.036265
Calculating Jacobian for /deprop
Calculating disturbance 10 of 20 in jacobian of /deprop
Calculating disturbance 20 of 20 in jacobian of /deprop
/deprop Inner Error 5.713715
Step size too small - Exiting inner loop
/deprop Iteration 21 Outer Error 0.007202
Calculating Jacobian for /deprop
Calculating disturbance 10 of 20 in jacobian of /deprop
Calculating disturbance 20 of 20 in jacobian of /deprop
/deprop Inner Error 5.771652
/deprop Inner Error 5.771645
Inner loop is not changing significantly - exiting
/deprop Iteration 22 Outer Error 0.009897
Calculating Jacobian for /deprop
Calculating disturbance 10 of 20 in jacobian of /deprop
Calculating disturbance 20 of 20 in jacobian of /deprop
/deprop Inner Error 5.824591
Step size too small - Exiting inner loop
/deprop Iteration 23 Outer Error 0.009327
Calculating Jacobian for /deprop
Calculating disturbance 10 of 20 in jacobian of /deprop
Calculating disturbance 20 of 20 in jacobian of /deprop
/deprop Inner Error 5.890003
/deprop Inner Error 5.889993
Inner loop is not changing significantly - exiting
/deprop Iteration 24 Outer Error 0.007372
Calculating Jacobian for /deprop
Calculating disturbance 10 of 20 in jacobian of /deprop
Calculating disturbance 20 of 20 in jacobian of /deprop
/deprop Inner Error 5.982643
/deprop Inner Error 5.982639
Inner loop is not changing significantly - exiting
/deprop Iteration 25 Outer Error 0.006135
Calculating Jacobian for /deprop
Calculating disturbance 10 of 20 in jacobian of /deprop
Calculating disturbance 20 of 20 in jacobian of /deprop
/deprop Inner Error 6.119636
/deprop Inner Error 6.119634
Inner loop is not changing significantly - exiting
/deprop Iteration 26 Outer Error 0.007610
Calculating Jacobian for /deprop
Calculating disturbance 10 of 20 in jacobian of /deprop
Calculating disturbance 20 of 20 in jacobian of /deprop
/deprop Inner Error 6.255083
Inner loop is not changing significantly - exiting
/deprop Iteration 27 Outer Error 0.007241
Calculating Jacobian for /deprop
Calculating disturbance 10 of 20 in jacobian of /deprop
Calculating disturbance 20 of 20 in jacobian of /deprop
/deprop Inner Error 6.312133
Step size too small - Exiting inner loop
/deprop Iteration 28 Outer Error 0.003133
Calculating Jacobian for /deprop
Calculating disturbance 10 of 20 in jacobian of /deprop
Calculating disturbance 20 of 20 in jacobian of /deprop
/deprop Inner Error 6.326227
Inner loop is not changing significantly - exiting
/deprop Iteration 29 Outer Error 0.001479
Calculating Jacobian for /deprop
Calculating disturbance 10 of 20 in jacobian of /deprop
Calculating disturbance 20 of 20 in jacobian of /deprop
/deprop Inner Error 6.338560
Inner loop is not changing significantly - exiting
/deprop Iteration 30 Outer Error 0.001107
Calculating Jacobian for /deprop
Calculating disturbance 10 of 20 in jacobian of /deprop
Calculating disturbance 20 of 20 in jacobian of /deprop
/deprop Inner Error 6.347905
Inner loop is not changing significantly - exiting
/deprop Iteration 31 Outer Error 0.001050
Calculating Jacobian for /deprop
Calculating disturbance 10 of 20 in jacobian of /deprop
Calculating disturbance 20 of 20 in jacobian of /deprop
/deprop Inner Error 6.357266
Inner loop is not changing significantly - exiting
/deprop Iteration 32 Outer Error 0.001058
Calculating Jacobian for /deprop
Calculating disturbance 10 of 20 in jacobian of /deprop
Calculating disturbance 20 of 20 in jacobian of /deprop
/deprop Inner Error 6.366559
Inner loop is not changing significantly - exiting
/deprop Iteration 33 Outer Error 0.001039
Calculating Jacobian for /deprop
Calculating disturbance 10 of 20 in jacobian of /deprop
Calculating disturbance 20 of 20 in jacobian of /deprop
/deprop Inner Error 6.375488
Inner loop is not changing significantly - exiting
/deprop Iteration 34 Outer Error 0.001005
Calculating Jacobian for /deprop
Calculating disturbance 10 of 20 in jacobian of /deprop
Calculating disturbance 20 of 20 in jacobian of /deprop
/deprop Inner Error 6.384050
Inner loop is not changing significantly - exiting
/deprop Iteration 35 Outer Error 0.000975
Calculating Jacobian for /deprop
Calculating disturbance 10 of 20 in jacobian of /deprop
Calculating disturbance 20 of 20 in jacobian of /deprop
Step size too small - Exiting inner loop
/deprop Iteration 36 Outer Error 0.000594
Calculating Jacobian for /deprop
Calculating disturbance 10 of 20 in jacobian of /deprop
Calculating disturbance 20 of 20 in jacobian of /deprop
Step size too small - Exiting inner loop
/deprop Iteration 37 Outer Error 0.000387
Calculating Jacobian for /deprop
Calculating disturbance 10 of 20 in jacobian of /deprop
Calculating disturbance 20 of 20 in jacobian of /deprop
Step size too small - Exiting inner loop
/deprop Iteration 38 Outer Error 0.000492
Calculating Jacobian for /deprop
Calculating disturbance 10 of 20 in jacobian of /deprop
Calculating disturbance 20 of 20 in jacobian of /deprop
Step size too small - Exiting inner loop
/deprop Iteration 39 Outer Error 0.000470
Calculating Jacobian for /deprop
Calculating disturbance 10 of 20 in jacobian of /deprop
Calculating disturbance 20 of 20 in jacobian of /deprop
Step size too small - Exiting inner loop
/deprop Iteration 40 Outer Error 0.000451
Calculating Jacobian for /deprop
Calculating disturbance 10 of 20 in jacobian of /deprop
Calculating disturbance 20 of 20 in jacobian of /deprop
Step size too small - Exiting inner loop
/deprop Iteration 41 Outer Error 0.000434
Calculating Jacobian for /deprop
Calculating disturbance 10 of 20 in jacobian of /deprop
Calculating disturbance 20 of 20 in jacobian of /deprop
Step size too small - Exiting inner loop
/deprop Iteration 42 Outer Error 0.000428
Calculating Jacobian for /deprop
Calculating disturbance 10 of 20 in jacobian of /deprop
Calculating disturbance 20 of 20 in jacobian of /deprop
Step size too small - Exiting inner loop
/deprop Iteration 43 Outer Error 0.000422
Calculating Jacobian for /deprop
Calculating disturbance 10 of 20 in jacobian of /deprop
Calculating disturbance 20 of 20 in jacobian of /deprop
Step size too small - Exiting inner loop
/deprop Iteration 44 Outer Error 0.000414
Calculating Jacobian for /deprop
Calculating disturbance 10 of 20 in jacobian of /deprop
Calculating disturbance 20 of 20 in jacobian of /deprop
Step size too small - Exiting inner loop
/deprop Iteration 45 Outer Error 0.000407
Calculating Jacobian for /deprop
Calculating disturbance 10 of 20 in jacobian of /deprop
Calculating disturbance 20 of 20 in jacobian of /deprop
Step size too small - Exiting inner loop
/deprop Iteration 46 Outer Error 0.000399
Calculating Jacobian for /deprop
Calculating disturbance 10 of 20 in jacobian of /deprop
Calculating disturbance 20 of 20 in jacobian of /deprop
Step size too small - Exiting inner loop
/deprop Iteration 47 Outer Error 0.000392
Calculating Jacobian for /deprop
Calculating disturbance 10 of 20 in jacobian of /deprop
Calculating disturbance 20 of 20 in jacobian of /deprop
Step size too small - Exiting inner loop
/deprop Iteration 48 Outer Error 0.000385
Calculating Jacobian for /deprop
Calculating disturbance 10 of 20 in jacobian of /deprop
Calculating disturbance 20 of 20 in jacobian of /deprop
Step size too small - Exiting inner loop
/deprop Iteration 49 Outer Error 0.000378
Calculating Jacobian for /deprop
Calculating disturbance 10 of 20 in jacobian of /deprop
Calculating disturbance 20 of 20 in jacobian of /deprop
Step size too small - Exiting inner loop
/deprop Iteration 50 Outer Error 0.000375
Calculating Jacobian for /deprop
Calculating disturbance 10 of 20 in jacobian of /deprop
Calculating disturbance 20 of 20 in jacobian of /deprop
Step size too small - Exiting inner loop
/deprop failed to converge in 51 iterations - error = 0.000375
>> /overhead.Out
Port: /overhead.Out + sim21.solver.Ports.Port_Material
Connected to: None
VapFrac            = None
T                  = None
P                  = 200.0 = psia
MoleFlow           = None
MassFlow           = None
VolumeFlow         = 2.8 = ft3/s
StdLiqVolumeFlow   = None
H                  = None
Energy             = None
MolecularWeight    = None
ZFactor            = None
METHANE            = None
ETHANE             = None
PROPANE            = None
ISOBUTANE          = 0.01 = 
N-BUTANE           = None
ISOPENTANE         = None
N-PENTANE          = None
N-HEXANE           = None
N-HEPTANE          = None
N-OCTANE           = None

>> /bottoms.Out
Port: /bottoms.Out + sim21.solver.Ports.Port_Material
Connected to: None
VapFrac            = None
T                  = None
P                  = 205.0 = psia
MoleFlow           = None
MassFlow           = None
VolumeFlow         = None
StdLiqVolumeFlow   = None
H                  = None
Energy             = None
MolecularWeight    = None
ZFactor            = None
METHANE            = None
ETHANE             = None
PROPANE            = None
ISOBUTANE          = None
N-BUTANE           = None
ISOPENTANE         = None
N-PENTANE          = None
N-HEXANE           = None
N-HEPTANE          = None
N-OCTANE           = None

>> 
>> 
>> /deprop.VapourDraw_0_v.VolumeFlow = 2.0
/deprop Inner Error 7.288768
Step size too small - Exiting inner loop
/deprop Iteration 1 Outer Error 0.008982
Calculating Jacobian for /deprop
Calculating disturbance 10 of 20 in jacobian of /deprop
Calculating disturbance 20 of 20 in jacobian of /deprop
Step size too small - Exiting inner loop
/deprop Iteration 2 Outer Error 0.006666
Calculating Jacobian for /deprop
Calculating disturbance 10 of 20 in jacobian of /deprop
Calculating disturbance 20 of 20 in jacobian of /deprop
Step size too small - Exiting inner loop
/deprop Iteration 3 Outer Error 0.001582
Calculating Jacobian for /deprop
Calculating disturbance 10 of 20 in jacobian of /deprop
Calculating disturbance 20 of 20 in jacobian of /deprop
Step size too small - Exiting inner loop
/deprop Iteration 4 Outer Error 0.000335
Calculating Jacobian for /deprop
Calculating disturbance 10 of 20 in jacobian of /deprop
Calculating disturbance 20 of 20 in jacobian of /deprop
Step size too small - Exiting inner loop
/deprop Iteration 5 Outer Error 0.000064
Calculating Jacobian for /deprop
Calculating disturbance 10 of 20 in jacobian of /deprop
Calculating disturbance 20 of 20 in jacobian of /deprop
Step size too small - Exiting inner loop
/deprop Iteration 6 Outer Error 0.000014
Calculating Jacobian for /deprop
Calculating disturbance 10 of 20 in jacobian of /deprop
Calculating disturbance 20 of 20 in jacobian of /deprop
Step size too small - Exiting inner loop
/deprop Iteration 7 Outer Error 0.000004
Calculating Jacobian for /deprop
Calculating disturbance 10 of 20 in jacobian of /deprop
Calculating disturbance 20 of 20 in jacobian of /deprop
Step size too small - Exiting inner loop
/deprop Iteration 8 Outer Error 0.000001
Calculating Jacobian for /deprop
Calculating disturbance 10 of 20 in jacobian of /deprop
Calculating disturbance 20 of 20 in jacobian of /deprop
Step size too small - Exiting inner loop
/deprop Iteration 9 Outer Error 0.000000
Calculating Jacobian for /deprop
Calculating disturbance 10 of 20 in jacobian of /deprop
Calculating disturbance 20 of 20 in jacobian of /deprop
Step size too small - Exiting inner loop
/deprop Iteration 10 Outer Error 0.000001
Calculating Jacobian for /deprop
Calculating disturbance 10 of 20 in jacobian of /deprop
Calculating disturbance 20 of 20 in jacobian of /deprop
Step size too small - Exiting inner loop
/deprop Iteration 11 Outer Error 0.000000
Calculating Jacobian for /deprop
Calculating disturbance 10 of 20 in jacobian of /deprop
Calculating disturbance 20 of 20 in jacobian of /deprop
Step size too small - Exiting inner loop
/deprop Iteration 12 Outer Error 0.000001
Calculating Jacobian for /deprop
Calculating disturbance 10 of 20 in jacobian of /deprop
Calculating disturbance 20 of 20 in jacobian of /deprop
Step size too small - Exiting inner loop
/deprop Iteration 13 Outer Error 0.000000
Calculating Jacobian for /deprop
Calculating disturbance 10 of 20 in jacobian of /deprop
Calculating disturbance 20 of 20 in jacobian of /deprop
Step size too small - Exiting inner loop
/deprop Iteration 14 Outer Error 0.000001
Calculating Jacobian for /deprop
Calculating disturbance 10 of 20 in jacobian of /deprop
Calculating disturbance 20 of 20 in jacobian of /deprop
Step size too small - Exiting inner loop
/deprop Iteration 15 Outer Error 0.000000
Calculating Jacobian for /deprop
Calculating disturbance 10 of 20 in jacobian of /deprop
Calculating disturbance 20 of 20 in jacobian of /deprop
Step size too small - Exiting inner loop
/deprop Iteration 16 Outer Error 0.000001
Calculating Jacobian for /deprop
Calculating disturbance 10 of 20 in jacobian of /deprop
Calculating disturbance 20 of 20 in jacobian of /deprop
Step size too small - Exiting inner loop
/deprop Iteration 17 Outer Error 0.000000
Calculating Jacobian for /deprop
Calculating disturbance 10 of 20 in jacobian of /deprop
Calculating disturbance 20 of 20 in jacobian of /deprop
Step size too small - Exiting inner loop
/deprop Iteration 18 Outer Error 0.000001
Calculating Jacobian for /deprop
Calculating disturbance 10 of 20 in jacobian of /deprop
Calculating disturbance 20 of 20 in jacobian of /deprop
Step size too small - Exiting inner loop
/deprop Iteration 19 Outer Error 0.000000
Calculating Jacobian for /deprop
Calculating disturbance 10 of 20 in jacobian of /deprop
Calculating disturbance 20 of 20 in jacobian of /deprop
Step size too small - Exiting inner loop
/deprop Iteration 20 Outer Error 0.000001
Calculating Jacobian for /deprop
Calculating disturbance 10 of 20 in jacobian of /deprop
Calculating disturbance 20 of 20 in jacobian of /deprop
Step size too small - Exiting inner loop
/deprop Iteration 21 Outer Error 0.000000
Calculating Jacobian for /deprop
Calculating disturbance 10 of 20 in jacobian of /deprop
Calculating disturbance 20 of 20 in jacobian of /deprop
Step size too small - Exiting inner loop
/deprop Iteration 22 Outer Error 0.000001
Calculating Jacobian for /deprop
Calculating disturbance 10 of 20 in jacobian of /deprop
Calculating disturbance 20 of 20 in jacobian of /deprop
Step size too small - Exiting inner loop
/deprop Iteration 23 Outer Error 0.000000
Calculating Jacobian for /deprop
Calculating disturbance 10 of 20 in jacobian of /deprop
Calculating disturbance 20 of 20 in jacobian of /deprop
Step size too small - Exiting inner loop
/deprop Iteration 24 Outer Error 0.000001
Calculating Jacobian for /deprop
Calculating disturbance 10 of 20 in jacobian of /deprop
Calculating disturbance 20 of 20 in jacobian of /deprop
Step size too small - Exiting inner loop
/deprop Iteration 25 Outer Error 0.000000
Calculating Jacobian for /deprop
Calculating disturbance 10 of 20 in jacobian of /deprop
Calculating disturbance 20 of 20 in jacobian of /deprop
Step size too small - Exiting inner loop
/deprop Iteration 26 Outer Error 0.000001
Calculating Jacobian for /deprop
Calculating disturbance 10 of 20 in jacobian of /deprop
Calculating disturbance 20 of 20 in jacobian of /deprop
Step size too small - Exiting inner loop
/deprop Iteration 27 Outer Error 0.000000
Calculating Jacobian for /deprop
Calculating disturbance 10 of 20 in jacobian of /deprop
Calculating disturbance 20 of 20 in jacobian of /deprop
Step size too small - Exiting inner loop
/deprop Iteration 28 Outer Error 0.000001
Calculating Jacobian for /deprop
Calculating disturbance 10 of 20 in jacobian of /deprop
Calculating disturbance 20 of 20 in jacobian of /deprop
Step size too small - Exiting inner loop
/deprop Iteration 29 Outer Error 0.000000
Calculating Jacobian for /deprop
Calculating disturbance 10 of 20 in jacobian of /deprop
Calculating disturbance 20 of 20 in jacobian of /deprop
Step size too small - Exiting inner loop
/deprop Iteration 30 Outer Error 0.000001
Calculating Jacobian for /deprop
Calculating disturbance 10 of 20 in jacobian of /deprop
Calculating disturbance 20 of 20 in jacobian of /deprop
Step size too small - Exiting inner loop
/deprop Iteration 31 Outer Error 0.000000
Calculating Jacobian for /deprop
Calculating disturbance 10 of 20 in jacobian of /deprop
Calculating disturbance 20 of 20 in jacobian of /deprop
Step size too small - Exiting inner loop
/deprop Iteration 32 Outer Error 0.000001
Calculating Jacobian for /deprop
Calculating disturbance 10 of 20 in jacobian of /deprop
Calculating disturbance 20 of 20 in jacobian of /deprop
Step size too small - Exiting inner loop
/deprop Iteration 33 Outer Error 0.000000
Calculating Jacobian for /deprop
Calculating disturbance 10 of 20 in jacobian of /deprop
Calculating disturbance 20 of 20 in jacobian of /deprop
Step size too small - Exiting inner loop
/deprop Iteration 34 Outer Error 0.000001
Calculating Jacobian for /deprop
Calculating disturbance 10 of 20 in jacobian of /deprop
Calculating disturbance 20 of 20 in jacobian of /deprop
Step size too small - Exiting inner loop
/deprop Iteration 35 Outer Error 0.000000
Calculating Jacobian for /deprop
Calculating disturbance 10 of 20 in jacobian of /deprop
Calculating disturbance 20 of 20 in jacobian of /deprop
Step size too small - Exiting inner loop
/deprop Iteration 36 Outer Error 0.000001
Calculating Jacobian for /deprop
Calculating disturbance 10 of 20 in jacobian of /deprop
Calculating disturbance 20 of 20 in jacobian of /deprop
Step size too small - Exiting inner loop
/deprop Iteration 37 Outer Error 0.000000
Calculating Jacobian for /deprop
Calculating disturbance 10 of 20 in jacobian of /deprop
Calculating disturbance 20 of 20 in jacobian of /deprop
Step size too small - Exiting inner loop
/deprop Iteration 38 Outer Error 0.000001
Calculating Jacobian for /deprop
Calculating disturbance 10 of 20 in jacobian of /deprop
Calculating disturbance 20 of 20 in jacobian of /deprop
Step size too small - Exiting inner loop
/deprop Iteration 39 Outer Error 0.000000
Calculating Jacobian for /deprop
Calculating disturbance 10 of 20 in jacobian of /deprop
Calculating disturbance 20 of 20 in jacobian of /deprop
Step size too small - Exiting inner loop
/deprop Iteration 40 Outer Error 0.000001
Calculating Jacobian for /deprop
Calculating disturbance 10 of 20 in jacobian of /deprop
Calculating disturbance 20 of 20 in jacobian of /deprop
Step size too small - Exiting inner loop
/deprop Iteration 41 Outer Error 0.000000
Calculating Jacobian for /deprop
Calculating disturbance 10 of 20 in jacobian of /deprop
Calculating disturbance 20 of 20 in jacobian of /deprop
Step size too small - Exiting inner loop
/deprop Iteration 42 Outer Error 0.000001
Calculating Jacobian for /deprop
Calculating disturbance 10 of 20 in jacobian of /deprop
Calculating disturbance 20 of 20 in jacobian of /deprop
Step size too small - Exiting inner loop
/deprop Iteration 43 Outer Error 0.000000
Calculating Jacobian for /deprop
Calculating disturbance 10 of 20 in jacobian of /deprop
Calculating disturbance 20 of 20 in jacobian of /deprop
Step size too small - Exiting inner loop
/deprop Iteration 44 Outer Error 0.000001
Calculating Jacobian for /deprop
Calculating disturbance 10 of 20 in jacobian of /deprop
Calculating disturbance 20 of 20 in jacobian of /deprop
Step size too small - Exiting inner loop
/deprop Iteration 45 Outer Error 0.000000
Calculating Jacobian for /deprop
Calculating disturbance 10 of 20 in jacobian of /deprop
Calculating disturbance 20 of 20 in jacobian of /deprop
Step size too small - Exiting inner loop
/deprop Iteration 46 Outer Error 0.000001
Calculating Jacobian for /deprop
Calculating disturbance 10 of 20 in jacobian of /deprop
Calculating disturbance 20 of 20 in jacobian of /deprop
Step size too small - Exiting inner loop
/deprop Iteration 47 Outer Error 0.000000
Calculating Jacobian for /deprop
Calculating disturbance 10 of 20 in jacobian of /deprop
Calculating disturbance 20 of 20 in jacobian of /deprop
Step size too small - Exiting inner loop
/deprop Iteration 48 Outer Error 0.000001
Calculating Jacobian for /deprop
Calculating disturbance 10 of 20 in jacobian of /deprop
Calculating disturbance 20 of 20 in jacobian of /deprop
Step size too small - Exiting inner loop
/deprop Iteration 49 Outer Error 0.000000
Calculating Jacobian for /deprop
Calculating disturbance 10 of 20 in jacobian of /deprop
Calculating disturbance 20 of 20 in jacobian of /deprop
Step size too small - Exiting inner loop
/deprop Iteration 50 Outer Error 0.000001
Calculating Jacobian for /deprop
Calculating disturbance 10 of 20 in jacobian of /deprop
Calculating disturbance 20 of 20 in jacobian of /deprop
Step size too small - Exiting inner loop
/deprop failed to converge in 51 iterations - error = 0.000001
>> cd /
/
>> 
>> #Now lets play with re-naming
>> /deprop.Stage_0.v.NewName = VapDist
Rename port /deprop.VapourDraw_0_v to VapourDraw_0_VapDist.  It is connected to /overhead
>> 
>> #will not be there
>> /deprop.Stage_0.v
None
>> 
>> #Should be there
>> /deprop.Stage_0.VapDist
VapourDraw:VapDist
>> 
>> #Should not allow for repeated names in the same stage
>> /deprop.Stage_0.VapDist.NewName = cond
>> 
>> #Now rename to a name of a stream. It should be able to handle
>> #a name equal to another unit operation
>> /deprop.Stage_0.VapDist.NewName = overhead
Rename port /deprop.VapourDraw_0_VapDist to VapourDraw_0_overhead.  It is connected to /overhead
>> 
>> /deprop
Operation: deprop = sim21.unitop.Tower.Tower
Port: Feed_9_f = sim21.solver.Ports.Port_Material
Port: LiquidDraw_19_l = sim21.solver.Ports.Port_Material
Port: VapourDraw_0_overhead = sim21.solver.Ports.Port_Material
Port: EnergyFeed_19_reb = sim21.solver.Ports.Port_Energy
Port: EnergyFeed_0_cond = sim21.solver.Ports.Port_Energy
Port: Estimate_0_estT = sim21.solver.Ports.Port_Signal
Port: Estimate_19_estT = sim21.solver.Ports.Port_Signal
Parameter: Ignored = None
Parameter: TryToSolve = 1
Parameter: TryToRestart = 1
Parameter: TriggerSolve = 0
Parameter: FreqJacobianMsg = 10
Parameter: TryLastConverged = 0
Parameter: MaxInnerError = 1e-05
Parameter: MaxOuterError = 0.0001
Parameter: MinInnerStep = 1e-06
Parameter: MaxOuterLoops = 50
Parameter: MaxInnerLoops = 20
Parameter: Efficiencies = 1.0
Parameter: ConvReportLevel = 0
>> 
>> 
>> copy /deprop /bottoms /overhead
Copied /deprop /bottoms /overhead to the clipboard
>> paste /
Pasting /deprop /bottoms /overhead
Pasted /deprop /bottoms /overhead as /depropClone /bottomsClone /overheadClone
/depropClone Inner Error 7.411948
Step size too small - Exiting inner loop
/depropClone Iteration 1 Outer Error 0.004071
Calculating Jacobian for /depropClone
Calculating disturbance 10 of 20 in jacobian of /depropClone
Calculating disturbance 20 of 20 in jacobian of /depropClone
Step size too small - Exiting inner loop
/depropClone Iteration 2 Outer Error 0.001293
Calculating Jacobian for /depropClone
Calculating disturbance 10 of 20 in jacobian of /depropClone
Calculating disturbance 20 of 20 in jacobian of /depropClone
Step size too small - Exiting inner loop
/depropClone Iteration 3 Outer Error 0.000409
Calculating Jacobian for /depropClone
Calculating disturbance 10 of 20 in jacobian of /depropClone
Calculating disturbance 20 of 20 in jacobian of /depropClone
Step size too small - Exiting inner loop
/depropClone Iteration 4 Outer Error 0.000066
Calculating Jacobian for /depropClone
Calculating disturbance 10 of 20 in jacobian of /depropClone
Calculating disturbance 20 of 20 in jacobian of /depropClone
Step size too small - Exiting inner loop
/depropClone Iteration 5 Outer Error 0.000005
Calculating Jacobian for /depropClone
Calculating disturbance 10 of 20 in jacobian of /depropClone
Calculating disturbance 20 of 20 in jacobian of /depropClone
Step size too small - Exiting inner loop
/depropClone Iteration 6 Outer Error 0.000001
Calculating Jacobian for /depropClone
Calculating disturbance 10 of 20 in jacobian of /depropClone
Calculating disturbance 20 of 20 in jacobian of /depropClone
Step size too small - Exiting inner loop
/depropClone Iteration 7 Outer Error 0.000000
Calculating Jacobian for /depropClone
Calculating disturbance 10 of 20 in jacobian of /depropClone
Calculating disturbance 20 of 20 in jacobian of /depropClone
Step size too small - Exiting inner loop
/depropClone Iteration 8 Outer Error 0.000001
Calculating Jacobian for /depropClone
Calculating disturbance 10 of 20 in jacobian of /depropClone
Calculating disturbance 20 of 20 in jacobian of /depropClone
Step size too small - Exiting inner loop
/depropClone Iteration 9 Outer Error 0.000000
Calculating Jacobian for /depropClone
Calculating disturbance 10 of 20 in jacobian of /depropClone
Calculating disturbance 20 of 20 in jacobian of /depropClone
Step size too small - Exiting inner loop
/depropClone Iteration 10 Outer Error 0.000001
Calculating Jacobian for /depropClone
Calculating disturbance 10 of 20 in jacobian of /depropClone
Calculating disturbance 20 of 20 in jacobian of /depropClone
Step size too small - Exiting inner loop
/depropClone Iteration 11 Outer Error 0.000000
Calculating Jacobian for /depropClone
Calculating disturbance 10 of 20 in jacobian of /depropClone
Calculating disturbance 20 of 20 in jacobian of /depropClone
Step size too small - Exiting inner loop
/depropClone Iteration 12 Outer Error 0.000001
Calculating Jacobian for /depropClone
Calculating disturbance 10 of 20 in jacobian of /depropClone
Calculating disturbance 20 of 20 in jacobian of /depropClone
Step size too small - Exiting inner loop
/depropClone Iteration 13 Outer Error 0.000000
Calculating Jacobian for /depropClone
Calculating disturbance 10 of 20 in jacobian of /depropClone
Calculating disturbance 20 of 20 in jacobian of /depropClone
Step size too small - Exiting inner loop
/depropClone Iteration 14 Outer Error 0.000001
Calculating Jacobian for /depropClone
Calculating disturbance 10 of 20 in jacobian of /depropClone
Calculating disturbance 20 of 20 in jacobian of /depropClone
Step size too small - Exiting inner loop
/depropClone Iteration 15 Outer Error 0.000000
Calculating Jacobian for /depropClone
Calculating disturbance 10 of 20 in jacobian of /depropClone
Calculating disturbance 20 of 20 in jacobian of /depropClone
Step size too small - Exiting inner loop
/depropClone Iteration 16 Outer Error 0.000001
Calculating Jacobian for /depropClone
Calculating disturbance 10 of 20 in jacobian of /depropClone
Calculating disturbance 20 of 20 in jacobian of /depropClone
Step size too small - Exiting inner loop
/depropClone Iteration 17 Outer Error 0.000000
Calculating Jacobian for /depropClone
Calculating disturbance 10 of 20 in jacobian of /depropClone
Calculating disturbance 20 of 20 in jacobian of /depropClone
Step size too small - Exiting inner loop
/depropClone Iteration 18 Outer Error 0.000001
Calculating Jacobian for /depropClone
Calculating disturbance 10 of 20 in jacobian of /depropClone
Calculating disturbance 20 of 20 in jacobian of /depropClone
Step size too small - Exiting inner loop
/depropClone Iteration 19 Outer Error 0.000000
Calculating Jacobian for /depropClone
Calculating disturbance 10 of 20 in jacobian of /depropClone
Calculating disturbance 20 of 20 in jacobian of /depropClone
Step size too small - Exiting inner loop
/depropClone Iteration 20 Outer Error 0.000001
Calculating Jacobian for /depropClone
Calculating disturbance 10 of 20 in jacobian of /depropClone
Calculating disturbance 20 of 20 in jacobian of /depropClone
Step size too small - Exiting inner loop
/depropClone Iteration 21 Outer Error 0.000000
Calculating Jacobian for /depropClone
Calculating disturbance 10 of 20 in jacobian of /depropClone
Calculating disturbance 20 of 20 in jacobian of /depropClone
Step size too small - Exiting inner loop
/depropClone Iteration 22 Outer Error 0.000001
Calculating Jacobian for /depropClone
Calculating disturbance 10 of 20 in jacobian of /depropClone
Calculating disturbance 20 of 20 in jacobian of /depropClone
Step size too small - Exiting inner loop
/depropClone Iteration 23 Outer Error 0.000000
Calculating Jacobian for /depropClone
Calculating disturbance 10 of 20 in jacobian of /depropClone
Calculating disturbance 20 of 20 in jacobian of /depropClone
Step size too small - Exiting inner loop
/depropClone Iteration 24 Outer Error 0.000001
Calculating Jacobian for /depropClone
Calculating disturbance 10 of 20 in jacobian of /depropClone
Calculating disturbance 20 of 20 in jacobian of /depropClone
Step size too small - Exiting inner loop
/depropClone Iteration 25 Outer Error 0.000000
Calculating Jacobian for /depropClone
Calculating disturbance 10 of 20 in jacobian of /depropClone
Calculating disturbance 20 of 20 in jacobian of /depropClone
Step size too small - Exiting inner loop
/depropClone Iteration 26 Outer Error 0.000001
Calculating Jacobian for /depropClone
Calculating disturbance 10 of 20 in jacobian of /depropClone
Calculating disturbance 20 of 20 in jacobian of /depropClone
Step size too small - Exiting inner loop
/depropClone Iteration 27 Outer Error 0.000000
Calculating Jacobian for /depropClone
Calculating disturbance 10 of 20 in jacobian of /depropClone
Calculating disturbance 20 of 20 in jacobian of /depropClone
Step size too small - Exiting inner loop
/depropClone Iteration 28 Outer Error 0.000001
Calculating Jacobian for /depropClone
Calculating disturbance 10 of 20 in jacobian of /depropClone
Calculating disturbance 20 of 20 in jacobian of /depropClone
Step size too small - Exiting inner loop
/depropClone Iteration 29 Outer Error 0.000000
Calculating Jacobian for /depropClone
Calculating disturbance 10 of 20 in jacobian of /depropClone
Calculating disturbance 20 of 20 in jacobian of /depropClone
Step size too small - Exiting inner loop
/depropClone Iteration 30 Outer Error 0.000001
Calculating Jacobian for /depropClone
Calculating disturbance 10 of 20 in jacobian of /depropClone
Calculating disturbance 20 of 20 in jacobian of /depropClone
Step size too small - Exiting inner loop
/depropClone Iteration 31 Outer Error 0.000000
Calculating Jacobian for /depropClone
Calculating disturbance 10 of 20 in jacobian of /depropClone
Calculating disturbance 20 of 20 in jacobian of /depropClone
Step size too small - Exiting inner loop
/depropClone Iteration 32 Outer Error 0.000001
Calculating Jacobian for /depropClone
Calculating disturbance 10 of 20 in jacobian of /depropClone
Calculating disturbance 20 of 20 in jacobian of /depropClone
Step size too small - Exiting inner loop
/depropClone Iteration 33 Outer Error 0.000000
Calculating Jacobian for /depropClone
Calculating disturbance 10 of 20 in jacobian of /depropClone
Calculating disturbance 20 of 20 in jacobian of /depropClone
Step size too small - Exiting inner loop
/depropClone Iteration 34 Outer Error 0.000001
Calculating Jacobian for /depropClone
Calculating disturbance 10 of 20 in jacobian of /depropClone
Calculating disturbance 20 of 20 in jacobian of /depropClone
Step size too small - Exiting inner loop
/depropClone Iteration 35 Outer Error 0.000000
Calculating Jacobian for /depropClone
Calculating disturbance 10 of 20 in jacobian of /depropClone
Calculating disturbance 20 of 20 in jacobian of /depropClone
Step size too small - Exiting inner loop
/depropClone Iteration 36 Outer Error 0.000001
Calculating Jacobian for /depropClone
Calculating disturbance 10 of 20 in jacobian of /depropClone
Calculating disturbance 20 of 20 in jacobian of /depropClone
Step size too small - Exiting inner loop
/depropClone Iteration 37 Outer Error 0.000000
Calculating Jacobian for /depropClone
Calculating disturbance 10 of 20 in jacobian of /depropClone
Calculating disturbance 20 of 20 in jacobian of /depropClone
Step size too small - Exiting inner loop
/depropClone Iteration 38 Outer Error 0.000001
Calculating Jacobian for /depropClone
Calculating disturbance 10 of 20 in jacobian of /depropClone
Calculating disturbance 20 of 20 in jacobian of /depropClone
Step size too small - Exiting inner loop
/depropClone Iteration 39 Outer Error 0.000000
Calculating Jacobian for /depropClone
Calculating disturbance 10 of 20 in jacobian of /depropClone
Calculating disturbance 20 of 20 in jacobian of /depropClone
Step size too small - Exiting inner loop
/depropClone Iteration 40 Outer Error 0.000001
Calculating Jacobian for /depropClone
Calculating disturbance 10 of 20 in jacobian of /depropClone
Calculating disturbance 20 of 20 in jacobian of /depropClone
Step size too small - Exiting inner loop
/depropClone Iteration 41 Outer Error 0.000000
Calculating Jacobian for /depropClone
Calculating disturbance 10 of 20 in jacobian of /depropClone
Calculating disturbance 20 of 20 in jacobian of /depropClone
Step size too small - Exiting inner loop
/depropClone Iteration 42 Outer Error 0.000001
Calculating Jacobian for /depropClone
Calculating disturbance 10 of 20 in jacobian of /depropClone
Calculating disturbance 20 of 20 in jacobian of /depropClone
Step size too small - Exiting inner loop
/depropClone Iteration 43 Outer Error 0.000000
Calculating Jacobian for /depropClone
Calculating disturbance 10 of 20 in jacobian of /depropClone
Calculating disturbance 20 of 20 in jacobian of /depropClone
Step size too small - Exiting inner loop
/depropClone Iteration 44 Outer Error 0.000001
Calculating Jacobian for /depropClone
Calculating disturbance 10 of 20 in jacobian of /depropClone
Calculating disturbance 20 of 20 in jacobian of /depropClone
Step size too small - Exiting inner loop
/depropClone Iteration 45 Outer Error 0.000000
Calculating Jacobian for /depropClone
Calculating disturbance 10 of 20 in jacobian of /depropClone
Calculating disturbance 20 of 20 in jacobian of /depropClone
Step size too small - Exiting inner loop
/depropClone Iteration 46 Outer Error 0.000001
Calculating Jacobian for /depropClone
Calculating disturbance 10 of 20 in jacobian of /depropClone
Calculating disturbance 20 of 20 in jacobian of /depropClone
Step size too small - Exiting inner loop
/depropClone Iteration 47 Outer Error 0.000000
Calculating Jacobian for /depropClone
Calculating disturbance 10 of 20 in jacobian of /depropClone
Calculating disturbance 20 of 20 in jacobian of /depropClone
Step size too small - Exiting inner loop
/depropClone Iteration 48 Outer Error 0.000001
Calculating Jacobian for /depropClone
Calculating disturbance 10 of 20 in jacobian of /depropClone
Calculating disturbance 20 of 20 in jacobian of /depropClone
Step size too small - Exiting inner loop
/depropClone Iteration 49 Outer Error 0.000000
Calculating Jacobian for /depropClone
Calculating disturbance 10 of 20 in jacobian of /depropClone
Calculating disturbance 20 of 20 in jacobian of /depropClone
Step size too small - Exiting inner loop
/depropClone Iteration 50 Outer Error 0.000001
Calculating Jacobian for /depropClone
Calculating disturbance 10 of 20 in jacobian of /depropClone
Calculating disturbance 20 of 20 in jacobian of /depropClone
Step size too small - Exiting inner loop
/depropClone failed to converge in 51 iterations - error = 0.000001
>> 
>> /bottoms.In
Port: /bottoms.In + sim21.solver.Ports.Port_Material
Connected to: /deprop.LiquidDraw_19_l
VapFrac            = None
T                  = None
P                  = 205.0 | psia
MoleFlow           = None
MassFlow           = None
VolumeFlow         = None
StdLiqVolumeFlow   = None
H                  = None
Energy             = None
MolecularWeight    = None
ZFactor            = None
METHANE            = None
ETHANE             = None
PROPANE            = None
ISOBUTANE          = None
N-BUTANE           = None
ISOPENTANE         = None
N-PENTANE          = None
N-HEXANE           = None
N-HEPTANE          = None
N-OCTANE           = None

>> /bottomsClone.In
Port: /bottomsClone.In + sim21.solver.Ports.Port_Material
Connected to: /depropClone.LiquidDraw_19_l
VapFrac            = None
T                  = None
P                  = 205.0 | psia
MoleFlow           = None
MassFlow           = None
VolumeFlow         = None
StdLiqVolumeFlow   = None
H                  = None
Energy             = None
MolecularWeight    = None
ZFactor            = None
METHANE            = None
ETHANE             = None
PROPANE            = None
ISOBUTANE          = None
N-BUTANE           = None
ISOPENTANE         = None
N-PENTANE          = None
N-HEXANE           = None
N-HEPTANE          = None
N-OCTANE           = None

>> 
>> 
>> 
>> 
