>> # A Simple Air Separation Unit Example
>> # Similar to example found on ChemSep website
>> # Converges quickly, but a good estimate of the tear is required since it's a coupled column
>> 
>> units SI
>> 
>> # set up thermo
>> $thermo = Sim21Thermo.Peng-Robinson
pkgName: Peng-Robinson
>> 
>> / -> $thermo
Thermo case attached to a unit operation. / to /thermo
>> thermo + NITROGEN OXYGEN ARGON
NITROGEN OXYGEN ARGON 
>> 
>> /MaxNumIterations = 50
>> # /RecycleDetails = 1
>> 
>> air_feed = Stream.Stream_Material()
>> air_feed.In.T = 30 C
>> air_feed.In.P = 1.01315 bar
>> air_feed.In.MassFlow = 100 kg/s
>> air_feed.In.Fraction = 0.7812 0.2095 0.0093
>> air_feed.Out
Port: /air_feed.Out + sim21.solver.Ports.Port_Material
Connected to: None
VapFrac            = 1.0 = 
T                  = 30.0 = C
P                  = 101.315 = kPa
MoleFlow           = 12431.225540087611 = kgmole/h
MassFlow           = 360000.00100800005 = kg/h
VolumeFlow         = 309109.63421536953 = m3/hr
StdLiqVolumeFlow   = 414.23594529783946 = m3/hr
H                  = 137.58325688354483 = kJ/kmol
Energy             = 475091.24912754365 = W
MolecularWeight    = 28.959333080000004 = 
ZFactor            = 0.9994949091003293 = 
NITROGEN           = 0.7812 = 
OXYGEN             = 0.2095 = 
ARGON              = 0.0093 = 

>> 
>> comp1 = Compressor.Compressor()
>> air_feed.Out -> comp1.In
>> comp1.Out.P = 1.98 bar
>> comp1.Efficiency = .8
>> 
>> h1 = Heater.Heater()
>> comp1.Out -> h1.In
>> h1.DeltaP.DP = 0.2 bar
>> h1.Out.T = 40 C
>> 
>> comp2 = Compressor.Compressor()
>> h1.Out -> comp2.In
>> comp2.Out.P = 3.46 bar
>> comp2.Efficiency = .8
>> 
>> h2 = Heater.Heater()
>> comp2.Out -> h2.In
>> h2.DeltaP.DP = 0.2 bar
>> h2.Out.T = 40 C
>> 
>> comp3 = Compressor.Compressor()
>> h2.Out -> comp3.In
>> comp3.Out.P = 6.35 bar
>> comp3.Efficiency = .8
>> 
>> h3 = Heater.Heater()
>> comp3.Out -> h3.In
>> h3.DeltaP.DP = 0.2 bar
>> h3.Out.T = 30 C
>> 
>> spl1 = Split.Splitter()
>> h3.Out -> spl1.In
>> spl1.Out0.MassFlow = 85.0 kg/s
>> spl1.Out1
Port: /spl1.Out1 + sim21.solver.Ports.Port_Material
Connected to: None
VapFrac            = 1.0 = 
T                  = 30.0 = C
P                  = 615.0 = kPa
MoleFlow           = 1864.683831013143 = kgmole/h
MassFlow           = 54000.000151200045 = kg/h
VolumeFlow         = 7619.599029985562 = m3/hr
StdLiqVolumeFlow   = 62.13539179467596 = m3/hr
H                  = 97.86915003359175 = kJ/kmol
Energy             = 50693.06156184387 = W
MolecularWeight    = 28.959333080000004 = 
ZFactor            = 0.9970346944246617 = 
NITROGEN           = 0.7812 = 
OXYGEN             = 0.2095 = 
ARGON              = 0.0093 = 

>> 
>> h4 = Heater.Heater()
>> spl1.Out0 -> h4.In
>> h4.DeltaP.DP = 0.4 bar
>> h4.Out.T = -173.8 C
>> 
>> h5 = Heater.Heater()
>> spl1.Out1 -> h5.In
>> h5.DeltaP.DP = 0.2 bar
>> h5.Out.T = -133.2 C
>> 
>> h4.Out
Port: /h4.Out + sim21.solver.Ports.Port_Material
Connected to: None
VapFrac            = 0.8612842563384792 = 
T                  = -173.8 * C
P                  = 575.0 = kPa
MoleFlow           = 10566.541709074467 = kgmole/h
MassFlow           = 306000.0008568 = kg/h
VolumeFlow         = 11338.79243992706 = m3/hr
StdLiqVolumeFlow   = 352.10055350316344 = m3/hr
H                  = -6786.562990485424 = kJ/kmol
Energy             = -19919583.583395936 = W
MolecularWeight    = 28.95933308 = 
ZFactor            = 0.7469640869264843 = 
NITROGEN           = 0.7811999999999999 = 
OXYGEN             = 0.2095 = 
ARGON              = 0.0093 = 

>> h5.Out
Port: /h5.Out + sim21.solver.Ports.Port_Material
Connected to: None
VapFrac            = 1.0 = 
T                  = -133.2 * C
P                  = 595.0 = kPa
MoleFlow           = 1864.683831013143 = kgmole/h
MassFlow           = 54000.000151200045 = kg/h
VolumeFlow         = 3454.2122631341845 = m3/hr
StdLiqVolumeFlow   = 62.13539179467596 = m3/hr
H                  = -4765.503659685064 = kJ/kmol
Energy             = -2468377.116902416 = W
MolecularWeight    = 28.959333080000004 = 
ZFactor            = 0.9472261837138835 = 
NITROGEN           = 0.7812 = 
OXYGEN             = 0.2095 = 
ARGON              = 0.0093 = 

>> 
>> col1 = Tower.Tower()
>> col1.Stage_0 + 44  # 45 stages total
>> 
>> # Feed Stage is Btm Stage
>> cd col1.Stage_45
/col1.Stage_45
>> f = Tower.Feed()
>> /h4.Out -> f.Port
>> 
>> l = Tower.LiquidDraw()
>> l.Port.P = 5.7 bar
>> cd /
/
>> 
>> # Overhead Specs
>> cd col1.Stage_0
/col1.Stage_0
>> cond = Tower.EnergyFeed(0)
>> l = Tower.LiquidDraw()
>> l.Port.P = 5.6 bar
>> # l.Port.MassFlow = 23.1 kg/s
>> l.Port.Fraction.ARGON = 1e-7
>> 
>> # reflux = Tower.StageSpecification('Reflux')
>> # reflux.Value = 20
>> cd ..
/col1
>> 
>> TryToSolve = 1
Calculating Jacobian for /col1
Calculating disturbance 10 of 46 in jacobian of /col1
Calculating disturbance 20 of 46 in jacobian of /col1
Calculating disturbance 30 of 46 in jacobian of /col1
Calculating disturbance 40 of 46 in jacobian of /col1
/col1 Inner Error 0.008000
/col1 Inner Error 0.001042
/col1 Inner Error 0.000360
/col1 Inner Error 0.000355
Inner loop is not changing significantly - exiting
/col1 Iteration 1 Outer Error 0.015978
Calculating Jacobian for /col1
Calculating disturbance 10 of 46 in jacobian of /col1
Calculating disturbance 20 of 46 in jacobian of /col1
Calculating disturbance 30 of 46 in jacobian of /col1
Calculating disturbance 40 of 46 in jacobian of /col1
/col1 Inner Error 0.000384
/col1 Inner Error 0.000085
/col1 Inner Error 0.000014
/col1 Inner Error 0.000001
Inner loop converged
/col1 Iteration 2 Outer Error 0.000710
/col1 Inner Error 0.000089
/col1 Inner Error 0.000003
Inner loop converged
/col1 Iteration 3 Outer Error 0.000044
/col1 Inner Error 0.000002
Inner loop converged
>> 
>> /ovhd_liq_col1 = Stream.Stream_Material()
>> /ovhd_liq_col1.In -> Stage_0.l.Port
>> 
>> /btm_liq_col1 = Stream.Stream_Material()
>> /btm_liq_col1.In -> Stage_45.l.Port
>> 
>> cd /
/
>> 
>> ovhd_liq_col1.Out
Port: /ovhd_liq_col1.Out + sim21.solver.Ports.Port_Material
Connected to: None
VapFrac            = 0.0 = 
T                  = -177.72922269850767 = C
P                  = 560.0 = kPa
MoleFlow           = 3011.550311536741 = kgmole/h
MassFlow           = 84363.76715839439 = kg/h
VolumeFlow         = 106.20924372190998 = m3/hr
StdLiqVolumeFlow   = 104.92241100775283 = m3/hr
H                  = -10977.459371345369 = kJ/kmol
Energy             = -9183103.108238073 = W
MolecularWeight    = 28.013401037019797 = 
ZFactor            = 0.024893335098079224 = 
NITROGEN           = 0.9999998943517581 = 
OXYGEN             = 5.584477660326239e-09 = 
ARGON              = 1e-07 = 

>> btm_liq_col1.Out
Port: /btm_liq_col1.Out + sim21.solver.Ports.Port_Material
Connected to: None
VapFrac            = 0.0 = 
T                  = -174.61366604122486 = C
P                  = 570.0 = kPa
MoleFlow           = 7554.991397537707 = kgmole/h
MassFlow           = 221636.23369611328 = kg/h
VolumeFlow         = 246.72176649377502 = m3/hr
StdLiqVolumeFlow   = 247.1781424965123 = m3/hr
H                  = -11217.256578200642 = kJ/kmol
Energy             = -23540632.4867442 = W
MolecularWeight    = 29.33639789032031 = 
ZFactor            = 0.022720493592059573 = 
NITROGEN           = 0.6939825757400596 = 
OXYGEN             = 0.29301032320892423 = 
ARGON              = 0.013007101051016313 = 

>> 
>> jt_n2 = Valve.Valve()
>> ovhd_liq_col1.Out -> jt_n2.In
>> jt_n2.Out.P = 1.20 bar
>> 
>> jt_rl = Valve.Valve()
>> btm_liq_col1.Out -> jt_rl.In
>> jt_rl.Out.P = 1.30 bar
>> 
>> jt_n2.Out
Port: /jt_n2.Out + sim21.solver.Ports.Port_Material
Connected to: None
VapFrac            = 0.17857704865399648 = 
T                  = -194.42951918910813 = C
P                  = 120.0 * kPa
MoleFlow           = 3011.550311536741 = kgmole/h
MassFlow           = 84363.76715839439 = kg/h
VolumeFlow         = 2872.9804166899744 = m3/hr
StdLiqVolumeFlow   = 104.92241100775283 = m3/hr
H                  = -10977.459371345369 = kJ/kmol
Energy             = -9183103.108238073 = W
MolecularWeight    = 28.013401193460002 = 
ZFactor            = 0.17490485536350764 = 
NITROGEN           = 0.9999998943517581 = 
OXYGEN             = 5.584477660326239e-09 = 
ARGON              = 1e-07 = 

>> jt_rl.Out
Port: /jt_rl.Out + sim21.solver.Ports.Port_Material
Connected to: None
VapFrac            = 0.17112315680997225 = 
T                  = -191.2395122970326 = C
P                  = 130.0 * kPa
MoleFlow           = 7554.991397537707 = kgmole/h
MassFlow           = 221636.23369611328 = kg/h
VolumeFlow         = 6639.329978376402 = m3/hr
StdLiqVolumeFlow   = 247.1781424965123 = m3/hr
H                  = -11217.256578200642 = kJ/kmol
Energy             = -23540632.4867442 = W
MolecularWeight    = 29.336397890320306 = 
ZFactor            = 0.16774899817273167 = 
NITROGEN           = 0.6939825757400596 = 
OXYGEN             = 0.29301032320892423 = 
ARGON              = 0.013007101051016313 = 

>> 
>> fl1 = Flash.SimpleFlash()
>> jt_rl.Out -> fl1.In
>> fl1.Vap
Port: /fl1.Vap + sim21.solver.Ports.Port_Material
Connected to: None
VapFrac            = 1.0 = 
T                  = -191.2395122970326 = C
P                  = 130.0 = kPa
MoleFlow           = 1292.8339776188366 = kgmole/h
MassFlow           = 36950.02533124706 = kg/h
VolumeFlow         = 6459.050433011694 = m3/hr
StdLiqVolumeFlow   = 43.89316896593983 = m3/hr
H                  = -6364.74966688357 = kJ/kmol
Energy             = -2285712.396773681 = W
MolecularWeight    = 28.580642194523875 = 
ZFactor            = 0.9536644059307455 = 
NITROGEN           = 0.8715884232452727 = 
OXYGEN             = 0.1214334284472769 = 
ARGON              = 0.006978148307450386 = 

>> fl1.Liq0
Port: /fl1.Liq0 + sim21.solver.Ports.Port_Material
Connected to: None
VapFrac            = 0.0 = 
T                  = -191.2395122970326 = C
P                  = 130.0 = kPa
MoleFlow           = 6262.157419918871 = kgmole/h
MassFlow           = 184686.2083648662 = kg/h
VolumeFlow         = 180.27954536470853 = m3/hr
StdLiqVolumeFlow   = 203.2849735305724 = m3/hr
H                  = -12219.067964380693 = kJ/kmol
Energy             = -21254924.19934431 = W
MolecularWeight    = 29.492425051055154 = 
ZFactor            = 0.005495309140288507 = 
NITROGEN           = 0.6573155201422295 = 
OXYGEN             = 0.3284326903657471 = 
ARGON              = 0.014251789492023489 = 

>> 
>> exp1 = Compressor.Expander()
>> h5.Out -> exp1.In
>> exp1.Efficiency = .75
>> exp1.Out.P = 1.30 bar
>> exp1.Out
Port: /exp1.Waste.Out + sim21.solver.Ports.Port_Material
Connected to: None
VapFrac            = 1.0 = 
T                  = -171.92176154022906 = C
P                  = 130.0 * kPa
MoleFlow           = 1864.683831013143 = kgmole/h
MassFlow           = 54000.000151200045 = kg/h
VolumeFlow         = 11745.385275013981 = m3/hr
StdLiqVolumeFlow   = 62.13539179467596 = m3/hr
H                  = -5777.402585780363 = kJ/kmol
Energy             = -2992508.107488379 = W
MolecularWeight    = 28.959333080000004 = 
ZFactor            = 0.972903016565321 = 
NITROGEN           = 0.7812 = 
OXYGEN             = 0.2095 = 
ARGON              = 0.0093 = 

>> 
>> ovhd_liq_col3 = Stream.Stream_Material()
>> btm_liq_col3 = Stream.Stream_Material()
>> 
>> 
>> col2 = Tower.Tower()
>> col2.Stage_0 + 69  # 70 stages total
>> 
>> # Ovhd Stage
>> cd col2.Stage_0
/col2.Stage_0
>> v = Tower.VapourDraw()
>> v.Port.P = 1.20 bar
>> f = Tower.Feed()
>> /jt_n2.Out -> f.Port
>> estT = Tower.Estimate('T')
>> estT.Value = -194 C
>> 
>> cd /
/
>> 
>> # Side Draw 1
>> cd col2.Stage_10
/col2.Stage_10
>> v = Tower.VapourDraw()
>> v.Port.MoleFlow = 2.4 kgmole/s
>> cd /
/
>> 
>> # Side Draw 2
>> cd col2.Stage_57
/col2.Stage_57
>> v = Tower.VapourDraw()
>> v.Port.MoleFlow = 0.225 kgmole/s
>> # v.Port.Fraction.ARGON = 0.1
>> 
>> estT = Tower.Estimate('T')
>> estT.Value = -180 C
>> 
>> cd /
/
>> 
>> # Stage 56
>> cd col2.Stage_56
/col2.Stage_56
>> f = Tower.Feed()
>> /btm_liq_col3.Out -> f.Port
>> cd /
/
>> 
>> 
>> # Stage 19
>> cd col2.Stage_19
/col2.Stage_19
>> f = Tower.Feed()
>> /exp1.Out -> f.Port
>> cd /
/
>> 
>> # Different stages just for testing
>> # Stage 27
>> cd col2.Stage_27
/col2.Stage_27
>> f = Tower.Feed()
>> /fl1.Vap -> f.Port
>> cd /
/
>> 
>> # Stage 28
>> cd col2.Stage_28
/col2.Stage_28
>> f = Tower.Feed()
>> /fl1.Liq0 -> f.Port
>> cd /
/
>> 
>> 
>> # Btm Stage
>> cd col2.Stage_70
/col2.Stage_70
>> l = Tower.LiquidDraw()
>> l.Port.P = 1.35 bar
>> # l.Port.MassFlow = 4.7 kg/s
>> l.Port.Fraction.OXYGEN = 0.99
>> reb = Tower.EnergyFeed(1)
>> 
>> estT = Tower.Estimate('T')
>> estT.Value = -180 C
>> 
>> cd /
/
>> 
>> vap_draw1_col2 = Stream.Stream_Material()
>> vap_draw2_col2 = Stream.Stream_Material()
>> 
>> # Setup ovhd and liquid streams
>> cd col2
/col2
>> /ovhd_vap_col2 = Stream.Stream_Material()
>> /ovhd_vap_col2.In -> Stage_0.v.Port
>> 
>> /vap_draw1_col2.In -> Stage_10.v.Port
>> /vap_draw2_col2.In -> Stage_57.v.Port
>> 
>> /btm_liq_col2 = Stream.Stream_Material()
>> /btm_liq_col2.In -> Stage_70.l.Port
>> 
>> # DampingFactor = 0.8
>> TryToSolve = 1
>> cd ..
/
>> 
>> ovhd_vap_col2.Out
Port: /ovhd_vap_col2.Out + sim21.solver.Ports.Port_Material
Connected to: None
VapFrac            = None
T                  = None
P                  = 120.0 = kPa
MoleFlow           = None
MassFlow           = None
VolumeFlow         = None
StdLiqVolumeFlow is invalid
H                  = None
Energy             = None
MolecularWeight    = None
ZFactor            = None
NITROGEN           = None
OXYGEN             = None
ARGON              = None

>> btm_liq_col2.Out
Port: /btm_liq_col2.Out + sim21.solver.Ports.Port_Material
Connected to: None
VapFrac            = None
T                  = None
P                  = 135.0 = kPa
MoleFlow           = None
MassFlow           = None
VolumeFlow         = None
StdLiqVolumeFlow is invalid
H                  = None
Energy             = None
MolecularWeight    = None
ZFactor            = None
NITROGEN           = None
OXYGEN             = 0.99 = 
ARGON              = None

>> 
>> # Provide initial estimates for recycle
>> vap_draw2_col2.In.P ~= 132.214 kPa
Changed state of port /vap_draw2_col2.In to 1 (0=Normal port; 1=Recycle port)
>> vap_draw2_col2.In.VapFrac ~= 1
>> vap_draw2_col2.In.Fraction ~= 0.0 0.92 0.08
>> vap_draw2_col2.In.MoleFlow ~= 0.225 kgmole/s
>> vap_draw2_col2.Out
Port: /vap_draw2_col2.Out + sim21.solver.Ports.Port_Material
Connected to: None
VapFrac            = 1.0 = 
T                  = -180.633519685411 = C
P                  = 132.214 = kPa
MoleFlow           = 810.0000022680001 = kgmole/h
MassFlow           = 26434.136234015583 = kg/h
VolumeFlow         = 4535.805510419209 = m3/hr
StdLiqVolumeFlow   = 22.639500063390603 = m3/hr
H                  = -5918.173862377641 = kJ/kmol
Energy             = -1331589.1227634188 = W
MolecularWeight    = 32.634736 = 
ZFactor            = 0.9624840949604995 = 
NITROGEN           = 0.0 = 
OXYGEN             = 0.92 = 
ARGON              = 0.08 = 

>> 
>> 
>> col3 = Tower.Tower()
>> col3.Stage_0 + 119  # 70 stages total
>> 
>> # Ovhd Stage
>> cd col3.Stage_0
/col3.Stage_0
>> l = Tower.LiquidDraw()
>> l.Port.P = 1.20 bar
>> cond = Tower.EnergyFeed(0)
>> # reflux = Tower.StageSpecification('Reflux')
>> # reflux.Value = 33.4
>> l.Port.Fraction.OXYGEN = 1e-6
>> cd /
/
>> 
>> 
>> # Btm Stage
>> cd col3.Stage_120
/col3.Stage_120
>> l = Tower.LiquidDraw()
>> l.Port.P = 1.30 bar
>> f = Tower.Feed()
>> /vap_draw2_col2.Out -> f.Port
>> cd /
/
>> 
>> # Setup ovhd and liquid streams
>> cd col3
/col3
>> /ovhd_liq_col3.In -> Stage_0.l.Port
>> /btm_liq_col3.In -> Stage_120.l.Port
Iteration 1 -> max Error 0.000000 in 
>> TryToSolve = 1
Calculating Jacobian for /col3
Calculating disturbance 10 of 121 in jacobian of /col3
Calculating disturbance 20 of 121 in jacobian of /col3
Calculating disturbance 30 of 121 in jacobian of /col3
Calculating disturbance 40 of 121 in jacobian of /col3
Calculating disturbance 50 of 121 in jacobian of /col3
Calculating disturbance 60 of 121 in jacobian of /col3
Calculating disturbance 70 of 121 in jacobian of /col3
Calculating disturbance 80 of 121 in jacobian of /col3
Calculating disturbance 90 of 121 in jacobian of /col3
Calculating disturbance 100 of 121 in jacobian of /col3
Calculating disturbance 110 of 121 in jacobian of /col3
Calculating disturbance 120 of 121 in jacobian of /col3
/col3 Inner Error 0.721250
/col3 Inner Error 0.183548
/col3 Inner Error 0.165629
/col3 Inner Error 0.159099
/col3 Inner Error 0.147072
/col3 Inner Error 0.140028
/col3 Inner Error 0.138874
/col3 Inner Error 0.135132
/col3 Inner Error 0.129075
/col3 Inner Error 0.126546
/col3 Inner Error 0.125553
/col3 Inner Error 0.114001
/col3 Inner Error 0.107854
/col3 Inner Error 0.105384
/col3 Inner Error 0.096674
/col3 Inner Error 0.082052
/col3 Inner Error 0.076092
/col3 Inner Error 0.060288
/col3 Inner Error 0.037048
/col3 Inner Error 0.025083
/col3 Iteration 1 Outer Error 0.012817
Calculating Jacobian for /col3
Calculating disturbance 10 of 121 in jacobian of /col3
Calculating disturbance 20 of 121 in jacobian of /col3
Calculating disturbance 30 of 121 in jacobian of /col3
Calculating disturbance 40 of 121 in jacobian of /col3
Calculating disturbance 50 of 121 in jacobian of /col3
Calculating disturbance 60 of 121 in jacobian of /col3
Calculating disturbance 70 of 121 in jacobian of /col3
Calculating disturbance 80 of 121 in jacobian of /col3
Calculating disturbance 90 of 121 in jacobian of /col3
Calculating disturbance 100 of 121 in jacobian of /col3
Calculating disturbance 110 of 121 in jacobian of /col3
Calculating disturbance 120 of 121 in jacobian of /col3
/col3 Inner Error 0.048136
/col3 Inner Error 0.030242
/col3 Inner Error 0.019582
/col3 Inner Error 0.010624
/col3 Inner Error 0.008611
/col3 Inner Error 0.008204
/col3 Inner Error 0.004039
/col3 Inner Error 0.003181
/col3 Inner Error 0.003110
/col3 Inner Error 0.001424
Step size too small - Exiting inner loop
/col3 Iteration 2 Outer Error 0.008073
Calculating Jacobian for /col3
Calculating disturbance 10 of 121 in jacobian of /col3
Calculating disturbance 20 of 121 in jacobian of /col3
Calculating disturbance 30 of 121 in jacobian of /col3
Calculating disturbance 40 of 121 in jacobian of /col3
Calculating disturbance 50 of 121 in jacobian of /col3
Calculating disturbance 60 of 121 in jacobian of /col3
Calculating disturbance 70 of 121 in jacobian of /col3
Calculating disturbance 80 of 121 in jacobian of /col3
Calculating disturbance 90 of 121 in jacobian of /col3
Calculating disturbance 100 of 121 in jacobian of /col3
Calculating disturbance 110 of 121 in jacobian of /col3
Calculating disturbance 120 of 121 in jacobian of /col3
/col3 Inner Error 0.621834
/col3 Inner Error 0.619097
/col3 Inner Error 0.618971
/col3 Inner Error 0.618947
/col3 Inner Error 0.615360
/col3 Inner Error 0.612219
/col3 Inner Error 0.224266
/col3 Inner Error 0.198494
Step size too small - Exiting inner loop
/col3 Iteration 3 Outer Error 0.003470
Calculating Jacobian for /col3
Calculating disturbance 10 of 121 in jacobian of /col3
Calculating disturbance 20 of 121 in jacobian of /col3
Calculating disturbance 30 of 121 in jacobian of /col3
Calculating disturbance 40 of 121 in jacobian of /col3
Calculating disturbance 50 of 121 in jacobian of /col3
Calculating disturbance 60 of 121 in jacobian of /col3
Calculating disturbance 70 of 121 in jacobian of /col3
Calculating disturbance 80 of 121 in jacobian of /col3
Calculating disturbance 90 of 121 in jacobian of /col3
Calculating disturbance 100 of 121 in jacobian of /col3
Calculating disturbance 110 of 121 in jacobian of /col3
Calculating disturbance 120 of 121 in jacobian of /col3
/col3 Inner Error 0.408771
Inner loop is not changing significantly - exiting
/col3 Iteration 4 Outer Error 0.002887
Calculating Jacobian for /col3
Calculating disturbance 10 of 121 in jacobian of /col3
Calculating disturbance 20 of 121 in jacobian of /col3
Calculating disturbance 30 of 121 in jacobian of /col3
Calculating disturbance 40 of 121 in jacobian of /col3
Calculating disturbance 50 of 121 in jacobian of /col3
Calculating disturbance 60 of 121 in jacobian of /col3
Calculating disturbance 70 of 121 in jacobian of /col3
Calculating disturbance 80 of 121 in jacobian of /col3
Calculating disturbance 90 of 121 in jacobian of /col3
Calculating disturbance 100 of 121 in jacobian of /col3
Calculating disturbance 110 of 121 in jacobian of /col3
Calculating disturbance 120 of 121 in jacobian of /col3
/col3 Inner Error 0.532010
Step size too small - Exiting inner loop
/col3 Iteration 5 Outer Error 0.000012
Calculating Jacobian for /col3
Calculating disturbance 10 of 121 in jacobian of /col3
Calculating disturbance 20 of 121 in jacobian of /col3
Calculating disturbance 30 of 121 in jacobian of /col3
Calculating disturbance 40 of 121 in jacobian of /col3
Calculating disturbance 50 of 121 in jacobian of /col3
Calculating disturbance 60 of 121 in jacobian of /col3
Calculating disturbance 70 of 121 in jacobian of /col3
Calculating disturbance 80 of 121 in jacobian of /col3
Calculating disturbance 90 of 121 in jacobian of /col3
Calculating disturbance 100 of 121 in jacobian of /col3
Calculating disturbance 110 of 121 in jacobian of /col3
Calculating disturbance 120 of 121 in jacobian of /col3
/col3 Inner Error 0.534868
/col3 Inner Error 0.534848
/col3 Inner Error 0.534328
/col3 Inner Error 0.534134
/col3 Inner Error 0.533975
/col3 Inner Error 0.533937
/col3 Inner Error 0.533527
/col3 Inner Error 0.532478
/col3 Inner Error 0.531217
/col3 Inner Error 0.527621
/col3 Inner Error 0.277683
/col3 Inner Error 0.199201
/col3 Inner Error 0.106749
/col3 Inner Error 0.096381
/col3 Inner Error 0.062915
/col3 Inner Error 0.030344
/col3 Inner Error 0.030203
/col3 Inner Error 0.009462
/col3 Inner Error 0.003741
/col3 Inner Error 0.000975
/col3 Iteration 6 Outer Error 0.005657
Calculating Jacobian for /col3
Calculating disturbance 10 of 121 in jacobian of /col3
Calculating disturbance 20 of 121 in jacobian of /col3
Calculating disturbance 30 of 121 in jacobian of /col3
Calculating disturbance 40 of 121 in jacobian of /col3
Calculating disturbance 50 of 121 in jacobian of /col3
Calculating disturbance 60 of 121 in jacobian of /col3
Calculating disturbance 70 of 121 in jacobian of /col3
Calculating disturbance 80 of 121 in jacobian of /col3
Calculating disturbance 90 of 121 in jacobian of /col3
Calculating disturbance 100 of 121 in jacobian of /col3
Calculating disturbance 110 of 121 in jacobian of /col3
Calculating disturbance 120 of 121 in jacobian of /col3
/col3 Inner Error 0.009330
/col3 Inner Error 0.004156
/col3 Inner Error 0.001169
/col3 Inner Error 0.000462
/col3 Inner Error 0.000021
/col3 Inner Error 0.000009
Inner loop converged
/col3 Iteration 7 Outer Error 0.003236
/col3 Inner Error 0.043974
/col3 Inner Error 0.009308
/col3 Inner Error 0.003669
/col3 Inner Error 0.002943
/col3 Inner Error 0.001797
/col3 Inner Error 0.000137
/col3 Inner Error 0.000035
/col3 Inner Error 0.000017
/col3 Inner Error 0.000000
Inner loop converged
/col3 Iteration 8 Outer Error 0.000009
/col3 Inner Error 0.000617
/col3 Inner Error 0.000189
/col3 Inner Error 0.000006
Inner loop converged
Calculating Jacobian for /col2
Calculating disturbance 10 of 73 in jacobian of /col2
Calculating disturbance 20 of 73 in jacobian of /col2
Calculating disturbance 30 of 73 in jacobian of /col2
Calculating disturbance 40 of 73 in jacobian of /col2
Calculating disturbance 50 of 73 in jacobian of /col2
Calculating disturbance 60 of 73 in jacobian of /col2
Calculating disturbance 70 of 73 in jacobian of /col2
/col2 Inner Error 0.103904
/col2 Inner Error 0.056937
/col2 Inner Error 0.007957
/col2 Inner Error 0.001152
/col2 Inner Error 0.000228
/col2 Inner Error 0.000056
/col2 Inner Error 0.000008
Inner loop converged
/col2 Iteration 1 Outer Error 0.022677
/col2 Inner Error 0.041488
/col2 Inner Error 0.008454
/col2 Inner Error 0.001169
/col2 Inner Error 0.000199
/col2 Inner Error 0.000046
/col2 Inner Error 0.000006
Inner loop converged
/col2 Iteration 2 Outer Error 0.010321
/col2 Inner Error 0.005715
/col2 Inner Error 0.000696
/col2 Inner Error 0.000037
/col2 Inner Error 0.000004
Inner loop converged
/col2 Iteration 3 Outer Error 0.001600
/col2 Inner Error 0.000277
/col2 Inner Error 0.000016
/col2 Inner Error 0.000002
Inner loop converged
/col2 Iteration 4 Outer Error 0.000371
/col2 Inner Error 0.000037
/col2 Inner Error 0.000004
Inner loop converged
/col2 Iteration 5 Outer Error 0.000070
/col2 Inner Error 0.000001
Inner loop converged
Iteration 1 -> max Error 0.017336 in /vap_draw2_col2.In.Fraction.ARGON
/col3 Inner Error 0.007584
/col3 Inner Error 0.002351
/col3 Inner Error 0.000221
/col3 Inner Error 0.000052
/col3 Inner Error 0.000007
Inner loop converged
/col3 Iteration 1 Outer Error 0.000075
/col3 Inner Error 0.003489
/col3 Inner Error 0.001055
/col3 Inner Error 0.000164
/col3 Inner Error 0.000071
/col3 Inner Error 0.000016
/col3 Inner Error 0.000001
Inner loop converged
/col2 Inner Error 0.003115
/col2 Inner Error 0.000182
/col2 Inner Error 0.000036
/col2 Inner Error 0.000013
/col2 Inner Error 0.000002
Inner loop converged
/col2 Iteration 1 Outer Error 0.005535
/col2 Inner Error 0.001064
/col2 Inner Error 0.000129
/col2 Inner Error 0.000017
/col2 Inner Error 0.000003
Inner loop converged
/col2 Iteration 2 Outer Error 0.000922
/col2 Inner Error 0.000085
/col2 Inner Error 0.000004
Inner loop converged
/col2 Iteration 3 Outer Error 0.000250
/col2 Inner Error 0.000005
Inner loop converged
/col2 Iteration 4 Outer Error 0.000053
/col2 Inner Error 0.000001
Inner loop converged
Iteration 2 -> max Error 0.003567 in /vap_draw2_col2.In.Fraction.ARGON
/col3 Inner Error 0.000788
/col3 Inner Error 0.000132
/col3 Inner Error 0.000065
/col3 Inner Error 0.000001
Inner loop converged
/col3 Iteration 1 Outer Error 0.000011
/col3 Inner Error 0.000816
/col3 Inner Error 0.000250
/col3 Inner Error 0.000026
/col3 Inner Error 0.000004
Inner loop converged
/col2 Inner Error 0.000222
/col2 Inner Error 0.000028
/col2 Inner Error 0.000002
Inner loop converged
/col2 Iteration 1 Outer Error 0.001305
/col2 Inner Error 0.000118
/col2 Inner Error 0.000007
Inner loop converged
/col2 Iteration 2 Outer Error 0.000216
/col2 Inner Error 0.000007
Inner loop converged
/col2 Iteration 3 Outer Error 0.000061
/col2 Inner Error 0.000003
Inner loop converged
Iteration 3 -> max Error 0.000695 in /vap_draw2_col2.In.Fraction.OXYGEN
/col3 Inner Error 0.000609
/col3 Inner Error 0.000025
/col3 Inner Error 0.000004
Inner loop converged
/col3 Iteration 1 Outer Error 0.000002
/col3 Inner Error 0.000101
/col3 Inner Error 0.000032
/col3 Inner Error 0.000001
Inner loop converged
/col2 Inner Error 0.000052
/col2 Inner Error 0.000004
Inner loop converged
/col2 Iteration 1 Outer Error 0.000338
/col2 Inner Error 0.000013
/col2 Inner Error 0.000001
Inner loop converged
/col2 Iteration 2 Outer Error 0.000056
/col2 Inner Error 0.000002
Inner loop converged
Iteration 4 -> max Error 1.000000 in /vap_draw2_col2.In.VapFrac
/col3 Inner Error 0.000623
/col3 Inner Error 0.000068
/col3 Inner Error 0.000015
/col3 Inner Error 0.000000
Inner loop converged
/col3 Iteration 1 Outer Error 0.000002
/col3 Inner Error 0.000022
/col3 Inner Error 0.000005
Inner loop converged
/col2 Inner Error 0.000021
/col2 Inner Error 0.000001
Inner loop converged
/col2 Iteration 1 Outer Error 0.000259
/col2 Inner Error 0.000006
Inner loop converged
/col2 Iteration 2 Outer Error 0.000042
/col2 Inner Error 0.000001
Inner loop converged
Iteration 5 -> max Error 0.050000 in /vap_draw2_col2.In.VapFrac
/col3 Inner Error 0.000447
/col3 Inner Error 0.000021
/col3 Inner Error 0.000003
Inner loop converged
/col3 Iteration 1 Outer Error 0.000002
/col3 Inner Error 0.000010
Inner loop converged
/col2 Inner Error 0.000001
Inner loop converged
/col2 Iteration 1 Outer Error 0.000249
/col2 Inner Error 0.000005
Inner loop converged
/col2 Iteration 2 Outer Error 0.000041
/col2 Inner Error 0.000001
Inner loop converged
Iteration 6 -> max Error 1.000000 in /vap_draw2_col2.In.VapFrac
/col3 Inner Error 0.000277
/col3 Inner Error 0.000023
/col3 Inner Error 0.000003
Inner loop converged
/col3 Iteration 1 Outer Error 0.000002
/col3 Inner Error 0.000022
/col3 Inner Error 0.000001
Inner loop converged
/col2 Inner Error 0.000001
Inner loop converged
/col2 Iteration 1 Outer Error 0.000257
/col2 Inner Error 0.000006
Inner loop converged
/col2 Iteration 2 Outer Error 0.000043
/col2 Inner Error 0.000001
Inner loop converged
Iteration 7 -> max Error 0.042114 in /vap_draw2_col2.In.VapFrac
/col3 Inner Error 0.000018
/col3 Inner Error 0.000001
Inner loop converged
/col3 Iteration 1 Outer Error 0.000000
/col3 Inner Error 0.000001
Inner loop converged
/col2 Inner Error 0.000000
Inner loop converged
/col2 Iteration 1 Outer Error 0.000003
/col2 Inner Error 0.000001
Inner loop converged
Iteration 8 -> max Error 0.040454 in /vap_draw2_col2.In.VapFrac
/col3 Inner Error 0.000001
Inner loop converged
/col3 Iteration 1 Outer Error 0.000000
/col3 Inner Error 0.000000
Inner loop converged
/col2 Inner Error 0.000000
Inner loop converged
/col2 Iteration 1 Outer Error 0.000009
/col2 Inner Error 0.000000
Inner loop converged
Iteration 9 -> max Error 0.038840 in /vap_draw2_col2.In.VapFrac
/col3 Inner Error 0.000587
/col3 Inner Error 0.000009
Inner loop converged
/col3 Iteration 1 Outer Error 0.000002
/col3 Inner Error 0.000018
/col3 Inner Error 0.000003
Inner loop converged
/col2 Inner Error 0.000002
Inner loop converged
/col2 Iteration 1 Outer Error 0.000323
/col2 Inner Error 0.000006
Inner loop converged
/col2 Iteration 2 Outer Error 0.000056
/col2 Inner Error 0.000002
Inner loop converged
Iteration 10 -> max Error 0.011160 in /vap_draw2_col2.In.VapFrac
/col3 Inner Error 0.000052
/col3 Inner Error 0.000001
Inner loop converged
/col3 Iteration 1 Outer Error 0.000001
/col3 Inner Error 0.000008
Inner loop converged
/col2 Inner Error 0.000001
Inner loop converged
/col2 Iteration 1 Outer Error 0.000148
/col2 Inner Error 0.000004
Inner loop converged
/col2 Iteration 2 Outer Error 0.000025
/col2 Inner Error 0.000001
Inner loop converged
Iteration 11 -> max Error 0.014748 in /vap_draw2_col2.In.VapFrac
/col3 Inner Error 0.000038
/col3 Inner Error 0.000000
Inner loop converged
/col3 Iteration 1 Outer Error 0.000001
/col3 Inner Error 0.000003
Inner loop converged
/col2 Inner Error 0.000001
Inner loop converged
/col2 Iteration 1 Outer Error 0.000111
/col2 Inner Error 0.000002
Inner loop converged
/col2 Iteration 2 Outer Error 0.000019
/col2 Inner Error 0.000001
Inner loop converged
Iteration 12 -> max Error 0.003752 in /vap_draw2_col2.In.VapFrac
/col3 Inner Error 0.000002
Inner loop converged
/col3 Iteration 1 Outer Error 0.000000
/col3 Inner Error 0.000001
Inner loop converged
/col2 Inner Error 0.000000
Inner loop converged
/col2 Iteration 1 Outer Error 0.000007
/col2 Inner Error 0.000000
Inner loop converged
Iteration 13 -> max Error 0.001989 in /vap_draw2_col2.In.VapFrac
/col3 Inner Error 0.000001
Inner loop converged
/col3 Iteration 1 Outer Error 0.000000
/col3 Inner Error 0.000000
Inner loop converged
/col2 Inner Error 0.000000
Inner loop converged
/col2 Iteration 1 Outer Error 0.000009
/col2 Inner Error 0.000000
Inner loop converged
Iteration 14 -> max Error 0.000578 in /vap_draw2_col2.In.ZFactor
/col3 Inner Error 0.000000
Inner loop converged
/col3 Iteration 1 Outer Error 0.000000
/col3 Inner Error 0.000000
Inner loop converged
/col2 Inner Error 0.000000
Inner loop converged
/col2 Iteration 1 Outer Error 0.000014
/col2 Inner Error 0.000000
Inner loop converged
Iteration 15 -> max Error 0.998661 in /vap_draw2_col2.In.VapFrac
/col3 Inner Error 0.000514
/col3 Inner Error 0.000012
/col3 Inner Error 0.000002
Inner loop converged
/col3 Iteration 1 Outer Error 0.000002
/col3 Inner Error 0.000027
/col3 Inner Error 0.000004
Inner loop converged
/col2 Inner Error 0.000002
Inner loop converged
/col2 Iteration 1 Outer Error 0.000323
/col2 Inner Error 0.000007
Inner loop converged
/col2 Iteration 2 Outer Error 0.000054
/col2 Inner Error 0.000001
Inner loop converged
Iteration 16 -> max Error 0.051339 in /vap_draw2_col2.In.VapFrac
/col3 Inner Error 0.000011
/col3 Inner Error 0.000002
Inner loop converged
/col3 Iteration 1 Outer Error 0.000000
/col3 Inner Error 0.000002
Inner loop converged
/col2 Inner Error 0.000000
Inner loop converged
/col2 Iteration 1 Outer Error 0.000022
/col2 Inner Error 0.000001
Inner loop converged
Iteration 17 -> max Error 0.051486 in /vap_draw2_col2.In.VapFrac
/col3 Inner Error 0.000016
/col3 Inner Error 0.000002
Inner loop converged
/col3 Iteration 1 Outer Error 0.000000
/col3 Inner Error 0.000001
Inner loop converged
/col2 Inner Error 0.000000
Inner loop converged
/col2 Iteration 1 Outer Error 0.000011
/col2 Inner Error 0.000000
Inner loop converged
Iteration 18 -> max Error 0.049068 in /vap_draw2_col2.In.VapFrac
/col3 Inner Error 0.000000
Inner loop converged
/col3 Iteration 1 Outer Error 0.000000
/col3 Inner Error 0.000000
Inner loop converged
/col2 Inner Error 0.000000
Inner loop converged
/col2 Iteration 1 Outer Error 0.000001
/col2 Inner Error 0.000000
Inner loop converged
Iteration 19 -> max Error 0.049373 in /vap_draw2_col2.In.VapFrac
/col3 Inner Error 0.000318
/col3 Inner Error 0.000007
Inner loop converged
/col3 Iteration 1 Outer Error 0.000003
/col3 Inner Error 0.000009
Inner loop converged
/col2 Inner Error 0.000001
Inner loop converged
/col2 Iteration 1 Outer Error 0.000247
/col2 Inner Error 0.000005
Inner loop converged
/col2 Iteration 2 Outer Error 0.000042
/col2 Inner Error 0.000001
Inner loop converged
Iteration 20 -> max Error 0.011826 in /vap_draw2_col2.In.VapFrac
/col3 Inner Error 0.000082
/col3 Inner Error 0.000001
Inner loop converged
/col3 Iteration 1 Outer Error 0.000001
/col3 Inner Error 0.000006
Inner loop converged
/col2 Inner Error 0.000001
Inner loop converged
/col2 Iteration 1 Outer Error 0.000175
/col2 Inner Error 0.000004
Inner loop converged
/col2 Iteration 2 Outer Error 0.000029
/col2 Inner Error 0.000001
Inner loop converged
Iteration 21 -> max Error 0.038967 in /vap_draw2_col2.In.VapFrac
/col3 Inner Error 0.000046
/col3 Inner Error 0.000000
Inner loop converged
/col3 Iteration 1 Outer Error 0.000001
/col3 Inner Error 0.000004
Inner loop converged
/col2 Inner Error 0.000001
Inner loop converged
/col2 Iteration 1 Outer Error 0.000131
/col2 Inner Error 0.000003
Inner loop converged
/col2 Iteration 2 Outer Error 0.000022
/col2 Inner Error 0.000001
Inner loop converged
Iteration 22 -> max Error 0.018813 in /vap_draw2_col2.In.VapFrac
/col3 Inner Error 0.000635
/col3 Inner Error 0.000010
/col3 Inner Error 0.000000
Inner loop converged
/col3 Iteration 1 Outer Error 0.000002
/col3 Inner Error 0.000017
/col3 Inner Error 0.000004
Inner loop converged
/col2 Inner Error 0.000003
Inner loop converged
/col2 Iteration 1 Outer Error 0.000330
/col2 Inner Error 0.000007
Inner loop converged
/col2 Iteration 2 Outer Error 0.000058
/col2 Inner Error 0.000002
Inner loop converged
Iteration 23 -> max Error 0.031187 in /vap_draw2_col2.In.VapFrac
/col3 Inner Error 0.000489
/col3 Inner Error 0.000013
/col3 Inner Error 0.000001
Inner loop converged
/col3 Iteration 1 Outer Error 0.000002
/col3 Inner Error 0.000007
Inner loop converged
/col2 Inner Error 0.000007
Inner loop converged
/col2 Iteration 1 Outer Error 0.000331
/col2 Inner Error 0.000010
/col2 Inner Error 0.000000
Inner loop converged
/col2 Iteration 2 Outer Error 0.000059
/col2 Inner Error 0.000002
Inner loop converged
Iteration 24 -> max Error 0.081187 in /vap_draw2_col2.In.VapFrac
/col3 Inner Error 0.000619
/col3 Inner Error 0.000024
/col3 Inner Error 0.000003
Inner loop converged
/col3 Iteration 1 Outer Error 0.000002
/col3 Inner Error 0.000018
/col3 Inner Error 0.000004
Inner loop converged
/col2 Inner Error 0.000010
/col2 Inner Error 0.000001
Inner loop converged
/col2 Iteration 1 Outer Error 0.000308
/col2 Inner Error 0.000006
Inner loop converged
/col2 Iteration 2 Outer Error 0.000050
/col2 Inner Error 0.000001
Inner loop converged
Iteration 25 -> max Error 0.031187 in /vap_draw2_col2.In.VapFrac
/col3 Inner Error 0.000587
/col3 Inner Error 0.000045
/col3 Inner Error 0.000003
Inner loop converged
/col3 Iteration 1 Outer Error 0.000002
/col3 Inner Error 0.000016
/col3 Inner Error 0.000002
Inner loop converged
/col2 Inner Error 0.000003
Inner loop converged
/col2 Iteration 1 Outer Error 0.000267
/col2 Inner Error 0.000005
Inner loop converged
/col2 Iteration 2 Outer Error 0.000043
/col2 Inner Error 0.000001
Inner loop converged
Iteration 26 -> max Error 0.008018 in /vap_draw2_col2.In.VapFrac
/col3 Inner Error 0.000003
Inner loop converged
/col3 Iteration 1 Outer Error 0.000001
/col3 Inner Error 0.000007
Inner loop converged
/col2 Inner Error 0.000002
Inner loop converged
/col2 Iteration 1 Outer Error 0.000080
/col2 Inner Error 0.000002
Inner loop converged
Iteration 27 -> max Error 0.006398 in /vap_draw2_col2.In.VapFrac
/col3 Inner Error 0.000002
Inner loop converged
/col3 Iteration 1 Outer Error 0.000000
/col3 Inner Error 0.000002
Inner loop converged
/col2 Inner Error 0.000001
Inner loop converged
/col2 Iteration 1 Outer Error 0.000031
/col2 Inner Error 0.000001
Inner loop converged
Iteration 28 -> max Error 0.000530 in /vap_draw2_col2.In.VapFrac
/col3 Inner Error 0.000000
Inner loop converged
/col3 Iteration 1 Outer Error 0.000000
/col3 Inner Error 0.000000
Inner loop converged
/col2 Inner Error 0.000000
Inner loop converged
/col2 Iteration 1 Outer Error 0.000000
/col2 Inner Error 0.000000
Inner loop converged
Iteration 29 -> max Error 0.000169 in /vap_draw2_col2.In.VapFrac
/col3 Inner Error 0.000000
Inner loop converged
/col3 Iteration 1 Outer Error 0.000000
/col3 Inner Error 0.000000
Inner loop converged
/col2 Inner Error 0.000000
Inner loop converged
/col2 Iteration 1 Outer Error 0.000000
/col2 Inner Error 0.000000
Inner loop converged
Iteration 30 -> max Error 0.000314 in /vap_draw2_col2.In.molarV
/col3 Inner Error 0.000001
Inner loop converged
/col3 Iteration 1 Outer Error 0.000000
/col3 Inner Error 0.000000
Inner loop converged
/col2 Inner Error 0.000000
Inner loop converged
/col2 Iteration 1 Outer Error 0.000004
/col2 Inner Error 0.000000
Inner loop converged
Iteration 31 -> max Error 0.000350 in /vap_draw2_col2.In.VapFrac
/col3 Inner Error 0.000000
Inner loop converged
/col3 Iteration 1 Outer Error 0.000000
/col3 Inner Error 0.000000
Inner loop converged
/col2 Inner Error 0.000000
Inner loop converged
/col2 Iteration 1 Outer Error 0.000000
/col2 Inner Error 0.000000
Inner loop converged
Iteration 32 -> max Error 0.000312 in /vap_draw2_col2.In.VapFrac
/col3 Inner Error 0.000000
Inner loop converged
/col3 Iteration 1 Outer Error 0.000000
/col3 Inner Error 0.000000
Inner loop converged
/col2 Inner Error 0.000000
Inner loop converged
/col2 Iteration 1 Outer Error 0.000001
/col2 Inner Error 0.000000
Inner loop converged
Iteration 33 -> max Error 0.000036 in /vap_draw2_col2.In.VapFrac
>> cd ..
/
>> 
>> # Purified Nitrogen Product
>> ovhd_vap_col2.Out
Port: /ovhd_vap_col2.Out + sim21.solver.Ports.Port_Material
Connected to: None
VapFrac            = 1.0 = 
T                  = -194.42951724909884 = C
P                  = 120.0 = kPa
MoleFlow           = 2036.197328639894 = kgmole/h
MassFlow           = 57040.811582770926 = kg/h
VolumeFlow         = 10587.772714279645 = m3/hr
StdLiqVolumeFlow   = 70.94111421939557 = m3/hr
H                  = -6468.640632912722 = kJ/kmol
Energy             = -3658730.21574121 = W
MolecularWeight    = 28.01340044719719 = 
ZFactor            = 0.9533317535291963 = 
NITROGEN           = 0.9999999406410068 = 
OXYGEN             = 6.539217319833654e-09 = 
ARGON              = 5.2819775892098174e-08 = 

>> 
>> # Purified Oxygen Product
>> btm_liq_col2.Out
Port: /btm_liq_col2.Out + sim21.solver.Ports.Port_Material
Connected to: None
VapFrac            = 0.0 = 
T                  = -180.279979161465 = C
P                  = 135.0 = kPa
MoleFlow           = 1743.8121740783508 = kgmole/h
MassFlow           = 55938.51612641216 = kg/h
VolumeFlow         = 43.92680280304298 = m3/hr
StdLiqVolumeFlow   = 48.586966702329335 = m3/hr
H                  = -12716.870933811098 = kJ/kmol
Energy             = -6159953.986267477 = W
MolecularWeight    = 32.078292007553564 = 
ZFactor            = 0.004404067124087473 = 
NITROGEN           = 1.8786146913465055e-17 = 
OXYGEN             = 0.99 = 
ARGON              = 0.01000000095982736 = 

>> 
>> # Pure Argon Product
>> ovhd_liq_col3.Out
Port: /ovhd_liq_col3.Out + sim21.solver.Ports.Port_Material
Connected to: None
VapFrac            = 0.0 = 
T                  = -184.3340609478833 = C
P                  = 120.0 = kPa
MoleFlow           = 11.215908190228184 = kgmole/h
MassFlow           = 448.05265720829397 = kg/h
VolumeFlow         = 0.2828294598776637 = m3/hr
StdLiqVolumeFlow   = 0.3263830845820504 = m3/hr
H                  = -10771.31931586722 = kJ/kmol
Energy             = -33558.369037332835 = W
MolecularWeight    = 39.94796048693213 = 
ZFactor            = 0.0040977583839778 = 
NITROGEN           = 2.6447361346212185e-06 = 
OXYGEN             = 1e-06 = 
ARGON              = 0.9999963552599188 = 

>> 
>> # Liquid recycle back to Col2
>> btm_liq_col3.Out
Port: /btm_liq_col3.Out + sim21.solver.Ports.Port_Material
Connected to: /col2.Feed_56_f
VapFrac            = 0.0 = 
T                  = -180.78060127197767 = C
P                  = 130.0 = kPa
MoleFlow           = 798.784094077773 = kgmole/h
MassFlow           = 25845.949164063124 = kg/h
VolumeFlow         = 20.087744569638268 = m3/hr
StdLiqVolumeFlow   = 22.2910813421654 = m3/hr
H                  = -12667.988784579064 = kJ/kmol
Energy             = -2810829.9847437157 = W
MolecularWeight    = 32.356614393267094 = 
ZFactor            = 0.004256795822036864 = 
NITROGEN           = 1.1105922845456689e-08 = 
OXYGEN             = 0.9549873148333797 = 
ARGON              = 0.04501267406069739 = 

>> 
>> # Vapor recycle to Col3
>> vap_draw2_col2.Out
Port: /vap_draw2_col2.Out + sim21.solver.Ports.Port_Material
Connected to: /col3.Feed_120_f
VapFrac            = 0.9999637859097885 = 
T                  = -180.61048787168153 = C
P                  = 132.21428571428572 = kPa
MoleFlow           = 810.0000022680001 = kgmole/h
MassFlow           = 26294.00182127103 = kg/h
VolumeFlow         = 4536.689100748347 = m3/hr
StdLiqVolumeFlow   = 22.617464426747365 = m3/hr
H                  = -5955.051736140702 = kJ/kmol
Energy             = -1339886.6443833406 = W
MolecularWeight    = 32.46173051106259 = 
ZFactor            = 0.9624340742092025 = 
NITROGEN           = 4.757327417827188e-08 = 
OXYGEN             = 0.9417638101419474 = 
ARGON              = 0.0582361422847784 = 

