>> # Luyben problem - Get initial estimates with reflux ratios to eventually target composition specs
>> 
>> units SI
>> 
>> # set up thermo
>> $thermo = Sim21Thermo.Peng-Robinson
pkgName: Peng-Robinson
>> / -> $thermo
Thermo case attached to a unit operation. / to /thermo
>> thermo + ETHANE PROPANE ISOBUTANE N-BUTANE ISOPENTANE N-PENTANE
ETHANE PROPANE ISOBUTANE N-BUTANE ISOPENTANE N-PENTANE 
>> 
>> nat_gas_feed = Stream.Stream_Material()
>> nat_gas_feed.In.T = 378 K
>> nat_gas_feed.In.P = 1763.055
>> nat_gas_feed.In.MoleFlow = 12033
>> nat_gas_feed.In.Fraction = .0005 0.332 0.3583 0.1543 0.103 0.0518
>> nat_gas_feed.Out
Port: /nat_gas_feed.Out + sim21.solver.Ports.Port_Material
Connected to: None
VapFrac            = 1.0 = 
T                  = 104.85000000000002 = C
P                  = 1763.055 = kPa
MoleFlow           = 12033.0 = kgmole/h
MassFlow           = 669304.5012285148 = kg/h
VolumeFlow         = 15801.8948894737 = m3/hr
StdLiqVolumeFlow   = 1152.1539495139514 = m3/hr
H                  = -120320.73068312123 = kJ/kmol
Energy             = -402172042.30833274 = W
MolecularWeight    = 55.62241346534653 = 
ZFactor            = 0.7366736361555987 = 
ETHANE             = 0.0005000500050005 = 
PROPANE            = 0.33203320332033204 = 
ISOBUTANE          = 0.35833583358335835 = 
N-BUTANE           = 0.1543154315431543 = 
ISOPENTANE         = 0.103010301030103 = 
N-PENTANE          = 0.0518051805180518 = 

>> 
>> 
>> 
>> col1 = Tower.Tower()
>> col1.Stage_0 + 48  # twenty two stages`
>> 
>> cd col1.Stage_24
/col1.Stage_24
>> f = Tower.Feed()
>> /nat_gas_feed.Out -> f.Port
>> 
>> cd ../Stage_0
/col1.Stage_0
>> l = Tower.LiquidDraw()
>> l.Port.P = 1722.525
>> l.Port.MoleFlow = 3993.34
>> # l.Port.Fraction.ISOBUTANE = 0.001
>> 
>> 
>> cond = Tower.EnergyFeed(0)
>> 
>> reflux = Tower.StageSpecification('Reflux')
>> reflux.Value = 3.0
>> 
>> # estT = Tower.Estimate('T')
>> # estT.Value = 322
>> 
>> cd ../Stage_49
/col1.Stage_49
>> l = Tower.LiquidDraw()
>> l.Port.P = 1773.1875
>> #l.Port.MoleFlow = 142.53
>> #l.Port.Fraction.PROPANE = 0.001
>> 
>> reb = Tower.EnergyFeed(1)
>> 
>> # estT = Tower.Estimate('T')
>> # estT.Value = 322
>> 
>> cd ..
/col1
>> 
>> # DampingFactor = 0.9
>> TryToSolve = 1  # start calculation
Calculating Jacobian for /col1
Calculating disturbance 10 of 50 in jacobian of /col1
Calculating disturbance 20 of 50 in jacobian of /col1
Calculating disturbance 30 of 50 in jacobian of /col1
Calculating disturbance 40 of 50 in jacobian of /col1
Calculating disturbance 50 of 50 in jacobian of /col1
/col1 Inner Error 0.004487
/col1 Inner Error 0.001867
/col1 Inner Error 0.000161
/col1 Inner Error 0.000033
/col1 Inner Error 0.000008
Inner loop converged
/col1 Iteration 1 Outer Error 1.388487
/col1 Inner Error 0.014388
/col1 Inner Error 0.002385
/col1 Inner Error 0.001940
/col1 Inner Error 0.000393
/col1 Inner Error 0.000044
/col1 Inner Error 0.000019
/col1 Inner Error 0.000002
Inner loop converged
/col1 Iteration 2 Outer Error 0.312871
/col1 Inner Error 0.016471
/col1 Inner Error 0.009113
/col1 Inner Error 0.001201
/col1 Inner Error 0.000563
/col1 Inner Error 0.000062
/col1 Inner Error 0.000016
/col1 Inner Error 0.000010
Inner loop converged
/col1 Iteration 3 Outer Error 0.006591
/col1 Inner Error 0.002157
/col1 Inner Error 0.001025
/col1 Inner Error 0.000166
/col1 Inner Error 0.000053
/col1 Inner Error 0.000037
/col1 Inner Error 0.000020
/col1 Inner Error 0.000009
Inner loop converged
/col1 Iteration 4 Outer Error 0.000072
/col1 Inner Error 0.000227
/col1 Inner Error 0.000062
/col1 Inner Error 0.000047
/col1 Inner Error 0.000044
Inner loop is not changing significantly - exiting
/col1 Iteration 5 Outer Error 0.000002
Calculating Jacobian for /col1
Calculating disturbance 10 of 50 in jacobian of /col1
Calculating disturbance 20 of 50 in jacobian of /col1
Calculating disturbance 30 of 50 in jacobian of /col1
Calculating disturbance 40 of 50 in jacobian of /col1
Calculating disturbance 50 of 50 in jacobian of /col1
/col1 Inner Error 0.000000
Inner loop converged
>> 
>> # First pass, solve with reflux ratio of 3
>> 
>> /overhead_col1 = Stream.Stream_Material()
>> /overhead_col1.In -> Stage_0.l.Port
>> 
>> /bottoms_col1 = Stream.Stream_Material()
>> /bottoms_col1.In -> Stage_49.l.Port
>> 
>> cd /
/
>> 
>> overhead_col1.Out
Port: /overhead_col1.Out + sim21.solver.Ports.Port_Material
Connected to: None
VapFrac            = 3.135093628471864e-06 = 
T                  = 62.21185785865231 = C
P                  = 1722.525 = kPa
MoleFlow           = 3993.34 = kgmole/h
MassFlow           = 194989.87527408372 = kg/h
VolumeFlow         = 425.8149867352011 = m3/hr
StdLiqVolumeFlow   = 338.2217024717307 = m3/hr
H                  = -126872.48323746807 = kJ/kmol
Energy             = -140734711.72541967 = W
MolecularWeight    = 48.82876857945618 = 
ZFactor            = 0.06587222544375552 = 
ETHANE             = 0.0013498844300717176 = 
PROPANE            = 0.6598590534971498 = 
ISOBUTANE          = 0.3063843604986208 = 
N-BUTANE           = 0.03240648449077128 = 
ISOPENTANE         = 2.1112365776709266e-07 = 
N-PENTANE          = 5.959728721883826e-09 = 

>> bottoms_col1.Out
Port: /bottoms_col1.Out + sim21.solver.Ports.Port_Material
Connected to: None
VapFrac            = 2.707053692932829e-06 = 
T                  = 97.38003483626983 = C
P                  = 1773.1875 = kPa
MoleFlow           = 8039.659834281935 = kgmole/h
MassFlow           = 474314.617862622 = kg/h
VolumeFlow         = 1033.5844447094578 = m3/hr
StdLiqVolumeFlow   = 813.9322330064899 = m3/hr
H                  = -140957.3283871027 = kJ/kmol
Energy             = -314791380.9392995 = W
MolecularWeight    = 58.99685156330819 = 
ZFactor            = 0.07399550690939599 = 
ETHANE             = 7.793289882943799e-05 = 
PROPANE            = 0.16920042657901477 = 
ISOBUTANE          = 0.3841403960168185 = 
N-BUTANE           = 0.2148682291564081 = 
ISOPENTANE         = 0.15417593962386286 = 
N-PENTANE          = 0.07753707572506643 = 

>> 
>> col1.Stage_0.reflux =
>> col1.Stage_0.reflux = Tower.StageSpecification('Reflux')
>> 
>> # First pass, solve with reflux ratio of 3
>> col1.Stage_0.reflux.Value = 10.0
/col1 Inner Error 6.461846
/col1 Inner Error 5.500993
/col1 Inner Error 2.940514
/col1 Inner Error 0.082484
/col1 Inner Error 0.082474
Inner loop is not changing significantly - exiting
/col1 Iteration 1 Outer Error 0.022683
Calculating Jacobian for /col1
Calculating disturbance 10 of 50 in jacobian of /col1
Calculating disturbance 20 of 50 in jacobian of /col1
Calculating disturbance 30 of 50 in jacobian of /col1
Calculating disturbance 40 of 50 in jacobian of /col1
Calculating disturbance 50 of 50 in jacobian of /col1
/col1 Inner Error 0.021889
/col1 Inner Error 0.015887
/col1 Inner Error 0.014953
/col1 Inner Error 0.014329
/col1 Inner Error 0.005664
/col1 Inner Error 0.004484
/col1 Inner Error 0.002950
/col1 Inner Error 0.001171
/col1 Inner Error 0.000454
/col1 Inner Error 0.000156
/col1 Inner Error 0.000043
/col1 Inner Error 0.000016
/col1 Inner Error 0.000005
Inner loop converged
/col1 Iteration 2 Outer Error 0.041944
/col1 Inner Error 0.042932
/col1 Inner Error 0.016424
/col1 Inner Error 0.007203
/col1 Inner Error 0.004579
/col1 Inner Error 0.002510
/col1 Inner Error 0.001004
/col1 Inner Error 0.000997
Inner loop is not changing significantly - exiting
/col1 Iteration 3 Outer Error 0.011946
Calculating Jacobian for /col1
Calculating disturbance 10 of 50 in jacobian of /col1
Calculating disturbance 20 of 50 in jacobian of /col1
Calculating disturbance 30 of 50 in jacobian of /col1
Calculating disturbance 40 of 50 in jacobian of /col1
Calculating disturbance 50 of 50 in jacobian of /col1
/col1 Inner Error 0.023772
Step size too small - Exiting inner loop
/col1 Iteration 4 Outer Error 0.000486
Calculating Jacobian for /col1
Calculating disturbance 10 of 50 in jacobian of /col1
Calculating disturbance 20 of 50 in jacobian of /col1
Calculating disturbance 30 of 50 in jacobian of /col1
Calculating disturbance 40 of 50 in jacobian of /col1
Calculating disturbance 50 of 50 in jacobian of /col1
/col1 Inner Error 0.026006
/col1 Inner Error 0.025999
Inner loop is not changing significantly - exiting
/col1 Iteration 5 Outer Error 0.000025
Calculating Jacobian for /col1
Calculating disturbance 10 of 50 in jacobian of /col1
Calculating disturbance 20 of 50 in jacobian of /col1
Calculating disturbance 30 of 50 in jacobian of /col1
Calculating disturbance 40 of 50 in jacobian of /col1
Calculating disturbance 50 of 50 in jacobian of /col1
/col1 Inner Error 0.026088
/col1 Inner Error 0.026074
/col1 Inner Error 0.026010
/col1 Inner Error 0.025948
/col1 Inner Error 0.025782
/col1 Inner Error 0.025113
/col1 Inner Error 0.021435
/col1 Inner Error 0.003394
/col1 Inner Error 0.002112
/col1 Inner Error 0.000451
/col1 Inner Error 0.000257
/col1 Inner Error 0.000029
/col1 Inner Error 0.000005
Inner loop converged
>> 
>> 
>> col1.TryToSolve = 0
>> col1.Stage_0.reflux =
>> col1.Stage_0.l.Port.MoleFlow =
>> 
>> col1.Stage_0.l.Port.Fraction.ISOBUTANE = 0.0001
>> col1.Stage_49.l.Port.Fraction.PROPANE = 0.0001
>> 
>> col1.TryToSolve = 1
/col1 Inner Error 0.000764
/col1 Inner Error 0.000515
/col1 Inner Error 0.000515
Inner loop is not changing significantly - exiting
/col1 Iteration 1 Outer Error 0.013565
Calculating Jacobian for /col1
Calculating disturbance 10 of 50 in jacobian of /col1
Calculating disturbance 20 of 50 in jacobian of /col1
Calculating disturbance 30 of 50 in jacobian of /col1
Calculating disturbance 40 of 50 in jacobian of /col1
Calculating disturbance 50 of 50 in jacobian of /col1
/col1 Inner Error 0.010624
Inner loop is not changing significantly - exiting
/col1 Iteration 2 Outer Error 0.010875
Calculating Jacobian for /col1
Calculating disturbance 10 of 50 in jacobian of /col1
Calculating disturbance 20 of 50 in jacobian of /col1
Calculating disturbance 30 of 50 in jacobian of /col1
Calculating disturbance 40 of 50 in jacobian of /col1
Calculating disturbance 50 of 50 in jacobian of /col1
/col1 Inner Error 0.032222
/col1 Inner Error 0.031917
/col1 Inner Error 0.031332
/col1 Inner Error 0.029619
/col1 Inner Error 0.020037
/col1 Inner Error 0.010251
/col1 Inner Error 0.006933
/col1 Inner Error 0.006545
/col1 Inner Error 0.004750
/col1 Inner Error 0.003604
/col1 Inner Error 0.003042
/col1 Inner Error 0.002422
/col1 Inner Error 0.001717
Step size too small - Exiting inner loop
/col1 Iteration 3 Outer Error 0.027847
Calculating Jacobian for /col1
Calculating disturbance 10 of 50 in jacobian of /col1
Calculating disturbance 20 of 50 in jacobian of /col1
Calculating disturbance 30 of 50 in jacobian of /col1
Calculating disturbance 40 of 50 in jacobian of /col1
Calculating disturbance 50 of 50 in jacobian of /col1
/col1 Inner Error 0.002801
/col1 Inner Error 0.002010
/col1 Inner Error 0.001691
/col1 Inner Error 0.001565
/col1 Inner Error 0.000890
/col1 Inner Error 0.000510
/col1 Inner Error 0.000510
Inner loop is not changing significantly - exiting
/col1 Iteration 4 Outer Error 0.005580
Calculating Jacobian for /col1
Calculating disturbance 10 of 50 in jacobian of /col1
Calculating disturbance 20 of 50 in jacobian of /col1
Calculating disturbance 30 of 50 in jacobian of /col1
Calculating disturbance 40 of 50 in jacobian of /col1
Calculating disturbance 50 of 50 in jacobian of /col1
/col1 Inner Error 0.002120
/col1 Inner Error 0.001448
/col1 Inner Error 0.001238
/col1 Inner Error 0.000582
/col1 Inner Error 0.000105
/col1 Inner Error 0.000018
/col1 Inner Error 0.000009
Inner loop converged
/col1 Iteration 5 Outer Error 0.002350
/col1 Inner Error 0.000562
/col1 Inner Error 0.000469
/col1 Inner Error 0.000213
/col1 Inner Error 0.000012
/col1 Inner Error 0.000011
Inner loop is not changing significantly - exiting
/col1 Iteration 6 Outer Error 0.000040
Calculating Jacobian for /col1
Calculating disturbance 10 of 50 in jacobian of /col1
Calculating disturbance 20 of 50 in jacobian of /col1
Calculating disturbance 30 of 50 in jacobian of /col1
Calculating disturbance 40 of 50 in jacobian of /col1
Calculating disturbance 50 of 50 in jacobian of /col1
/col1 Inner Error 0.000021
/col1 Inner Error 0.000001
Inner loop converged
>> 
>> overhead_col1.Out
Port: /overhead_col1.Out + sim21.solver.Ports.Port_Material
Connected to: None
VapFrac            = 0.0 = 
T                  = 49.93479779238419 = C
P                  = 1722.525 = kPa
MoleFlow           = 4000.9705232346387 = kgmole/h
MassFlow           = 176346.50132348208 = kg/h
VolumeFlow         = 390.24649903279135 = m3/hr
StdLiqVolumeFlow   = 299.39167373330497 = m3/hr
H                  = -117464.1631892064 = kJ/kmol
Energy             = -130547404.01567726 = W
MolecularWeight    = 44.07593021617125 = 
ZFactor            = 0.06254440842010674 = 
ETHANE             = 0.0015039105325011391 = 
PROPANE            = 0.9983958500602672 = 
ISOBUTANE          = 0.0001 = 
N-BUTANE           = 2.0332908363149532e-07 = 
ISOPENTANE         = 6.709678743684107e-09 = 
N-PENTANE          = 6.261869579381994e-09 = 

>> bottoms_col1.Out
Port: /bottoms_col1.Out + sim21.solver.Ports.Port_Material
Connected to: None
VapFrac            = 7.196533236445703e-08 = 
T                  = 107.56335719063532 = C
P                  = 1773.1875 = kPa
MoleFlow           = 8032.029476765347 = kgmole/h
MassFlow           = 492957.9980189178 = kg/h
VolumeFlow         = 1102.3534845038437 = m3/hr
StdLiqVolumeFlow   = 852.7622719862443 = m3/hr
H                  = -144341.35160453548 = kJ/kmol
Energy             = -322042775.22327226 = W
MolecularWeight    = 61.374027503873556 = 
ZFactor            = 0.076880809500149 = 
ETHANE             = 6.455512622655159e-15 = 
PROPANE            = 0.0001 = 
ISOBUTANE          = 0.5367827531608739 = 
N-BUTANE           = 0.23118400892533897 = 
ISOPENTANE         = 0.15432250703706082 = 
N-PENTANE          = 0.07761073511040022 = 

>> 
>> 
>> 
>> v1 = Valve.Valve()
>> bottoms_col1.Out -> v1.In
>> v1.Out.P = 739.67
>> 
>> v1.Out
Port: /v1.Out + sim21.solver.Ports.Port_Material
Connected to: None
VapFrac            = 0.41255366536939964 = 
T                  = 67.44660458174025 = C
P                  = 739.67 * kPa
MoleFlow           = 8032.029476765347 = kgmole/h
MassFlow           = 492957.9980189178 = kg/h
VolumeFlow         = 11204.682752797644 = m3/hr
StdLiqVolumeFlow   = 852.7622719862443 = m3/hr
H                  = -144341.35160453548 = kJ/kmol
Energy             = -322042775.22327226 = W
MolecularWeight    = 61.374027503873556 = 
ZFactor            = 0.36436594242644754 = 
ETHANE             = 6.455512622655159e-15 = 
PROPANE            = 0.0001 = 
ISOBUTANE          = 0.5367827531608739 = 
N-BUTANE           = 0.23118400892533897 = 
ISOPENTANE         = 0.15432250703706082 = 
N-PENTANE          = 0.07761073511040022 = 

>> 
>> 
>> feed_col2 = Stream.Stream_Material()
>> v1.Out -> feed_col2.In
>> 
>> 
>> col2 = Tower.Tower()
>> col2.Stage_0 + 29  # twenty two stages`
>> 
>> cd col2.Stage_16
/col2.Stage_16
>> 
>> f = Tower.Feed()
>> /feed_col2.Out -> f.Port
>> 
>> cd ../Stage_0
/col2.Stage_0
>> l = Tower.LiquidDraw()
>> l.Port.P = 719.0
>> l.Port.MoleFlow = 6000
>> 
>> cond = Tower.EnergyFeed(0)
>> 
>> reflux = Tower.StageSpecification('Reflux')
>> reflux.Value = 15.0
>> 
>> cd ../Stage_30
/col2.Stage_30
>> l = Tower.LiquidDraw()
>> l.Port.P = 750.0
>> 
>> reb = Tower.EnergyFeed(1)
>> 
>> cd ..
/col2
>> 
>> # DampingFactor = 0.9
>> TryToSolve = 1  # start calculation
Calculating Jacobian for /col2
Calculating disturbance 10 of 31 in jacobian of /col2
Calculating disturbance 20 of 31 in jacobian of /col2
Calculating disturbance 30 of 31 in jacobian of /col2
/col2 Inner Error 0.003321
/col2 Inner Error 0.000998
/col2 Inner Error 0.000056
/col2 Inner Error 0.000002
Inner loop converged
/col2 Iteration 1 Outer Error 0.012861
/col2 Inner Error 0.001573
/col2 Inner Error 0.000130
/col2 Inner Error 0.000015
/col2 Inner Error 0.000001
Inner loop converged
/col2 Iteration 2 Outer Error 0.000434
/col2 Inner Error 0.001488
/col2 Inner Error 0.000315
/col2 Inner Error 0.000009
Inner loop converged
/col2 Iteration 3 Outer Error 0.000003
/col2 Inner Error 0.000074
/col2 Inner Error 0.000006
Inner loop converged
>> 
>> /overhead_col2 = Stream.Stream_Material()
>> /overhead_col2.In -> Stage_0.l.Port
>> 
>> /bottoms_col2 = Stream.Stream_Material()
>> /bottoms_col2.In -> Stage_30.l.Port
>> 
>> cd /
/
>> 
>> overhead_col2.Out
Port: /overhead_col2.Out + sim21.solver.Ports.Port_Material
Connected to: None
VapFrac            = 0.0 = 
T                  = 55.40080509743882 = C
P                  = 719.0 = kPa
MoleFlow           = 6000.0 = kgmole/h
MassFlow           = 348721.94840878533 = kg/h
VolumeFlow         = 649.3793854384508 = m3/hr
StdLiqVolumeFlow   = 619.5816307124536 = m3/hr
H                  = -148246.83976071 = kJ/kmol
Energy             = -247078066.26784995 = W
MolecularWeight    = 58.12032424679531 = 
ZFactor            = 0.028486521263896555 = 
ETHANE             = 6.455557355772349e-15 = 
PROPANE            = 0.0001338680488506898 = 
ISOBUTANE          = 0.7183068818467442 = 
N-BUTANE           = 0.28155907574297995 = 
ISOPENTANE         = 1.6759758916038485e-07 = 
N-PENTANE          = 6.7638296493656076e-09 = 

>> bottoms_col2.Out
Port: /bottoms_col2.Out + sim21.solver.Ports.Port_Material
Connected to: None
VapFrac            = 1.471024796493411e-06 = 
T                  = 100.5477347685437 = C
P                  = 750.0 = kPa
MoleFlow           = 2032.0694768832204 = kgmole/h
MassFlow           = 144238.37442997252 = kg/h
VolumeFlow         = 269.01201764028434 = m3/hr
StdLiqVolumeFlow   = 233.18477183016725 = m3/hr
H                  = -161110.28346733327 = kJ/kmol
Energy             = -90940913.73499201 = W
MolecularWeight    = 70.9810250441654 = 
ZFactor            = 0.031955067724478876 = 
ETHANE             = 6.4553804340482625e-15 = 
PROPANE            = 2.9081862883633316e-12 = 
ISOBUTANE          = 0.0008082002373852097 = 
N-BUTANE           = 0.08244480625679859 = 
ISOPENTANE         = 0.6099800861752931 = 
N-PENTANE          = 0.3067669073276084 = 

>> 
>> col2.TryToSolve = 0
>> col2.Stage_0.reflux =
>> col2.Stage_0.l.Port.MoleFlow =
>> 
>> col2.Stage_0.l.Port.Fraction.ISOPENTANE = 0.00001
>> col2.Stage_30.l.Port.Fraction.N-BUTANE = 0.001
>> 
>> col2.DampingFactor = 1.0
>> col2.TryToSolve = 1
/col2 Inner Error 0.081366
Step size too small - Exiting inner loop
/col2 Iteration 1 Outer Error 0.000001
Calculating Jacobian for /col2
Calculating disturbance 10 of 31 in jacobian of /col2
Calculating disturbance 20 of 31 in jacobian of /col2
Calculating disturbance 30 of 31 in jacobian of /col2
/col2 Inner Error 0.081161
/col2 Inner Error 0.081160
Inner loop is not changing significantly - exiting
/col2 Iteration 2 Outer Error 0.000014
Calculating Jacobian for /col2
Calculating disturbance 10 of 31 in jacobian of /col2
Calculating disturbance 20 of 31 in jacobian of /col2
Calculating disturbance 30 of 31 in jacobian of /col2
/col2 Inner Error 0.083075
/col2 Inner Error 0.083059
/col2 Inner Error 0.082961
/col2 Inner Error 0.082919
/col2 Inner Error 0.082768
/col2 Inner Error 0.082669
/col2 Inner Error 0.082389
/col2 Inner Error 0.081943
/col2 Inner Error 0.080667
/col2 Inner Error 0.071390
/col2 Inner Error 0.034514
/col2 Inner Error 0.024491
/col2 Inner Error 0.015393
/col2 Inner Error 0.008767
/col2 Inner Error 0.006716
/col2 Inner Error 0.003413
/col2 Inner Error 0.001910
/col2 Inner Error 0.001532
/col2 Inner Error 0.001297
Step size too small - Exiting inner loop
/col2 Iteration 3 Outer Error 0.054222
Calculating Jacobian for /col2
Calculating disturbance 10 of 31 in jacobian of /col2
Calculating disturbance 20 of 31 in jacobian of /col2
Calculating disturbance 30 of 31 in jacobian of /col2
/col2 Inner Error 0.059941
/col2 Inner Error 0.014056
/col2 Inner Error 0.004249
/col2 Inner Error 0.002320
/col2 Inner Error 0.000832
/col2 Inner Error 0.000309
/col2 Inner Error 0.000151
/col2 Inner Error 0.000055
/col2 Inner Error 0.000016
/col2 Inner Error 0.000005
Inner loop converged
/col2 Iteration 4 Outer Error 0.009038
/col2 Inner Error 0.011300
/col2 Inner Error 0.008987
/col2 Inner Error 0.002930
/col2 Inner Error 0.000694
/col2 Inner Error 0.000361
/col2 Inner Error 0.000321
/col2 Inner Error 0.000057
/col2 Inner Error 0.000051
Inner loop is not changing significantly - exiting
/col2 Iteration 5 Outer Error 0.000056
Calculating Jacobian for /col2
Calculating disturbance 10 of 31 in jacobian of /col2
Calculating disturbance 20 of 31 in jacobian of /col2
Calculating disturbance 30 of 31 in jacobian of /col2
/col2 Inner Error 0.000028
/col2 Inner Error 0.000001
Inner loop converged
>> 
>> overhead_col2.Out
Port: /overhead_col2.Out + sim21.solver.Ports.Port_Material
Connected to: None
VapFrac            = 3.755085469005903e-08 = 
T                  = 55.63250545235451 = C
P                  = 719.0 = kPa
MoleFlow           = 6167.2563035252 = kgmole/h
MassFlow           = 358444.11291128566 = kg/h
VolumeFlow         = 667.3628872541888 = m3/hr
StdLiqVolumeFlow   = 636.3944871923389 = m3/hr
H                  = -148066.73816030196 = kJ/kmol
Energy             = -253657090.07264927 = W
MolecularWeight    = 58.12051506703238 = 
ZFactor            = 0.028461386866521936 = 
ETHANE             = 6.452853918339281e-15 = 
PROPANE            = 0.0001302366731240722 = 
ISOBUTANE          = 0.6990755960949274 = 
N-BUTANE           = 0.3007840550693844 = 
ISOPENTANE         = 1e-05 = 
N-PENTANE          = 1.1238281228044234e-07 = 

>> bottoms_col2.Out
Port: /bottoms_col2.Out + sim21.solver.Ports.Port_Material
Connected to: None
VapFrac            = 2.916164426376736e-05 = 
T                  = 104.65896330023219 = C
P                  = 750.0 = kPa
MoleFlow           = 1864.773173240131 = kgmole/h
MassFlow           = 134513.87999247265 = kg/h
VolumeFlow         = 252.11172526107717 = m3/hr
StdLiqVolumeFlow   = 216.36777911452376 = m3/hr
H                  = -162575.19821732375 = kJ/kmol
Energy             = -84212741.18607281 = W
MolecularWeight    = 72.13417799161977 = 
ZFactor            = 0.03227913237368352 = 
ETHANE             = 6.464305483720968e-15 = 
PROPANE            = 5.37033089469985e-13 = 
ISOBUTANE          = 4.102434445312362e-05 = 
N-BUTANE           = 0.001 = 
ISOPENTANE         = 0.6646713213081953 = 
N-PENTANE          = 0.3342878508404634 = 

>> 
>> 
>> feed_col3 = Stream.Stream_Material()
>> overhead_col2.Out -> feed_col3.In
>> 
>> 
>> 
>> col3 = Tower.Tower()
>> col3.Stage_0 + 79  # twenty two stages`
>> 
>> cd col3.Stage_40
/col3.Stage_40
>> 
>> f = Tower.Feed()
>> /feed_col3.Out -> f.Port
>> 
>> cd ../Stage_0
/col3.Stage_0
>> l = Tower.LiquidDraw()
>> l.Port.P = 668.0
>> l.Port.MoleFlow = 3000
>> 
>> cond = Tower.EnergyFeed(0)
>> 
>> reflux = Tower.StageSpecification('Reflux')
>> reflux.Value = 2.0
>> 
>> cd ../Stage_80
/col3.Stage_80
>> l = Tower.LiquidDraw()
>> l.Port.P = 719.0
>> 
>> reb = Tower.EnergyFeed(1)
>> 
>> cd ..
/col3
>> 
>> # DampingFactor = 0.9
>> TryToSolve = 1  # start calculation
Calculating Jacobian for /col3
Calculating disturbance 10 of 81 in jacobian of /col3
Calculating disturbance 20 of 81 in jacobian of /col3
Calculating disturbance 30 of 81 in jacobian of /col3
Calculating disturbance 40 of 81 in jacobian of /col3
Calculating disturbance 50 of 81 in jacobian of /col3
Calculating disturbance 60 of 81 in jacobian of /col3
Calculating disturbance 70 of 81 in jacobian of /col3
Calculating disturbance 80 of 81 in jacobian of /col3
/col3 Inner Error 0.000049
/col3 Inner Error 0.000001
Inner loop converged
/col3 Iteration 1 Outer Error 0.000835
/col3 Inner Error 0.000030
/col3 Inner Error 0.000000
Inner loop converged
/col3 Iteration 2 Outer Error 0.000002
/col3 Inner Error 0.000001
Inner loop converged
>> 
>> /overhead_col3 = Stream.Stream_Material()
>> /overhead_col3.In -> Stage_0.l.Port
>> 
>> /bottoms_col3 = Stream.Stream_Material()
>> /bottoms_col3.In -> Stage_80.l.Port
>> 
>> cd /
/
>> 
>> overhead_col3.Out
Port: /overhead_col3.Out + sim21.solver.Ports.Port_Material
Connected to: None
VapFrac            = 2.3029575923615816e-06 = 
T                  = 50.842374413766834 = C
P                  = 668.0 = kPa
MoleFlow           = 3000.0 = kgmole/h
MassFlow           = 174355.33475879364 = kg/h
VolumeFlow         = 321.7731283621028 = m3/hr
StdLiqVolumeFlow   = 311.3074379188933 = m3/hr
H                  = -149937.64591719225 = kJ/kmol
Energy             = -124948038.26432687 = W
MolecularWeight    = 58.118444764066005 = 
ZFactor            = 0.02659720538287042 = 
ETHANE             = 6.452840322916067e-15 = 
PROPANE            = 0.0002677228442258043 = 
ISOBUTANE          = 0.8494850999893232 = 
N-BUTANE           = 0.15024716608103217 = 
ISOPENTANE         = 2.9418278879200542e-09 = 
N-PENTANE          = 8.143584455287576e-09 = 

>> bottoms_col3.Out
Port: /bottoms_col3.Out + sim21.solver.Ports.Port_Material
Connected to: None
VapFrac            = 0.0 = 
T                  = 57.38886880728518 = C
P                  = 719.0 = kPa
MoleFlow           = 3167.251939988189 = kgmole/h
MassFlow           = 184088.52455050655 = kg/h
VolumeFlow         = 342.3289805895519 = m3/hr
StdLiqVolumeFlow   = 325.08659647293666 = m3/hr
H                  = -146726.36879093086 = kJ/kmol
Energy             = -129088715.6112495 = W
MolecularWeight    = 58.12247543697358 = 
ZFactor            = 0.028276993032255726 = 
ETHANE             = 6.4528667930850986e-15 = 
PROPANE            = 1.0495597557371025e-08 = 
ISOBUTANE          = 0.556608505538213 = 
N-BUTANE           = 0.4433718036876563 = 
ISOPENTANE         = 1.9469160866753728e-05 = 
N-PENTANE          = 2.111176600600928e-07 = 

>> 
>> 
>> col3.TryToSolve = 0
>> col3.Stage_0.reflux =
>> col3.Stage_0.l.Port.MoleFlow =
>> 
>> col3.Stage_0.l.Port.Fraction.N-BUTANE = 0.0001
>> col3.Stage_80.l.Port.Fraction.ISOBUTANE = 0.0001
>> 
>> # col3.DampingFactor = 1.0
>> col3.TryToSolve = 1
/col3 Inner Error 0.610706
Step size too small - Exiting inner loop
/col3 Iteration 1 Outer Error 0.000027
Calculating Jacobian for /col3
Calculating disturbance 10 of 81 in jacobian of /col3
Calculating disturbance 20 of 81 in jacobian of /col3
Calculating disturbance 30 of 81 in jacobian of /col3
Calculating disturbance 40 of 81 in jacobian of /col3
Calculating disturbance 50 of 81 in jacobian of /col3
Calculating disturbance 60 of 81 in jacobian of /col3
Calculating disturbance 70 of 81 in jacobian of /col3
Calculating disturbance 80 of 81 in jacobian of /col3
/col3 Inner Error 0.256497
/col3 Inner Error 0.024573
/col3 Inner Error 0.023205
/col3 Inner Error 0.018859
/col3 Inner Error 0.017936
/col3 Inner Error 0.013934
/col3 Inner Error 0.008323
/col3 Inner Error 0.007695
/col3 Inner Error 0.006873
/col3 Inner Error 0.004876
/col3 Inner Error 0.004001
/col3 Inner Error 0.003691
/col3 Inner Error 0.003553
Step size too small - Exiting inner loop
/col3 Iteration 2 Outer Error 0.005743
Calculating Jacobian for /col3
Calculating disturbance 10 of 81 in jacobian of /col3
Calculating disturbance 20 of 81 in jacobian of /col3
Calculating disturbance 30 of 81 in jacobian of /col3
Calculating disturbance 40 of 81 in jacobian of /col3
Calculating disturbance 50 of 81 in jacobian of /col3
Calculating disturbance 60 of 81 in jacobian of /col3
Calculating disturbance 70 of 81 in jacobian of /col3
Calculating disturbance 80 of 81 in jacobian of /col3
/col3 Inner Error 0.023859
/col3 Inner Error 0.009886
/col3 Inner Error 0.004985
Step size too small - Exiting inner loop
/col3 Iteration 3 Outer Error 0.001557
Calculating Jacobian for /col3
Calculating disturbance 10 of 81 in jacobian of /col3
Calculating disturbance 20 of 81 in jacobian of /col3
Calculating disturbance 30 of 81 in jacobian of /col3
Calculating disturbance 40 of 81 in jacobian of /col3
Calculating disturbance 50 of 81 in jacobian of /col3
Calculating disturbance 60 of 81 in jacobian of /col3
Calculating disturbance 70 of 81 in jacobian of /col3
Calculating disturbance 80 of 81 in jacobian of /col3
/col3 Inner Error 0.002935
/col3 Inner Error 0.001447
/col3 Inner Error 0.001123
/col3 Inner Error 0.000828
/col3 Inner Error 0.000744
/col3 Inner Error 0.000701
/col3 Inner Error 0.000642
/col3 Inner Error 0.000625
/col3 Inner Error 0.000616
Inner loop is not changing significantly - exiting
/col3 Iteration 4 Outer Error 0.000037
Calculating Jacobian for /col3
Calculating disturbance 10 of 81 in jacobian of /col3
Calculating disturbance 20 of 81 in jacobian of /col3
Calculating disturbance 30 of 81 in jacobian of /col3
Calculating disturbance 40 of 81 in jacobian of /col3
Calculating disturbance 50 of 81 in jacobian of /col3
Calculating disturbance 60 of 81 in jacobian of /col3
Calculating disturbance 70 of 81 in jacobian of /col3
Calculating disturbance 80 of 81 in jacobian of /col3
/col3 Inner Error 0.000031
/col3 Inner Error 0.000002
Inner loop converged
>> 
>> overhead_col3.Out
Port: /overhead_col3.Out + sim21.solver.Ports.Port_Material
Connected to: None
VapFrac            = 0.0 = 
T                  = 49.14466481032139 = C
P                  = 668.0 = kPa
MoleFlow           = 4312.427282160867 = kgmole/h
MassFlow           = 250636.49590247718 = kg/h
VolumeFlow         = 463.31258179190127 = m3/hr
StdLiqVolumeFlow   = 450.0195532683531 = m3/hr
H                  = -151328.77034597972 = kJ/kmol
Energy             = -181276199.39329427 = W
MolecularWeight    = 58.1195872229215 = 
ZFactor            = 0.026781905314058663 = 
ETHANE             = 6.4556493123381246e-15 = 
PROPANE            = 0.00018624219164377776 = 
ISOBUTANE          = 0.9997137528818895 = 
N-BUTANE           = 0.0001 = 
ISOPENTANE         = 7.502888545882399e-09 = 
N-PENTANE          = 1.4878153685744338e-28 = 

>> bottoms_col3.Out
Port: /bottoms_col3.Out + sim21.solver.Ports.Port_Material
Connected to: None
VapFrac            = 0.0 = 
T                  = 64.8541689903895 = C
P                  = 719.0 = kPa
MoleFlow           = 1854.8290213644327 = kgmole/h
MassFlow           = 107807.61700885769 = kg/h
VolumeFlow         = 200.00602259807647 = m3/hr
StdLiqVolumeFlow   = 186.37493376253914 = m3/hr
H                  = -141370.2346037376 = kJ/kmol
Energy             = -72838226.08336413 = W
MolecularWeight    = 58.12267102094017 = 
ZFactor            = 0.027587467803526503 = 
ETHANE             = 6.4463546982099266e-15 = 
PROPANE            = 2.535800500932629e-08 = 
ISOBUTANE          = 0.0001 = 
N-BUTANE           = 0.9998663522291853 = 
ISOPENTANE         = 3.323228537531993e-05 = 
N-PENTANE          = 3.7366980962048174e-07 = 

