>> # TEALARC Liquefaction process
>> 
>> units SI
>> 
>> # set up thermo
>> $thermo = Sim21Thermo.Peng-Robinson
pkgName: Peng-Robinson
>> 
>> / -> $thermo
Thermo case attached to a unit operation. / to /thermo
>> thermo + METHANE ETHANE PROPANE N-BUTANE NITROGEN
METHANE ETHANE PROPANE N-BUTANE NITROGEN 
>> 
>> 
>> ng_feed = Stream.Stream_Material()
>> ng_feed.In.T = 30 C
>> ng_feed.In.P = 4000 kPa
>> ng_feed.In.MoleFlow = 36700 kgmole/h
>> ng_feed.In.Fraction = 0.897 0.055 0.018 0.001 0.029
>> ng_feed.Out
Port: /ng_feed.Out + sim21.solver.Ports.Port_Material
Connected to: None
VapFrac            = 1.0 = 
T                  = 30.0 = C
P                  = 4000.0 = kPa
MoleFlow           = 36700.0 = kgmole/h
MassFlow           = 649887.8491259998 = kg/h
VolumeFlow         = 21029.9304578083 = m3/hr
StdLiqVolumeFlow   = 1353.3539710000002 = m3/hr
H                  = -74087.5928641264 = kJ/kmol
Energy             = -755281849.4759552 = W
MolecularWeight    = 17.708115779999996 = 
ZFactor            = 0.9093687085045202 = 
METHANE            = 0.897 = 
ETHANE             = 0.055 = 
PROPANE            = 0.018 = 
N-BUTANE           = 0.001 = 
NITROGEN           = 0.029 = 

>> 
>> 
