>> $thermo = Sim21Thermo.SRK
pkgName: SRK
>> / -> $thermo
Thermo case attached to a unit operation. / to /thermo
>> thermo + HYDROGEN WATER CARBON_MONOXIDE CARBON_DIOXIDE
HYDROGEN WATER CARBON MONOXIDE CARBON DIOXIDE 
>> thermo + METHANE OXYGEN NITROGEN AMMONIA ETHANE PROPANE
METHANE OXYGEN NITROGEN AMMONIA ETHANE PROPANE 
>> 
>> units SI
>> 
>> # A Equilibrum reactor - isothermal, no pressure drop
>> #rxn = EquiliReactor.IsothermalEquiliReactor()           #IsothermalEqmReactor()
>> rxn = EquiliReactor.EquilibriumReactor()
>> cd /rxn
/rxn
>> In.P = 100
>> In.T = 80
>> In.MoleFlow = 8 lbmole/h
>> In.Fraction = 1 1 1 1 1 1 1 1 0 0
>> DeltaP = 10
>> 
>> # Test 1 : Testing Outlet T spec  ----------------------------------
>> 
>> NumberRxn = 2
>> Rxn0.Formula = Reforming:3*0+1*2-1*1-!4
>> Rxn1.Formula =  Shift:1*3+1*0-!2-1*1
>> Rxn0.EqmConst.Table.Series0  =  366.5 533.15 699.8 810.9 866.5 922.04 977.6 1033.15 1199.8 1310.9 1477.6 K
>> Rxn0.EqmConst.Table.Series1  =  7.81e-19 2.17e-9 0.000266 0.049 0.4098 2.679 14.26 63.43 2464 17010 178400
>> Rxn1.EqmConst.Table.Series0  =  366.5 422.04 477.6 505.4 588.7 616.5 727.6 838.7 1088.7 1227.6 1477.6 K
>> Rxn1.EqmConst.Table.Series1  =  4523 783.6 206.8 119 31.44 22 7.05 3.13 0.9813 0.647 0.3843
>> CalculationOption = 1
>> Out.T = 80
Converged /rxn.itnRxn
>> 
>> In
Port: /rxn.itnRxn.In + sim21.solver.Ports.Port_Material
Connected to: None
VapFrac            = 1.0 = 
T                  = 80.0 * C
P                  = 100.0 * kPa
MoleFlow           = 3.6287395301604706 * kgmole/h
MassFlow           = 83.97626299142713 = kg/h
VolumeFlow         = 106.40747126328587 = m3/hr
StdLiqVolumeFlow   = 0.12083081213789829 = m3/hr
H                  = -106497.63114409716 = kJ/kmol
Energy             = -107347.82333362062 = W
MolecularWeight    = 23.141992499999997 = 
ZFactor            = 0.9986721319545167 = 
HYDROGEN           = 0.125 * 
WATER              = 0.125 * 
CARBON MONOXIDE    = 0.125 * 
CARBON DIOXIDE     = 0.125 * 
METHANE            = 0.125 * 
OXYGEN             = 0.125 * 
NITROGEN           = 0.125 * 
AMMONIA            = 0.125 * 
ETHANE             = 0.0 * 
PROPANE            = 0.0 * 

>> Out
Port: /rxn.itnRxn.Out + sim21.solver.Ports.Port_Material
Connected to: None
VapFrac            = 1.0 = 
T                  = 80.0 * C
P                  = 90.0 = kPa
MoleFlow           = 3.1799585455871626 = kgmole/h
MassFlow           = 83.97626299142713 = kg/h
VolumeFlow         = 103.54630174731894 = m3/hr
StdLiqVolumeFlow   = 0.11435072841069976 = m3/hr
H                  = -139176.13230520254 = kJ/kmol
Energy             = -122937.31424047177 = W
MolecularWeight    = 26.40797412531092 = 
ZFactor            = 0.9980728630587609 = 
HYDROGEN           = 0.003025503828232128 = 
WATER              = 0.1411285445328505 = 
CARBON MONOXIDE    = 6.090142939820692e-07 = 
CARBON DIOXIDE     = 0.21471740710606688 = 
METHANE            = 0.2132049596990978 = 
OXYGEN             = 0.14264099193981958 = 
NITROGEN           = 0.14264099193981958 = 
AMMONIA            = 0.14264099193981958 = 
ETHANE             = 0.0 = 
PROPANE            = 0.0 = 

>> OutQ
Port: /rxn.EneStream.Out + sim21.solver.Ports.Port_Energy
Connected to: None
Energy   = 15589.49090685115 = W

>> 
>> # Test 2 : Testing Outlet Q spec  ----------------------------------
>> Out.T = None
>> OutQ = 10000
>> Out
Port: /rxn.itnRxn.Out + sim21.solver.Ports.Port_Material
Connected to: None
VapFrac            = 1.0 = 
T                  = 245.1163120946179 = C
P                  = 90.0 = kPa
MoleFlow           = 3.1847472670075505 = kgmole/h
MassFlow           = 83.97626299142713 = kg/h
VolumeFlow         = 152.4365284333604 = m3/hr
StdLiqVolumeFlow   = 0.11458889176198234 = m3/hr
H                  = -132648.56787144003 = kJ/kmol
Energy             = -117347.82333362062 = W
MolecularWeight    = 26.368265972430784 = 
ZFactor            = 0.9996993743714201 = 
HYDROGEN           = 0.005931437568947178 = 
WATER              = 0.13950949715942212 = 
CARBON MONOXIDE    = 9.74101305812284e-05 = 
CARBON DIOXIDE     = 0.21504956811220857 = 
METHANE            = 0.21213255439302559 = 
OXYGEN             = 0.1424265108786051 = 
NITROGEN           = 0.1424265108786051 = 
AMMONIA            = 0.1424265108786051 = 
ETHANE             = 0.0 = 
PROPANE            = 0.0 = 

>> OutQ
Port: /rxn.EneStream.Out + sim21.solver.Ports.Port_Energy
Connected to: None
Energy   = 10000.0 * W

>> 
>> # Test 3 Negative K value in K table, Should not solve -------------------------------------------
>> Rxn0.EqmConst.Table.Series0  =  366.5 533.15 699.8 810.9 866.5 922.04 977.6 1033.15 1199.8 1310.9 1477.6 K
>> Rxn0.EqmConst.Table.Series1  =  -7.81e-19 -2.17e-9 -0.000266 -0.049 -0.4098 -2.679 -14.26 -63.43 -2464 -17010 -178400
>> #Rxn1.EqmConst.Table.Series0  =  366.5 422.04 477.6 505.4 588.7 616.5 727.6 838.7 1088.7 1227.6 1477.6 K
>> #Rxn1.EqmConst.Table.Series1  =  -4523 -783.6 -206.8 -119 -31.44 -22 -7.05 -3.13 -0.9813 -0.647 -0.3843
>> Ignored = 1
>> Ignored = None
>> Out
Port: /rxn.itnRxn.Out + sim21.solver.Ports.Port_Material
Connected to: None
VapFrac            = None
T                  = None
P                  = 90.0 = kPa
MoleFlow           = None
MassFlow           = None
VolumeFlow         = None
StdLiqVolumeFlow   = None
H                  = None
Energy             = None
MolecularWeight    = None
ZFactor            = None
HYDROGEN           = None
WATER              = None
CARBON MONOXIDE    = None
CARBON DIOXIDE     = None
METHANE            = None
OXYGEN             = None
NITROGEN           = None
AMMONIA            = None
ETHANE             = None
PROPANE            = None

>> OutQ
Port: /rxn.EneStream.Out + sim21.solver.Ports.Port_Energy
Connected to: None
Energy   = 10000.0 * W

>> 
>> 
>> # Test 4 : Given No Flow at Temperature spec. Should partially solve ----------------------------------
>> Rxn0.EqmConst.Table.Series0  =  366.5 533.15 699.8 810.9 866.5 922.04 977.6 1033.15 1199.8 1310.9 1477.6 K
>> Rxn0.EqmConst.Table.Series1  =  7.81e-19 2.17e-9 0.000266 0.049 0.4098 2.679 14.26 63.43 2464 17010 178400
>> In.MoleFlow = None
>> OutQ = None
>> Out.T = 80
Converged /rxn.itnRxn
>> Out
Port: /rxn.itnRxn.Out + sim21.solver.Ports.Port_Material
Connected to: None
VapFrac            = 1.0 = 
T                  = 80.0 * C
P                  = 90.0 = kPa
MoleFlow           = None
MassFlow           = None
VolumeFlow         = None
StdLiqVolumeFlow   = None
H                  = -139176.13230520155 = kJ/kmol
Energy             = None
MolecularWeight    = 26.4079741253108 = 
ZFactor            = 0.9980728630587609 = 
HYDROGEN           = 0.0030255038282412977 = 
WATER              = 0.14112854453284526 = 
CARBON MONOXIDE    = 6.090142939901377e-07 = 
CARBON DIOXIDE     = 0.2147174071060682 = 
METHANE            = 0.21320495969909453 = 
OXYGEN             = 0.1426409919398189 = 
NITROGEN           = 0.1426409919398189 = 
AMMONIA            = 0.1426409919398189 = 
ETHANE             = 0.0 = 
PROPANE            = 0.0 = 

>> OutQ
Port: /rxn.EneStream.Out + sim21.solver.Ports.Port_Energy
Connected to: None
Energy   = None

>> 
>> # Test 5 : Given No Flow at Reaction Heat spec. Should not solve ----------------------------------
>> Out.T = None
>> OutQ = -10000
>> Out
Port: /rxn.itnRxn.Out + sim21.solver.Ports.Port_Material
Connected to: None
VapFrac            = None
T                  = None
P                  = 90.0 = kPa
MoleFlow           = None
MassFlow           = None
VolumeFlow         = None
StdLiqVolumeFlow   = None
H                  = None
Energy             = None
MolecularWeight    = None
ZFactor            = None
HYDROGEN           = None
WATER              = None
CARBON MONOXIDE    = None
CARBON DIOXIDE     = None
METHANE            = None
OXYGEN             = None
NITROGEN           = None
AMMONIA            = None
ETHANE             = None
PROPANE            = None

>> OutQ
Port: /rxn.EneStream.Out + sim21.solver.Ports.Port_Energy
Connected to: None
Energy   = -10000.0 * W

>> 
>> # Test 6 : Given Inlet and Outlet Pressures ----------------------------------
>> OutQ = -5150
>> In.P = None
>> In.MoleFlow = 8 lbmole/h
>> Out.P = 90
>> Out
Port: /rxn.itnRxn.Out + sim21.solver.Ports.Port_Material
Connected to: None
VapFrac            = 1.0 = 
T                  = 464.2812248485195 = C
P                  = 90.0 * kPa
MoleFlow           = 3.409140696373086 = kgmole/h
MassFlow           = 83.97626299142712 = kg/h
VolumeFlow         = 232.2960967378112 = m3/hr
StdLiqVolumeFlow   = 0.12209985240091394 = m3/hr
H                  = -107919.32535739822 = kJ/kmol
Energy             = -102197.82333362062 = W
MolecularWeight    = 24.632677401894192 = 
ZFactor            = 1.000192949582645 = 
HYDROGEN           = 0.10424645535877984 = 
WATER              = 0.09744250675540983 = 
CARBON MONOXIDE    = 0.033027789574329315 = 
CARBON DIOXIDE     = 0.20086853113040057 = 
METHANE            = 0.16525919823817534 = 
OXYGEN             = 0.13305183964763506 = 
NITROGEN           = 0.13305183964763506 = 
AMMONIA            = 0.13305183964763506 = 
ETHANE             = 0.0 = 
PROPANE            = 0.0 = 

>> OutQ
Port: /rxn.EneStream.Out + sim21.solver.Ports.Port_Energy
Connected to: None
Energy   = -5150.0 * W

>> 
>> 
