>> #valve example
>> $thermo = Sim21Thermo.SRK
pkgName: SRK
>> / -> $thermo
Thermo case attached to a unit operation. / to /thermo
>> thermo + METHANE
METHANE 
>> units SI
>> 
>> v = Valve.Valve()
>> v.In.T = 50
>> v.In.P = 7000.0
>> v.In.MoleFlow = 100.0
>> v.In.Fraction = 1.0
>> 
>> v.Out
Port: /v.Out + sim21.solver.Ports.Port_Material
Connected to: None
VapFrac            = None
T                  = None
P                  = None
MoleFlow           = 100.0 = kgmole/h
MassFlow           = 1604.2459999999999 = kg/h
VolumeFlow         = None
StdLiqVolumeFlow   = 3.5540000000000003 = m3/hr
H                  = -74601.78426540855 = kJ/kmol
Energy             = -2072271.7851502376 = W
MolecularWeight    = None
ZFactor            = None
METHANE            = 1.0 = 

>> v.Out.P = 500.0
>> v.Out
Port: /v.Out + sim21.solver.Ports.Port_Material
Connected to: None
VapFrac            = 1.0 = 
T                  = 25.034244757607325 = C
P                  = 500.0 * kPa
MoleFlow           = 100.0 = kgmole/h
MassFlow           = 1604.2459999999999 = kg/h
VolumeFlow         = 491.6701052950348 = m3/hr
StdLiqVolumeFlow   = 3.5540000000000003 = m3/hr
H                  = -74601.78426540855 = kJ/kmol
Energy             = -2072271.7851502376 = W
MolecularWeight    = 16.04246 = 
ZFactor            = 0.9915735406478126 = 
METHANE            = 1.0 = 

