>> # Depeopanizer test (from old Hysim manual)
>> units Field
>> $thermo = Sim21Thermo.SRK
pkgName: SRK
>> / -> $thermo
Thermo case attached to a unit operation. / to /thermo
>> thermo + Methane Ethane PROPANE
Methane Ethane PROPANE 
>> thermo + ISOBUTANE n-BUTANE ISOPENTANE n-PENTANE n-Hexane
ISOBUTANE n-BUTANE ISOPENTANE n-PENTANE n-Hexane 
>> thermo + n-Heptane n-Octane
n-Heptane n-Octane 
>> 
>> deprop = Tower.Tower()
>> deprop.Stage_0 + 18  # twenty stages`
>> 
>> cd deprop.Stage_0
/deprop.Stage_0
>> 
>> v = Tower.VapourDraw()
>> v.Port.P = 200
>> v.Port.Fraction.ISOBUTANE = .01
>> 
>> cond = Tower.EnergyFeed(0)
>> 
>> estT = Tower.Estimate('T')
>> estT.Value = 25
>> 
>> cd ../Stage_9
/deprop.Stage_9
>> f = Tower.Feed()
>> f.Port.T = 50
>> f.Port.P = 480
>> f.Port.MoleFlow = 1000
>> f.Port.Fraction = .1702 .1473 .1132 .1166 .1066 .0963 .0829 .0694 .0558 .0417
>> f.Port
Port: /deprop.Feed_9_f + sim21.solver.Ports.Port_Material
Connected to: None
VapFrac            = 0.008876201194824964 = 
T                  = 49.99999999999999 * F
P                  = 480.0 * psia
MoleFlow           = 1000.0000000000001 * lbmole/h
MassFlow           = 54388.326918000006 = lb/h
VolumeFlow         = 0.4879421575629614 = ft3/s
StdLiqVolumeFlow   = 0.39667686847159 = ft3/s
H                  = -62409.69491026293 = Btu/lbmol
Energy             = -62399200.03456396 = Btu/hr
MolecularWeight    = 54.38832691799999 = 
ZFactor            = 0.15415465637189923 = 
METHANE            = 0.17020000000000002 * 
ETHANE             = 0.14730000000000001 * 
PROPANE            = 0.11320000000000001 * 
ISOBUTANE          = 0.11660000000000001 * 
N-BUTANE           = 0.10660000000000001 * 
ISOPENTANE         = 0.09630000000000001 * 
N-PENTANE          = 0.08290000000000002 * 
N-HEXANE           = 0.06940000000000002 * 
N-HEPTANE          = 0.05580000000000001 * 
N-OCTANE           = 0.04170000000000001 * 

>> 
>> cd ../Stage_19
/deprop.Stage_19
>> l = Tower.LiquidDraw()
>> l.Port.P = 205
>> l.spec = Tower.MoleRecoverySpec()
>> l.spec + PROPANE
>> l.spec.Port.Fraction = .1
>> 
>> reb = Tower.EnergyFeed(1)
>> estT = Tower.Estimate('T')
>> estT.Value = 250
>> 
>> cd ..
/deprop
>> 
>> /overhead = Stream.Stream_Material()
>> /overhead.In -> Stage_0.v.Port
>> 
>> /bottoms = Stream.Stream_Material()
>> /bottoms.In -> Stage_19.l.Port
>> 
>> 
>> TryToRestart = 0 # so each test starts from scratch
>> TryToSolve = 1  # start calculation
Calculating Jacobian for /deprop
Calculating disturbance 10 of 20 in jacobian of /deprop
Calculating disturbance 20 of 20 in jacobian of /deprop
/deprop Inner Error 0.026013
/deprop Inner Error 0.007178
/deprop Inner Error 0.006883
/deprop Inner Error 0.003015
/deprop Inner Error 0.002274
/deprop Inner Error 0.002198
/deprop Inner Error 0.000444
/deprop Inner Error 0.000016
/deprop Inner Error 0.000001
Inner loop converged
/deprop Iteration 1 Outer Error 0.114720
/deprop Inner Error 0.014417
/deprop Inner Error 0.003629
/deprop Inner Error 0.000770
/deprop Inner Error 0.000371
/deprop Inner Error 0.000099
/deprop Inner Error 0.000011
/deprop Inner Error 0.000004
Inner loop converged
/deprop Iteration 2 Outer Error 0.007777
/deprop Inner Error 0.002779
/deprop Inner Error 0.000408
/deprop Inner Error 0.000055
/deprop Inner Error 0.000006
Inner loop converged
/deprop Iteration 3 Outer Error 0.001430
/deprop Inner Error 0.000286
/deprop Inner Error 0.000015
/deprop Inner Error 0.000002
Inner loop converged
/deprop Iteration 4 Outer Error 0.000146
/deprop Inner Error 0.000017
/deprop Inner Error 0.000005
Inner loop converged
/deprop Iteration 5 Outer Error 0.000016
/deprop Inner Error 0.000004
Inner loop converged
>> 
>> /overhead.Out
Port: /overhead.Out + sim21.solver.Ports.Port_Material
Connected to: None
VapFrac            = None
T                  = None
P                  = 200.0 = psia
MoleFlow           = 423.8744665009647 = lbmole/h
MassFlow           = 11913.392885975052 = lb/h
VolumeFlow         = None
StdLiqVolumeFlow   = 0.09318717545358515 = ft3/s
H                  = None
Energy             = None
MolecularWeight    = None
ZFactor            = None
METHANE            = 0.40153397624900805 = 
ETHANE             = 0.34750080136718586 = 
PROPANE            = 0.24035512412787546 = 
ISOBUTANE          = 0.01 = 
N-BUTANE           = 0.0006114972681140675 = 
ISOPENTANE         = 1.1256105639421745e-07 = 
N-PENTANE          = 4.9374344302527645e-09 = 
N-HEXANE           = 1.1561343977108752e-09 = 
N-HEPTANE          = 8.481202255836236e-10 = 
N-OCTANE           = 3.456206936542687e-10 = 

>> /bottoms.Out
Port: /bottoms.Out + sim21.solver.Ports.Port_Material
Connected to: None
VapFrac            = 0.0 = 
T                  = 255.56282926993217 = F
P                  = 205.0 = psia
MoleFlow           = 576.1255334990345 = lbmole/h
MassFlow           = 42474.95335667547 = lb/h
VolumeFlow         = 0.4288669478675137 = ft3/s
StdLiqVolumeFlow   = 0.3034898504378374 = ft3/s
H                  = -68568.49734363673 = Btu/lbmol
Energy             = -39497419.07137812 = Btu/hr
MolecularWeight    = 73.72517079418436 = 
ZFactor            = 0.07157279933406768 = 
METHANE            = 6.151543258919837e-11 = 
ETHANE             = 5.698778539511348e-06 = 
PROPANE            = 0.01964780127132171 = 
ISOBUTANE          = 0.19503023665480967 = 
N-BUTANE           = 0.1845792205665011 = 
ISOPENTANE         = 0.16715098826357364 = 
N-PENTANE          = 0.14389224758650018 = 
N-HEXANE           = 0.12045985722668971 = 
N-HEPTANE          = 0.09685389102893666 = 
N-OCTANE           = 0.07238005856161224 = 

>> 
>> cd Stage_19.l
/deprop.Stage_19.l
>> delete spec
>> spec = Tower.ComponentMoleFlowSpec()
>> spec + PROPANE
>> spec.Port.MoleFlow = 10
Calculating Jacobian for /deprop
Calculating disturbance 10 of 20 in jacobian of /deprop
Calculating disturbance 20 of 20 in jacobian of /deprop
/deprop Inner Error 0.723555
/deprop Inner Error 0.025885
/deprop Inner Error 0.018713
/deprop Inner Error 0.018167
/deprop Inner Error 0.006176
/deprop Inner Error 0.005294
/deprop Inner Error 0.005101
/deprop Inner Error 0.003992
/deprop Inner Error 0.003264
/deprop Inner Error 0.000625
/deprop Inner Error 0.000463
/deprop Inner Error 0.000331
/deprop Inner Error 0.000054
/deprop Inner Error 0.000014
/deprop Inner Error 0.000007
Inner loop converged
/deprop Iteration 1 Outer Error 0.110083
/deprop Inner Error 0.014247
/deprop Inner Error 0.011959
/deprop Inner Error 0.011665
/deprop Inner Error 0.009473
/deprop Inner Error 0.006806
/deprop Inner Error 0.004986
/deprop Inner Error 0.002986
/deprop Inner Error 0.000411
/deprop Inner Error 0.000184
/deprop Inner Error 0.000048
/deprop Inner Error 0.000031
/deprop Inner Error 0.000007
Inner loop converged
/deprop Iteration 2 Outer Error 0.007182
/deprop Inner Error 0.189815
/deprop Inner Error 0.091905
/deprop Inner Error 0.004939
/deprop Inner Error 0.000465
/deprop Inner Error 0.000459
Inner loop is not changing significantly - exiting
/deprop Iteration 3 Outer Error 0.001434
Calculating Jacobian for /deprop
Calculating disturbance 10 of 20 in jacobian of /deprop
Calculating disturbance 20 of 20 in jacobian of /deprop
/deprop Inner Error 0.000282
/deprop Inner Error 0.000004
Inner loop converged
/deprop Iteration 4 Outer Error 0.000133
/deprop Inner Error 0.000019
/deprop Inner Error 0.000000
Inner loop converged
/deprop Iteration 5 Outer Error 0.000012
/deprop Inner Error 0.000010
/deprop Inner Error 0.000000
Inner loop converged
>> /bottoms.Out
Port: /bottoms.Out + sim21.solver.Ports.Port_Material
Connected to: None
VapFrac            = 8.240255805858618e-09 = 
T                  = 256.16574087315337 = F
P                  = 205.0 = psia
MoleFlow           = 574.7961221322976 = lbmole/h
MassFlow           = 42416.20496541335 = lb/h
VolumeFlow         = 0.4285376518511077 = ft3/s
StdLiqVolumeFlow   = 0.30304569939875514 = ft3/s
H                  = -68588.03907598293 = Btu/lbmol
Energy             = -39417509.28355037 = Btu/hr
MolecularWeight    = 73.79347795524687 = 
ZFactor            = 0.0716228779399799 = 
METHANE            = 5.7771959648107834e-11 = 
ETHANE             = 5.06391212544156e-06 = 
PROPANE            = 0.01739747371499238 = 
ISOBUTANE          = 0.1954570617892871 = 
N-BUTANE           = 0.18501394869074797 = 
ISOPENTANE         = 0.1675375824307088 = 
N-PENTANE          = 0.14422504730858965 = 
N-HEXANE           = 0.12073846154424374 = 
N-HEPTANE          = 0.09707789852606151 = 
N-OCTANE           = 0.07254746202547141 = 

>> 
>> delete spec
>> Port.MassFlow = 43000
Calculating Jacobian for /deprop
Calculating disturbance 10 of 20 in jacobian of /deprop
Calculating disturbance 20 of 20 in jacobian of /deprop
/deprop Inner Error 0.013128
/deprop Inner Error 0.007652
/deprop Inner Error 0.005979
/deprop Inner Error 0.001519
/deprop Inner Error 0.000458
/deprop Inner Error 0.000087
/deprop Inner Error 0.000020
/deprop Inner Error 0.000002
Inner loop converged
/deprop Iteration 1 Outer Error 0.145861
/deprop Inner Error 0.006116
/deprop Inner Error 0.002648
/deprop Inner Error 0.000720
/deprop Inner Error 0.000271
/deprop Inner Error 0.000049
/deprop Inner Error 0.000010
/deprop Inner Error 0.000002
Inner loop converged
/deprop Iteration 2 Outer Error 0.011303
/deprop Inner Error 0.001171
/deprop Inner Error 0.000232
/deprop Inner Error 0.000055
/deprop Inner Error 0.000007
Inner loop converged
/deprop Iteration 3 Outer Error 0.001394
/deprop Inner Error 0.000070
/deprop Inner Error 0.000015
/deprop Inner Error 0.000002
Inner loop converged
/deprop Iteration 4 Outer Error 0.000162
/deprop Inner Error 0.000007
Inner loop converged
/deprop Iteration 5 Outer Error 0.000025
/deprop Inner Error 0.000005
Inner loop converged
>> /bottoms.Out
Port: /bottoms.Out + sim21.solver.Ports.Port_Material
Connected to: None
VapFrac            = 0.0 = 
T                  = 250.35773105263107 = F
P                  = 205.0 = psia
MoleFlow           = 588.0025173758434 = lbmole/h
MassFlow           = 43000.0 = lb/h
VolumeFlow         = 0.43192540128949175 = ft3/s
StdLiqVolumeFlow   = 0.30745937258582706 = ft3/s
H                  = -68391.8126293718 = Btu/lbmol
Energy             = -40207795.47432956 = Btu/hr
MolecularWeight    = 73.12895622530377 = 
ZFactor            = 0.07114497635300504 = 
METHANE            = 9.43862693023064e-11 = 
ETHANE             = 1.23092826827844e-05 = 
PROPANE            = 0.03927460858038299 = 
ISOBUTANE          = 0.1912898630000568 = 
N-BUTANE           = 0.18082038140922552 = 
ISOPENTANE         = 0.16377472899722187 = 
N-PENTANE          = 0.1409857876452807 = 
N-HEXANE           = 0.11802670494576414 = 
N-HEPTANE          = 0.0948975524800568 = 
N-OCTANE           = 0.07091806356494205 = 

>> 
>> Port.MassFlow = None
>> spec = Tower.ComponentMassFlowSpec()
>> spec + PROPANE
>> spec.Port.MassFlow = 450
Calculating Jacobian for /deprop
Calculating disturbance 10 of 20 in jacobian of /deprop
Calculating disturbance 20 of 20 in jacobian of /deprop
/deprop Inner Error 34.974138
/deprop Inner Error 1.349515
/deprop Inner Error 0.703817
Step size too small - Exiting inner loop
/deprop Iteration 1 Outer Error 0.103178
Calculating Jacobian for /deprop
Calculating disturbance 10 of 20 in jacobian of /deprop
Calculating disturbance 20 of 20 in jacobian of /deprop
/deprop Inner Error 9.381682
/deprop Inner Error 1.831267
/deprop Inner Error 0.411300
/deprop Inner Error 0.036256
/deprop Inner Error 0.004724
/deprop Inner Error 0.000805
/deprop Inner Error 0.000021
/deprop Inner Error 0.000000
Inner loop converged
/deprop Iteration 2 Outer Error 0.016315
/deprop Inner Error 5.374699
/deprop Inner Error 1.978670
/deprop Inner Error 0.008034
/deprop Inner Error 0.001723
/deprop Inner Error 0.000348
/deprop Inner Error 0.000013
/deprop Inner Error 0.000001
Inner loop converged
/deprop Iteration 3 Outer Error 0.000792
/deprop Inner Error 0.109815
/deprop Inner Error 0.061748
/deprop Inner Error 0.000435
/deprop Inner Error 0.000048
/deprop Inner Error 0.000002
Inner loop converged
/deprop Iteration 4 Outer Error 0.000221
/deprop Inner Error 0.006970
/deprop Inner Error 0.000220
/deprop Inner Error 0.000002
Inner loop converged
/deprop Iteration 5 Outer Error 0.000022
/deprop Inner Error 0.000536
/deprop Inner Error 0.000104
/deprop Inner Error 0.000001
Inner loop converged
>> /bottoms.Out
Port: /bottoms.Out + sim21.solver.Ports.Port_Material
Connected to: None
VapFrac            = 8.654607637121493e-09 = 
T                  = 256.07179602093544 = F
P                  = 205.0 = psia
MoleFlow           = 575.0025697509284 = lbmole/h
MassFlow           = 42425.32576728176 = lb/h
VolumeFlow         = 0.42858857023896996 = ft3/s
StdLiqVolumeFlow   = 0.30311465164896567 = ft3/s
H                  = -68585.0067843892 = Btu/lbmol
Energy             = -39429923.45749473 = Btu/hr
MolecularWeight    = 73.78284550553695 = 
ZFactor            = 0.07161506834199745 = 
METHANE            = 5.836367625200986e-11 = 
ETHANE             = 5.161880875246029e-06 = 
PROPANE            = 0.017747912249502017 = 
ISOBUTANE          = 0.1953904758722237 = 
N-BUTANE           = 0.1849461843363465 = 
ISOPENTANE         = 0.1674774299849372 = 
N-PENTANE          = 0.1441732650738369 = 
N-HEXANE           = 0.12069511188724576 = 
N-HEPTANE          = 0.0970430439042766 = 
N-OCTANE           = 0.07252141475239252 = 

>> 
>> delete spec
>> spec = Tower.MassRecoverySpec()
>> spec + PROPANE ETHANE
>> spec.Port.Fraction = .1
Calculating Jacobian for /deprop
Calculating disturbance 10 of 20 in jacobian of /deprop
Calculating disturbance 20 of 20 in jacobian of /deprop
/deprop Inner Error 0.048397
/deprop Inner Error 0.023896
/deprop Inner Error 0.015060
/deprop Inner Error 0.005423
/deprop Inner Error 0.000434
/deprop Inner Error 0.000211
/deprop Inner Error 0.000028
/deprop Inner Error 0.000009
Inner loop converged
/deprop Iteration 1 Outer Error 0.141680
/deprop Inner Error 0.015555
/deprop Inner Error 0.009004
/deprop Inner Error 0.002159
/deprop Inner Error 0.000300
/deprop Inner Error 0.000124
/deprop Inner Error 0.000017
/deprop Inner Error 0.000002
Inner loop converged
/deprop Iteration 2 Outer Error 0.010884
/deprop Inner Error 0.001769
/deprop Inner Error 0.000474
/deprop Inner Error 0.000203
/deprop Inner Error 0.000023
/deprop Inner Error 0.000009
Inner loop converged
/deprop Iteration 3 Outer Error 0.001378
/deprop Inner Error 0.000350
/deprop Inner Error 0.000028
/deprop Inner Error 0.000008
Inner loop converged
/deprop Iteration 4 Outer Error 0.000171
/deprop Inner Error 0.000011
/deprop Inner Error 0.000002
Inner loop converged
/deprop Iteration 5 Outer Error 0.000016
/deprop Inner Error 0.000003
Inner loop converged
>> /bottoms.Out
Port: /bottoms.Out + sim21.solver.Ports.Port_Material
Connected to: None
VapFrac            = 1.2137334191920492e-08 = 
T                  = 251.1049112695836 = F
P                  = 205.0 = psia
MoleFlow           = 586.2524072348408 = lbmole/h
MassFlow           = 42922.62766649813 = lb/h
VolumeFlow         = 0.4314623213680091 = ft3/s
StdLiqVolumeFlow   = 0.30687434579516465 = ft3/s
H                  = -68418.06008053773 = Btu/lbmol
Energy             = -40103507.441043004 = Btu/hr
MolecularWeight    = 73.21526895205658 = 
ZFactor            = 0.07120592577662405 = 
METHANE            = 8.92466230202373e-11 = 
ETHANE             = 1.1188320352693876e-05 = 
PROPANE            = 0.03643451555237283 = 
ISOBUTANE          = 0.19183211944327086 = 
N-BUTANE           = 0.18136221296955252 = 
ISOPENTANE         = 0.16426363687868356 = 
N-PENTANE          = 0.1414066654487424 = 
N-HEXANE           = 0.11837904417309206 = 
N-HEPTANE          = 0.09518084540193864 = 
N-OCTANE           = 0.07112977172274791 = 

>> 
>> delete spec
>> spec = Tower.MoleRatioSpec()
>> spec + ETHANE PROPANE / ISOBUTANE n-BUTANE
>> spec.Port.Fraction = 0.05
Calculating Jacobian for /deprop
Calculating disturbance 10 of 20 in jacobian of /deprop
Calculating disturbance 20 of 20 in jacobian of /deprop
/deprop Inner Error 0.206792
/deprop Inner Error 0.016429
/deprop Inner Error 0.012413
Step size too small - Exiting inner loop
/deprop Iteration 1 Outer Error 0.105889
Calculating Jacobian for /deprop
Calculating disturbance 10 of 20 in jacobian of /deprop
Calculating disturbance 20 of 20 in jacobian of /deprop
/deprop Inner Error 0.057757
/deprop Inner Error 0.015333
/deprop Inner Error 0.002470
/deprop Inner Error 0.000118
/deprop Inner Error 0.000009
Inner loop converged
/deprop Iteration 2 Outer Error 0.016812
/deprop Inner Error 0.063172
/deprop Inner Error 0.006745
/deprop Inner Error 0.000685
/deprop Inner Error 0.000025
/deprop Inner Error 0.000000
Inner loop converged
/deprop Iteration 3 Outer Error 0.000852
/deprop Inner Error 0.001015
/deprop Inner Error 0.000027
/deprop Inner Error 0.000001
Inner loop converged
/deprop Iteration 4 Outer Error 0.000229
/deprop Inner Error 0.000082
/deprop Inner Error 0.000007
Inner loop converged
/deprop Iteration 5 Outer Error 0.000022
/deprop Inner Error 0.000006
Inner loop converged
>> /bottoms.Out
Port: /bottoms.Out + sim21.solver.Ports.Port_Material
Connected to: None
VapFrac            = 0.0 = 
T                  = 255.7397217710427 = F
P                  = 205.0 = psia
MoleFlow           = 575.7341910034074 = lbmole/h
MassFlow           = 42457.65124906296 = lb/h
VolumeFlow         = 0.4287695456965742 = ft3/s
StdLiqVolumeFlow   = 0.3033590302984844 = ft3/s
H                  = -68574.2511126961 = Btu/lbmol
Energy             = -39473901.90141644 = Btu/hr
MolecularWeight    = 73.74523158770248 = 
ZFactor            = 0.07158747790818659 = 
METHANE            = 6.042969373198395e-11 = 
ETHANE             = 5.511016174990167e-06 = 
PROPANE            = 0.018987460887622258 = 
ISOBUTANE          = 0.19515490149442685 = 
N-BUTANE           = 0.18470674611741386 = 
ISOPENTANE         = 0.16726460558367431 = 
N-PENTANE          = 0.14399005513573912 = 
N-HEXANE           = 0.12054173712143351 = 
N-HEPTANE          = 0.09691972529356402 = 
N-OCTANE           = 0.07242925728952142 = 

>> 
>> delete spec
>> spec = Tower.MassRatioSpec()
>> spec + ETHANE PROPANE / ISOBUTANE n-BUTANE
>> spec.Port.Fraction = 0.05
Calculating Jacobian for /deprop
Calculating disturbance 10 of 20 in jacobian of /deprop
Calculating disturbance 20 of 20 in jacobian of /deprop
/deprop Inner Error 0.336824
/deprop Inner Error 0.075261
/deprop Inner Error 0.023880
Step size too small - Exiting inner loop
/deprop Iteration 1 Outer Error 0.118323
Calculating Jacobian for /deprop
Calculating disturbance 10 of 20 in jacobian of /deprop
Calculating disturbance 20 of 20 in jacobian of /deprop
/deprop Inner Error 0.029764
/deprop Inner Error 0.028829
/deprop Inner Error 0.007663
/deprop Inner Error 0.000862
/deprop Inner Error 0.000037
/deprop Inner Error 0.000003
Inner loop converged
/deprop Iteration 2 Outer Error 0.019042
/deprop Inner Error 0.010890
/deprop Inner Error 0.002210
/deprop Inner Error 0.000060
/deprop Inner Error 0.000011
/deprop Inner Error 0.000001
Inner loop converged
/deprop Iteration 3 Outer Error 0.001179
/deprop Inner Error 0.001319
/deprop Inner Error 0.000255
/deprop Inner Error 0.000007
Inner loop converged
/deprop Iteration 4 Outer Error 0.000262
/deprop Inner Error 0.000205
/deprop Inner Error 0.000025
/deprop Inner Error 0.000000
Inner loop converged
/deprop Iteration 5 Outer Error 0.000025
/deprop Inner Error 0.000001
Inner loop converged
>> /bottoms.Out
Port: /bottoms.Out + sim21.solver.Ports.Port_Material
Connected to: None
VapFrac            = 7.138798096492691e-09 = 
T                  = 254.16576088018303 = F
P                  = 205.0 = psia
MoleFlow           = 579.2415724661196 = lbmole/h
MassFlow           = 42612.66068472937 = lb/h
VolumeFlow         = 0.4296492075048907 = ft3/s
StdLiqVolumeFlow   = 0.3045309125552467 = ft3/s
H                  = -68522.48063151773 = Btu/lbmol
Energy             = -39684394.94099341 = Btu/hr
MolecularWeight    = 73.56630240753859 = 
ZFactor            = 0.07145719766559129 = 
METHANE            = 6.996818181577633e-11 = 
ETHANE             = 7.245138961902862e-06 = 
PROPANE            = 0.02488109238975326 = 
ISOBUTANE          = 0.19403358982867616 = 
N-BUTANE           = 0.18357270467797038 = 
ISOPENTANE         = 0.16625179615725258 = 
N-PENTANE          = 0.14311817704960164 = 
N-HEXANE           = 0.11981184163654772 = 
N-HEPTANE          = 0.09633286409839419 = 
N-OCTANE           = 0.07199068895287386 = 

>> 
>> delete spec
>> cd ..
/deprop.Stage_19
>> spec = Tower.ReboilRatioSpec()
>> spec.Port = 2
Calculating Jacobian for /deprop
Calculating disturbance 10 of 20 in jacobian of /deprop
Calculating disturbance 20 of 20 in jacobian of /deprop
/deprop Inner Error 0.190656
/deprop Inner Error 0.066200
/deprop Inner Error 0.026519
/deprop Inner Error 0.007203
/deprop Inner Error 0.005563
/deprop Inner Error 0.004340
/deprop Inner Error 0.000809
/deprop Inner Error 0.000230
/deprop Inner Error 0.000026
/deprop Inner Error 0.000011
/deprop Inner Error 0.000002
Inner loop converged
/deprop Iteration 1 Outer Error 0.055232
/deprop Inner Error 0.015018
/deprop Inner Error 0.004156
/deprop Inner Error 0.001069
/deprop Inner Error 0.000337
/deprop Inner Error 0.000108
/deprop Inner Error 0.000017
/deprop Inner Error 0.000002
Inner loop converged
/deprop Iteration 2 Outer Error 0.009747
/deprop Inner Error 0.000652
/deprop Inner Error 0.000548
/deprop Inner Error 0.000327
/deprop Inner Error 0.000102
/deprop Inner Error 0.000009
Inner loop converged
/deprop Iteration 3 Outer Error 0.001031
/deprop Inner Error 0.000393
/deprop Inner Error 0.000380
/deprop Inner Error 0.000128
/deprop Inner Error 0.000004
Inner loop converged
/deprop Iteration 4 Outer Error 0.000105
/deprop Inner Error 0.000005
Inner loop converged
/deprop Iteration 5 Outer Error 0.000019
/deprop Inner Error 0.000006
Inner loop converged
>> /bottoms.Out
Port: /bottoms.Out + sim21.solver.Ports.Port_Material
Connected to: None
VapFrac            = 0.0 = 
T                  = 259.8177512520237 = F
P                  = 205.0 = psia
MoleFlow           = 566.9588155268286 = lbmole/h
MassFlow           = 42070.4286244084 = lb/h
VolumeFlow         = 0.4266645085098475 = ft3/s
StdLiqVolumeFlow   = 0.30043193377809563 = ft3/s
H                  = -68702.16851593707 = Btu/lbmol
Energy             = -38944749.9969749 = Btu/hr
MolecularWeight    = 74.20367665521886 = 
ZFactor            = 0.07192859727817491 = 
METHANE            = 2.5257505317050955e-11 = 
ETHANE             = 1.2746079417977421e-06 = 
PROPANE            = 0.003845595532423631 = 
ISOBUTANE          = 0.19802047043319349 = 
N-BUTANE           = 0.187682753337564 = 
ISOPENTANE         = 0.16985353730203162 = 
N-PENTANE          = 0.14621873009592784 = 
N-HEXANE           = 0.12240747828535394 = 
N-HEPTANE          = 0.09841984532630399 = 
N-OCTANE           = 0.07355031505400224 = 

