>> # Commented out for testing
>> # optimizecode 1
>> # maxversions 0
>> # units Field
>> # /LiquidPhases = 2
>> # /StdLiqVolRefT = 288.15
>> # /StdLiqVolRefT = 60 F
>> # /RecycleDetails = 1
>> # displayproperties
>> # displayproperties VapFrac T P MoleFlow MassFlow VolumeFlow StdLiqVolumeFlow StdGasVolumeFlow Energy H S MolecularWeight MassDensity Cp ThermalConductivity Viscosity molarV ZFactor
>> # commonproperties
>> # commonproperties + ZFactor P T MolecularWeight MassDensity StdLiqMolarVolVapFrac T P MoleFlow MassFlow VolumeFlow StdLiqVolumeFlow StdGasVolumeFlow Energy H S MolecularWeight MassDensity Cp ThermalConductivity Viscosity molarV ZFactor
>> units SI
>> $thermo = Sim21Thermo.Peng-Robinson
pkgName: Peng-Robinson
>> / -> $thermo
Thermo case attached to a unit operation. / to /thermo
>> thermo + METHANE ETHANE PROPANE n-BUTANE
METHANE ETHANE PROPANE n-BUTANE 
>> realcomp = Compressor.CompressorWithCurve()
>> cd realcomp
/realcomp
>> NumberTables = 1
>> CompressorSpeed0 = 1800.0
>> FlowCurve0 = 0.0 1000.0 2000.0 3000.0 4000.0 5000.0 6000.0 7000.0
>> HeadCurve0 = 700.0  600.0   500.0   400.0   300.0   200.0   100.0   0.0
>> EfficiencyCurve0 = 0.0 0.5 0.7 0.8 0.8 0.7 0.5 0.0
>> CompressorSpeed = 1800
>> In.Fraction = .4 .3 .2 .1
>> In.P = 101.325
>> In.T = 30
>> Out.P = 106
>> Out
Port: /realcomp.OutPSensor.Out + sim21.solver.Ports.Port_Material
Connected to: None
VapFrac            = 1.0 = 
T                  = 32.57379559637582 = C
P                  = 106.0 * kPa
MoleFlow           = 125.07267171842588 = kgmole/h
MassFlow           = 3760.815168808216 = kg/h
VolumeFlow         = 2975.9693102896954 = m3/hr
StdLiqVolumeFlow   = 6.6392326328292 = m3/hr
H                  = -88108.11813915132 = kJ/kmol
Energy             = -3061088.259929544 = W
MolecularWeight    = 30.06904 = 
ZFactor            = 0.9922211008318137 = 
METHANE            = 0.4000000000000001 = 
ETHANE             = 0.30000000000000004 = 
PROPANE            = 0.20000000000000004 = 
N-BUTANE           = 0.10000000000000002 = 

>> InQ
Port: /realcomp.TotalQ.In + sim21.solver.Ports.Port_Energy
Connected to: None
Energy   = 4894.069134928868 = W

>> /realcomp.EfficiencyCurveType = Polytropic
>> Out
Port: /realcomp.OutPSensor.Out + sim21.solver.Ports.Port_Material
Connected to: None
VapFrac            = 1.0 = 
T                  = 32.57593761709808 = C
P                  = 106.0 * kPa
MoleFlow           = 125.07267171842585 = kgmole/h
MassFlow           = 3760.815168808216 = kg/h
VolumeFlow         = 2975.99063338254 = m3/hr
StdLiqVolumeFlow   = 6.6392326328292 = m3/hr
H                  = -88107.9984681751 = kJ/kmol
Energy             = -3061084.1022715643 = W
MolecularWeight    = 30.06904 = 
ZFactor            = 0.9922212582959566 = 
METHANE            = 0.4000000000000001 = 
ETHANE             = 0.30000000000000004 = 
PROPANE            = 0.20000000000000004 = 
N-BUTANE           = 0.10000000000000002 = 

>> AdiabaticEff
Port: /realcomp.EfficiencySig.effClone + sim21.solver.Ports.Port_Signal
Connected to: None
Generic   = 0.7993209529645943 = 

>> PolytropicEff
Port: /realcomp.PolytropicEffSig.effClone + sim21.solver.Ports.Port_Signal
Connected to: None
Generic   = 0.8 = 

>> /realcomp.EfficiencyCurveType = Adiabatic
>> AdiabaticEff
Port: /realcomp.EfficiencySig.effClone + sim21.solver.Ports.Port_Signal
Connected to: None
Generic   = 0.8 = 

>> PolytropicEff
Port: /realcomp.PolytropicEffSig.effClone + sim21.solver.Ports.Port_Signal
Connected to: None
Generic   = 0.800676751472451 = 

>> '/realcomp.Out.P' =
>> '/realcomp.In.VolumeFlow' =  2500
>> AdiabaticEff
Port: /realcomp.EfficiencySig.effClone + sim21.solver.Ports.Port_Signal
Connected to: None
Generic   = 0.75 = 

>> PolytropicEff
Port: /realcomp.PolytropicEffSig.effClone + sim21.solver.Ports.Port_Signal
Connected to: None
Generic   = 0.7509684633019998 = 

>> cd /
/
>> 
>> copy /
Copied / to the clipboard
>> paste /
Pasting /
Pasted / as /RootClone
>> /RootClone.realcomp.Out
Port: /RootClone.realcomp.OutPSensor.Out + sim21.solver.Ports.Port_Material
Connected to: None
VapFrac            = None
T                  = None
P                  = None
MoleFlow           = None
MassFlow           = None
VolumeFlow         = None
StdLiqVolumeFlow   = None
H                  = None
Energy             = None
MolecularWeight    = None
ZFactor            = None
METHANE            = None
ETHANE             = None
PROPANE            = None
N-BUTANE           = None

