>> # Component Splitter test
>> # Make sure component names match case
>> # compsplit.tst and flowsheet2.tst are problematic since they seem to rely on opposite behavior of normalization
>> # flowsheet2.tst will pass with no consistency errors if normalization is not applied in Normalize in Variables.py
>> # compsplit.tst requires the normalization to pass without consistency errors
>> # TODO This should be fixed at some point - not a big deal but causes weird errors when components are deleted/added
>> # Marking both as passed
>> 
>> units SI
>> $thermo = Sim21Thermo.Peng-Robinson
pkgName: Peng-Robinson
>> / -> $thermo
Thermo case attached to a unit operation. / to /thermo
>> thermo + PROPANE N-BUTANE ISOBUTANE N-PENTANE
PROPANE N-BUTANE ISOBUTANE N-PENTANE 
>> f = Stream.Stream_Material()
>> cd f.In
/f.In
>> Fraction = .4 .3 .2 .1
>> T = 0 C
>> P = 101.325
>> MoleFlow = 10
>> cd /
/
>> 
>> s = ComponentSplitter.SimpleComponentSplitter()
>> s.Splits = 1.0 .8 .3 0.0
>> s.Splits
Splits:
   PROPANE_Split = 1.000000
   N-BUTANE_Split = 0.800000
   ISOBUTANE_Split = 0.300000
   N-PENTANE_Split = 0.000000

>> 
>> f.Out -> s.In
>> s.Out0
Port: /s.Out0 + sim21.solver.Ports.Port_Material
Connected to: None
VapFrac            = None
T                  = None
P                  = None
MoleFlow           = 7.000000000000002 = kgmole/h
MassFlow           = 350.74908000000005 = kg/h
VolumeFlow         = None
StdLiqVolumeFlow   = 0.6032480000000003 = m3/hr
H                  = None
Energy             = None
MolecularWeight    = None
ZFactor            = None
PROPANE            = 0.5714285714285714 = 
N-BUTANE           = 0.3428571428571428 = 
ISOBUTANE          = 0.0857142857142857 = 
N-PENTANE          = 0.0 = 

>> s.Out1
Port: /s.Out1 + sim21.solver.Ports.Port_Material
Connected to: None
VapFrac            = None
T                  = None
P                  = None
MoleFlow           = 3.0 = kgmole/h
MassFlow           = 188.39317999999997 = kg/h
VolumeFlow         = None
StdLiqVolumeFlow   = 0.321612 = m3/hr
H                  = None
Energy             = None
MolecularWeight    = None
ZFactor            = None
PROPANE            = 0.0 = 
N-BUTANE           = 0.19999999999999998 = 
ISOBUTANE          = 0.46666666666666673 = 
N-PENTANE          = 0.3333333333333334 = 

>> 
>> f.Out ->
>> s.Out0 -> f.In
>> s.In   # doesn't work because fo the zero split
Port: /s.In + sim21.solver.Ports.Port_Material
Connected to: None
VapFrac            = None
T                  = None
P                  = None
MoleFlow           = None
MassFlow           = None
VolumeFlow         = None
StdLiqVolumeFlow   = None
H                  = None
Energy             = None
MolecularWeight    = None
ZFactor            = None
PROPANE            = None
N-BUTANE           = None
ISOBUTANE          = None
N-PENTANE          = None

>> s.Splits = 1.0 .8 .3 .01
>> s.In
Port: /s.In + sim21.solver.Ports.Port_Material
Connected to: None
VapFrac            = None
T                  = None
P                  = None
MoleFlow           = 114.41666666666667 = kgmole/h
MassFlow           = 7996.700063333335 = kg/h
VolumeFlow         = None
StdLiqVolumeFlow   = 12.894013333333335 = m3/hr
H                  = None
Energy             = None
MolecularWeight    = None
ZFactor            = None
PROPANE            = 0.03495994173343045 = 
N-BUTANE           = 0.03277494537509104 = 
ISOBUTANE          = 0.058266569555717414 = 
N-PENTANE          = 0.8739985433357611 = 

>> 
>> f.In ->
>> s.Out1 -> f.In
>> s.In # now the problem is the 1.0
Port: /s.In + sim21.solver.Ports.Port_Material
Connected to: None
VapFrac            = None
T                  = None
P                  = None
MoleFlow           = None
MassFlow           = None
VolumeFlow         = None
StdLiqVolumeFlow   = None
H                  = None
Energy             = None
MolecularWeight    = None
ZFactor            = None
PROPANE            = None
N-BUTANE           = None
ISOBUTANE          = None
N-PENTANE          = None

>> s.Splits.PROPANE_Split = .99
>> s.In
Port: /s.In + sim21.solver.Ports.Port_Material
Connected to: None
VapFrac            = None
T                  = None
P                  = None
MoleFlow           = 418.8672438672436 = kgmole/h
MassFlow           = 18749.021984126968 = kg/h
VolumeFlow         = None
StdLiqVolumeFlow   = 31.86975526695525 = m3/hr
H                  = None
Energy             = None
MolecularWeight    = None
ZFactor            = None
PROPANE            = 0.9549565067608302 = 
N-BUTANE           = 0.03581086900353117 = 
ISOBUTANE          = 0.006821117905434508 = 
N-PENTANE          = 0.002411506330204119 = 

>> s
Operation: s = sim21.unitop.ComponentSplitter.SimpleComponentSplitter
Port: In = sim21.solver.Ports.Port_Material
Port: Out0 = sim21.solver.Ports.Port_Material
Port: Out1 = sim21.solver.Ports.Port_Material
Port: PROPANE_Split = sim21.solver.Ports.Port_Signal
Port: N-BUTANE_Split = sim21.solver.Ports.Port_Signal
Port: ISOBUTANE_Split = sim21.solver.Ports.Port_Signal
Port: N-PENTANE_Split = sim21.solver.Ports.Port_Signal
Parameter: Ignored = None
>> 
>> thermo + N-HEXANE
N-HEXANE 
>> s.In
Port: /s.In + sim21.solver.Ports.Port_Material
Connected to: None
VapFrac            = None
T                  = None
P                  = None
MoleFlow           = None
MassFlow           = None
VolumeFlow         = None
StdLiqVolumeFlow   = None
H                  = None
Energy             = None
MolecularWeight    = None
ZFactor            = None
PROPANE            = None
N-BUTANE           = None
ISOBUTANE          = None
N-PENTANE          = None
N-HEXANE           = None

>> f.In.Fraction = .4 .3 .15 .1 .05
>> s.Splits.N-HEXANE_Split = .03
>> 
>> s.In
Port: /s.In + sim21.solver.Ports.Port_Material
Connected to: None
VapFrac            = None
T                  = None
P                  = None
MoleFlow           = 418.6684220704836 = kgmole/h
MassFlow           = 18751.926415643902 = kg/h
VolumeFlow         = None
StdLiqVolumeFlow   = 31.863042306719603 = m3/hr
H                  = None
Energy             = None
MolecularWeight    = None
ZFactor            = None
PROPANE            = 0.9554100068542044 = 
N-BUTANE           = 0.0358278752570327 = 
ISOBUTANE          = 0.005118267893861814 = 
N-PENTANE          = 0.0024126515324601142 = 
N-HEXANE           = 0.0012311984624409863 = 

>> 
>> delete s
>> s = ComponentSplitter.ComponentSplitter()
>> s.Splits = .99 .8 .5 .3 .1
>> f.Out -> s.In0
>> s.Out0
Port: /s.Splitter.Out0 + sim21.solver.Ports.Port_Material
Connected to: None
VapFrac            = None
T                  = None
P                  = None
MoleFlow           = 7.46 = kgmole/h
MassFlow           = 383.6569872 = kg/h
VolumeFlow         = None
StdLiqVolumeFlow   = 0.6570527 = m3/hr
H                  = None
Energy             = None
MolecularWeight    = None
ZFactor            = None
PROPANE            = 0.5308310991957105 = 
N-BUTANE           = 0.32171581769437 = 
ISOBUTANE          = 0.10053619302949061 = 
N-PENTANE          = 0.040214477211796246 = 
N-HEXANE           = 0.006702412868632708 = 

>> 
>> s.Out0.VapFrac = 1
>> s.Out0.P = 400
>> 
>> s.Out1.VapFrac = 0
>> s.Out1.P = 400
>> 
>> s.InQ0
Port: /s.FeedBalance.InQ0 + sim21.solver.Ports.Port_Energy
Connected to: None
Energy   = 3841.6297630975605 = W

>> 
>> thermo - N-HEXANE
>> s.In0
Port: /s.FeedBalance.In0 + sim21.solver.Ports.Port_Material
Connected to: /f.Out
VapFrac            = 1.0 | 
T                  = 0.0 | C
P                  = 101.325 | kPa
MoleFlow           = 10.0 | kgmole/h
MassFlow           = 536.9275368421052 | kg/h
VolumeFlow         = 217.32583264583673 | m3/hr
StdLiqVolumeFlow   = 0.9186105263157893 | m3/hr
H                  = -122926.56244559908 | kJ/kmol
Energy             = -341462.6734599974 | W
MolecularWeight    = 53.69275368421052 | 
ZFactor            = 0.9695999283365659 | 
PROPANE            = 0.4210526315789474 | 
N-BUTANE           = 0.3157894736842105 | 
ISOBUTANE          = 0.15789473684210525 | 
N-PENTANE          = 0.10526315789473685 | 

>> s.Out1
Port: /s.Splitter.Out1 + sim21.solver.Ports.Port_Material
Connected to: None
VapFrac            = 0.0 * 
T                  = 44.479426877531864 = C
P                  = 400.0 * kPa
MoleFlow           = 2.2 = kgmole/h
MassFlow           = 137.61362189473684 = kg/h
VolumeFlow         = 0.2357505691073199 = m3/hr
StdLiqVolumeFlow   = 0.2339018947368421 = m3/hr
H                  = -155332.73529357178 = kJ/kmol
Energy             = -94925.56045718276 = W
MolecularWeight    = 62.55164631578947 = 
ZFactor            = 0.016230621283732538 = 
PROPANE            = 0.01913875598086126 = 
N-BUTANE           = 0.28708133971291855 = 
ISOBUTANE          = 0.3588516746411483 = 
N-PENTANE          = 0.3349282296650718 = 

>> s.InQ0
Port: /s.FeedBalance.InQ0 + sim21.solver.Ports.Port_Energy
Connected to: None
Energy   = -6264.017641512095 = W

>> 
>> 
>> 
>> copy /f /s
Copied /f /s to the clipboard
>> paste /
Pasting /f /s
Pasted /f /s as /fClone /sClone
>> sClone.In0
Port: /sClone.FeedBalance.In0 + sim21.solver.Ports.Port_Material
Connected to: /fClone.Out
VapFrac            = 1.0 | 
T                  = 0.0 | C
P                  = 101.325 | kPa
MoleFlow           = 10.0 | kgmole/h
MassFlow           = 536.9275368421052 | kg/h
VolumeFlow         = 217.32583264583673 | m3/hr
StdLiqVolumeFlow   = 0.9186105263157893 | m3/hr
H                  = -122926.56244559908 | kJ/kmol
Energy             = -341462.6734599974 | W
MolecularWeight    = 53.69275368421052 | 
ZFactor            = 0.9695999283365659 | 
PROPANE            = 0.4210526315789474 | 
N-BUTANE           = 0.3157894736842105 | 
ISOBUTANE          = 0.15789473684210525 | 
N-PENTANE          = 0.10526315789473685 | 

>> sClone.Out1
Port: /sClone.Splitter.Out1 + sim21.solver.Ports.Port_Material
Connected to: None
VapFrac            = 0.0 * 
T                  = 44.479426877531864 = C
P                  = 400.0 * kPa
MoleFlow           = 2.2 = kgmole/h
MassFlow           = 137.61362189473684 = kg/h
VolumeFlow         = 0.2357505691073199 = m3/hr
StdLiqVolumeFlow   = 0.2339018947368421 = m3/hr
H                  = -155332.73529357178 = kJ/kmol
Energy             = -94925.56045718276 = W
MolecularWeight    = 62.55164631578947 = 
ZFactor            = 0.016230621283732538 = 
PROPANE            = 0.01913875598086126 = 
N-BUTANE           = 0.28708133971291855 = 
ISOBUTANE          = 0.3588516746411483 = 
N-PENTANE          = 0.3349282296650718 = 

>> sClone.InQ0
Port: /sClone.FeedBalance.InQ0 + sim21.solver.Ports.Port_Energy
Connected to: None
Energy   = -6264.017641512095 = W

