>> # Cross connecter thermo test
>> units SI
>> $thermo = Sim21Thermo.Peng-Robinson
pkgName: Peng-Robinson
>> / -> $thermo
Thermo case attached to a unit operation. / to /thermo
>> thermo + PROPANE ISOBUTANE n-BUTANE n-PENTANE WATER
PROPANE ISOBUTANE n-BUTANE n-PENTANE WATER 
>> # lets have some streams for this test
>> coldInlet = Stream.Stream_Material()
>> hotInlet = Stream.Stream_Material()
>> 
>> cd hotInlet.In
/hotInlet.In
>> T = 200
>> P = 150
>> Fraction = .01 .02 .01 0 1
>> MoleFlow = 500
>> 
>> cd /
/
>> cd /coldInlet.In
/coldInlet.In
>> Fraction
PROPANE                     = None
ISOBUTANE                   = None
N-BUTANE                    = None
N-PENTANE                   = None
WATER                       = None

>> Fraction = .75 15 .08 .02 0
>> VapFrac = 0
>> P = 300
>> T =
>> MoleFlow = 1000
>> cd /
/
>> 
>> coldOutlet = Stream.Stream_Material()
>> 
>> exch = Heater.HeatExchanger()
>> exch
Operation: exch = sim21.unitop.Heater.HeatExchanger
Port: InC = sim21.solver.Ports.Port_Material (/exch.ColdSide.In)
Port: InH = sim21.solver.Ports.Port_Material (/exch.HotSide.In)
Port: OutC = sim21.solver.Ports.Port_Material (/exch.ColdSide.Out)
Port: OutH = sim21.solver.Ports.Port_Material (/exch.HotSide.Out)
Port: DeltaPH = sim21.solver.Ports.Port_Signal (/exch.HotSide.DeltaP)
Port: DeltaPC = sim21.solver.Ports.Port_Signal (/exch.ColdSide.DeltaP)
Port: DeltaTHI = sim21.solver.Ports.Port_Signal
Port: DeltaTHO = sim21.solver.Ports.Port_Signal
Port: UA = sim21.solver.Ports.Port_Signal
Child: ColdSide = sim21.unitop.Heater.Heater
Child: HotSide = sim21.unitop.Heater.Cooler
Parameter: Ignored = None
Parameter: IsCounterCurrent = 1
>> cd exch
/exch
>> DeltaPC = 10
>> DeltaPH = 50
>> DeltaTHO = 5 K
>> cd /
/
>> 
>> # hot side will use steam property package
>> $thermo1 = Sim21Thermo.Steam97
pkgName: Steam97
>> exch.HotSide -> $thermo1
Thermo case attached to a unit operation. /exch.HotSide to /exch.HotSide.thermo1
>> exch.HotSide.thermo1 + water
water 
>> 
>> # create hot outlet and assign the hot inlet thermo
>> hotOutlet = Stream.Stream_Material()
>> hotOutlet -> $thermo1
Thermo case attached to a unit operation. /hotOutlet to /exch.HotSide.thermo1
>> 
>> # create CrossConnector
>> xc = CrossConnector.CrossConnector()
>> hotInlet.Out -> xc.In
>> xc.In
Port: /xc.InletNode.NodePort + sim21.solver.Ports.Port_Material
Connected to: /hotInlet.Out
VapFrac            = 1.0 | 
T                  = 200.0 | C
P                  = 150.0 | kPa
MoleFlow           = 500.00000000000006 | kgmole/h
MassFlow           = 9711.491442307693 | kg/h
VolumeFlow         = 13024.584486476775 | m3/hr
StdLiqVolumeFlow   = 10.533990384615384 | m3/hr
H                  = -230883.94845195542 | kJ/kmol
Energy             = -32067215.06277159 | W
MolecularWeight    = 19.422982884615386 | 
ZFactor            = 0.9932352000263233 | 
PROPANE            = 0.009615384615384616 | 
ISOBUTANE          = 0.019230769230769232 | 
N-BUTANE           = 0.009615384615384616 | 
N-PENTANE          = 0.0 | 
WATER              = 0.9615384615384615 | 

>> xc.Out
Port: /xc.OutletNode.NodePort + sim21.solver.Ports.Port_Material
Connected to: None
VapFrac            = 1.0 = 
T                  = 200.0 = C
P                  = 150.0 = kPa
MoleFlow           = 500.00000000000006 = kgmole/h
MassFlow           = 9711.491442307693 = kg/h
VolumeFlow         = 13024.584486476775 = m3/hr
StdLiqVolumeFlow   = 10.533990384615384 = m3/hr
H                  = -230883.94845195542 = kJ/kmol
Energy             = -32067215.06277159 = W
MolecularWeight    = 19.422982884615386 = 
ZFactor            = 0.9932352000263233 = 
PROPANE            = 0.009615384615384616 = 
ISOBUTANE          = 0.019230769230769232 = 
N-BUTANE           = 0.009615384615384616 = 
N-PENTANE          = 0.0 = 
WATER              = 0.9615384615384615 = 

>> 
>> #connect things
>> coldInlet.Out -> exch.InC
>> exch.OutC -> coldOutlet.In
>> xc.Out -> exch.InH
A significant loss of mole flow of 19.230769 was detected in the cross connector /xc. A common reason is the mismatch of compounds that contain significant flows
>> exch.OutH.T
/exch.HotSide.Out.T= 22.58937227428953 = C
>> exch.OutH -> hotOutlet.In
>> 
>> # results
>> coldInlet
Operation: coldInlet = sim21.unitop.Stream.Stream_Material
Port: In = sim21.solver.Ports.Port_Material
Port: Out = sim21.solver.Ports.Port_Material
Parameter: Ignored = None
>> coldInlet.Out
Port: /coldInlet.Out + sim21.solver.Ports.Port_Material
Connected to: /exch.ColdSide.In
VapFrac            = 0.0 = 
T                  = 17.58937227428953 = C
P                  = 300.0 = kPa
MoleFlow           = 1000.0000000000001 = kgmole/h
MassFlow           = 57476.180858044165 = kg/h
VolumeFlow         = 97.28522780232213 = m3/hr
StdLiqVolumeFlow   = 102.95869400630914 = m3/hr
H                  = -154289.02937192676 = kJ/kmol
Energy             = -42858063.7144241 = W
MolecularWeight    = 57.47618085804416 = 
ZFactor            = 0.012073414791184178 = 
PROPANE            = 0.04731861198738171 = 
ISOBUTANE          = 0.9463722397476341 = 
N-BUTANE           = 0.005047318611987382 = 
N-PENTANE          = 0.0012618296529968455 = 
WATER              = 0.0 = 

>> coldOutlet.Out
Port: /coldOutlet.Out + sim21.solver.Ports.Port_Material
Connected to: None
VapFrac            = 1.0 = 
T                  = 61.92187729156882 = C
P                  = 290.0 = kPa
MoleFlow           = 1000.0000000000001 = kgmole/h
MassFlow           = 57476.180858044165 = kg/h
VolumeFlow         = 9085.549541436183 = m3/hr
StdLiqVolumeFlow   = 102.95869400630914 = m3/hr
H                  = -130225.6729798335 = kJ/kmol
Energy             = -36173798.04995375 = W
MolecularWeight    = 57.47618085804416 = 
ZFactor            = 0.94575149135526 = 
PROPANE            = 0.04731861198738171 = 
ISOBUTANE          = 0.9463722397476341 = 
N-BUTANE           = 0.005047318611987382 = 
N-PENTANE          = 0.0012618296529968455 = 
WATER              = 0.0 = 

>> hotInlet.Out
Port: /hotInlet.Out + sim21.solver.Ports.Port_Material
Connected to: /xc.InletNode.NodePort
VapFrac            = 1.0 = 
T                  = 200.0 = C
P                  = 150.0 = kPa
MoleFlow           = 500.00000000000006 = kgmole/h
MassFlow           = 9711.491442307693 = kg/h
VolumeFlow         = 13024.584486476775 = m3/hr
StdLiqVolumeFlow   = 10.533990384615384 = m3/hr
H                  = -230883.94845195542 = kJ/kmol
Energy             = -32067215.06277159 = W
MolecularWeight    = 19.422982884615386 = 
ZFactor            = 0.9932352000263233 = 
PROPANE            = 0.009615384615384616 = 
ISOBUTANE          = 0.019230769230769232 = 
N-BUTANE           = 0.009615384615384616 = 
N-PENTANE          = 0.0 = 
WATER              = 0.9615384615384615 = 

>> hotOutlet.Out
Port: /hotOutlet.Out + sim21.solver.Ports.Port_Material
Connected to: None
VapFrac            = 0.0 = 
T                  = 22.58937227428953 = C
P                  = 100.0 = kPa
MoleFlow           = 480.7692307692308 = kgmole/h
MassFlow           = 8661.186538461538 = kg/h
VolumeFlow         = 8.681702399938152 = m3/hr
StdLiqVolumeFlow   = 8.687248076923078 = m3/hr
H                  = 1708.6690090097854 = kJ/kmol
Energy             = 228187.63475023845 = W
MolecularWeight    = 18.015268 = 
ZFactor            = 0.0007343868601643617 = 
WATER              = 1.0 = 

>> exch.ColdSide.InQ
Port: /exch.ColdSide.InQ + sim21.solver.Ports.Port_Energy
Connected to: /exch.HotSide.OutQ
Energy   = 6684265.664470351 | W

>> 
>> # one more stream and connector
>> hotOut2 = Stream.Stream_Material()
>> xc2 = CrossConnector.CrossConnector()
>> xc2.Out -> hotOut2.In
>> hotOut2.In
Port: /hotOut2.In + sim21.solver.Ports.Port_Material
Connected to: /xc2.OutletNode.NodePort
VapFrac            = None
T                  = None
P                  = None
MoleFlow           = None
MassFlow           = None
VolumeFlow         = None
StdLiqVolumeFlow is invalid
H                  = None
Energy             = None
MolecularWeight    = None
ZFactor            = None
PROPANE            = None
ISOBUTANE          = None
N-BUTANE           = None
N-PENTANE          = None
WATER              = None

>> 
>> copy /
Copied / to the clipboard
>> paste /
Pasting /
Pasted / as /RootClone
A significant loss of mole flow of 19.230769 was detected in the cross connector /RootClone.xc. A common reason is the mismatch of compounds that contain significant flows
>> cd /RootClone
/RootClone
>> coldInlet
Operation: coldInlet = sim21.unitop.Stream.Stream_Material
Port: In = sim21.solver.Ports.Port_Material
Port: Out = sim21.solver.Ports.Port_Material
Parameter: Ignored = None
>> coldInlet.Out
Port: /RootClone.coldInlet.Out + sim21.solver.Ports.Port_Material
Connected to: /RootClone.exch.ColdSide.In
VapFrac            = 0.0 = 
T                  = 17.58937227428953 = C
P                  = 300.0 = kPa
MoleFlow           = 1000.0000000000001 = kgmole/h
MassFlow           = 57476.180858044165 = kg/h
VolumeFlow         = 97.28522780232213 = m3/hr
StdLiqVolumeFlow   = 102.95869400630914 = m3/hr
H                  = -154289.02937192676 = kJ/kmol
Energy             = -42858063.7144241 = W
MolecularWeight    = 57.47618085804416 = 
ZFactor            = 0.012073414791184178 = 
PROPANE            = 0.04731861198738171 = 
ISOBUTANE          = 0.9463722397476341 = 
N-BUTANE           = 0.005047318611987382 = 
N-PENTANE          = 0.0012618296529968455 = 
WATER              = 0.0 = 

>> coldOutlet.Out
Port: /RootClone.coldOutlet.Out + sim21.solver.Ports.Port_Material
Connected to: None
VapFrac            = 1.0 = 
T                  = 61.92187729156882 = C
P                  = 290.0 = kPa
MoleFlow           = 1000.0000000000001 = kgmole/h
MassFlow           = 57476.180858044165 = kg/h
VolumeFlow         = 9085.549541436183 = m3/hr
StdLiqVolumeFlow   = 102.95869400630914 = m3/hr
H                  = -130225.6729798335 = kJ/kmol
Energy             = -36173798.04995375 = W
MolecularWeight    = 57.47618085804416 = 
ZFactor            = 0.94575149135526 = 
PROPANE            = 0.04731861198738171 = 
ISOBUTANE          = 0.9463722397476341 = 
N-BUTANE           = 0.005047318611987382 = 
N-PENTANE          = 0.0012618296529968455 = 
WATER              = 0.0 = 

>> hotInlet.Out
Port: /RootClone.hotInlet.Out + sim21.solver.Ports.Port_Material
Connected to: /RootClone.xc.InletNode.NodePort
VapFrac            = 1.0 = 
T                  = 200.0 = C
P                  = 150.0 = kPa
MoleFlow           = 500.00000000000006 = kgmole/h
MassFlow           = 9711.491442307693 = kg/h
VolumeFlow         = 13024.584486476775 = m3/hr
StdLiqVolumeFlow   = 10.533990384615384 = m3/hr
H                  = -230883.94845195542 = kJ/kmol
Energy             = -32067215.06277159 = W
MolecularWeight    = 19.422982884615386 = 
ZFactor            = 0.9932352000263233 = 
PROPANE            = 0.009615384615384616 = 
ISOBUTANE          = 0.019230769230769232 = 
N-BUTANE           = 0.009615384615384616 = 
N-PENTANE          = 0.0 = 
WATER              = 0.9615384615384615 = 

>> hotOutlet.Out
Port: /RootClone.hotOutlet.Out + sim21.solver.Ports.Port_Material
Connected to: None
VapFrac            = 0.0 = 
T                  = 22.58937227428953 = C
P                  = 100.0 = kPa
MoleFlow           = 480.7692307692308 = kgmole/h
MassFlow           = 8661.186538461538 = kg/h
VolumeFlow         = 8.681702399938152 = m3/hr
StdLiqVolumeFlow   = 8.687248076923078 = m3/hr
H                  = 1708.6690090097854 = kJ/kmol
Energy             = 228187.63475023845 = W
MolecularWeight    = 18.015268 = 
ZFactor            = 0.0007343868601643617 = 
WATER              = 1.0 = 

>> exch.ColdSide.InQ
Port: /RootClone.exch.ColdSide.InQ + sim21.solver.Ports.Port_Energy
Connected to: /RootClone.exch.HotSide.OutQ
Energy   = 6684265.664470351 | W

>> 
