>> # Depeopanizer test with some changes
>> units Field
>> $thermo = Sim21Thermo.Peng-Robinson
pkgName: Peng-Robinson
>> / -> $thermo
Thermo case attached to a unit operation. / to /thermo
>> thermo + Methane Ethane PROPANE
Methane Ethane PROPANE 
>> thermo + ISOBUTANE n-BUTANE ISOPENTANE n-PENTANE n-Hexane
ISOBUTANE n-BUTANE ISOPENTANE n-PENTANE n-Hexane 
>> thermo + n-Heptane n-Octane
n-Heptane n-Octane 
>> 
>> deprop = Tower.Tower()
>> deprop.Stage_0 + 18  # twenty stages`
>> 
>> cd deprop.Stage_0
/deprop.Stage_0
>> 
>> v = Tower.VapourDraw()
>> v.Port.P = 200
>> v.Port.Fraction.ISOBUTANE = .01
>> 
>> cond = Tower.EnergyFeed(0)
>> estT = Tower.Estimate('T')
>> estT.Value = 25
>> 
>> cd ../Stage_9
/deprop.Stage_9
>> f = Tower.Feed()
>> f.Port.T = 50
>> f.Port.P = 480
>> f.Port.MoleFlow = 1000
>> f.Port.Fraction = .1702 .1473 .1132 .1166 .1066 .0963 .0829 .0694 .0558 .0417
>> f.Port
Port: /deprop.Feed_9_f + sim21.solver.Ports.Port_Material
Connected to: None
VapFrac            = 0.0012160707513159594 = 
T                  = 49.99999999999999 * F
P                  = 480.0 * psia
MoleFlow           = 1000.0000000000001 * lbmole/h
MassFlow           = 54388.326918000006 = lb/h
VolumeFlow         = 0.41581234564493885 = ft3/s
StdLiqVolumeFlow   = 0.39667686847159 = ft3/s
H                  = -62299.579667023754 = Btu/lbmol
Energy             = -62289103.30841242 = Btu/hr
MolecularWeight    = 54.388326918 = 
ZFactor            = 0.13136681933415006 = 
METHANE            = 0.17020000000000002 * 
ETHANE             = 0.14730000000000001 * 
PROPANE            = 0.11320000000000001 * 
ISOBUTANE          = 0.11660000000000001 * 
N-BUTANE           = 0.10660000000000001 * 
ISOPENTANE         = 0.09630000000000001 * 
N-PENTANE          = 0.08290000000000002 * 
N-HEXANE           = 0.06940000000000002 * 
N-HEPTANE          = 0.05580000000000001 * 
N-OCTANE           = 0.04170000000000001 * 

>> 
>> cd ../Stage_19
/deprop.Stage_19
>> l = Tower.LiquidDraw()
>> 
>> l.c3flow = Tower.ComponentMoleFlowSpec()
>> l.c3flow + PROPANE
>> l.c3flow.Port = 12
>> 
>> reb = Tower.EnergyFeed(1)
>> #reb.Port.Energy = 8.42e6
>> estT = Tower.Estimate('T')
>> estT.Value = 250
>> 
>> cd ..
/deprop
>> 
>> /overhead = Stream.Stream_Material()
>> /overhead.In -> Stage_0.v.Port
>> 
>> /bottoms = Stream.Stream_Material()
>> /bottoms.In -> Stage_19.l.Port
>> 
>> 
>> 
>> TryToSolve = 1  # start calculation
Calculating Jacobian for /deprop
Calculating disturbance 10 of 20 in jacobian of /deprop
Calculating disturbance 20 of 20 in jacobian of /deprop
/deprop Inner Error 1.529796
/deprop Inner Error 0.236581
/deprop Inner Error 0.213206
Step size too small - Exiting inner loop
/deprop Iteration 1 Outer Error 0.104723
Calculating Jacobian for /deprop
Calculating disturbance 10 of 20 in jacobian of /deprop
Calculating disturbance 20 of 20 in jacobian of /deprop
/deprop Inner Error 0.050928
/deprop Inner Error 0.001467
Step size too small - Exiting inner loop
/deprop Iteration 2 Outer Error 0.015191
Calculating Jacobian for /deprop
Calculating disturbance 10 of 20 in jacobian of /deprop
Calculating disturbance 20 of 20 in jacobian of /deprop
/deprop Inner Error 0.187990
/deprop Inner Error 0.049681
/deprop Inner Error 0.010776
/deprop Inner Error 0.001740
/deprop Inner Error 0.000092
/deprop Inner Error 0.000002
Inner loop converged
/deprop Iteration 3 Outer Error 0.001262
/deprop Inner Error 0.013791
/deprop Inner Error 0.000381
/deprop Inner Error 0.000025
/deprop Inner Error 0.000001
Inner loop converged
/deprop Iteration 4 Outer Error 0.000223
/deprop Inner Error 0.000912
/deprop Inner Error 0.000042
/deprop Inner Error 0.000001
Inner loop converged
/deprop Iteration 5 Outer Error 0.000041
/deprop Inner Error 0.000038
/deprop Inner Error 0.000006
Inner loop converged
>> 
>> /overhead.Out
Port: /overhead.Out + sim21.solver.Ports.Port_Material
Connected to: None
VapFrac            = 1.0 = 
T                  = 24.443996474812664 = F
P                  = 200.0 = psia
MoleFlow           = 423.1968143523731 = lbmole/h
MassFlow           = 11883.53057425094 = lb/h
VolumeFlow         = 2.630932348791927 = ft3/s
StdLiqVolumeFlow   = 0.0929614704800815 = ft3/s
H                  = -37813.93780848378 = Btu/lbmol
Energy             = -16000046.982499303 = Btu/hr
MolecularWeight    = 28.080386890150507 = 
ZFactor            = 0.8615605176800937 = 
METHANE            = 0.40217694036138824 = 
ETHANE             = 0.3480572506350215 = 
PROPANE            = 0.23913220193982923 = 
ISOBUTANE          = 0.01 = 
N-BUTANE           = 0.0006334426054601484 = 
ISOPENTANE         = 1.3305349418605705e-07 = 
N-PENTANE          = 5.830245510344073e-09 = 
N-HEXANE           = 1.4096971070508833e-09 = 
N-HEPTANE          = 1.064346688275915e-09 = 
N-OCTANE           = 4.550408427002525e-10 = 

>> /bottoms.Out
Port: /bottoms.Out + sim21.solver.Ports.Port_Material
Connected to: None
VapFrac            = 1.571464495670873e-08 = 
T                  = 253.70449049976884 = F
P                  = 200.0 = psia
MoleFlow           = 576.8031856476267 = lbmole/h
MassFlow           = 42504.79605584354 = lb/h
VolumeFlow         = 0.377417208285009 = ft3/s
StdLiqVolumeFlow   = 0.30371539564646943 = ft3/s
H                  = -68604.27316970596 = Btu/lbmol
Energy             = -39564508.98757087 = Btu/hr
MolecularWeight    = 73.6902935271179 = 
ZFactor            = 0.061537889413375596 = 
METHANE            = 5.734387956453689e-11 = 
ETHANE             = 5.687068128294979e-06 = 
PROPANE            = 0.02080434752891053 = 
ISOBUTANE          = 0.1948117227314154 = 
N-BUTANE           = 0.18434698655123793 = 
ISOPENTANE         = 0.16695459749248928 = 
N-PENTANE          = 0.14372319639597647 = 
N-HEXANE           = 0.1203183358384183 = 
N-HEPTANE          = 0.09674010292942539 = 
N-OCTANE           = 0.07229502340665467 = 

>> 
>> cd Stage_19
/deprop.Stage_19
>> delete l.c3flow
>> 
>> c = Tower.InternalLiquidClone()
>> c.Port.T = 255
/deprop Inner Error 0.001440
Inner loop is not changing significantly - exiting
/deprop Iteration 1 Outer Error 0.000008
Calculating Jacobian for /deprop
Calculating disturbance 10 of 20 in jacobian of /deprop
Calculating disturbance 20 of 20 in jacobian of /deprop
/deprop Inner Error 0.000154
/deprop Inner Error 0.000014
/deprop Inner Error 0.000000
Inner loop converged
>> 
>> /overhead.Out
Port: /overhead.Out + sim21.solver.Ports.Port_Material
Connected to: None
VapFrac            = 1.0 = 
T                  = 25.470491683611865 = F
P                  = 200.0 = psia
MoleFlow           = 426.0895267043817 = lbmole/h
MassFlow           = 12011.300679701946 = lb/h
VolumeFlow         = 2.653890397202262 = ft3/s
StdLiqVolumeFlow   = 0.09392737895771948 = ft3/s
H                  = -37861.600838645776 = Btu/lbmol
Energy             = -16129718.73604186 = Btu/hr
MolecularWeight    = 28.18961661159939 = 
ZFactor            = 0.8613521379463583 = 
METHANE            = 0.3994465427134336 = 
ETHANE             = 0.3456966004738187 = 
PROPANE            = 0.24425733726272222 = 
ISOBUTANE          = 0.01 = 
N-BUTANE           = 0.0005993616452140037 = 
ISOPENTANE         = 1.2183663190913462e-07 = 
N-PENTANE          = 5.320288444997577e-09 = 
N-HEXANE           = 1.3511938599137147e-09 = 
N-HEPTANE          = 1.044212097842465e-09 = 
N-OCTANE           = 4.506894101453577e-10 = 

>> /bottoms.Out
Port: /bottoms.Out + sim21.solver.Ports.Port_Material
Connected to: None
VapFrac            = 0.0 = 
T                  = 254.99987271783087 = F
P                  = 200.0 = psia
MoleFlow           = 573.9104732956181 = lbmole/h
MassFlow           = 42377.02588243965 = lb/h
VolumeFlow         = 0.3767661163068077 = ft3/s
StdLiqVolumeFlow   = 0.30274948661398765 = ft3/s
H                  = -68648.72201253287 = Btu/lbmol
Energy             = -39391595.297823206 = Btu/hr
MolecularWeight    = 73.83908789657421 = 
ZFactor            = 0.06162945659173468 = 
METHANE            = 2.0336850650702592e-08 = 
ETHANE             = 4.006061753368355e-06 = 
PROPANE            = 0.015898832999609733 = 
ISOBUTANE          = 0.19574323535027707 = 
N-BUTANE           = 0.18529827077312883 = 
ISOPENTANE         = 0.1677961155399295 = 
N-PENTANE          = 0.14444761263379033 = 
N-HEXANE           = 0.12092478296440305 = 
N-HEPTANE          = 0.09722770737158148 = 
N-OCTANE           = 0.07265941596867588 = 

>> 
>> c.Port.T = None
>> c.c3spec = Tower.MassFractionSpec()
>> c.c3spec + PROPANE
>> c.c3spec.Port = .02
/deprop Inner Error 0.010506
Inner loop is not changing significantly - exiting
/deprop Iteration 1 Outer Error 0.004719
Calculating Jacobian for /deprop
Calculating disturbance 10 of 20 in jacobian of /deprop
Calculating disturbance 20 of 20 in jacobian of /deprop
/deprop Inner Error 0.009521
/deprop Inner Error 0.001671
/deprop Inner Error 0.000088
/deprop Inner Error 0.000029
/deprop Inner Error 0.000003
Inner loop converged
/deprop Iteration 2 Outer Error 0.015061
/deprop Inner Error 0.002057
/deprop Inner Error 0.000178
/deprop Inner Error 0.000022
/deprop Inner Error 0.000002
Inner loop converged
/deprop Iteration 3 Outer Error 0.001658
/deprop Inner Error 0.000214
/deprop Inner Error 0.000021
/deprop Inner Error 0.000001
Inner loop converged
/deprop Iteration 4 Outer Error 0.000296
/deprop Inner Error 0.000020
/deprop Inner Error 0.000002
Inner loop converged
/deprop Iteration 5 Outer Error 0.000059
/deprop Inner Error 0.000001
Inner loop converged
>> 
>> /overhead.Out
Port: /overhead.Out + sim21.solver.Ports.Port_Material
Connected to: None
VapFrac            = 0.9999897181808406 = 
T                  = 22.19682098341132 = F
P                  = 200.0 = psia
MoleFlow           = 415.70352975939863 = lbmole/h
MassFlow           = 11552.27197373876 = lb/h
VolumeFlow         = 2.5753314673352947 = ft3/s
StdLiqVolumeFlow   = 0.09045707935508779 = ft3/s
H                  = -37680.41630061504 = Btu/lbmol
Energy             = -15661248.005151037 = Btu/hr
MolecularWeight    = 27.78968897968672 = 
ZFactor            = 0.8625584518251346 = 
METHANE            = 0.40942640071809316 = 
ETHANE             = 0.3543257179922072 = 
PROPANE            = 0.2255712792661767 = 
ISOBUTANE          = 0.01 = 
N-BUTANE           = 0.0006762428838837425 = 
ISOPENTANE         = 1.3566388436163375e-07 = 
N-PENTANE          = 5.7366787566083894e-09 = 
N-HEXANE           = 1.2146826643057001e-09 = 
N-HEPTANE          = 8.604910585202145e-10 = 
N-OCTANE           = 3.5613979952181176e-10 = 

>> /bottoms.Out
Port: /bottoms.Out + sim21.solver.Ports.Port_Material
Connected to: None
VapFrac            = 0.0 = 
T                  = 250.3871947334329 = F
P                  = 200.0 = psia
MoleFlow           = 584.2964702406017 = lbmole/h
MassFlow           = 42836.05222937426 = lb/h
VolumeFlow         = 0.3791083204948418 = ft3/s
StdLiqVolumeFlow   = 0.30621976703040193 = ft3/s
H                  = -68491.18840813854 = Btu/lbmol
Energy             = -40012429.96820253 = Btu/hr
MolecularWeight    = 73.31218723778439 = 
ZFactor            = 0.06130598097716544 = 
METHANE            = 7.667800178232949e-11 = 
ETHANE             = 9.49577207602642e-06 = 
PROPANE            = 0.03325233676100554 = 
ISOBUTANE          = 0.19244147607447892 = 
N-BUTANE           = 0.18196050953793164 = 
ISOPENTANE         = 0.16481349538940418 = 
N-PENTANE          = 0.14188002467498367 = 
N-HEXANE           = 0.118775318746106 = 
N-HEPTANE          = 0.09549946385832779 = 
N-OCTANE           = 0.07136787910900814 = 

>> 
>> #Now test TriggerSolve
>> cd /
/
>> deprop.TriggerSolve = 1
/deprop Inner Error 0.000000
Inner loop converged
/deprop Iteration 1 Outer Error 0.000012
/deprop Inner Error 0.000000
Inner loop converged
>> deprop.TryToSolve = 0
>> 
>> 
>> #Lets trigger a solve
>> deprop.TriggerSolve = 1
/deprop Inner Error 0.000000
Inner loop converged
/deprop Iteration 1 Outer Error 0.000002
/deprop Inner Error 0.000000
Inner loop converged
>> deprop.TriggerSolve
/deprop.TriggerSolve = 0 
>> deprop.TryToSolve
/deprop.TryToSolve = 0 
>> 
>> 
>> #Lets change a spec
>> deprop.Stage_19.c.c3spec.Port = 0.01
>> 
>> #Everything is forgotten. trigger a solve
>> deprop.TriggerSolve = 1
/deprop Inner Error 0.002019
/deprop Inner Error 0.000460
/deprop Inner Error 0.000080
/deprop Inner Error 0.000005
Inner loop converged
/deprop Iteration 1 Outer Error 0.011370
/deprop Inner Error 0.004427
/deprop Inner Error 0.001464
/deprop Inner Error 0.000367
/deprop Inner Error 0.000014
/deprop Inner Error 0.000001
Inner loop converged
/deprop Iteration 2 Outer Error 0.001682
/deprop Inner Error 0.000202
/deprop Inner Error 0.000008
Inner loop converged
/deprop Iteration 3 Outer Error 0.000284
/deprop Inner Error 0.000016
/deprop Inner Error 0.000000
Inner loop converged
/deprop Iteration 4 Outer Error 0.000061
/deprop Inner Error 0.000001
Inner loop converged
>> deprop.Stage_19.c.c3spec.Port = None
>> deprop.TriggerSolve = 1
>> deprop.Stage_19.c.c3spec.Port = 0.02
>> deprop.TryToSolve = 1
/deprop Inner Error 0.004459
/deprop Inner Error 0.000821
/deprop Inner Error 0.000058
/deprop Inner Error 0.000001
Inner loop converged
/deprop Iteration 1 Outer Error 0.014875
/deprop Inner Error 0.003521
/deprop Inner Error 0.000622
/deprop Inner Error 0.000015
/deprop Inner Error 0.000003
Inner loop converged
/deprop Iteration 2 Outer Error 0.001601
/deprop Inner Error 0.000232
/deprop Inner Error 0.000017
/deprop Inner Error 0.000001
Inner loop converged
/deprop Iteration 3 Outer Error 0.000270
/deprop Inner Error 0.000009
Inner loop converged
/deprop Iteration 4 Outer Error 0.000056
/deprop Inner Error 0.000001
Inner loop converged
>> 
>> 
>> 
>> 
>> 
>> 
>> 
>> 
>> 
