>> units PureSI
>> 
>> $th = Sim21Thermo.Peng-Robinson
pkgName: Peng-Robinson
>> / -> $th
Thermo case attached to a unit operation. / to /th
>> th + WATER
WATER 
>> 
>> ejector = Ejector.EjectorOp()
>> 
>> 
>> cd /ejector.Process
/ejector.Process
>> P = 20270.58558 Pa
>> T = 333.3333336 K
>> Fraction = 1.0
>> MoleFlow = 4.5359244127 kgmole/h
>> 
>> cd /ejector.Motive
/ejector.Motive
>> P = 689475.7 Pa
>> T = 333.3333336 K
>> Fraction = 1.0
>> MoleFlow = 45.359244127 kgmole/h
>> 
>> cd /ejector.Discharge
/ejector.Discharge
>> #P = 81107.4142866 Pa
>> #T = 333.3333354 K
>> #Fraction = 1.0
>> #MoleFlow = 49.8951685397 kgmole/h
>> 
>> cd /
/
>> ejector.NozzleDiameter = 0.48639
>> ejector.ThroatDiameter = 1.613175
Calculating Jacobian for /ejector
/ejector Iteration 1 Max Error 0.000039
Calculating Jacobian for /ejector
Converged /ejector in 2 iterations
>> 
>> 
>> ejector.Process
Port: /ejector.Process + sim21.solver.Ports.Port_Material
Connected to: None
VapFrac            = 0.0 = 
T                  = 333.3333336 * K
P                  = 20270.58558 * Pa
MoleFlow           = 4.5359244127 * kgmole/h
MassFlow           = 81.71594835362606 = kg/h
VolumeFlow         = 2.7425248080941907e-05 = m3/s
StdLiqVolumeFlow   = 2.2767820593746945e-05 = m3/s
H                  = -284666084.29858774 = J/kmol
Energy             = -358673.28923268896 = W
MolecularWeight    = 18.01528 = 
ZFactor            = 0.00015919910464706757 = 
WATER              = 1.0 * 

>> ejector.Motive
Port: /ejector.Motive + sim21.solver.Ports.Port_Material
Connected to: None
VapFrac            = 0.0 = 
T                  = 333.3333336 * K
P                  = 689475.7 * Pa
MoleFlow           = 45.359244127 * kgmole/h
MassFlow           = 817.1594835362605 = kg/h
VolumeFlow         = 0.0002742211788321055 = m3/s
StdLiqVolumeFlow   = 0.0002276782059374694 = m3/s
H                  = -284655223.7015568 = J/kmol
Energy             = -3586596.051084642 = W
MolecularWeight    = 18.01528 = 
ZFactor            = 0.005414317495181453 = 
WATER              = 1.0 * 

>> ejector.Discharge
Port: /ejector.Discharge + sim21.solver.Ports.Port_Material
Connected to: None
VapFrac            = 0.0 = 
T                  = 333.44251925366433 = K
P                  = 81107.27339941134 = Pa
MoleFlow           = 49.895168539699995 = kgmole/h
MassFlow           = 898.8754318898866 = kg/h
VolumeFlow         = 0.00030169975196669 = m3/s
StdLiqVolumeFlow   = 0.0002504460265312164 = m3/s
H                  = -284656211.028542 = J/kmol
Energy             = -3945269.340317086 = W
MolecularWeight    = 18.01528 = 
ZFactor            = 0.0006368301233785624 = 
WATER              = 1.0 = 

>> ejector.NozzleDiameter
Port: /ejector.NozzleDiameter + sim21.solver.Ports.Port_Signal
Connected to: None
Length   = 0.48639 * m

>> ejector.ThroatDiameter
Port: /ejector.ThroatDiameter + sim21.solver.Ports.Port_Signal
Connected to: None
Length   = 1.613175 * m

>> 
>> ejector.NozzleDiameter = None
>> ejector.Discharge.P = 81107.2733997
Converged /ejector in 0 iterations
>> ejector.Process
Port: /ejector.Process + sim21.solver.Ports.Port_Material
Connected to: None
VapFrac            = 0.0 = 
T                  = 333.3333336 * K
P                  = 20270.58558 * Pa
MoleFlow           = 4.5359244127 * kgmole/h
MassFlow           = 81.71594835362606 = kg/h
VolumeFlow         = 2.7425248080941907e-05 = m3/s
StdLiqVolumeFlow   = 2.2767820593746945e-05 = m3/s
H                  = -284666084.29858774 = J/kmol
Energy             = -358673.28923268896 = W
MolecularWeight    = 18.01528 = 
ZFactor            = 0.00015919910464706757 = 
WATER              = 1.0 * 

>> ejector.Motive
Port: /ejector.Motive + sim21.solver.Ports.Port_Material
Connected to: None
VapFrac            = 0.0 = 
T                  = 333.3333336 * K
P                  = 689475.7 * Pa
MoleFlow           = 45.359244127 * kgmole/h
MassFlow           = 817.1594835362605 = kg/h
VolumeFlow         = 0.0002742211788321055 = m3/s
StdLiqVolumeFlow   = 0.0002276782059374694 = m3/s
H                  = -284655223.7015568 = J/kmol
Energy             = -3586596.051084642 = W
MolecularWeight    = 18.01528 = 
ZFactor            = 0.005414317495181453 = 
WATER              = 1.0 * 

>> ejector.Discharge
Port: /ejector.Discharge + sim21.solver.Ports.Port_Material
Connected to: None
VapFrac            = 0.0 = 
T                  = 333.4425192523963 = K
P                  = 81107.2733997 * Pa
MoleFlow           = 49.895168539699995 = kgmole/h
MassFlow           = 898.8754318898866 = kg/h
VolumeFlow         = 0.00030169975196662536 = m3/s
StdLiqVolumeFlow   = 0.0002504460265312164 = m3/s
H                  = -284656211.028542 = J/kmol
Energy             = -3945269.340317086 = W
MolecularWeight    = 18.01528 = 
ZFactor            = 0.0006368301233831142 = 
WATER              = 1.0 = 

>> ejector.NozzleDiameter
Port: /ejector.NozzleDiameter + sim21.solver.Ports.Port_Signal
Connected to: None
Length   = 0.48639 = m

>> ejector.ThroatDiameter
Port: /ejector.ThroatDiameter + sim21.solver.Ports.Port_Signal
Connected to: None
Length   = 1.613175 * m

>> 
>> copy /ejector
Copied /ejector to the clipboard
>> paste /
Pasting /ejector
Pasted /ejector as /ejectorClone
Converged /ejectorClone in 0 iterations
>> ejectorClone.Process
Port: /ejectorClone.Process + sim21.solver.Ports.Port_Material
Connected to: None
VapFrac            = 0.0 = 
T                  = 333.3333336 * K
P                  = 20270.58558 * Pa
MoleFlow           = 4.5359244127 * kgmole/h
MassFlow           = 81.71594835362606 = kg/h
VolumeFlow         = 2.7425248080941907e-05 = m3/s
StdLiqVolumeFlow   = 2.2767820593746945e-05 = m3/s
H                  = -284666084.29858774 = J/kmol
Energy             = -358673.28923268896 = W
MolecularWeight    = 18.01528 = 
ZFactor            = 0.00015919910464706757 = 
WATER              = 1.0 * 

>> ejectorClone.Motive
Port: /ejectorClone.Motive + sim21.solver.Ports.Port_Material
Connected to: None
VapFrac            = 0.0 = 
T                  = 333.3333336 * K
P                  = 689475.7 * Pa
MoleFlow           = 45.359244127 * kgmole/h
MassFlow           = 817.1594835362605 = kg/h
VolumeFlow         = 0.0002742211788321055 = m3/s
StdLiqVolumeFlow   = 0.0002276782059374694 = m3/s
H                  = -284655223.7015568 = J/kmol
Energy             = -3586596.051084642 = W
MolecularWeight    = 18.01528 = 
ZFactor            = 0.005414317495181453 = 
WATER              = 1.0 * 

>> ejectorClone.Discharge
Port: /ejectorClone.Discharge + sim21.solver.Ports.Port_Material
Connected to: None
VapFrac            = 0.0 = 
T                  = 333.4425192523963 = K
P                  = 81107.2733997 * Pa
MoleFlow           = 49.895168539699995 = kgmole/h
MassFlow           = 898.8754318898866 = kg/h
VolumeFlow         = 0.00030169975196662536 = m3/s
StdLiqVolumeFlow   = 0.0002504460265312164 = m3/s
H                  = -284656211.028542 = J/kmol
Energy             = -3945269.340317086 = W
MolecularWeight    = 18.01528 = 
ZFactor            = 0.0006368301233831142 = 
WATER              = 1.0 = 

>> ejectorClone.NozzleDiameter
Port: /ejectorClone.NozzleDiameter + sim21.solver.Ports.Port_Signal
Connected to: None
Length   = 0.48639 = m

>> ejectorClone.ThroatDiameter
Port: /ejectorClone.ThroatDiameter + sim21.solver.Ports.Port_Signal
Connected to: None
Length   = 1.613175 * m

