>> # Commented out for testing, full properties not required
>> # optimizecode 1
>> # maxversions 0
>> # units Field
>> # /LiquidPhases = 2
>> # /StdLiqVolRefT = 288.15
>> # /StdLiqVolRefT = 60 F
>> # /RecycleDetails = 1
>> # displayproperties
>> # displayproperties VapFrac T P MoleFlow MassFlow VolumeFlow StdLiqVolumeFlow StdGasVolumeFlow Energy H S MolecularWeight MassDensity Cp ThermalConductivity Viscosity molarV ZFactor
>> # commonproperties
>> # commonproperties + ZFactor P T MolecularWeight MassDensity StdLiqMolarVol VapFrac T P MoleFlow MassFlow VolumeFlow StdLiqVolumeFlow StdGasVolumeFlow Energy H S MolecularWeight MassDensity Cp ThermalConductivity Viscosity molarV ZFactor
>> units SI
>> $thermo = Sim21Thermo.Peng-Robinson
pkgName: Peng-Robinson
>> / -> $thermo
Thermo case attached to a unit operation. / to /thermo
>> thermo + METHANE ETHANE PROPANE n-BUTANE
METHANE ETHANE PROPANE n-BUTANE 
>> realExpander = Compressor.ExpanderWithCurve()
>> cd realExpander
/realExpander
>> NumberTables = 1
>> ExpanderSpeed0 = 1800.0
>> FlowCurve0 = 0.0 1000.0 2000.0 3000.0 4000.0 5000.0 6000.0 7000.0
>> HeadCurve0 = 0.0  5637.0   11273.0   16910.0   22546.0   28184.0   33821.0   39457.0
>> EfficiencyCurve0 = 0.0 0.5 0.7 0.78 0.8 0.7 0.6 0.55
>> ExpanderSpeed = 1800
>> In.Fraction = .4 .3 .2 .1
>> In.P = 206
>> In.T = 30
>> In.MassFlow = 1000
>> In
Port: /realExpander.FlowSensor.In + sim21.solver.Ports.Port_Material
Connected to: None
VapFrac            = 1.0 = 
T                  = 30.0 * C
P                  = 206.0 * kPa
MoleFlow           = 33.25679835471968 = kgmole/h
MassFlow           = 1000.0000000000001 * kg/h
VolumeFlow         = 400.5925024061679 = m3/hr
StdLiqVolumeFlow   = 1.7653706270635847 = m3/hr
H                  = -88306.40284286473 = kJ/kmol
Energy             = -815774.509104388 = W
MolecularWeight    = 30.06904 = 
ZFactor            = 0.9844594726797494 = 
METHANE            = 0.4000000000000001 * 
ETHANE             = 0.30000000000000004 * 
PROPANE            = 0.20000000000000004 * 
N-BUTANE           = 0.10000000000000002 * 

>> Out
Port: /realExpander.OutPSensor.Out + sim21.solver.Ports.Port_Material
Connected to: None
VapFrac            = 1.0 = 
T                  = 26.73898422946496 = C
P                  = 150.70103 = kPa
MoleFlow           = 33.25679835471968 = kgmole/h
MassFlow           = 1000.0000000000001 = kg/h
VolumeFlow         = 543.8062247952553 = m3/hr
StdLiqVolumeFlow   = 1.7653706270635847 = m3/hr
H                  = -88457.0325246409 = kJ/kmol
Energy             = -817166.0260357952 = W
MolecularWeight    = 30.06904 = 
ZFactor            = 0.98829195409139 = 
METHANE            = 0.4000000000000001 = 
ETHANE             = 0.30000000000000004 = 
PROPANE            = 0.20000000000000004 = 
N-BUTANE           = 0.10000000000000002 = 

>> OutQ
Port: /realExpander.TotalQ.Out + sim21.solver.Ports.Port_Energy
Connected to: None
Energy   = 1391.5169314072318 = W

>> '/realExpander.In.MassFlow' =
>> '/realExpander.In.VolumeFlow' =  1000
>> AdiabaticEff
Port: /realExpander.EfficiencySig.effClone + sim21.solver.Ports.Port_Signal
Connected to: None
Generic   = 0.5 = 

>> PolytropicEff
Port: /realExpander.PolytropicEffSig.effClone + sim21.solver.Ports.Port_Signal
Connected to: None
Generic   = 0.4775057932115945 = 

>> /realExpander.EfficiencyCurveType = Polytropic
>> AdiabaticEff
Port: /realExpander.EfficiencySig.effClone + sim21.solver.Ports.Port_Signal
Connected to: None
Generic   = 0.522534417096612 = 

>> PolytropicEff
Port: /realExpander.PolytropicEffSig.effClone + sim21.solver.Ports.Port_Signal
Connected to: None
Generic   = 0.5 = 

>> /realExpander.EfficiencyCurveType = Adiabatic
>> AdiabaticEff
Port: /realExpander.EfficiencySig.effClone + sim21.solver.Ports.Port_Signal
Connected to: None
Generic   = 0.5 = 

>> PolytropicEff
Port: /realExpander.PolytropicEffSig.effClone + sim21.solver.Ports.Port_Signal
Connected to: None
Generic   = 0.4775057932115945 = 

>> 
>> copy /
Copied / to the clipboard
>> paste /
Pasting /
Pasted / as /RootClone
>> /RootClone.realExpander.Out
Port: /RootClone.realExpander.OutPSensor.Out + sim21.solver.Ports.Port_Material
Connected to: None
VapFrac            = None
T                  = None
P                  = None
MoleFlow           = None
MassFlow           = None
VolumeFlow         = None
StdLiqVolumeFlow   = None
H                  = None
Energy             = None
MolecularWeight    = None
ZFactor            = None
METHANE            = None
ETHANE             = None
PROPANE            = None
N-BUTANE           = None

