>> # Depeopanizer test (from old Hysim manual)
>> units Field
>> $thermo = Sim21Thermo.Peng-Robinson
pkgName: Peng-Robinson
>> / -> $thermo
Thermo case attached to a unit operation. / to /thermo
>> thermo + Propane ISOBUTANE n-BUTANE ISOPENTANE
Propane ISOBUTANE n-BUTANE ISOPENTANE 
>> 
>> Feed = Stream.Stream_Material()
>> Feed.In.T = 90
>> Feed.In.P = 55
>> Feed.In.MoleFlow = 3000
>> Feed.In.Fraction = 2.5 39 58 .5
>> 
>> c4split = Tower.Tower()
>> c4split.Stage_0 + 38  # forty stages`
>> 
>> cd c4split.Stage_0
/c4split.Stage_0
>> 
>> l = Tower.LiquidDraw()
>> l.Port.P = 60
>> l.nC4spec = Tower.VolFractionSpec()
>> l.nC4spec + n-BUTANE
>> l.nC4spec.Port = .05
>> 
>> reflux = Tower.RefluxRatioSpec()
>> reflux.Port = 7
>> 
>> cond = Tower.EnergyFeed(0)
>> estT = Tower.Estimate('T')
>> estT.Port = 100
>> 
>> cd ../Stage_1
/c4split.Stage_1
>> vap = Tower.InternalVapourClone()
>> /to_comp = Stream.Stream_Material()
>> vap.Port -> /to_comp.In
>> 
>> cd ../Stage_29
/c4split.Stage_29
>> f = Tower.Feed()
>> f.Port -> /Feed.Out
>> 
>> cd ../Stage_39
/c4split.Stage_39
>> l = Tower.LiquidDraw()
>> l.Port.P = 68
>> 
>> reb = Tower.EnergyFeed(1)
>> 
>> estT = Tower.Estimate('T')
>> estT.Port = 120
>> 
>> cd ..
/c4split
>> 
>> /liq_prod = Stream.Stream_Material()
>> /liq_prod.clone = Stream.ClonePort(1)
>> /liq_prod.In -> Stage_0.l.Port
>> 
>> /btm_prod = Stream.Stream_Material()
>> /btm_prod.In -> Stage_39.l.Port
>> 
>> TryToSolve = 1  # start calculation
Calculating Jacobian for /c4split
Calculating disturbance 10 of 40 in jacobian of /c4split
Calculating disturbance 20 of 40 in jacobian of /c4split
Calculating disturbance 30 of 40 in jacobian of /c4split
Calculating disturbance 40 of 40 in jacobian of /c4split
/c4split Inner Error 0.045623
/c4split Inner Error 0.018955
/c4split Inner Error 0.003893
/c4split Inner Error 0.000759
/c4split Inner Error 0.000054
/c4split Inner Error 0.000021
/c4split Inner Error 0.000013
Inner loop is not changing significantly - exiting
/c4split Iteration 1 Outer Error 0.004348
Calculating Jacobian for /c4split
Calculating disturbance 10 of 40 in jacobian of /c4split
Calculating disturbance 20 of 40 in jacobian of /c4split
Calculating disturbance 30 of 40 in jacobian of /c4split
Calculating disturbance 40 of 40 in jacobian of /c4split
/c4split Inner Error 0.038290
/c4split Inner Error 0.022148
Step size too small - Exiting inner loop
/c4split Iteration 2 Outer Error 0.001315
Calculating Jacobian for /c4split
Calculating disturbance 10 of 40 in jacobian of /c4split
Calculating disturbance 20 of 40 in jacobian of /c4split
Calculating disturbance 30 of 40 in jacobian of /c4split
Calculating disturbance 40 of 40 in jacobian of /c4split
/c4split Inner Error 0.083569
/c4split Inner Error 0.051719
/c4split Inner Error 0.024147
/c4split Inner Error 0.010428
/c4split Inner Error 0.004245
/c4split Inner Error 0.002173
/c4split Inner Error 0.000627
/c4split Inner Error 0.000312
Step size too small - Exiting inner loop
/c4split Iteration 3 Outer Error 0.000869
Calculating Jacobian for /c4split
Calculating disturbance 10 of 40 in jacobian of /c4split
Calculating disturbance 20 of 40 in jacobian of /c4split
Calculating disturbance 30 of 40 in jacobian of /c4split
Calculating disturbance 40 of 40 in jacobian of /c4split
/c4split Inner Error 0.011214
/c4split Inner Error 0.010065
/c4split Inner Error 0.007992
/c4split Inner Error 0.007948
/c4split Inner Error 0.006434
/c4split Inner Error 0.001667
/c4split Inner Error 0.000207
/c4split Inner Error 0.000052
/c4split Inner Error 0.000005
Inner loop converged
/c4split Iteration 4 Outer Error 0.000035
/c4split Inner Error 0.000443
/c4split Inner Error 0.000008
Inner loop converged
>> 
>> /liq_prod.Out
Port: /liq_prod.Out + sim21.solver.Ports.Port_Material
Connected to: None
VapFrac            = 7.147967692618895e-06 = 
T                  = 81.62455746912403 = F
P                  = 60.0 = psia
MoleFlow           = 991.2410992677791 = lbmole/h
MassFlow           = 56561.184512677995 = lb/h
VolumeFlow         = 0.4380585817769031 = ft3/s
StdLiqVolumeFlow   = 0.4495842990986874 = ft3/s
H                  = -65177.024197132094 = Btu/lbmol
Energy             = -64595280.87924191 = Btu/hr
MolecularWeight    = 57.06097584729814 = 
ZFactor            = 0.016432612683786926 = 
PROPANE            = 0.0756580824706628 = 
ISOBUTANE          = 0.8736157859010637 = 
N-BUTANE           = 0.05072612571010948 = 
ISOPENTANE         = 5.918163961161118e-09 = 

>> /btm_prod.Out
Port: /btm_prod.Out + sim21.solver.Ports.Port_Material
Connected to: None
VapFrac            = 0.0 = 
T                  = 114.64077174122184 = F
P                  = 68.0 = psia
MoleFlow           = 2008.7589007322179 = lbmole/h
MassFlow           = 116963.82068732182 = lb/h
VolumeFlow         = 0.916019779280353 = ft3/s
StdLiqVolumeFlow   = 0.9044231775487416 = ft3/s
H                  = -62646.24531885855 = Btu/lbmol
Energy             = -125820041.3012235 = Btu/hr
MolecularWeight    = 58.22690848796588 = 
ZFactor            = 0.018112363397418504 = 
PROPANE            = 2.2895546529388288e-06 = 
ISOBUTANE          = 0.15135521138695093 = 
N-BUTANE           = 0.841175204636848 = 
ISOPENTANE         = 0.007467294421548035 = 

>> 
>> cd /
/
>> K-100 = Compressor.Compressor()
>> K-100.Efficiency = .75
>> K-100.Out.P = 235.1787
>> 
>> c4split.Stage_1.vap.Port -> K-100.In
>> 
>> E-100 = Heater.Cooler()
>> E-100.DeltaP = 5
>> 
>> K-100.Out -> E-100.In
>> E-100.OutQ -> c4split.Stage_39.reb.Port
>> 
>> E-101 = Heater.Cooler()
>> E-101.DeltaP = 5
>> E-100.Out -> E-101.In
>> 
>> CV-100 = Valve.Valve()
>> E-101.Out -> CV-100.In
>> 
>> V-100 = Flash.SimpleFlash()
>> CV-100.Out -> V-100.In
>> 
>> split = Split.Splitter()
>> V-100.Liq0 -> split.In
>> split.Out0 -> liq_prod.clone
>> 
>> copy /
Copied / to the clipboard
>> paste /
Pasting /
Pasted / as /RootClone
/RootClone.c4split Inner Error 0.000002
Inner loop converged
/RootClone.c4split Iteration 1 Outer Error 0.000001
/RootClone.c4split Inner Error 0.000002
Inner loop converged
>> 
>> /btm_prod.In
Port: /btm_prod.In + sim21.solver.Ports.Port_Material
Connected to: /c4split.LiquidDraw_39_l
VapFrac            = 0.0 | 
T                  = 114.64077174122184 | F
P                  = 68.0 | psia
MoleFlow           = 2008.7589007322179 | lbmole/h
MassFlow           = 116963.82068732182 | lb/h
VolumeFlow         = 0.916019779280353 | ft3/s
StdLiqVolumeFlow   = 0.9044231775487416 | ft3/s
H                  = -62646.24531885855 | Btu/lbmol
Energy             = -125820041.3012235 | Btu/hr
MolecularWeight    = 58.22690848796588 | 
ZFactor            = 0.018112363397418504 | 
PROPANE            = 2.2895546529388288e-06 | 
ISOBUTANE          = 0.15135521138695093 | 
N-BUTANE           = 0.841175204636848 | 
ISOPENTANE         = 0.007467294421548035 | 

>> /RootClone.btm_prod.In
Port: /RootClone.btm_prod.In + sim21.solver.Ports.Port_Material
Connected to: /RootClone.c4split.LiquidDraw_39_l
VapFrac            = 2.2186084260246005e-06 | 
T                  = 114.64381354699182 | F
P                  = 68.0 | psia
MoleFlow           = 2008.460794898416 | lbmole/h
MassFlow           = 116946.494295526 | lb/h
VolumeFlow         = 0.9159813052621779 | ft3/s
StdLiqVolumeFlow   = 0.904284978191573 | ft3/s
H                  = -62645.74630781633 | Btu/lbmol
Energy             = -125800367.15489393 | Btu/hr
MolecularWeight    = 58.22692411650531 | 
ZFactor            = 0.018114194928809092 | 
PROPANE            = 2.2836795668432772e-06 | 
ISOBUTANE          = 0.15123582049745618 | 
N-BUTANE           = 0.8412934930676764 | 
ISOPENTANE         = 0.007468402755300533 | 

