>> # Heat exchanger test
>> units SI
>> 
>> $thermo = Sim21Thermo.Peng-Robinson
pkgName: Peng-Robinson
>> / -> $thermo
Thermo case attached to a unit operation. / to /thermo
>> thermo + PROPANE ISOBUTANE n-BUTANE n-PENTANE
PROPANE ISOBUTANE n-BUTANE n-PENTANE 
>> # lets have some streams for this test
>> hotInlet = Stream.Stream_Material()
>> coldInlet = Stream.Stream_Material()
>> hotOutlet = Stream.Stream_Material()
>> coldOutlet = Stream.Stream_Material()
>> cd hotInlet.In
/hotInlet.In
>> Fraction = .25 .25 .25 .25
>> T = 375 K
>> P = 500
>> MoleFlow = 800
>> cd /coldInlet.In
/coldInlet.In
>> Fraction
PROPANE                     = None
ISOBUTANE                   = None
N-BUTANE                    = None
N-PENTANE                   = None

>> Fraction = .95 0 .05 0
>> VapFrac = 0
>> P = 300
>> T
/coldInlet.In.T= -12.865425320585018 = C
>> MoleFlow = 1000
>> cd /
/
>> exch = Heater.HeatExchanger()
>> exch
Operation: exch = sim21.unitop.Heater.HeatExchanger
Port: InC = sim21.solver.Ports.Port_Material (/exch.ColdSide.In)
Port: InH = sim21.solver.Ports.Port_Material (/exch.HotSide.In)
Port: OutC = sim21.solver.Ports.Port_Material (/exch.ColdSide.Out)
Port: OutH = sim21.solver.Ports.Port_Material (/exch.HotSide.Out)
Port: DeltaPH = sim21.solver.Ports.Port_Signal (/exch.HotSide.DeltaP)
Port: DeltaPC = sim21.solver.Ports.Port_Signal (/exch.ColdSide.DeltaP)
Port: DeltaTHI = sim21.solver.Ports.Port_Signal
Port: DeltaTHO = sim21.solver.Ports.Port_Signal
Port: UA = sim21.solver.Ports.Port_Signal
Child: ColdSide = sim21.unitop.Heater.Heater
Child: HotSide = sim21.unitop.Heater.Cooler
Parameter: Ignored = None
Parameter: IsCounterCurrent = 1
>> cd exch
/exch
>> DeltaPC = 10
>> DeltaPH = 50
>> DeltaTHO = 5 K
>> cd /
/
>> coldInlet.Out -> exch.InC
>> exch.OutC -> coldOutlet.In
>> hotInlet.Out -> exch.InH
>> exch.OutH.T
/exch.HotSide.Out.T= -7.865425320585018 = C
>> exch.OutH -> hotOutlet.In
>> # results
>> coldInlet
Operation: coldInlet = sim21.unitop.Stream.Stream_Material
Port: In = sim21.solver.Ports.Port_Material
Port: Out = sim21.solver.Ports.Port_Material
Parameter: Ignored = None
>> coldInlet.Out
Port: /coldInlet.Out + sim21.solver.Ports.Port_Material
Connected to: /exch.ColdSide.In
VapFrac            = 0.0 = 
T                  = -12.865425320585018 = C
P                  = 300.0 = kPa
MoleFlow           = 1000.0000000000001 = kgmole/h
MassFlow           = 44796.94899999999 = kg/h
VolumeFlow         = 76.60067795170116 = m3/hr
StdLiqVolumeFlow   = 76.15050000000002 = m3/hr
H                  = -126496.0389767346 = kJ/kmol
Energy             = -35137788.60464851 = W
MolecularWeight    = 44.79694899999999 = 
ZFactor            = 0.01061869756953654 = 
PROPANE            = 0.95 = 
ISOBUTANE          = 0.0 = 
N-BUTANE           = 0.05 = 
N-PENTANE          = 0.0 = 

>> coldOutlet.Out
Port: /coldOutlet.Out + sim21.solver.Ports.Port_Material
Connected to: None
VapFrac            = 1.0 = 
T                  = 97.30820210695117 = C
P                  = 290.0 = kPa
MoleFlow           = 1000.0000000000001 = kgmole/h
MassFlow           = 44796.94899999999 = kg/h
VolumeFlow         = 10335.621085105615 = m3/hr
StdLiqVolumeFlow   = 76.15050000000002 = m3/hr
H                  = -100040.06207786975 = kJ/kmol
Energy             = -27788906.1327416 = W
MolecularWeight    = 44.79694899999999 = 
ZFactor            = 0.9731083012410889 = 
PROPANE            = 0.95 = 
ISOBUTANE          = 0.0 = 
N-BUTANE           = 0.05 = 
N-PENTANE          = 0.0 = 

>> hotInlet.Out
Port: /hotInlet.Out + sim21.solver.Ports.Port_Material
Connected to: /exch.HotSide.In
VapFrac            = 1.0 = 
T                  = 101.85000000000002 = C
P                  = 500.0 = kPa
MoleFlow           = 800.0 = kgmole/h
MassFlow           = 46497.759999999995 = kg/h
VolumeFlow         = 4618.402120927509 = m3/hr
StdLiqVolumeFlow   = 78.986 = m3/hr
H                  = -120485.45490832145 = kJ/kmol
Energy             = -26774545.535182543 = W
MolecularWeight    = 58.12219999999999 = 
ZFactor            = 0.9257768326971205 = 
PROPANE            = 0.25 = 
ISOBUTANE          = 0.25 = 
N-BUTANE           = 0.25 = 
N-PENTANE          = 0.25 = 

>> hotOutlet.Out
Port: /hotOutlet.Out + sim21.solver.Ports.Port_Material
Connected to: None
VapFrac            = 0.0 = 
T                  = -7.865425320585018 = C
P                  = 450.0 = kPa
MoleFlow           = 800.0 = kgmole/h
MassFlow           = 46497.759999999995 = kg/h
VolumeFlow         = 73.19762741172904 = m3/hr
StdLiqVolumeFlow   = 78.986 = m3/hr
H                  = -153555.42603190255 = kJ/kmol
Energy             = -34123428.00708945 = W
MolecularWeight    = 58.12219999999999 = 
ZFactor            = 0.018666949300314428 = 
PROPANE            = 0.25 = 
ISOBUTANE          = 0.25 = 
N-BUTANE           = 0.25 = 
N-PENTANE          = 0.25 = 

>> exch.ColdSide.InQ
Port: /exch.ColdSide.InQ + sim21.solver.Ports.Port_Energy
Connected to: /exch.HotSide.OutQ
Energy   = 7348882.471906908 | W

>> 
>> cd /
/
>> copy /exch /hotInlet /coldInlet /hotOutlet /coldOutlet
Copied /exch /hotInlet /coldInlet /hotOutlet /coldOutlet to the clipboard
>> sub = Flowsheet.SubFlowsheet()
>> paste /sub
Pasting /exch /hotInlet /coldInlet /hotOutlet /coldOutlet
Pasted /exch /hotInlet /coldInlet /hotOutlet /coldOutlet as /sub.exch /sub.hotInlet /sub.coldInlet /sub.hotOutlet /sub.coldOutlet
>> cd /sub
/sub
>> 
>> coldInlet
Operation: coldInlet = sim21.unitop.Stream.Stream_Material
Port: In = sim21.solver.Ports.Port_Material
Port: Out = sim21.solver.Ports.Port_Material
Parameter: Ignored = None
>> coldInlet.Out
Port: /sub.coldInlet.Out + sim21.solver.Ports.Port_Material
Connected to: /sub.exch.ColdSide.In
VapFrac            = 0.0 = 
T                  = -12.865425320585018 = C
P                  = 300.0 = kPa
MoleFlow           = 1000.0000000000001 = kgmole/h
MassFlow           = 44796.94899999999 = kg/h
VolumeFlow         = 76.60067795170116 = m3/hr
StdLiqVolumeFlow   = 76.15050000000002 = m3/hr
H                  = -126496.0389767346 = kJ/kmol
Energy             = -35137788.60464851 = W
MolecularWeight    = 44.79694899999999 = 
ZFactor            = 0.01061869756953654 = 
PROPANE            = 0.95 = 
ISOBUTANE          = 0.0 = 
N-BUTANE           = 0.05 = 
N-PENTANE          = 0.0 = 

>> coldOutlet.Out
Port: /sub.coldOutlet.Out + sim21.solver.Ports.Port_Material
Connected to: None
VapFrac            = 1.0 = 
T                  = 97.30820210695117 = C
P                  = 290.0 = kPa
MoleFlow           = 1000.0000000000001 = kgmole/h
MassFlow           = 44796.94899999999 = kg/h
VolumeFlow         = 10335.621085105615 = m3/hr
StdLiqVolumeFlow   = 76.15050000000002 = m3/hr
H                  = -100040.06207786975 = kJ/kmol
Energy             = -27788906.1327416 = W
MolecularWeight    = 44.79694899999999 = 
ZFactor            = 0.9731083012410889 = 
PROPANE            = 0.95 = 
ISOBUTANE          = 0.0 = 
N-BUTANE           = 0.05 = 
N-PENTANE          = 0.0 = 

>> hotInlet.Out
Port: /sub.hotInlet.Out + sim21.solver.Ports.Port_Material
Connected to: /sub.exch.HotSide.In
VapFrac            = 1.0 = 
T                  = 101.85000000000002 = C
P                  = 500.0 = kPa
MoleFlow           = 800.0 = kgmole/h
MassFlow           = 46497.759999999995 = kg/h
VolumeFlow         = 4618.402120927509 = m3/hr
StdLiqVolumeFlow   = 78.986 = m3/hr
H                  = -120485.45490832145 = kJ/kmol
Energy             = -26774545.535182543 = W
MolecularWeight    = 58.12219999999999 = 
ZFactor            = 0.9257768326971205 = 
PROPANE            = 0.25 = 
ISOBUTANE          = 0.25 = 
N-BUTANE           = 0.25 = 
N-PENTANE          = 0.25 = 

>> hotOutlet.Out
Port: /sub.hotOutlet.Out + sim21.solver.Ports.Port_Material
Connected to: None
VapFrac            = 0.0 = 
T                  = -7.865425320585018 = C
P                  = 450.0 = kPa
MoleFlow           = 800.0 = kgmole/h
MassFlow           = 46497.759999999995 = kg/h
VolumeFlow         = 73.19762741172904 = m3/hr
StdLiqVolumeFlow   = 78.986 = m3/hr
H                  = -153555.42603190255 = kJ/kmol
Energy             = -34123428.00708945 = W
MolecularWeight    = 58.12219999999999 = 
ZFactor            = 0.018666949300314428 = 
PROPANE            = 0.25 = 
ISOBUTANE          = 0.25 = 
N-BUTANE           = 0.25 = 
N-PENTANE          = 0.25 = 

>> exch.ColdSide.InQ
Port: /sub.exch.ColdSide.InQ + sim21.solver.Ports.Port_Energy
Connected to: /sub.exch.HotSide.OutQ
Energy   = 7348882.471906908 | W

