>> # Simple heater test
>> units SI
>> $thermo = Sim21Thermo.Peng-Robinson
pkgName: Peng-Robinson
>> / -> $thermo
Thermo case attached to a unit operation. / to /thermo
>> thermo + PROPANE n-BUTANE ISOBUTANE n-PENTANE
PROPANE n-BUTANE ISOBUTANE n-PENTANE 
>> heater = Heater.Heater()
>> heater
Operation: heater = sim21.unitop.Heater.Heater
Port: In = sim21.solver.Ports.Port_Material
Port: Out = sim21.solver.Ports.Port_Material
Port: InQ = sim21.solver.Ports.Port_Energy
Port: DeltaP = sim21.solver.Ports.Port_Signal
Parameter: Ignored = None
Parameter: NumberSegments = 1
>> cd heater
/heater
>> In.Fraction
PROPANE                     = None
N-BUTANE                    = None
ISOBUTANE                   = None
N-PENTANE                   = None

>> In.Fraction = .25 .25 .25 .25
>> In.P = 101.325
>> # In.H = -7200
>> In.T = -16.826
>> In.MoleFlow = 10
>> InQ.Energy = 1000000
>> DeltaP
Port: /heater.DeltaP + sim21.solver.Ports.Port_Signal
Connected to: None
DP   = None

>> DeltaP.DP = 0
>> In
Port: /heater.In + sim21.solver.Ports.Port_Material
Connected to: None
VapFrac            = 0.014570217650956967 = 
T                  = -16.826000000000022 * C
P                  = 101.325 * kPa
MoleFlow           = 10.0 * kgmole/h
MassFlow           = 581.222 = kg/h
VolumeFlow         = 3.8593869944863037 = m3/hr
StdLiqVolumeFlow   = 0.987325 = m3/hr
H                  = -154414.84640061343 = kJ/kmol
Energy             = -428930.12889059284 = W
MolecularWeight    = 58.1222 = 
ZFactor            = 0.01834896129725948 = 
PROPANE            = 0.25 * 
N-BUTANE           = 0.25 * 
ISOBUTANE          = 0.25 * 
N-PENTANE          = 0.25 * 

>> Out
Port: /heater.Out + sim21.solver.Ports.Port_Material
Connected to: None
VapFrac            = 1.0 = 
T                  = 1378.8401114024023 = C
P                  = 101.325 = kPa
MoleFlow           = 10.0 = kgmole/h
MassFlow           = 581.222 = kg/h
VolumeFlow         = 1356.1817359425481 = m3/hr
StdLiqVolumeFlow   = 0.987325 = m3/hr
H                  = 205585.1535993866 = kJ/kmol
Energy             = 571069.8711094072 = W
MolecularWeight    = 58.12219999999999 = 
ZFactor            = 1.0004442104467124 = 
PROPANE            = 0.25 = 
N-BUTANE           = 0.25 = 
ISOBUTANE          = 0.25 = 
N-PENTANE          = 0.25 = 

>> InQ
Port: /heater.InQ + sim21.solver.Ports.Port_Energy
Connected to: None
Energy   = 1000000.0 * W

>> 
>> #Test the profiles
>> cd /
/
>> heater.T
Calculating profile in heater. Segment 0. Properties ['T', 'MolecularWeight']
None
>> heater.P
[101.325 101.325]
>> heater.Viscosity
Calculating profile in heater. Segment 0. Properties ['Viscosity', 'MolecularWeight']
None
>> heater.L_Cp
Calculating profile in heater. Segment 0. Properties ['Cp', 'MolecularWeight']
None
>> heater.V_Cp
Calculating profile in heater. Segment 0. Properties ['Cp', 'MolecularWeight']
None
>> heater.Cp
Calculating profile in heater. Segment 0. Properties ['Cp', 'MolecularWeight']
None
>> heater.VapFrac
Calculating profile in heater. Segment 0. Properties ['MolecularWeight']
None
>> heater.NumberSegments = 10
>> heater.DeltaP.DP = 10.0
>> heater.In.T =
>> heater.In.VapFrac = 0.75
>> heater.T
Calculating profile in heater. Segment 0. Properties ['T', 'MolecularWeight']
None
>> heater.P
[101.325 100.325  99.325  98.325  97.325  96.325  95.325  94.325  93.325
  92.325  91.325]
>> heater.Viscosity
Calculating profile in heater. Segment 0. Properties ['Viscosity', 'MolecularWeight']
None
>> heater.L_Cp
Calculating profile in heater. Segment 0. Properties ['Cp', 'MolecularWeight']
None
>> heater.V_Cp
Calculating profile in heater. Segment 0. Properties ['Cp', 'MolecularWeight']
None
>> heater.Cp
Calculating profile in heater. Segment 0. Properties ['Cp', 'MolecularWeight']
None
>> heater.VapFrac
Calculating profile in heater. Segment 0. Properties ['MolecularWeight']
None
>> heater.MassVapFrac
Calculating profile in heater. Segment 0. Properties ['MolecularWeight']
None
>> heater.InQ.Energy = None
>> heater.In.VapFrac = 0.0
>> heater.Out.VapFrac = 1.0
>> heater.VapFrac
Calculating profile in heater. Segment 0. Properties ['MolecularWeight']
None
>> heater.MassVapFrac
Calculating profile in heater. Segment 0. Properties ['MolecularWeight']
None
>> 
>> 
>> copy /heater
Copied /heater to the clipboard
>> paste /
Pasting /heater
Pasted /heater as /heaterClone
>> /heaterClone.T
Calculating profile in heaterClone. Segment 0. Properties ['T', 'MolecularWeight']
None
>> /heaterClone.In
Port: /heaterClone.In + sim21.solver.Ports.Port_Material
Connected to: None
VapFrac            = 0.0 * 
T                  = -17.175380275663713 = C
P                  = 101.325 * kPa
MoleFlow           = 10.0 * kgmole/h
MassFlow           = 581.222 = kg/h
VolumeFlow         = 0.9010923077649833 = m3/hr
StdLiqVolumeFlow   = 0.987325 = m3/hr
H                  = -154743.4128441084 = kJ/kmol
Energy             = -429842.81345585664 = W
MolecularWeight    = 58.12219999999999 = 
ZFactor            = 0.0042899754135423684 = 
PROPANE            = 0.25 * 
N-BUTANE           = 0.25 * 
ISOBUTANE          = 0.25 * 
N-PENTANE          = 0.25 * 

