>> hx = Heater.HeatExchangerUA()
>> cd /
/
>> $thermo = Sim21Thermo.Peng-Robinson
pkgName: Peng-Robinson
>>  . -> $thermo
Thermo case attached to a unit operation. / to /thermo
>> cd thermo
/thermo
>> # VALERIC_ACID component replaced, since not available
>> /thermo + WATER HYDROGEN_SULFIDE METHANE ETHANE PROPANE METHACRYLIC_ACID
WATER HYDROGEN SULFIDE METHANE ETHANE PROPANE METHACRYLIC ACID 
>> cd /hx
/hx
>> /hx.side1.In.T = 200
>> /hx.side1.In.P = 1000
>> /hx.side1.In.MoleFlow = 500
>> cd /hx.side1.In.Fraction
/hx.side1.In.Fraction
>> /hx.side1.In.Fraction = 0.0 0.0 1 1 1 0.0
>> cd /hx
/hx
>> /hx.side0.Out.T = 105
>> /hx.side0.Out.P = 100
>> /hx.side0.Out.MoleFlow = 1000
>> cd /hx.side0.Out.Fraction
/hx.side0.Out.Fraction
>> /hx.side0.Out.Fraction = 1 0.0 0.0 0.0 0.0 0.0
>> cd /hx
/hx
>> /hx.side0.DeltaP.DP = 0
>> /hx.side1.DeltaP.DP = 0
>> /hx.side1.Out.T = 150.0
>> /hx.heatTransfer0_1.Energy
[-511326.62109533]
>> /hx.heatTransfer0_1.Energy_Acum
None
>> /hx.heatTransfer0_1.LMTD
None
>> /hx.side0.T
[374.15320586 378.15      ]
>> /hx.side1.T
[423.15 473.15]
>> 
>> /hx.NumberSegments = 7
>> /hx.heatTransfer0_1.Energy
[-73046.66015648 -73046.66015648 -73046.66015648 -73046.66015648
 -73046.66015648 -73046.66015648 -73046.66015648]
>> /hx.heatTransfer0_1.Energy_Acum
None
>> /hx.heatTransfer0_1.LMTD
None
>> /hx.side0.T
[374.15320586 374.15320586 374.15320586 374.15320586 374.15320586
 374.15320586 374.15320586 378.15      ]
>> /hx.side1.T
[423.15       430.54395901 437.8494723  445.06948581 452.20684689
 459.26430371 466.24450486 473.15      ]
>> 
>> copy /hx
Copied /hx to the clipboard
>> paste /
Pasting /hx
Pasted /hx as /hxClone
>> /hxClone.side0.T
[374.15320586 374.15320586 374.15320586 374.15320586 374.15320586
 374.15320586 374.15320586 378.15      ]
