>> # Heat exchanger test
>> units SI
>> 
>> $thermo = Sim21Thermo.Peng-Robinson
pkgName: Peng-Robinson
>> / -> $thermo
Thermo case attached to a unit operation. / to /thermo
>> thermo + WATER
WATER 
>> 
>> 
>> # lets have some streams for this test
>> hotInlet = Stream.Stream_Material()
>> coldInlet = Stream.Stream_Material()
>> hotOutlet = Stream.Stream_Material()
>> coldOutlet = Stream.Stream_Material()
>> hotInlet2 = Stream.Stream_Material()
>> hotOutlet2 = Stream.Stream_Material()
>> 
>> cd /hotInlet.In
/hotInlet.In
>> Fraction = 1.0
>> P = 101
>> MoleFlow = 800
>> 
>> cd /hotInlet2.In
/hotInlet2.In
>> Fraction = 1.0
>> P = 101
>> MoleFlow = 300
>> 
>> cd /coldInlet.In
/coldInlet.In
>> Fraction = 1.0
>> #VapFrac = 0
>> P = 101
>> MoleFlow = 1000
>> 
>> cd /
/
>> exch = Heater.MultiSidedHeatExchangerOp()
>> exch.NumberSides = 3
>> 
>> cd exch
/exch
>> DeltaP0 = 0.0
>> DeltaP1 = 0.0
>> DeltaP2 = 0.0
>> 
>> 
>> cd /
/
>> coldInlet.Out -> exch.In0
>> exch.Out0 -> coldOutlet.In
>> hotInlet.Out -> exch.In1
>> exch.Out1 -> hotOutlet.In
>> hotInlet2.Out -> exch.In2
>> exch.Out2 -> hotOutlet2.In
>> 
>> exch.IsCounterCurrent1 = 0
>> exch.IsCounterCurrent2 = 1
>> 
>> 
>> #spec UA and coldInlet.T
>> exch.UA0_1 = 8288.42280702 #Cold with the first hot side
>> exch.UA0_2 = 5000.42280702  #Cold with the second hot side
>> exch.UA1_2 = 0.0           #Ignore heat transfer between both hot sides
>> hotInlet.In.T = 573.15 K
>> hotInlet2.In.T = 500 K
>> coldInlet.In.T = 413.15 K
Calculating Jacobian for /exch
/exch Iteration 1 Max Error 2.784198
Calculating Jacobian for /exch
/exch Iteration 2 Max Error 2.119223
Calculating Jacobian for /exch
/exch Iteration 3 Max Error 0.418536
Calculating Jacobian for /exch
/exch Iteration 4 Max Error 0.031935
Calculating Jacobian for /exch
/exch Iteration 5 Max Error 0.002109
Calculating Jacobian for /exch
/exch Iteration 6 Max Error 0.000096
Calculating Jacobian for /exch
Converged /exch in 7 iterations
>> 
>> units sim42
>> coldInlet.In
Port: /coldInlet.In + sim21.solver.Ports.Port_Material
Connected to: None
VapFrac            = 1.0 = 
T                  = 413.15 * K
P                  = 101.0 * kPa
MoleFlow           = 1000.0000000000001 * kgmole/h
MassFlow           = 18015.280000000002 = kg/h
VolumeFlow         = 33787.53338549287 = m3/hr
StdLiqVolumeFlow   = 18.07 = m3/hr
H                  = -237968.04547811794 = kJ/kmol
Energy             = -66102234.85503277 = W
MolecularWeight    = 18.01528 = 
ZFactor            = 0.9934269087429596 = 
WATER              = 1.0 * 

>> coldOutlet.In
Port: /coldOutlet.In + sim21.solver.Ports.Port_Material
Connected to: /exch.side0.Out
VapFrac            = 1.0 | 
T                  = 483.96886996286196 | K
P                  = 101.0 | kPa
MoleFlow           = 1000.0000000000001 | kgmole/h
MassFlow           = 18015.280000000002 | kg/h
VolumeFlow         = 39673.06687172439 | m3/hr
StdLiqVolumeFlow   = 18.07 | m3/hr
H                  = -235495.3643863883 | kJ/kmol
Energy             = -65415378.99621898 | W
MolecularWeight    = 18.01528 | 
ZFactor            = 0.9957848976203699 | 
WATER              = 1.0 | 

>> hotInlet.In
Port: /hotInlet.In + sim21.solver.Ports.Port_Material
Connected to: None
VapFrac            = 1.0 = 
T                  = 573.15 * K
P                  = 101.0 * kPa
MoleFlow           = 800.0 * kgmole/h
MassFlow           = 14412.224 = kg/h
VolumeFlow         = 37649.695332520314 = m3/hr
StdLiqVolumeFlow   = 14.456 = m3/hr
H                  = -232316.4765901208 = kJ/kmol
Energy             = -51625883.686693504 = W
MolecularWeight    = 18.01528 = 
ZFactor            = 0.9974482464289851 = 
WATER              = 1.0 * 

>> hotOutlet.In
Port: /hotOutlet.In + sim21.solver.Ports.Port_Material
Connected to: /exch.side1.Out
VapFrac            = 1.0 | 
T                  = 503.4772702332657 | K
P                  = 101.0 | kPa
MoleFlow           = 800.0 | kgmole/h
MassFlow           = 14412.224 | kg/h
VolumeFlow         = 33032.91898501671 | m3/hr
StdLiqVolumeFlow   = 14.456 | m3/hr
H                  = -234806.602000086 | kJ/kmol
Energy             = -52179244.88890799 | W
MolecularWeight    = 18.01528 | 
ZFactor            = 0.9962407111266066 | 
WATER              = 1.0 | 

>> hotInlet2.In
Port: /hotInlet2.In + sim21.solver.Ports.Port_Material
Connected to: None
VapFrac            = 1.0 = 
T                  = 500.0 * K
P                  = 101.0 * kPa
MoleFlow           = 300.0 * kgmole/h
MassFlow           = 5404.584 = kg/h
VolumeFlow         = 12300.844854970277 = m3/hr
StdLiqVolumeFlow   = 5.420999999999999 = m3/hr
H                  = -234929.62916607584 = kJ/kmol
Energy             = -19577469.097172987 = W
MolecularWeight    = 18.01528 = 
ZFactor            = 0.9961640636797999 = 
WATER              = 1.0 * 

>> hotOutlet2.In
Port: /hotOutlet2.In + sim21.solver.Ports.Port_Material
Connected to: /exch.side2.Out
VapFrac            = 1.0 | 
T                  = 454.43577475121754 | K
P                  = 101.0 | kPa
MoleFlow           = 300.0 | kgmole/h
MassFlow           = 5404.584 | kg/h
VolumeFlow         = 11166.34215322013 | m3/hr
StdLiqVolumeFlow   = 5.420999999999999 | m3/hr
H                  = -236531.56504526743 | kJ/kmol
Energy             = -19710963.753772285 | W
MolecularWeight    = 18.01528 | 
ZFactor            = 0.9949570918670444 | 
WATER              = 1.0 | 

>> exch.UA0_1
Port: /exch.heatTransfer0_1.UA + sim21.solver.Ports.Port_Signal
Connected to: None
UA   = 8288.42280702 * W/K

>> 
>> 
>> copy /
Copied / to the clipboard
>> paste /
Pasting /
Pasted / as /RootClone
Converged /RootClone.exch in 0 iterations
>> cd /RootClone
/RootClone
>> coldInlet.In
Port: /RootClone.coldInlet.In + sim21.solver.Ports.Port_Material
Connected to: None
VapFrac            = 1.0 = 
T                  = 413.15 * K
P                  = 101.0 * kPa
MoleFlow           = 1000.0000000000001 * kgmole/h
MassFlow           = 18015.280000000002 = kg/h
VolumeFlow         = 33787.53338549287 = m3/hr
StdLiqVolumeFlow   = 18.07 = m3/hr
H                  = -237968.04547811794 = kJ/kmol
Energy             = -66102234.85503277 = W
MolecularWeight    = 18.01528 = 
ZFactor            = 0.9934269087429596 = 
WATER              = 1.0 * 

>> coldOutlet.In
Port: /RootClone.coldOutlet.In + sim21.solver.Ports.Port_Material
Connected to: /RootClone.exch.side0.Out
VapFrac            = 1.0 | 
T                  = 483.96886996286196 | K
P                  = 101.0 | kPa
MoleFlow           = 1000.0000000000001 | kgmole/h
MassFlow           = 18015.280000000002 | kg/h
VolumeFlow         = 39673.06687172439 | m3/hr
StdLiqVolumeFlow   = 18.07 | m3/hr
H                  = -235495.3643863883 | kJ/kmol
Energy             = -65415378.99621898 | W
MolecularWeight    = 18.01528 | 
ZFactor            = 0.9957848976203699 | 
WATER              = 1.0 | 

>> hotInlet.In
Port: /RootClone.hotInlet.In + sim21.solver.Ports.Port_Material
Connected to: None
VapFrac            = 1.0 = 
T                  = 573.15 * K
P                  = 101.0 * kPa
MoleFlow           = 800.0 * kgmole/h
MassFlow           = 14412.224 = kg/h
VolumeFlow         = 37649.695332520314 = m3/hr
StdLiqVolumeFlow   = 14.456 = m3/hr
H                  = -232316.4765901208 = kJ/kmol
Energy             = -51625883.686693504 = W
MolecularWeight    = 18.01528 = 
ZFactor            = 0.9974482464289851 = 
WATER              = 1.0 * 

>> hotOutlet.In
Port: /RootClone.hotOutlet.In + sim21.solver.Ports.Port_Material
Connected to: /RootClone.exch.side1.Out
VapFrac            = 1.0 | 
T                  = 503.4772702332657 | K
P                  = 101.0 | kPa
MoleFlow           = 800.0 | kgmole/h
MassFlow           = 14412.224 | kg/h
VolumeFlow         = 33032.91898501671 | m3/hr
StdLiqVolumeFlow   = 14.456 | m3/hr
H                  = -234806.602000086 | kJ/kmol
Energy             = -52179244.88890799 | W
MolecularWeight    = 18.01528 | 
ZFactor            = 0.9962407111266066 | 
WATER              = 1.0 | 

>> hotInlet2.In
Port: /RootClone.hotInlet2.In + sim21.solver.Ports.Port_Material
Connected to: None
VapFrac            = 1.0 = 
T                  = 500.0 * K
P                  = 101.0 * kPa
MoleFlow           = 300.0 * kgmole/h
MassFlow           = 5404.584 = kg/h
VolumeFlow         = 12300.844854970277 = m3/hr
StdLiqVolumeFlow   = 5.420999999999999 = m3/hr
H                  = -234929.62916607584 = kJ/kmol
Energy             = -19577469.097172987 = W
MolecularWeight    = 18.01528 = 
ZFactor            = 0.9961640636797999 = 
WATER              = 1.0 * 

>> hotOutlet2.In
Port: /RootClone.hotOutlet2.In + sim21.solver.Ports.Port_Material
Connected to: /RootClone.exch.side2.Out
VapFrac            = 1.0 | 
T                  = 454.43577475121754 | K
P                  = 101.0 | kPa
MoleFlow           = 300.0 | kgmole/h
MassFlow           = 5404.584 | kg/h
VolumeFlow         = 11166.34215322013 | m3/hr
StdLiqVolumeFlow   = 5.420999999999999 | m3/hr
H                  = -236531.56504526743 | kJ/kmol
Energy             = -19710963.753772285 | W
MolecularWeight    = 18.01528 | 
ZFactor            = 0.9949570918670444 | 
WATER              = 1.0 | 

>> exch.UA0_1
Port: /RootClone.exch.heatTransfer0_1.UA + sim21.solver.Ports.Port_Signal
Connected to: None
UA   = 8288.42280702 * W/K

>> 
>> 
