>> #Heater example
>> #distillation tower condenser is used to preheat distillation tower feed
>> 
>> $thermo = Sim21Thermo.IdealVapLiqNRTL
pkgName: IdealVapLiqNRTL
>> / -> $thermo
Thermo case attached to a unit operation. / to /thermo
>> thermo + ETHANOL WATER
ETHANOL WATER 
>> 
>> topVap = Stream.Stream_Material()
>> topVap.In.P = 101.325
>> topVap.In.VapFrac = 1
>> topVap.In.MoleFlow = 100
>> topVap.In.Fraction = 0.85 0.15
>> 
>> cond = Heater.Cooler()
>> topVap.Out -> cond.In
>> cond.DeltaP = 0
>> cond.Out.VapFrac = 0
>> 
>> heater = Heater.Heater()
>> heater.In.P = 130.0
>> heater.In.T = 25.0
>> heater.In.MoleFlow = 1000.0
>> heater.In.Fraction = 0.1 0.9
>> heater.DeltaP = 0.0
>> cond.OutQ -> heater.InQ
>> heater.Out
Port: /heater.Out + sim21.solver.Ports.Port_Material
Connected to: None
VapFrac            = 0.0 = 
T                  = 72.99792395359799 = C
P                  = 130.0 = kPa
MoleFlow           = 1000.0000000000001 = kgmole/h
MassFlow           = 20820.596000000005 = kg/h
VolumeFlow         = 22.843807623300776 = m3/hr
StdLiqVolumeFlow   = 22.131000000000004 = m3/hr
H                  = -281029.10073716694 = kJ/kmol
Energy             = -78063639.0936575 = W
MolecularWeight    = 20.820596000000002 = 
ZFactor            = 0.001031848483302003 = 
ETHANOL            = 0.1 = 
WATER              = 0.9 = 

>> 
