>> #Property Sensor Example
>> #generate a table of enthalpy versus molar fractions
>> $thermo = Sim21Thermo.Peng-Robinson
pkgName: Peng-Robinson
>> / -> $thermo
Thermo case attached to a unit operation. / to /thermo
>> thermo + WATER TRIETHYLENE_GLYCOL
WATER TRIETHYLENE GLYCOL 
>> 
>> #generate WATER/TEG bubble temperature curve
>> units Field
>> 
>> s = Stream.Stream_Material()
>> s.In.P = 1 atm
>> s.In.VapFrac = 0.0
>> 
>> ps = Sensor.PropertySensor()
>> s.Out -> ps.In
>> ps.SignalType = H
>> 
>> #generate enthalpy composition curve
>> s.In.Fraction = 0.0 1.0
>> ps.Signal
Port: /ps.Signal + sim21.solver.Ports.Port_Signal
Connected to: None
H   = -309973.6078198758 = Btu/lbmol

>> s.In.Fraction = 0.1 0.9
>> ps.Signal
Port: /ps.Signal + sim21.solver.Ports.Port_Signal
Connected to: None
H   = -310721.2832819236 = Btu/lbmol

>> s.In.Fraction = 0.2 0.8
>> ps.Signal
Port: /ps.Signal + sim21.solver.Ports.Port_Signal
Connected to: None
H   = -292550.6031115113 = Btu/lbmol

>> s.In.Fraction = 0.3 0.7
>> ps.Signal
Port: /ps.Signal + sim21.solver.Ports.Port_Signal
Connected to: None
H   = -271900.7786088722 = Btu/lbmol

>> s.In.Fraction = 0.4 0.6
>> ps.Signal
Port: /ps.Signal + sim21.solver.Ports.Port_Signal
Connected to: None
H   = -250425.6319478817 = Btu/lbmol

>> s.In.Fraction = 0.5 0.5
>> ps.Signal
Port: /ps.Signal + sim21.solver.Ports.Port_Signal
Connected to: None
H   = -228554.05262497472 = Btu/lbmol

>> s.In.Fraction = 0.6 0.4
>> ps.Signal
Port: /ps.Signal + sim21.solver.Ports.Port_Signal
Connected to: None
H   = -206482.5752775042 = Btu/lbmol

>> s.In.Fraction = 0.7 0.3
>> ps.Signal
Port: /ps.Signal + sim21.solver.Ports.Port_Signal
Connected to: None
H   = -184347.28424155212 = Btu/lbmol

>> s.In.Fraction = 0.8 0.2
>> ps.Signal
Port: /ps.Signal + sim21.solver.Ports.Port_Signal
Connected to: None
H   = -162309.76189939177 = Btu/lbmol

>> s.In.Fraction = 0.9 0.1
>> ps.Signal
Port: /ps.Signal + sim21.solver.Ports.Port_Signal
Connected to: None
H   = -140718.1959770815 = Btu/lbmol

>> s.In.Fraction = 1.0 0.0
>> ps.Signal
Port: /ps.Signal + sim21.solver.Ports.Port_Signal
Connected to: None
H   = -121084.88544511196 = Btu/lbmol

>> 
>> copy /
Copied / to the clipboard
>> paste /
Pasting /
Pasted / as /RootClone
>> /RootClone.ps.Signal
Port: /RootClone.ps.Signal + sim21.solver.Ports.Port_Signal
Connected to: None
H   = -121084.88544511196 = Btu/lbmol

