>> #material stream example
>> $thermo = Sim21Thermo.Peng-Robinson
pkgName: Peng-Robinson
>> / -> $thermo
Thermo case attached to a unit operation. / to /thermo
>> thermo + WATER TRIETHYLENE_GLYCOL
WATER TRIETHYLENE GLYCOL 
>> 
>> #generate WATER/TEG bubble temperature curve
>> units Field
>> 
>> s = Stream.Stream_Material()
>> s.In.P = 1 atm
>> s.In.VapFrac = 0.0
>> s.In.Fraction = 0.0 1.0
>> s.Out.T
/s.Out.T= 545.0700061495407 = F
>> s.In.Fraction = 0.1 0.9
>> s.Out.T
/s.Out.T= 283.40184032611734 = F
>> s.In.Fraction = 0.2 0.8
>> s.Out.T
/s.Out.T= 228.1559466138567 = F
>> s.In.Fraction = 0.3 0.7
>> s.Out.T
/s.Out.T= 203.18044175346037 = F
>> s.In.Fraction = 0.4 0.6
>> s.Out.T
/s.Out.T= 188.9451417994794 = F
>> s.In.Fraction = 0.5 0.5
>> s.Out.T
/s.Out.T= 180.84505693075576 = F
>> s.In.Fraction = 0.6 0.4
>> s.Out.T
/s.Out.T= 177.37913763388173 = F
>> s.In.Fraction = 0.7 0.3
>> s.Out.T
/s.Out.T= 178.41933191714267 = F
>> s.In.Fraction = 0.8 0.2
>> s.Out.T
/s.Out.T= 184.92866775199477 = F
>> s.In.Fraction = 0.9 0.1
>> s.Out.T
/s.Out.T= 198.85753707209008 = F
>> s.In.Fraction = 1.0 0.0
>> s.Out.T
/s.Out.T= 207.8194676926227 = F
