>> units SI
>> $thermo = Sim21Thermo.Peng-Robinson
pkgName: Peng-Robinson
>> / -> $thermo
Thermo case attached to a unit operation. / to /thermo
>> thermo + PROPANE n-BUTANE ISOBUTANE n-PENTANE
PROPANE n-BUTANE ISOBUTANE n-PENTANE 
>> 
>> flash = Flash.MixAndFlash()
>> flash.In0.T = 460.15 K
>> cd flash.In0
/flash.myMixer.In0
>> Fraction = .5 .5 0 0
>> P = 700.325
>> MoleFlow = 10
>> cd ..
/flash.myMixer
>> cd In1
/flash.myMixer.In1
>> T = 200.15 K
>> P = 700.325
>> MoleFlow = 10
>> Fraction = 0 0 .5 .5
>> cd /flash
/flash
>> # The vapour and liq outlet ports should now be known
>> Vap
Port: /flash.myFlash.Vap + sim21.solver.Ports.Port_Material
Connected to: None
VapFrac            = 1.0 = 
T                  = 57.057847120404006 = C
P                  = 700.325 = kPa
MoleFlow           = 7.5008110433522805 = kgmole/h
MassFlow           = 406.96996893282125 = kg/h
VolumeFlow         = 25.362143023902927 = m3/hr
StdLiqVolumeFlow   = 0.6993931451921522 = m3/hr
H                  = -120461.31940527615 = kJ/kmol
Energy             = -250988.2208033005 = W
MolecularWeight    = 54.25679524262982 = 
ZFactor            = 0.8624933940230244 = 
PROPANE            = 0.38840985670575534 = 
N-BUTANE           = 0.22907743482242435 = 
ISOBUTANE          = 0.26967998869967175 = 
N-PENTANE          = 0.11283271977214868 = 

>> Liq0
Port: /flash.myFlash.Liq0 + sim21.solver.Ports.Port_Material
Connected to: None
VapFrac            = 0.0 = 
T                  = 57.057847120404006 = C
P                  = 700.325 = kPa
MoleFlow           = 12.49918895664772 = kgmole/h
MassFlow           = 755.4740310671788 = kg/h
VolumeFlow         = 1.3589370149731739 = m3/hr
StdLiqVolumeFlow   = 1.2752568548078478 = m3/hr
H                  = -148564.05500444674 = kJ/kmol
Energy             = -515813.9432406625 = W
MolecularWeight    = 60.441844161846866 = 
ZFactor            = 0.02773291686745144 = 
PROPANE            = 0.16693971622573367 = 
N-BUTANE           = 0.26255571129323163 = 
ISOBUTANE          = 0.23818996359815522 = 
N-PENTANE          = 0.3323146088828795 = 

>> # As well as the inlets
>> In1
Port: /flash.myMixer.In1 + sim21.solver.Ports.Port_Material
Connected to: None
VapFrac            = 0.0 = 
T                  = -72.99999999999997 * C
P                  = 700.325 * kPa
MoleFlow           = 10.0 * kgmole/h
MassFlow           = 651.3549 = kg/h
VolumeFlow         = 0.9185528252092452 = m3/hr
StdLiqVolumeFlow   = 1.0979 = m3/hr
H                  = -177166.20462072428 = kJ/kmol
Energy             = -492128.34616867854 = W
MolecularWeight    = 65.13549 = 
ZFactor            = 0.038655739660049704 = 
PROPANE            = 0.0 * 
N-BUTANE           = 0.0 * 
ISOBUTANE          = 0.5 * 
N-PENTANE          = 0.5 * 

>> In0
Port: /flash.myMixer.In0 + sim21.solver.Ports.Port_Material
Connected to: None
VapFrac            = 1.0 = 
T                  = 187.0 * C
P                  = 700.325 * kPa
MoleFlow           = 10.0 * kgmole/h
MassFlow           = 511.0891 = kg/h
VolumeFlow         = 52.28164346980193 = m3/hr
StdLiqVolumeFlow   = 0.87675 = m3/hr
H                  = -98882.34021311281 = kJ/kmol
Energy             = -274673.1672586467 = W
MolecularWeight    = 51.108909999999995 = 
ZFactor            = 0.9570072980022583 = 
PROPANE            = 0.5 * 
N-BUTANE           = 0.5 * 
ISOBUTANE          = 0.0 * 
N-PENTANE          = 0.0 * 

>> 
>> #Test copy and paste
>> copy /flash
Copied /flash to the clipboard
>> paste /
Pasting /flash
Pasted /flash as /flashClone
>> /flashClone.In0
Port: /flashClone.myMixer.In0 + sim21.solver.Ports.Port_Material
Connected to: None
VapFrac            = None
T                  = 187.0 * C
P                  = 700.325 * kPa
MoleFlow           = 10.0 * kgmole/h
MassFlow           = None
VolumeFlow         = None
StdLiqVolumeFlow   = None
H                  = None
Energy             = None
MolecularWeight    = None
ZFactor            = None
PROPANE            = 0.5 * 
N-BUTANE           = 0.5 * 
ISOBUTANE          = 0.0 * 
N-PENTANE          = 0.0 * 

>> /flashClone.Vap
Port: /flashClone.myFlash.Vap + sim21.solver.Ports.Port_Material
Connected to: None
VapFrac            = None
T                  = None
P                  = None
MoleFlow           = None
MassFlow           = None
VolumeFlow         = None
StdLiqVolumeFlow   = None
H                  = None
Energy             = None
MolecularWeight    = None
ZFactor            = None
PROPANE            = None
N-BUTANE           = None
ISOBUTANE          = None
N-PENTANE          = None

