>> # Seader example problem, 10_41 (from 2nd Ed.)
>> 
>> units Field
>> $thermo = Sim21Thermo.Peng-Robinson
pkgName: Peng-Robinson
>> / -> $thermo
Thermo case attached to a unit operation. / to /thermo
>> thermo + NITROGEN METHANE ETHANE PROPANE N-BUTANE N-PENTANE N-HEXANE
NITROGEN METHANE ETHANE PROPANE N-BUTANE N-PENTANE N-HEXANE 
>> 
>> col = Tower.Tower()
>> col.Stage_0
Stage_0
>> col.Stage_0 + 6  # eight stage
>> 
>> 
>> cd col.Stage_0
/col.Stage_0
>> 
>> f = Tower.Feed()
>> f.Port.T = 29.2
>> f.Port.P = 150
>> f.Port.MoleFlow = 551.59
>> f.Port.Fraction = 0.22 59.51 73.57 153.22 173.22 58.22 33.63
>> 
>> v = Tower.VapourDraw()
>> v.Port.P = 150
>> 
>> cd /
/
>> 
>> 
>> cd col.Stage_7
/col.Stage_7
>> 
>> reb = Tower.EnergyFeed(1)
>> 
>> l = Tower.LiquidDraw()
>> l.Port.P = 150
>> # l.Port.MoleFlow = 99.33
>> l.Port.Fraction.PROPANE = 0.0001
>> cd ..
/col
>> 
>> TryToSolve = 1  # start calculation - turned off by default
Calculating Jacobian for /col
/col Inner Error 0.268397
/col Inner Error 0.037265
/col Inner Error 0.021301
/col Inner Error 0.013005
/col Inner Error 0.008780
/col Inner Error 0.006835
/col Inner Error 0.005157
/col Inner Error 0.003868
/col Inner Error 0.002473
/col Inner Error 0.002052
/col Inner Error 0.001784
/col Inner Error 0.001430
/col Inner Error 0.001001
Step size too small - Exiting inner loop
/col Iteration 1 Outer Error 0.556137
Calculating Jacobian for /col
/col Inner Error 0.039864
/col Inner Error 0.018660
/col Inner Error 0.002174
/col Inner Error 0.001485
/col Inner Error 0.000412
/col Inner Error 0.000158
/col Inner Error 0.000028
/col Inner Error 0.000004
Inner loop converged
/col Iteration 2 Outer Error 0.053733
/col Inner Error 0.003604
/col Inner Error 0.002580
/col Inner Error 0.002350
/col Inner Error 0.002099
/col Inner Error 0.000527
/col Inner Error 0.000114
/col Inner Error 0.000015
/col Inner Error 0.000006
Inner loop converged
/col Iteration 3 Outer Error 0.008913
/col Inner Error 0.000551
/col Inner Error 0.000066
/col Inner Error 0.000010
/col Inner Error 0.000001
Inner loop converged
/col Iteration 4 Outer Error 0.000158
/col Inner Error 0.000050
/col Inner Error 0.000005
Inner loop converged
/col Iteration 5 Outer Error 0.000043
/col Inner Error 0.000008
Inner loop converged
>> 
>> 
>> /overhead = Stream.Stream_Material()
>> /overhead.In -> Stage_0.v.Port
>> 
>> /bottoms = Stream.Stream_Material()
>> /bottoms.In -> Stage_7.l.Port
>> 
>> cd ..
/
>> 
>> overhead.Out
Port: /overhead.Out + sim21.solver.Ports.Port_Material
Connected to: None
VapFrac            = 0.9999868773138885 = 
T                  = 138.9911703343114 = F
P                  = 150.0 = psia
MoleFlow           = 485.05823582228635 = lbmole/h
MassFlow           = 21908.59142465142 = lb/h
VolumeFlow         = 4.952747020795234 = ft3/s
StdLiqVolumeFlow   = 0.16644500949587704 = ft3/s
H                  = -45625.838490516646 = Btu/lbmol
Energy             = -22127467.123652235 = Btu/hr
MolecularWeight    = 45.16693008523249 = 
ZFactor            = 0.8582198694839723 = 
NITROGEN           = 0.0004535513459002357 = 
METHANE            = 0.12268627710360704 = 
ETHANE             = 0.15167249151330622 = 
PROPANE            = 0.31586588762663975 = 
N-BUTANE           = 0.3521844410155146 = 
N-PENTANE          = 0.049654287252480805 = 
N-HEXANE           = 0.007483064142551393 = 

>> bottoms.Out
Port: /bottoms.Out + sim21.solver.Ports.Port_Material
Connected to: None
VapFrac            = 3.30551064351335e-05 = 
T                  = 283.49028617257306 = F
P                  = 150.0 = psia
MoleFlow           = 66.53176417771346 = lbmole/h
MassFlow           = 5187.275184893072 = lb/h
VolumeFlow         = 0.04647269693123309 = ft3/s
StdLiqVolumeFlow   = 0.03613697754455487 = ft3/s
H                  = -69000.92583205216 = Btu/lbmol
Energy             = -4589981.339906083 = Btu/hr
MolecularWeight    = 77.96689669970729 = 
ZFactor            = 0.047294836767037246 = 
NITROGEN           = 1.780056222329984e-08 = 
METHANE            = 1.6335836483164013e-07 = 
ETHANE             = 1.3292575446010553e-07 = 
PROPANE            = 0.0001 = 
N-BUTANE           = 0.035923237366326195 = 
N-PENTANE          = 0.5130598811887921 = 
N-HEXANE           = 0.4509166182386969 = 

>> 
