>> # Seader example problem, 10_34 (from 2nd Ed.)
>> #
>> units Field
>> $thermo = Sim21Thermo.Peng-Robinson
pkgName: Peng-Robinson
>> / -> $thermo
Thermo case attached to a unit operation. / to /thermo
>> 
>> thermo + HYDROGEN METHANE ETHANE BENZENE TOLUENE M-XYLENE
HYDROGEN METHANE ETHANE BENZENE TOLUENE M-XYLENE 
>> 
>> col = Tower.Tower()
>> col.Stage_0
Stage_0
>> col.Stage_0 + 10  # 12 stage
>> 
>> 
>> cd col.Stage_0
/col.Stage_0
>> 
>> cond = Tower.EnergyFeed(0)
>> 
>> v = Tower.VapourDraw()
>> 
>> v.Port.P = 128
>> # v.Port.MoleFlow = 51.0
>> 
>> v.Port.T = 99
>> 
>> reflux = Tower.StageSpecification('Reflux')
>> reflux.Value = 2.5
>> 
>> cd /
/
>> 
>> 
>> cd col.Stage_2
/col.Stage_2
>> 
>> f = Tower.Feed()
>> f.Port.T = 240
>> f.Port.P = 275
>> f.Port.MoleFlow = 1748.4
>> f.Port.Fraction = 8.3 30.7 9.4 576.0 666.0 458.0
>> 
>> cd /
/
>> 
>> cd col.Stage_11
/col.Stage_11
>> 
>> l = Tower.LiquidDraw()
>> l.Port.P = 132
>> #l.Port.Fraction.METHANE = 0.0005
>> 
>> reb = Tower.EnergyFeed(1)
>> 
>> cd ..
/col
>> 
>> DampingFactor = 0.9
>> MaxOuterLoops = 100
>> TryToSolve = 1  # start calculation - turned off by default
Calculating Jacobian for /col
Calculating disturbance 10 of 12 in jacobian of /col
/col Inner Error 3.819378
/col Inner Error 1.830082
/col Inner Error 0.821764
Step size too small - Exiting inner loop
/col Iteration 1 Outer Error 1.405028
Calculating Jacobian for /col
Calculating disturbance 10 of 12 in jacobian of /col
/col Inner Error 0.430277
/col Inner Error 0.092008
/col Inner Error 0.033753
/col Inner Error 0.003854
/col Inner Error 0.002252
/col Inner Error 0.000387
/col Inner Error 0.000082
/col Inner Error 0.000070
/col Inner Error 0.000009
Inner loop converged
/col Iteration 2 Outer Error 0.602724
/col Inner Error 0.171094
/col Inner Error 0.068471
/col Inner Error 0.011916
/col Inner Error 0.001645
/col Inner Error 0.000067
/col Inner Error 0.000023
/col Inner Error 0.000019
Inner loop is not changing significantly - exiting
/col Iteration 3 Outer Error 0.032256
Calculating Jacobian for /col
Calculating disturbance 10 of 12 in jacobian of /col
/col Inner Error 0.013109
/col Inner Error 0.001034
/col Inner Error 0.000124
/col Inner Error 0.000005
Inner loop converged
/col Iteration 4 Outer Error 0.036998
/col Inner Error 0.000710
/col Inner Error 0.000058
/col Inner Error 0.000007
Inner loop converged
/col Iteration 5 Outer Error 0.012961
/col Inner Error 0.001922
/col Inner Error 0.000084
/col Inner Error 0.000000
Inner loop converged
/col Iteration 6 Outer Error 0.004610
/col Inner Error 0.000362
/col Inner Error 0.000014
/col Inner Error 0.000000
Inner loop converged
/col Iteration 7 Outer Error 0.001334
/col Inner Error 0.000091
/col Inner Error 0.000003
Inner loop converged
/col Iteration 8 Outer Error 0.000434
/col Inner Error 0.000002
Inner loop converged
/col Iteration 9 Outer Error 0.000120
/col Inner Error 0.000002
Inner loop converged
/col Iteration 10 Outer Error 0.000043
/col Inner Error 0.000000
Inner loop converged
>> 
>> /overhead = Stream.Stream_Material()
>> /overhead.In -> Stage_0.v.Port
>> 
>> /bottoms = Stream.Stream_Material()
>> /bottoms.In -> Stage_11.l.Port
>> 
>> cd /
/
>> 
>> overhead.Out
Port: /overhead.Out + sim21.solver.Ports.Port_Material
Connected to: None
VapFrac            = 0.9999996484223647 = 
T                  = 99.00000000000004 = F
P                  = 128.0 = psia
MoleFlow           = 49.64365918054231 = lbmole/h
MassFlow           = 890.4707680014064 = lb/h
VolumeFlow         = 0.6318654397901781 = ft3/s
StdLiqVolumeFlow   = 0.008342941029014256 = ft3/s
H                  = -25648.221511580705 = Btu/lbmol
Energy             = -1273057.4527084774 = Btu/hr
MolecularWeight    = 17.93725085338641 = 
ZFactor            = 0.9782538627764024 = 
HYDROGEN           = 0.16719115802372475 = 
METHANE            = 0.6184057108957002 = 
ETHANE             = 0.18934879338691663 = 
BENZENE            = 0.023108607157867857 = 
TOLUENE            = 0.0018319581080515827 = 
M-XYLENE           = 0.00011377242773898192 = 

>> bottoms.Out
Port: /bottoms.Out + sim21.solver.Ports.Port_Material
Connected to: None
VapFrac            = 1.3183130966227755e-05 = 
T                  = 397.0542333044764 = F
P                  = 132.0 = psia
MoleFlow           = 1698.7563408194567 = lbmole/h
MassFlow           = 154881.5977539985 = lb/h
VolumeFlow         = 1.0421731839242714 = ft3/s
StdLiqVolumeFlow   = 0.7969765023539275 = ft3/s
H                  = 20373.886858577767 = Btu/lbmol
Energy             = 34604449.391178146 = Btu/hr
MolecularWeight    = 91.17352249890362 = 
ZFactor            = 0.03170865407540236 = 
HYDROGEN           = 1.1262986668280666e-08 = 
METHANE            = 4.5711672127259706e-08 = 
ETHANE             = 1.9446492821077792e-08 = 
BENZENE            = 0.33839626694480257 = 
TOLUENE            = 0.391997980460709 = 
M-XYLENE           = 0.26960567617333675 = 

