>> # Simple flash test
>> units SI
>> $thermo = Sim21Thermo.Peng-Robinson
pkgName: Peng-Robinson
>> / -> $thermo
Thermo case attached to a unit operation. / to /thermo
>> thermo + PROPANE n-BUTANE ISOBUTANE n-PENTANE
PROPANE n-BUTANE ISOBUTANE n-PENTANE 
>> 
>> flash = Flash.SimpleFlash()
>> cd flash.In
/flash.In
>> Fraction = .25 .25 .25 .25
>> T = 0 C
>> P = 101.325
>> MoleFlow = 10
>> cd ..
/flash
>> # dump the results
>> Vap   # Vapour stream
Port: /flash.Vap + sim21.solver.Ports.Port_Material
Connected to: None
VapFrac            = 1.0 = 
T                  = 0.0 = C
P                  = 101.325 = kPa
MoleFlow           = 6.553553965869458 = kgmole/h
MassFlow           = 361.09133823196436 = kg/h
VolumeFlow         = 142.24690439799193 = m3/hr
StdLiqVolumeFlow   = 0.6206691581012177 = m3/hr
H                  = -126256.38303284015 = kJ/kmol
Energy             = -229841.11659477858 = W
MolecularWeight    = 55.09855264983058 = 
ZFactor            = 0.968383021577695 = 
PROPANE            = 0.34000775885390744 = 
N-BUTANE           = 0.25189453219639285 = 
ISOBUTANE          = 0.28365549423908387 = 
N-PENTANE          = 0.12444221471061584 = 

>> Liq0  # Liquid stream
Port: /flash.Liq0 + sim21.solver.Ports.Port_Material
Connected to: None
VapFrac            = 0.0 = 
T                  = 0.0 = C
P                  = 101.325 = kPa
MoleFlow           = 3.4464460341305414 = kgmole/h
MassFlow           = 220.1306617680356 = kg/h
VolumeFlow         = 0.34160335016534377 = m3/hr
StdLiqVolumeFlow   = 0.36665584189878225 = m3/hr
H                  = -163024.2065536107 = kJ/kmol
Energy             = -156070.5917066583 = W
MolecularWeight    = 63.87178548222052 = 
ZFactor            = 0.004422133620581192 = 
PROPANE            = 0.07884667302070265 = 
N-BUTANE           = 0.24639747181119873 = 
ISOBUTANE          = 0.18600274150252652 = 
N-PENTANE          = 0.48875311366557217 = 

>> In
Port: /flash.In + sim21.solver.Ports.Port_Material
Connected to: None
VapFrac            = 0.6553553965869459 = 
T                  = 0.0 * C
P                  = 101.325 * kPa
MoleFlow           = 10.0 * kgmole/h
MassFlow           = 581.222 = kg/h
VolumeFlow         = 142.58850774815727 = m3/hr
StdLiqVolumeFlow   = 0.987325 = m3/hr
H                  = -138928.21498851728 = kJ/kmol
Energy             = -385911.7083014369 = W
MolecularWeight    = 58.12219999999999 = 
ZFactor            = 0.63615910364202 = 
PROPANE            = 0.25 * 
N-BUTANE           = 0.25 * 
ISOBUTANE          = 0.25 * 
N-PENTANE          = 0.25 * 

>> 
>> cd /
/
>> 
>> #Add a test here to make sure that estimates do not back propagate values
>> s = Stream.Stream_Material()
>> s.Out -> flash.In
>> 
>> #We should have values in s.Out as passed (backpropagated)
>> s.Out
Port: /s.Out + sim21.solver.Ports.Port_Material
Connected to: /flash.In
VapFrac            = 0.6553553965869459 | 
T                  = 0.0 | C
P                  = 101.325 | kPa
MoleFlow           = 10.0 | kgmole/h
MassFlow           = 581.222 | kg/h
VolumeFlow         = 142.58850774815727 | m3/hr
StdLiqVolumeFlow   = 0.987325 | m3/hr
H                  = -138928.21498851728 | kJ/kmol
Energy             = -385911.7083014369 | W
MolecularWeight    = 58.12219999999999 | 
ZFactor            = 0.63615910364202 | 
PROPANE            = 0.25 | 
N-BUTANE           = 0.25 | 
ISOBUTANE          = 0.25 | 
N-PENTANE          = 0.25 | 

>> flash.In
Port: /flash.In + sim21.solver.Ports.Port_Material
Connected to: /s.Out
VapFrac            = 0.6553553965869459 = 
T                  = 0.0 * C
P                  = 101.325 * kPa
MoleFlow           = 10.0 * kgmole/h
MassFlow           = 581.222 = kg/h
VolumeFlow         = 142.58850774815727 = m3/hr
StdLiqVolumeFlow   = 0.987325 = m3/hr
H                  = -138928.21498851728 = kJ/kmol
Energy             = -385911.7083014369 = W
MolecularWeight    = 58.12219999999999 = 
ZFactor            = 0.63615910364202 = 
PROPANE            = 0.25 * 
N-BUTANE           = 0.25 * 
ISOBUTANE          = 0.25 * 
N-PENTANE          = 0.25 * 

>> 
>> #Now estimate one of the values in flash.In
>> flash.In.T ~= 0 C
Changed state of port /flash.In to 1 (0=Normal port; 1=Recycle port)
>> 
>> #Nothing should be in s.Out
>> s.Out
Port: /s.Out + sim21.solver.Ports.Port_Material
Connected to: /flash.In
VapFrac            = None
T                  = None
P                  = None
MoleFlow           = None
MassFlow           = None
VolumeFlow         = None
StdLiqVolumeFlow   = None
H                  = None
Energy             = None
MolecularWeight    = None
ZFactor            = None
PROPANE            = None
N-BUTANE           = None
ISOBUTANE          = None
N-PENTANE          = None

>> 
>> #Disconnect and reconnect
>> s.Out ->
>> s.Out
Port: /s.Out + sim21.solver.Ports.Port_Material
Connected to: None
VapFrac            = None
T                  = None
P                  = None
MoleFlow           = None
MassFlow           = None
VolumeFlow         = None
StdLiqVolumeFlow   = None
H                  = None
Energy             = None
MolecularWeight    = None
ZFactor            = None
PROPANE            = None
N-BUTANE           = None
ISOBUTANE          = None
N-PENTANE          = None

>> s.Out -> flash.In
>> s.Out
Port: /s.Out + sim21.solver.Ports.Port_Material
Connected to: /flash.In
VapFrac            = None
T                  = None
P                  = None
MoleFlow           = None
MassFlow           = None
VolumeFlow         = None
StdLiqVolumeFlow   = None
H                  = None
Energy             = None
MolecularWeight    = None
ZFactor            = None
PROPANE            = None
N-BUTANE           = None
ISOBUTANE          = None
N-PENTANE          = None

>> 
>> 
>> #Now re specify the value
>> flash.In.State = 0 #Make it a normal port
Changed state of port /flash.In to 0 (0=Normal port; 1=Recycle port)
>> flash.In.T = 0 C
>> s.Out
Port: /s.Out + sim21.solver.Ports.Port_Material
Connected to: /flash.In
VapFrac            = 0.6553553965869459 | 
T                  = 0.0 | C
P                  = 101.325 | kPa
MoleFlow           = 10.0 | kgmole/h
MassFlow           = 581.222 | kg/h
VolumeFlow         = 142.58850774815727 | m3/hr
StdLiqVolumeFlow   = 0.987325 | m3/hr
H                  = -138928.21498851728 | kJ/kmol
Energy             = -385911.7083014369 | W
MolecularWeight    = 58.12219999999999 | 
ZFactor            = 0.63615910364202 | 
PROPANE            = 0.25 | 
N-BUTANE           = 0.25 | 
ISOBUTANE          = 0.25 | 
N-PENTANE          = 0.25 | 

>> 
>> #Now estimate P and Fraction
>> flash.In.P ~= 101.325 kPa
Changed state of port /flash.In to 1 (0=Normal port; 1=Recycle port)
>> flash.In.Fraction ~= .25 .25 .25 .25
>> s.Out
Port: /s.Out + sim21.solver.Ports.Port_Material
Connected to: /flash.In
VapFrac            = None
T                  = None
P                  = None
MoleFlow           = None
MassFlow           = None
VolumeFlow         = None
StdLiqVolumeFlow   = None
H                  = None
Energy             = None
MolecularWeight    = None
ZFactor            = None
PROPANE            = None
N-BUTANE           = None
ISOBUTANE          = None
N-PENTANE          = None

>> 
>> #Un estimate only P
>> flash.In.P = 101.325 kPa
>> s.Out
Port: /s.Out + sim21.solver.Ports.Port_Material
Connected to: /flash.In
VapFrac            = None
T                  = None
P                  = None
MoleFlow           = None
MassFlow           = None
VolumeFlow         = None
StdLiqVolumeFlow   = None
H                  = None
Energy             = None
MolecularWeight    = None
ZFactor            = None
PROPANE            = None
N-BUTANE           = None
ISOBUTANE          = None
N-PENTANE          = None

>> 
>> #Remove composition altogether
>> flash.In.Fraction =
>> flash.In.State = 0
Changed state of port /flash.In to 0 (0=Normal port; 1=Recycle port)
>> s.Out
Port: /s.Out + sim21.solver.Ports.Port_Material
Connected to: /flash.In
VapFrac            = None
T                  = 0.0 | C
P                  = 101.325 | kPa
MoleFlow           = 10.0 | kgmole/h
MassFlow           = None
VolumeFlow         = None
StdLiqVolumeFlow   = None
H                  = None
Energy             = None
MolecularWeight    = None
ZFactor            = None
PROPANE            = None
N-BUTANE           = None
ISOBUTANE          = None
N-PENTANE          = None

>> 
>> #Make it solve again
>> flash.In.Fraction = .25 .25 .25 .25
>> flash.In
Port: /flash.In + sim21.solver.Ports.Port_Material
Connected to: /s.Out
VapFrac            = 0.6553553965869459 = 
T                  = 0.0 * C
P                  = 101.325 * kPa
MoleFlow           = 10.0 * kgmole/h
MassFlow           = 581.222 = kg/h
VolumeFlow         = 142.58850774815727 = m3/hr
StdLiqVolumeFlow   = 0.987325 = m3/hr
H                  = -138928.21498851728 = kJ/kmol
Energy             = -385911.7083014369 = W
MolecularWeight    = 58.12219999999999 = 
ZFactor            = 0.63615910364202 = 
PROPANE            = 0.25 * 
N-BUTANE           = 0.25 * 
ISOBUTANE          = 0.25 * 
N-PENTANE          = 0.25 * 

>> 
>> 
>> #Test copy and paste
>> copy /flash /s
Copied /flash /s to the clipboard
>> paste /
Pasting /flash /s
Pasted /flash /s as /flashClone /sClone
>> /flashClone.In
Port: /flashClone.In + sim21.solver.Ports.Port_Material
Connected to: /sClone.Out
VapFrac            = 0.6553553965869459 = 
T                  = 0.0 * C
P                  = 101.325 * kPa
MoleFlow           = 10.0 * kgmole/h
MassFlow           = 581.222 = kg/h
VolumeFlow         = 142.58850774815727 = m3/hr
StdLiqVolumeFlow   = 0.987325 = m3/hr
H                  = -138928.21498851728 = kJ/kmol
Energy             = -385911.7083014369 = W
MolecularWeight    = 58.12219999999999 = 
ZFactor            = 0.63615910364202 = 
PROPANE            = 0.25 * 
N-BUTANE           = 0.25 * 
ISOBUTANE          = 0.25 * 
N-PENTANE          = 0.25 * 

>> /sClone.Out
Port: /sClone.Out + sim21.solver.Ports.Port_Material
Connected to: /flashClone.In
VapFrac            = 0.6553553965869459 | 
T                  = 0.0 | C
P                  = 101.325 | kPa
MoleFlow           = 10.0 | kgmole/h
MassFlow           = 581.222 | kg/h
VolumeFlow         = 142.58850774815727 | m3/hr
StdLiqVolumeFlow   = 0.987325 | m3/hr
H                  = -138928.21498851728 | kJ/kmol
Energy             = -385911.7083014369 | W
MolecularWeight    = 58.12219999999999 | 
ZFactor            = 0.63615910364202 | 
PROPANE            = 0.25 | 
N-BUTANE           = 0.25 | 
ISOBUTANE          = 0.25 | 
N-PENTANE          = 0.25 | 

