>> # Depropanizer test (from old Hysim manual)
>> units SI
>> thermo = Sim21Thermo.Peng-Robinson
pkgName: Peng-Robinson
The usage of thermo = Sim21Thermo.Peng-Robinson is obsolete and will be deprecated. Use $thermoname = opTypeDesc instead
>> thermo + propane isobutane n-butane isopentane n-pentane
propane isobutane n-butane isopentane n-pentane 
>> thermo + n-hexane n-heptane n-octane
n-hexane n-heptane n-octane 
>> thermo + n-nonane n-decane
n-nonane n-decane 
>> thermo + water
water 
>> 
>> stab = Tower.Tower()
>> stab.Stage_0 + 10  # twelve stages
>> stab.LiquidPhases = 2
>> 
>> cd stab.Stage_0
/stab.Stage_0
>> 
>> l = Tower.LiquidDraw()
>> l.Port.P = 1000
>> 
>> cond = Tower.EnergyFeed(0)
>> 
>> # WORKS OUT WITHOUT WATER DRAW
>> # USING WATER DRAW REQUIRES 2 LIQ PHASE CALCS
>> # NOT YET IMPLEMENTED
>> # wd = Tower.WaterDraw()
>> 
>> estT = Tower.Estimate('T')
>> estT.Value = 25
>> 
>> reflux = Tower.StageSpecification('Reflux')
>> reflux.Value = 2
>> 
>> cd ../Stage_5
/stab.Stage_5
>> f = Tower.Feed()
>> f.Port.T = 50
>> f.Port.P = 2000
>> f.Port.MoleFlow = 1000
>> f.Port.Fraction = .1702 .1473 .1132 .1166 .1066 .0963 .0829 .0694 .0558 .0417 .005
>> f.Port
Port: /stab.Feed_5_f + sim21.solver.Ports.Port_Material
Connected to: None
VapFrac            = 0.0 = 
T                  = 50.0 * C
P                  = 2000.0 * kPa
MoleFlow           = 1000.0000000000001 * kgmole/h
MassFlow           = 76081.85478407961 = kg/h
VolumeFlow         = 123.92046840713627 = m3/hr
StdLiqVolumeFlow   = 119.28976417910448 = m3/hr
H                  = -178150.30632810874 = kJ/kmol
Energy             = -49486196.20225243 = W
MolecularWeight    = 76.0818547840796 = 
ZFactor            = 0.09224327138062205 = 
PROPANE            = 0.16935323383084577 * 
ISOBUTANE          = 0.14656716417910448 * 
N-BUTANE           = 0.11263681592039802 * 
ISOPENTANE         = 0.11601990049751244 * 
N-PENTANE          = 0.10606965174129354 * 
N-HEXANE           = 0.09582089552238807 * 
N-HEPTANE          = 0.08248756218905473 * 
N-OCTANE           = 0.06905472636815921 * 
N-NONANE           = 0.0555223880597015 * 
N-DECANE           = 0.04149253731343284 * 
WATER              = 0.0049751243781094535 * 

>> 
>> cd ../Stage_11
/stab.Stage_11
>> l = Tower.LiquidDraw()
>> l.Port.P = 1100
>> l.Port.Fraction.n-BUTANE = .02
>> 
>> reb = Tower.EnergyFeed(1)
>> estT = Tower.Estimate('T')
>> estT.Value = 100
>> 
>> cd ..
/stab
>> 
>> /overhead = Stream.Stream_Material()
>> /overhead.In -> Stage_0.l.Port
>> 
>> /bottoms = Stream.Stream_Material()
>> /bottoms.In -> Stage_11.l.Port
>> 
>> 
>> /stab.MaxOuterLoops = 40
>> TryToSolve = 1  # start calculation
Calculating Jacobian for /stab
Calculating disturbance 10 of 12 in jacobian of /stab
/stab Inner Error 0.031124
/stab Inner Error 0.005345
/stab Inner Error 0.000697
/stab Inner Error 0.000215
/stab Inner Error 0.000053
/stab Inner Error 0.000010
Inner loop converged
/stab Iteration 1 Outer Error 0.117164
/stab Inner Error 0.020762
/stab Inner Error 0.016058
/stab Inner Error 0.003315
/stab Inner Error 0.002841
/stab Inner Error 0.000400
/stab Inner Error 0.000158
/stab Inner Error 0.000017
/stab Inner Error 0.000001
Inner loop converged
/stab Iteration 2 Outer Error 0.001986
/stab Inner Error 0.003224
/stab Inner Error 0.000602
/stab Inner Error 0.000029
/stab Inner Error 0.000001
Inner loop converged
/stab Iteration 3 Outer Error 0.000161
/stab Inner Error 0.000202
/stab Inner Error 0.000024
/stab Inner Error 0.000001
Inner loop converged
/stab Iteration 4 Outer Error 0.000016
/stab Inner Error 0.000024
/stab Inner Error 0.000001
Inner loop converged
>> 
>> /overhead.Out
Port: /overhead.Out + sim21.solver.Ports.Port_Material
Connected to: None
VapFrac            = 0.0 = 
T                  = 50.869724702079964 = C
P                  = 1000.0 = kPa
MoleFlow           = 433.1576614102577 = kgmole/h
MassFlow           = 22856.542524053282 = kg/h
VolumeFlow         = 43.74842961025765 = m3/hr
StdLiqVolumeFlow   = 39.6485479589054 = m3/hr
H                  = -138149.79251270846 = kJ/kmol
Energy             = -16622400.291421423 = W
MolecularWeight    = 52.76725892237755 = 
ZFactor            = 0.03748960237229926 = 
PROPANE            = 0.3907410529007118 = 
ISOBUTANE          = 0.32966231626438053 = 
N-BUTANE           = 0.23386484444434844 = 
ISOPENTANE         = 0.027226717537807543 = 
N-PENTANE          = 0.0088507116550545 = 
N-HEXANE           = 0.00010051490904941775 = 
N-HEPTANE          = 1.5729723969222487e-06 = 
N-OCTANE           = 2.888020004269187e-08 = 
N-NONANE           = 2.7024124350623295e-10 = 
N-DECANE           = 5.710413283418027e-10 = 
WATER              = 0.009552239594768102 = 

>> /bottoms.Out
Port: /bottoms.Out + sim21.solver.Ports.Port_Material
Connected to: None
VapFrac            = 2.7655762972330994e-06 = 
T                  = 165.71791999026328 = C
P                  = 1100.0 = kPa
MoleFlow           = 566.8423385897427 = kgmole/h
MassFlow           = 53225.29866680365 = kg/h
VolumeFlow         = 105.03759327667085 = m3/hr
StdLiqVolumeFlow   = 79.64120101441952 = m3/hr
H                  = -180044.2575584945 = kJ/kmol
Energy             = -28349085.556697488 = W
MolecularWeight    = 93.89788843088864 = 
ZFactor            = 0.055860799205626345 = 
PROPANE            = 0.00017774455528902483 = 
ISOBUTANE          = 0.00665336012182786 = 
N-BUTANE           = 0.02 = 
ISOPENTANE         = 0.18387200832645106 = 
N-PENTANE          = 0.18036037751401646 = 
N-HEXANE           = 0.168966483621766 = 
N-HEPTANE          = 0.1455199713014212 = 
N-OCTANE           = 0.12182349333728627 = 
N-NONANE           = 0.09795031909715779 = 
N-DECANE           = 0.07319943173142633 = 
WATER              = 0.0014774806978830619 = 

>> 
>> copy /stab /overhead /bottoms
Copied /stab /overhead /bottoms to the clipboard
>> paste /
Pasting /stab /overhead /bottoms
Pasted /stab /overhead /bottoms as /stabClone /overheadClone /bottomsClone
/stabClone Inner Error 0.000000
Inner loop converged
/stabClone Iteration 1 Outer Error 0.000001
/stabClone Inner Error 0.000001
Inner loop converged
>> /overheadClone.Out
Port: /overheadClone.Out + sim21.solver.Ports.Port_Material
Connected to: None
VapFrac            = 0.0 = 
T                  = 50.86952336731042 = C
P                  = 1000.0 = kPa
MoleFlow           = 433.1549615552811 = kgmole/h
MassFlow           = 22856.363228227416 = kg/h
VolumeFlow         = 43.74810678298022 = m3/hr
StdLiqVolumeFlow   = 39.648253067007744 = m3/hr
H                  = -138149.64874083354 = kJ/kmol
Energy             = -16622279.38589204 = W
MolecularWeight    = 52.76717389077595 = 
ZFactor            = 0.037489582695717394 = 
PROPANE            = 0.3907434808968244 = 
ISOBUTANE          = 0.3296639089434388 = 
N-BUTANE           = 0.23386469571647167 = 
ISOPENTANE         = 0.027224010611810897 = 
N-PENTANE          = 0.008849632849294343 = 
N-HEXANE           = 0.00010049587393620992 = 
N-HEPTANE          = 1.5725618473066801e-06 = 
N-OCTANE           = 2.8870645056786876e-08 = 
N-NONANE           = 2.701295999731593e-10 = 
N-DECANE           = 5.708362419813346e-10 = 
WATER              = 0.009552172834765294 = 

>> /bottomsClone.Out
Port: /bottomsClone.Out + sim21.solver.Ports.Port_Material
Connected to: None
VapFrac            = 0.0 = 
T                  = 165.71748742687498 = C
P                  = 1100.0 = kPa
MoleFlow           = 566.8450384447191 = kgmole/h
MassFlow           = 53225.50092438292 = kg/h
VolumeFlow         = 105.03404501261602 = m3/hr
StdLiqVolumeFlow   = 79.64152159201075 = m3/hr
H                  = -180044.32198604417 = kJ/kmol
Energy             = -28349230.727203496 = W
MolecularWeight    = 93.8977980126992 = 
ZFactor            = 0.055858701180777515 = 
PROPANE            = 0.0001777494344512466 = 
ISOBUTANE          = 0.006653681550947044 = 
N-BUTANE           = 0.02 = 
ISOPENTANE         = 0.18387333073170709 = 
N-PENTANE          = 0.18036038499197266 = 
N-HEXANE           = 0.1689656938671739 = 
N-HEPTANE          = 0.1455192785181848 = 
N-OCTANE           = 0.12182291310543165 = 
N-NONANE           = 0.0979498525647028 = 
N-DECANE           = 0.0731990830863007 = 
WATER              = 0.0014775701722561153 = 

>> 
