>> # Depeopanizer test (from old Hysim manual)
>> units Field
>> $thermo = Sim21Thermo.Peng-Robinson
pkgName: Peng-Robinson
>> / -> $thermo
Thermo case attached to a unit operation. / to /thermo
>> thermo + Methane Ethane PROPANE
Methane Ethane PROPANE 
>> thermo + ISOBUTANE n-BUTANE ISOPENTANE n-PENTANE n-Hexane
ISOBUTANE n-BUTANE ISOPENTANE n-PENTANE n-Hexane 
>> thermo + n-Heptane n-Octane
n-Heptane n-Octane 
>> 
>> deprop = Tower.Tower()
>> deprop.Stage_0 + 18  # twenty stages`
>> 
>> cd deprop.Stage_0
/deprop.Stage_0
>> 
>> v = Tower.VapourDraw()
>> v.Port.P = 200
>> v.Port.Fraction.ISOBUTANE = .01
>> 
>> cond = Tower.EnergyFeed(0)
>> 
>> estT = Tower.Estimate('T')
>> estT.Value = 25
>> 
>> cd ../Stage_9
/deprop.Stage_9
>> f = Tower.Feed()
>> f.Port.T = 50
>> f.Port.P = 480
>> f.Port.MoleFlow = 1000
>> f.Port.Fraction = .1702 .1473 .1132 .1166 .1066 .0963 .0829 .0694 .0558 .0417
>> f.Port
Port: /deprop.Feed_9_f + sim21.solver.Ports.Port_Material
Connected to: None
VapFrac            = 0.0012160576534577289 = 
T                  = 49.99999999999999 * F
P                  = 480.0 * psia
MoleFlow           = 1000.0000000000001 * lbmole/h
MassFlow           = 54388.326918000006 = lb/h
VolumeFlow         = 0.4158123139223912 = ft3/s
StdLiqVolumeFlow   = 0.39667686847159 = ft3/s
H                  = -62299.57969537366 = Btu/lbmol
Energy             = -62289103.33675756 = Btu/hr
MolecularWeight    = 54.388326918 = 
ZFactor            = 0.13136680931210476 = 
METHANE            = 0.17020000000000002 * 
ETHANE             = 0.14730000000000001 * 
PROPANE            = 0.11320000000000001 * 
ISOBUTANE          = 0.11660000000000001 * 
N-BUTANE           = 0.10660000000000001 * 
ISOPENTANE         = 0.09630000000000001 * 
N-PENTANE          = 0.08290000000000002 * 
N-HEXANE           = 0.06940000000000002 * 
N-HEPTANE          = 0.05580000000000001 * 
N-OCTANE           = 0.04170000000000001 * 

>> 
>> cd ../Stage_19
/deprop.Stage_19
>> l = Tower.LiquidDraw()
>> l.Port.P = 205
>> l.spec = Tower.MoleRecoverySpec()
>> l.spec + PROPANE
>> l.spec.Port.Fraction = .1
>> 
>> reb = Tower.EnergyFeed(1)
>> estT = Tower.Estimate('T')
>> estT.Value = 250
>> 
>> cd ..
/deprop
>> 
>> /overhead = Stream.Stream_Material()
>> /overhead.In -> Stage_0.v.Port
>> 
>> /bottoms = Stream.Stream_Material()
>> /bottoms.In -> Stage_19.l.Port
>> 
>> 
>> TryToRestart = 0 # so each test starts from scratch
>> TryToSolve = 1  # start calculation
Calculating Jacobian for /deprop
Calculating disturbance 10 of 20 in jacobian of /deprop
Calculating disturbance 20 of 20 in jacobian of /deprop
/deprop Inner Error 0.024454
/deprop Inner Error 0.006961
/deprop Inner Error 0.006276
/deprop Inner Error 0.002766
/deprop Inner Error 0.002760
Inner loop is not changing significantly - exiting
/deprop Iteration 1 Outer Error 0.108301
Calculating Jacobian for /deprop
Calculating disturbance 10 of 20 in jacobian of /deprop
Calculating disturbance 20 of 20 in jacobian of /deprop
/deprop Inner Error 0.019582
/deprop Inner Error 0.011396
/deprop Inner Error 0.001111
/deprop Inner Error 0.000189
/deprop Inner Error 0.000030
/deprop Inner Error 0.000006
Inner loop converged
/deprop Iteration 2 Outer Error 0.003302
/deprop Inner Error 0.001570
/deprop Inner Error 0.000315
/deprop Inner Error 0.000014
/deprop Inner Error 0.000001
Inner loop converged
/deprop Iteration 3 Outer Error 0.000855
/deprop Inner Error 0.000243
/deprop Inner Error 0.000037
/deprop Inner Error 0.000000
Inner loop converged
/deprop Iteration 4 Outer Error 0.000109
/deprop Inner Error 0.000009
Inner loop converged
/deprop Iteration 5 Outer Error 0.000025
/deprop Inner Error 0.000003
Inner loop converged
>> 
>> /overhead.Out
Port: /overhead.Out + sim21.solver.Ports.Port_Material
Connected to: None
VapFrac            = None
T                  = None
P                  = 200.0 = psia
MoleFlow           = 423.88160064536874 = lbmole/h
MassFlow           = 11913.794272520745 = lb/h
VolumeFlow         = None
StdLiqVolumeFlow   = 0.09319027267186926 = ft3/s
H                  = None
Energy             = None
MolecularWeight    = None
ZFactor            = None
METHANE            = 0.4015272182198201 = 
ETHANE             = 0.34749484064145003 = 
PROPANE            = 0.2403493295378746 = 
ISOBUTANE          = 0.01 = 
N-BUTANE           = 0.0006280102416680473 = 
ISOPENTANE         = 1.3447225365498824e-07 = 
N-PENTANE          = 5.952244348353778e-09 = 
N-HEXANE           = 1.5048739995017774e-09 = 
N-HEPTANE          = 1.1548229845016403e-09 = 
N-OCTANE           = 4.977951577337789e-10 = 

>> /bottoms.Out
Port: /bottoms.Out + sim21.solver.Ports.Port_Material
Connected to: None
VapFrac            = 2.1268384701508492e-07 = 
T                  = 256.7207064804429 = F
P                  = 205.0 = psia
MoleFlow           = 576.1183993546315 = lbmole/h
MassFlow           = 42474.526821117324 = lb/h
VolumeFlow         = 0.37945968033087735 = ft3/s
StdLiqVolumeFlow   = 0.3034865483540485 = ft3/s
H                  = -68471.97071640712 = Btu/lbmol
Energy             = -39441328.561663635 = Btu/hr
MolecularWeight    = 73.72534338585022 = 
ZFactor            = 0.06322574246080286 = 
METHANE            = 6.648001294004504e-11 = 
ETHANE             = 5.781334007947909e-06 = 
PROPANE            = 0.01964933162024662 = 
ISOBUTANE          = 0.195031073605846 = 
N-BUTANE           = 0.18456934916964157 = 
ISOPENTANE         = 0.1671530419919955 = 
N-PENTANE          = 0.14389402867503936 = 
N-HEXANE           = 0.12046134863919218 = 
N-HEPTANE          = 0.09685509015681326 = 
N-OCTANE           = 0.0723809547407376 = 

>> 
>> cd Stage_19.l
/deprop.Stage_19.l
>> delete spec
>> spec = Tower.ComponentMoleFlowSpec()
>> spec + PROPANE
>> spec.Port.MoleFlow = 10
Calculating Jacobian for /deprop
Calculating disturbance 10 of 20 in jacobian of /deprop
Calculating disturbance 20 of 20 in jacobian of /deprop
/deprop Inner Error 0.645877
/deprop Inner Error 0.029087
/deprop Inner Error 0.008646
/deprop Inner Error 0.006367
Step size too small - Exiting inner loop
/deprop Iteration 1 Outer Error 0.096318
Calculating Jacobian for /deprop
Calculating disturbance 10 of 20 in jacobian of /deprop
Calculating disturbance 20 of 20 in jacobian of /deprop
/deprop Inner Error 0.232883
/deprop Inner Error 0.057213
/deprop Inner Error 0.010300
/deprop Inner Error 0.000459
/deprop Inner Error 0.000029
/deprop Inner Error 0.000001
Inner loop converged
/deprop Iteration 2 Outer Error 0.014278
/deprop Inner Error 0.236434
/deprop Inner Error 0.027637
/deprop Inner Error 0.001278
/deprop Inner Error 0.000112
/deprop Inner Error 0.000001
Inner loop converged
/deprop Iteration 3 Outer Error 0.000824
/deprop Inner Error 0.004294
/deprop Inner Error 0.000191
/deprop Inner Error 0.000004
Inner loop converged
/deprop Iteration 4 Outer Error 0.000196
/deprop Inner Error 0.000347
/deprop Inner Error 0.000037
/deprop Inner Error 0.000002
Inner loop converged
/deprop Iteration 5 Outer Error 0.000019
/deprop Inner Error 0.000015
/deprop Inner Error 0.000003
Inner loop converged
>> /bottoms.Out
Port: /bottoms.Out + sim21.solver.Ports.Port_Material
Connected to: None
VapFrac            = 8.694188139902718e-09 = 
T                  = 257.3248216917716 = F
P                  = 205.0 = psia
MoleFlow           = 574.7892872914715 = lbmole/h
MassFlow           = 42415.806574075614 = lb/h
VolumeFlow         = 0.37917022957711904 = ft3/s
StdLiqVolumeFlow   = 0.3030426331934877 = ft3/s
H                  = -68491.65638976228 = Btu/lbmol
Energy             = -39361650.154606655 = Btu/hr
MolecularWeight    = 73.79366232800692 = 
ZFactor            = 0.06327024806144453 = 
METHANE            = 6.226815347244244e-11 = 
ETHANE             = 5.131147389147958e-06 = 
PROPANE            = 0.017397668683638325 = 
ISOBUTANE          = 0.19545927782674452 = 
N-BUTANE           = 0.1850043277977493 = 
ISOPENTANE         = 0.16753955873220003 = 
N-PENTANE          = 0.14422676155210112 = 
N-HEXANE           = 0.12073989698319686 = 
N-HEPTANE          = 0.09707905264421042 = 
N-OCTANE           = 0.07254832457050214 = 

>> 
>> delete spec
>> Port.MassFlow = 43000
Calculating Jacobian for /deprop
Calculating disturbance 10 of 20 in jacobian of /deprop
Calculating disturbance 20 of 20 in jacobian of /deprop
/deprop Inner Error 0.012760
/deprop Inner Error 0.007229
/deprop Inner Error 0.005773
/deprop Inner Error 0.001441
/deprop Inner Error 0.000418
/deprop Inner Error 0.000080
/deprop Inner Error 0.000019
/deprop Inner Error 0.000002
Inner loop converged
/deprop Iteration 1 Outer Error 0.137410
/deprop Inner Error 0.006406
/deprop Inner Error 0.002757
/deprop Inner Error 0.000782
/deprop Inner Error 0.000293
/deprop Inner Error 0.000057
/deprop Inner Error 0.000012
/deprop Inner Error 0.000002
Inner loop converged
/deprop Iteration 2 Outer Error 0.009994
/deprop Inner Error 0.000957
/deprop Inner Error 0.000214
/deprop Inner Error 0.000044
/deprop Inner Error 0.000006
Inner loop converged
/deprop Iteration 3 Outer Error 0.001248
/deprop Inner Error 0.000066
/deprop Inner Error 0.000012
/deprop Inner Error 0.000002
Inner loop converged
/deprop Iteration 4 Outer Error 0.000146
/deprop Inner Error 0.000007
Inner loop converged
/deprop Iteration 5 Outer Error 0.000022
/deprop Inner Error 0.000003
Inner loop converged
>> /bottoms.Out
Port: /bottoms.Out + sim21.solver.Ports.Port_Material
Connected to: None
VapFrac            = 0.0 = 
T                  = 251.50348756412606 = F
P                  = 205.0 = psia
MoleFlow           = 588.0046481074846 = lbmole/h
MassFlow           = 43000.0 = lb/h
VolumeFlow         = 0.38214797426002484 = ft3/s
StdLiqVolumeFlow   = 0.3074592254655226 = ft3/s
H                  = -68293.94759602248 = Btu/lbmol
Energy             = -40150405.75676666 = Btu/hr
MolecularWeight    = 73.12867103848531 = 
ZFactor            = 0.06284420477455914 = 
METHANE            = 1.0353676533096157e-10 = 
ETHANE             = 1.2569084765682835e-05 = 
PROPANE            = 0.03929038346794074 = 
ISOBUTANE          = 0.1912896102719674 = 
N-BUTANE           = 0.1808067496565664 = 
ISOPENTANE         = 0.16377411935848563 = 
N-PENTANE          = 0.1409852760497267 = 
N-HEXANE           = 0.1180262770566222 = 
N-HEPTANE          = 0.09489720844379158 = 
N-OCTANE           = 0.07091780650659701 = 

>> 
>> Port.MassFlow = None
>> spec = Tower.ComponentMassFlowSpec()
>> spec + PROPANE
>> spec.Port.MassFlow = 450
Calculating Jacobian for /deprop
Calculating disturbance 10 of 20 in jacobian of /deprop
Calculating disturbance 20 of 20 in jacobian of /deprop
/deprop Inner Error 31.534010
/deprop Inner Error 1.391182
/deprop Inner Error 0.247349
/deprop Inner Error 0.007587
Step size too small - Exiting inner loop
/deprop Iteration 1 Outer Error 0.097158
Calculating Jacobian for /deprop
Calculating disturbance 10 of 20 in jacobian of /deprop
Calculating disturbance 20 of 20 in jacobian of /deprop
/deprop Inner Error 10.778707
/deprop Inner Error 2.826103
/deprop Inner Error 0.488381
/deprop Inner Error 0.016622
/deprop Inner Error 0.000842
/deprop Inner Error 0.000115
/deprop Inner Error 0.000010
/deprop Inner Error 0.000001
Inner loop converged
/deprop Iteration 2 Outer Error 0.014257
/deprop Inner Error 9.667702
/deprop Inner Error 0.727571
/deprop Inner Error 0.135238
/deprop Inner Error 0.004709
/deprop Inner Error 0.000010
/deprop Inner Error 0.000005
Inner loop converged
/deprop Iteration 3 Outer Error 0.000826
/deprop Inner Error 0.222090
/deprop Inner Error 0.002224
/deprop Inner Error 0.000186
/deprop Inner Error 0.000002
Inner loop converged
/deprop Iteration 4 Outer Error 0.000195
/deprop Inner Error 0.018547
/deprop Inner Error 0.000240
/deprop Inner Error 0.000009
Inner loop converged
/deprop Iteration 5 Outer Error 0.000019
/deprop Inner Error 0.002280
/deprop Inner Error 0.000023
/deprop Inner Error 0.000003
Inner loop converged
>> /bottoms.Out
Port: /bottoms.Out + sim21.solver.Ports.Port_Material
Connected to: None
VapFrac            = 9.116270985664352e-09 = 
T                  = 257.2307116566068 = F
P                  = 205.0 = psia
MoleFlow           = 574.9957135755203 = lbmole/h
MassFlow           = 42424.92600095168 = lb/h
VolumeFlow         = 0.3792148840924685 = ft3/s
StdLiqVolumeFlow   = 0.3031115746827462 = ft3/s
H                  = -68488.60276882508 = Btu/lbmol
Energy             = -39374030.731493615 = Btu/hr
MolecularWeight    = 73.78303003204722 = 
ZFactor            = 0.06326328603404653 = 
METHANE            = 6.29317974785235e-11 = 
ETHANE             = 5.2313374220175495e-06 = 
PROPANE            = 0.01774812419072178 = 
ISOBUTANE          = 0.1953926866319111 = 
N-BUTANE           = 0.18493653236681085 = 
ISOPENTANE         = 0.1674794110332163 = 
N-PENTANE          = 0.14417498343470558 = 
N-HEXANE           = 0.12069655077544351 = 
N-HEPTANE          = 0.09704420079661041 = 
N-OCTANE           = 0.07252227937022676 = 

>> 
>> delete spec
>> spec = Tower.MassRecoverySpec()
>> spec + PROPANE ETHANE
>> spec.Port.Fraction = .1
Calculating Jacobian for /deprop
Calculating disturbance 10 of 20 in jacobian of /deprop
Calculating disturbance 20 of 20 in jacobian of /deprop
/deprop Inner Error 0.047349
/deprop Inner Error 0.021536
/deprop Inner Error 0.013876
/deprop Inner Error 0.004587
/deprop Inner Error 0.000497
/deprop Inner Error 0.000185
/deprop Inner Error 0.000027
/deprop Inner Error 0.000008
Inner loop converged
/deprop Iteration 1 Outer Error 0.133383
/deprop Inner Error 0.017381
/deprop Inner Error 0.008574
/deprop Inner Error 0.002186
/deprop Inner Error 0.000399
/deprop Inner Error 0.000116
/deprop Inner Error 0.000014
/deprop Inner Error 0.000002
Inner loop converged
/deprop Iteration 2 Outer Error 0.009596
/deprop Inner Error 0.001596
/deprop Inner Error 0.000468
/deprop Inner Error 0.000190
/deprop Inner Error 0.000013
/deprop Inner Error 0.000007
Inner loop converged
/deprop Iteration 3 Outer Error 0.001235
/deprop Inner Error 0.000290
/deprop Inner Error 0.000021
/deprop Inner Error 0.000007
Inner loop converged
/deprop Iteration 4 Outer Error 0.000153
/deprop Inner Error 0.000010
/deprop Inner Error 0.000002
Inner loop converged
/deprop Iteration 5 Outer Error 0.000016
/deprop Inner Error 0.000002
Inner loop converged
>> /bottoms.Out
Port: /bottoms.Out + sim21.solver.Ports.Port_Material
Connected to: None
VapFrac            = 3.58029358584965e-08 = 
T                  = 252.25580891949824 = F
P                  = 205.0 = psia
MoleFlow           = 586.244985329554 = lbmole/h
MassFlow           = 42922.1921285715 = lb/h
VolumeFlow         = 0.381738639498204 = ft3/s
StdLiqVolumeFlow   = 0.3068709924380513 = ft3/s
H                  = -68320.51237185813 = Btu/lbmol
Energy             = -40045822.49562605 = Btu/hr
MolecularWeight    = 73.21545293512068 = 
ZFactor            = 0.06289878167455147 = 
METHANE            = 9.77093691692822e-11 = 
ETHANE             = 1.1411144864776041e-05 = 
PROPANE            = 0.03643501914228187 = 
ISOBUTANE          = 0.1918345571733651 = 
N-BUTANE           = 0.1813515922752376 = 
ISOPENTANE         = 0.16426570018139594 = 
N-PENTANE          = 0.14140845494707033 = 
N-HEXANE           = 0.11838054265400434 = 
N-HEPTANE          = 0.09518205023202521 = 
N-OCTANE           = 0.0711306721520455 = 

>> 
>> delete spec
>> spec = Tower.MoleRatioSpec()
>> spec + ETHANE PROPANE / ISOBUTANE n-BUTANE
>> spec.Port.Fraction = 0.05
Calculating Jacobian for /deprop
Calculating disturbance 10 of 20 in jacobian of /deprop
Calculating disturbance 20 of 20 in jacobian of /deprop
/deprop Inner Error 0.191029
/deprop Inner Error 0.015001
/deprop Inner Error 0.009700
/deprop Inner Error 0.005915
Step size too small - Exiting inner loop
/deprop Iteration 1 Outer Error 0.103370
Calculating Jacobian for /deprop
Calculating disturbance 10 of 20 in jacobian of /deprop
Calculating disturbance 20 of 20 in jacobian of /deprop
/deprop Inner Error 0.010493
/deprop Inner Error 0.009926
/deprop Inner Error 0.009343
/deprop Inner Error 0.008255
/deprop Inner Error 0.005106
/deprop Inner Error 0.000323
/deprop Inner Error 0.000011
/deprop Inner Error 0.000001
Inner loop converged
/deprop Iteration 2 Outer Error 0.007898
/deprop Inner Error 0.000982
/deprop Inner Error 0.000238
/deprop Inner Error 0.000119
/deprop Inner Error 0.000005
Inner loop converged
/deprop Iteration 3 Outer Error 0.000873
/deprop Inner Error 0.000071
/deprop Inner Error 0.000012
/deprop Inner Error 0.000000
Inner loop converged
/deprop Iteration 4 Outer Error 0.000118
/deprop Inner Error 0.000065
/deprop Inner Error 0.000006
Inner loop converged
/deprop Iteration 5 Outer Error 0.000014
/deprop Inner Error 0.000006
Inner loop converged
>> /bottoms.Out
Port: /bottoms.Out + sim21.solver.Ports.Port_Material
Connected to: None
VapFrac            = 0.0 = 
T                  = 256.8982664151236 = F
P                  = 205.0 = psia
MoleFlow           = 575.7267486148016 = lbmole/h
MassFlow           = 42457.222877733446 = lb/h
VolumeFlow         = 0.3793734722786693 = ft3/s
StdLiqVolumeFlow   = 0.3033557336934397 = ft3/s
H                  = -68477.7784619876 = Btu/lbmol
Energy             = -39417859.08546878 = Btu/hr
MolecularWeight    = 73.74544083505388 = 
ZFactor            = 0.06323870542754614 = 
METHANE            = 6.524974307381912e-11 = 
ETHANE             = 5.588317963361714e-06 = 
PROPANE            = 0.018987013726127114 = 
ISOBUTANE          = 0.19515711427636373 = 
N-BUTANE           = 0.1846971496119329 = 
ISOPENTANE         = 0.16726675175621936 = 
N-PENTANE          = 0.14399191574241704 = 
N-HEXANE           = 0.12054329509868125 = 
N-HEPTANE          = 0.096920977940436 = 
N-OCTANE           = 0.07243019346460958 = 

>> 
>> delete spec
>> spec = Tower.MassRatioSpec()
>> spec + ETHANE PROPANE / ISOBUTANE n-BUTANE
>> spec.Port.Fraction = 0.05
Calculating Jacobian for /deprop
Calculating disturbance 10 of 20 in jacobian of /deprop
Calculating disturbance 20 of 20 in jacobian of /deprop
/deprop Inner Error 0.323992
/deprop Inner Error 0.065317
/deprop Inner Error 0.020550
Step size too small - Exiting inner loop
/deprop Iteration 1 Outer Error 0.111424
Calculating Jacobian for /deprop
Calculating disturbance 10 of 20 in jacobian of /deprop
Calculating disturbance 20 of 20 in jacobian of /deprop
/deprop Inner Error 0.070960
/deprop Inner Error 0.003991
/deprop Inner Error 0.003580
/deprop Inner Error 0.000178
/deprop Inner Error 0.000021
/deprop Inner Error 0.000003
Inner loop converged
/deprop Iteration 2 Outer Error 0.016535
/deprop Inner Error 0.006205
/deprop Inner Error 0.002989
/deprop Inner Error 0.000382
/deprop Inner Error 0.000026
/deprop Inner Error 0.000001
Inner loop converged
/deprop Iteration 3 Outer Error 0.001111
/deprop Inner Error 0.002168
/deprop Inner Error 0.000204
/deprop Inner Error 0.000001
Inner loop converged
/deprop Iteration 4 Outer Error 0.000228
/deprop Inner Error 0.000206
/deprop Inner Error 0.000022
/deprop Inner Error 0.000000
Inner loop converged
/deprop Iteration 5 Outer Error 0.000022
/deprop Inner Error 0.000001
Inner loop converged
>> /bottoms.Out
Port: /bottoms.Out + sim21.solver.Ports.Port_Material
Connected to: None
VapFrac            = 1.3690306354496049e-08 = 
T                  = 255.32165263893577 = F
P                  = 205.0 = psia
MoleFlow           = 579.2340532316942 = lbmole/h
MassFlow           = 42612.22847642829 = lb/h
VolumeFlow         = 0.38014559772012213 = ft3/s
StdLiqVolumeFlow   = 0.304527590969409 = ft3/s
H                  = -68425.64792531445 = Btu/lbmol
Energy             = -39627800.422089264 = Btu/hr
MolecularWeight    = 73.56651122497958 = 
ZFactor            = 0.06312260275129368 = 
METHANE            = 7.597748124050042e-11 = 
ETHANE             = 7.3642923916268094e-06 = 
PROPANE            = 0.02488056465503106 = 
ISOBUTANE          = 0.19403626014123504 = 
N-BUTANE           = 0.1835627041596857 = 
ISOPENTANE         = 0.16625393797281907 = 
N-PENTANE          = 0.1431200341694807 = 
N-HEXANE           = 0.11981339671731868 = 
N-HEPTANE          = 0.09633411442608943 = 
N-OCTANE           = 0.07199162338997116 = 

>> 
>> delete spec
>> cd ..
/deprop.Stage_19
>> spec = Tower.ReboilRatioSpec()
>> spec.Port = 2
Calculating Jacobian for /deprop
Calculating disturbance 10 of 20 in jacobian of /deprop
Calculating disturbance 20 of 20 in jacobian of /deprop
/deprop Inner Error 0.191631
/deprop Inner Error 0.067452
/deprop Inner Error 0.026506
/deprop Inner Error 0.007195
/deprop Inner Error 0.005170
/deprop Inner Error 0.003844
/deprop Inner Error 0.000810
/deprop Inner Error 0.000225
/deprop Inner Error 0.000030
/deprop Inner Error 0.000012
/deprop Inner Error 0.000003
Inner loop converged
/deprop Iteration 1 Outer Error 0.053136
/deprop Inner Error 0.013606
/deprop Inner Error 0.007246
/deprop Inner Error 0.001428
/deprop Inner Error 0.000553
/deprop Inner Error 0.000249
/deprop Inner Error 0.000020
/deprop Inner Error 0.000006
Inner loop converged
/deprop Iteration 2 Outer Error 0.008939
/deprop Inner Error 0.001360
/deprop Inner Error 0.001150
/deprop Inner Error 0.000257
/deprop Inner Error 0.000023
/deprop Inner Error 0.000004
Inner loop converged
/deprop Iteration 3 Outer Error 0.000982
/deprop Inner Error 0.000379
/deprop Inner Error 0.000214
/deprop Inner Error 0.000044
/deprop Inner Error 0.000002
Inner loop converged
/deprop Iteration 4 Outer Error 0.000090
/deprop Inner Error 0.000022
/deprop Inner Error 0.000004
Inner loop converged
>> /bottoms.Out
Port: /bottoms.Out + sim21.solver.Ports.Port_Material
Connected to: None
VapFrac            = 4.5165140803326215e-06 = 
T                  = 260.94395937488673 = F
P                  = 205.0 = psia
MoleFlow           = 567.036256150976 = lbmole/h
MassFlow           = 42073.76373369335 = lb/h
VolumeFlow         = 0.3775651142013141 = ft3/s
StdLiqVolumeFlow   = 0.30045710931586433 = ft3/s
H                  = -68605.36193359779 = Btu/lbmol
Energy             = -38895185.82992553 = Btu/hr
MolecularWeight    = 74.1994242472055 = 
ZFactor            = 0.06354309303055483 = 
METHANE            = 1.2117684744190972e-07 = 
ETHANE             = 1.3202434617452669e-06 = 
PROPANE            = 0.003991187743740053 = 
ISOBUTANE          = 0.19799552110309027 = 
N-BUTANE           = 0.187645327875708 = 
ISOPENTANE         = 0.16983032760233596 = 
N-PENTANE          = 0.146198760240278 = 
N-HEXANE           = 0.12239076054790769 = 
N-HEPTANE          = 0.09840640353367237 = 
N-OCTANE           = 0.07354026993295859 = 

>> spec.Port = None
>> 
>> # SPECIAL PROPERTIES NOT YET SUPPORTED!
>> # cd l
>> # viscosity = Tower.PropertySpec('Viscosity')
>> # viscosity.Port = 0.078
>> # /bottoms.Out
>> 
>> # viscosity.Port = None
>> # speedofsound = Tower.PropertySpec('SpeedOfSound')
>> # speedofsound.Port = 400 m/s
>> # /bottoms.Out
>> # viscosity.Port
>> 
>> 
>> #Test some special properties
>> # speedofsound.Port = None
>> # rvpd323 = Tower.SpecialPropertySpec("ReidVaporPressure_D323")
>> # rvpd323.Port = 33.027
>> # /bottoms.Out
>> # viscosity.Port
>> # speedofsound.Port
>> 
>> # rvpd323.Port = None
>> # kinvisc = Tower.SpecialPropertySpec("KinematicViscosity")
>> # kinvisc.Port = 3.1
>> # /bottoms.Out
>> # viscosity.Port
>> # speedofsound.Port
>> # rvpd323.Port
>> 
>> # copy /deprop /overhead /bottoms
>> # paste /
>> # cd /depropClone.Stage_19.l
>> # /bottomsClone.Out
>> # viscosity.Port
>> # speedofsound.Port
>> # rvpd323.Port
