>> # turboexpander test (from old Hysim manual)
>> units Field
>> $thermo = Sim21Thermo.Peng-Robinson
pkgName: Peng-Robinson
>> / -> $thermo
Thermo case attached to a unit operation. / to /thermo
>> thermo + Nitrogen Carbon_Dioxide Methane Ethane PROPANE
Nitrogen Carbon Dioxide Methane Ethane PROPANE 
>> thermo + ISOBUTANE n-BUTANE ISOPENTANE n-PENTANE n-Hexane
ISOBUTANE n-BUTANE ISOPENTANE n-PENTANE n-Hexane 
>> 
>> # define plant feed
>> feed = Stream.Stream_Material()
>> feed.In.T = 60
>> feed.In.P = 600
>> feed.In.MoleFlow = 100
>> feed.In.Fraction = 1.49 .2 91.22 4.96 1.48 .26 .2 .1 .06 .03
>> 
>> # define feed cooler
>> cooler = Heater.Cooler()
>> feed.Out -> cooler.In
>> cooler.Out.T = -105
>> cooler.DeltaP = 15
>> 
>> # high pressure separator
>> hp-sep = Flash.SimpleFlash()
>> cooler.Out -> hp-sep.In
>> 
>> # turbo expander
>> expander = Compressor.Expander()
>> expander.Efficiency = .75
>> expander.Out.P = 330
>> 
>> hp-sep.Vap -> expander.In
>> 
>> # low pressure separator
>> lp-sep = Flash.SimpleFlash()
>> expander.Out -> lp-sep.In
>> 
>> # valve
>> valve = Valve.Valve()
>> hp-sep.Liq0 -> valve.In
>> valve.Out.P = 335
>> 
>> demeth = Tower.Tower()
>> demeth.Stage_0
Stage_0
>> demeth.Stage_0 + 4  # just six stages`
>> 
>> cd demeth.Stage_0
/demeth.Stage_0
>> 
>> f = Tower.Feed()
>> /lp-sep.Liq0 -> f.Port
>> v = Tower.VapourDraw()
>> v.Port.P = 330
>> #v.Port.MoleFlow = 21.7  # overhead flow spec
>> v.estF = Tower.Estimate('MoleFlow')
>> v.estF.Value = 22
>> #estT = Tower.Estimate('T')
>> #estT.Value = -120
>> 
>> cd ../Stage_1
/demeth.Stage_1
>> f = Tower.Feed()
>> f.Port -> /valve.Out
>> 
>> cd ../Stage_5
/demeth.Stage_5
>> l = Tower.LiquidDraw()
>> l.Port.P = 335
>> reb = Tower.EnergyFeed(1)
>> #reb.Port.Energy = 0.065e6
>> l.Port.Fraction.METHANE = 0.01
>> 
>> estT = Tower.Estimate('T')
>> estT.Value = 0
>> 
>> cd ..
/demeth
>> 
>> /overhead = Stream.Stream_Material()
>> /overhead.In -> Stage_0.v.Port
>> 
>> /bottoms = Stream.Stream_Material()
>> /bottoms.In -> Stage_5.l.Port
>> 
>> TryToSolve = 1  # start calculation - turned off by default
Calculating Jacobian for /demeth
/demeth Inner Error 0.015888
/demeth Inner Error 0.009015
/demeth Inner Error 0.003000
/demeth Inner Error 0.000795
/demeth Inner Error 0.000140
/demeth Inner Error 0.000011
/demeth Inner Error 0.000002
Inner loop converged
/demeth Iteration 1 Outer Error 0.034533
/demeth Inner Error 0.002529
/demeth Inner Error 0.000661
/demeth Inner Error 0.000166
/demeth Inner Error 0.000031
/demeth Inner Error 0.000008
Inner loop converged
/demeth Iteration 2 Outer Error 0.020534
/demeth Inner Error 0.000903
/demeth Inner Error 0.000154
/demeth Inner Error 0.000110
/demeth Inner Error 0.000028
/demeth Inner Error 0.000001
Inner loop converged
/demeth Iteration 3 Outer Error 0.014055
/demeth Inner Error 0.000786
/demeth Inner Error 0.000189
/demeth Inner Error 0.000008
Inner loop converged
/demeth Iteration 4 Outer Error 0.004929
/demeth Inner Error 0.000150
/demeth Inner Error 0.000013
/demeth Inner Error 0.000000
Inner loop converged
/demeth Iteration 5 Outer Error 0.001108
/demeth Inner Error 0.000023
/demeth Inner Error 0.000002
Inner loop converged
/demeth Iteration 6 Outer Error 0.000260
/demeth Inner Error 0.000004
Inner loop converged
/demeth Iteration 7 Outer Error 0.000058
/demeth Inner Error 0.000001
Inner loop converged
>> 
>> /overhead.Out
Port: /overhead.Out + sim21.solver.Ports.Port_Material
Connected to: None
VapFrac            = 1.0 = 
T                  = -137.22555875652148 = F
P                  = 330.0 = psia
MoleFlow           = 23.62555405860094 = lbmole/h
MassFlow           = 387.909593410913 = lb/h
VolumeFlow         = 0.05006579438547121 = ft3/s
StdLiqVolumeFlow   = 0.003760862034800528 = ft3/s
H                  = -34295.85908449315 = Btu/lbmol
Energy             = -810122.4188912503 = Btu/hr
MolecularWeight    = 16.419067465392324 = 
ZFactor            = 0.72753570799632 = 
NITROGEN           = 0.006351622847680101 = 
CARBON DIOXIDE     = 0.0010577100388642175 = 
METHANE            = 0.9736679473043748 = 
ETHANE             = 0.018533761493191997 = 
PROPANE            = 0.00038071064483908315 = 
ISOBUTANE          = 6.229018928082417e-06 = 
N-BUTANE           = 2.002576385895257e-06 = 
ISOPENTANE         = 1.2875295284980952e-08 = 
N-PENTANE          = 3.1597137907958828e-09 = 
N-HEXANE           = 4.07268086196398e-11 = 

>> /bottoms.Out
Port: /bottoms.Out + sim21.solver.Ports.Port_Material
Connected to: None
VapFrac            = 0.0 = 
T                  = 58.4909500006838 = F
P                  = 335.0 = psia
MoleFlow           = 5.937487150966328 = lbmole/h
MassFlow           = 221.15052211773767 = lb/h
VolumeFlow         = 0.002108995944203785 = ft3/s
StdLiqVolumeFlow   = 0.001587471036406206 = ft3/s
H                  = -49646.08635896869 = Btu/lbmol
Energy             = -294723.4305344687 = Btu/hr
MolecularWeight    = 37.24648432826425 = 
ZFactor            = 0.07703521995343837 = 
NITROGEN           = 2.9265850232579915e-07 = 
CARBON DIOXIDE     = 0.021559708960600006 = 
METHANE            = 0.01 = 
ETHANE             = 0.6145841967741 = 
PROPANE            = 0.24448589933547366 = 
ISOBUTANE          = 0.04371096377462402 = 
N-BUTANE           = 0.0336587062790461 = 
ISOPENTANE         = 0.016841391367996342 = 
N-PENTANE          = 0.01010508521364753 = 
N-HEXANE           = 0.005052638729835626 = 

>> 
>> copy /
Copied / to the clipboard
>> paste /
Pasting /
Pasted / as /RootClone
>> /bottoms.In
Port: /bottoms.In + sim21.solver.Ports.Port_Material
Connected to: /demeth.LiquidDraw_5_l
VapFrac            = 0.0 | 
T                  = 58.4909500006838 | F
P                  = 335.0 | psia
MoleFlow           = 5.937487150966328 | lbmole/h
MassFlow           = 221.15052211773767 | lb/h
VolumeFlow         = 0.002108995944203785 | ft3/s
StdLiqVolumeFlow   = 0.001587471036406206 | ft3/s
H                  = -49646.08635896869 | Btu/lbmol
Energy             = -294723.4305344687 | Btu/hr
MolecularWeight    = 37.24648432826425 | 
ZFactor            = 0.07703521995343837 | 
NITROGEN           = 2.9265850232579915e-07 | 
CARBON DIOXIDE     = 0.021559708960600006 | 
METHANE            = 0.01 | 
ETHANE             = 0.6145841967741 | 
PROPANE            = 0.24448589933547366 | 
ISOBUTANE          = 0.04371096377462402 | 
N-BUTANE           = 0.0336587062790461 | 
ISOPENTANE         = 0.016841391367996342 | 
N-PENTANE          = 0.01010508521364753 | 
N-HEXANE           = 0.005052638729835626 | 

>> /RootClone.bottoms.In
Port: /RootClone.bottoms.In + sim21.solver.Ports.Port_Material
Connected to: /RootClone.demeth.LiquidDraw_5_l
VapFrac            = None
T                  = None
P                  = 335.0 | psia
MoleFlow           = None
MassFlow           = None
VolumeFlow         = None
StdLiqVolumeFlow   = None
H                  = None
Energy             = None
MolecularWeight    = None
ZFactor            = None
NITROGEN           = None
CARBON DIOXIDE     = None
METHANE            = 0.01 | 
ETHANE             = None
PROPANE            = None
ISOBUTANE          = None
N-BUTANE           = None
ISOPENTANE         = None
N-PENTANE          = None
N-HEXANE           = None

