>> # Create a pre-heater, from heater.tst
>> units SI
>> $thermo = Sim21Thermo.Peng-Robinson
pkgName: Peng-Robinson
>> / -> $thermo
Thermo case attached to a unit operation. / to /thermo
>> thermo + PROPANE n-BUTANE ISOBUTANE n-PENTANE
PROPANE n-BUTANE ISOBUTANE n-PENTANE 
>> 
>> preHeater = Heater.Heater()
>> preHeater
Operation: preHeater = sim21.unitop.Heater.Heater
Port: In = sim21.solver.Ports.Port_Material
Port: Out = sim21.solver.Ports.Port_Material
Port: InQ = sim21.solver.Ports.Port_Energy
Port: DeltaP = sim21.solver.Ports.Port_Signal
Parameter: Ignored = None
Parameter: NumberSegments = 1
>> cd preHeater
/preHeater
>> In.Fraction
PROPANE                     = None
N-BUTANE                    = None
ISOBUTANE                   = None
N-PENTANE                   = None

>> In.Fraction = .25 .25 .25 .25
>> In.P = 101.325
>> # We are not using the same basis, so explicit enthalpy flashes will get strange results
>> # In.H = -7200
>> # Replace with temperature spec
>> In.T = -16.826
>> 
>> In.MoleFlow = 10
>> InQ.Energy = 1000000
>> DeltaP
Port: /preHeater.DeltaP + sim21.solver.Ports.Port_Signal
Connected to: None
DP   = None

>> DeltaP.DP = 0.1
>> In
Port: /preHeater.In + sim21.solver.Ports.Port_Material
Connected to: None
VapFrac            = 0.014570217650956967 = 
T                  = -16.826000000000022 * C
P                  = 101.325 * kPa
MoleFlow           = 10.0 * kgmole/h
MassFlow           = 581.222 = kg/h
VolumeFlow         = 3.8593869944863037 = m3/hr
StdLiqVolumeFlow   = 0.987325 = m3/hr
H                  = -154414.84640061343 = kJ/kmol
Energy             = -428930.12889059284 = W
MolecularWeight    = 58.1222 = 
ZFactor            = 0.01834896129725948 = 
PROPANE            = 0.25 * 
N-BUTANE           = 0.25 * 
ISOBUTANE          = 0.25 * 
N-PENTANE          = 0.25 * 

>> Out
Port: /preHeater.Out + sim21.solver.Ports.Port_Material
Connected to: None
VapFrac            = 1.0 = 
T                  = 1660.0976729215781 = C
P                  = 101.22500000000001 = kPa
MoleFlow           = 10.0 = kgmole/h
MassFlow           = 581.222 = kg/h
VolumeFlow         = 1588.6176262888212 = m3/hr
StdLiqVolumeFlow   = 0.987325 = m3/hr
H                  = 205585.1535993866 = kJ/kmol
Energy             = 571069.8711094072 = W
MolecularWeight    = 58.12219999999999 = 
ZFactor            = 1.0004271774333338 = 
PROPANE            = 0.25 = 
N-BUTANE           = 0.25 = 
ISOBUTANE          = 0.25 = 
N-PENTANE          = 0.25 = 

>> InQ
Port: /preHeater.InQ + sim21.solver.Ports.Port_Energy
Connected to: None
Energy   = 1000000.0 * W

>> cd /
/
>> 
>> #create a mixer and splitter
>> mixer = Mixer.Mixer()
>> splitter = Split.Splitter()
>> 
>> #connect the pre-heater to the mixer
>> preHeater.Out -> mixer.In0
>> 
>> valueOf preHeater.In.Fraction.processValue		# composition
[0.25, 0.25, 0.25, 0.25]
>> valueOf preHeater.compoundNames                         # compound name
['PROPANE', 'N-BUTANE', 'ISOBUTANE', 'N-PENTANE']
>> valueOf preHeater.LiquidPhases.processValue		# parameter
>> valueOf preHeater.In.path				# port
/preHeater.In
>> valueOf preHeater.In.properties.key			# user dictionary
['Energy', 'H', 'MassFlow', 'MoleFlow', 'MolecularWeight', 'P', 'S', 'StdGasVolumeFlow', 'StdLiqMolarVol', 'StdLiqVolumeFlow', 'T', 'VapFrac', 'VolumeFlow', 'ZFactor', 'molarV']
>> valueOf preHeater.DeltaP.properties.key                 # dictionary
['DP']
>> 
>> valueOf preHeater.DeltaP.type
sim21.solver.Ports.Port_Signal
>> valueOf preHeater.DeltaP.DP.processValue		#DeltaP is the signal
0.1
>> valueOf preHeater.InQ.Energy.processValue
1000000.0
>> valueOf preHeater.InQ.processValue
1000000.0
>> valueOf preHeater.In.MoleFlow.processValue
10.0
>> 
>> # everything about one Basic property
>> valueOf mixer.In0.P.processValue        #current process variable value
101.22500000000001
>> valueOf mixer.In0.P.value		#internal current value
101.22500000000001
>> valueOf mixer.In0.P.calcStatus
8
>> valueOf mixer.In0.P.name
P
>> valueOf mixer.In0.P.calcType
5
>> valueOf mixer.In0.P.unitType
1
>> valueOf mixer.In0.P.scaleFactor
1000.0
>> valueOf mixer.In0.P.minValue
>> valueOf mixer.In0.VapFrac.maxValue
1.0
>> 
>> # a full material port values
>> valueOf preHeater.Out.T.processValue
1933.2476729215782
>> valueOf preHeater.Out.P.processValue
101.22500000000001
>> valueOf preHeater.Out.molarV.processValue
158.8617626288821
>> valueOf preHeater.Out.H.processValue
205585.1535993866
>> valueOf preHeater.Out.S.processValue
112.67108049926347
>> valueOf preHeater.Out.VapFrac.processValue
1.0
>> valueOf preHeater.Out.MoleFlow.processValue
10.0
>> valueOf preHeater.Out.MassFlow.processValue
581.222
>> valueOf preHeater.Out.Energy.processValue
571069.8711094072
>> valueOf preHeater.Out.Fraction.processValue
[0.25, 0.25, 0.25, 0.25]
>> 
>> 
