>> # Cascade refrigeration example
>> 
>> units SI
>> 
>> # set up thermo
>> 
>> $thermo = Sim21Thermo.Peng-Robinson
pkgName: Peng-Robinson
>> / -> $thermo
Thermo case attached to a unit operation. / to /thermo
>> thermo + METHANE ETHYLENE PROPYLENE
METHANE ETHYLENE PROPYLENE 
>> 
>> # The Propylene Loop
>> 
>> c3_cond = Heater.Cooler()
>> c3_cond.Out.T = 35 C
>> c3_cond.DeltaP.DP = 0
>> c3_cond.Out.VapFrac = 0
>> c3_cond.Out.Fraction = 0 0 1
>> c3_cond.Out
Port: /c3_cond.Out + sim21.old.solver.Ports.Port_Material
Connected to: None
VapFrac            = 0.0 * 
T                  = 35.0 * C
P                  = 1478.777467834266 = kPa
MoleFlow           = None
MassFlow           = None
VolumeFlow         = None
StdLiqVolumeFlow is invalid
H                  = 5933.813035157747 = kJ/kmol
Energy             = None
MolecularWeight    = 42.07974 = 
ZFactor            = 0.0484790166858286 = 
METHANE            = 0.0 * 
ETHYLENE           = 0.0 * 
PROPYLENE          = 1.0 * 

>> 
>> c3_vlv = Valve.Valve()
>> c3_vlv.In -> c3_cond.Out
>> c3_vlv.Out.T = -30 C
>> c3_vlv.Out
Port: /c3_vlv.Out + sim21.old.solver.Ports.Port_Material
Connected to: None
VapFrac            = 0.38429932058870986 = 
T                  = -30.0 * C
P                  = 215.29880568242876 = kPa
MoleFlow           = None
MassFlow           = None
VolumeFlow         = None
StdLiqVolumeFlow is invalid
H                  = 5933.813035157747 = kJ/kmol
Energy             = None
MolecularWeight    = 42.07974 = 
ZFactor            = 0.36717705076928187 = 
METHANE            = 0.0 = 
ETHYLENE           = 0.0 = 
PROPYLENE          = 1.0 = 

>> 
>> c3_htr = Heater.Heater()
>> c3_htr.In -> c3_vlv.Out
>> c3_htr.DeltaP = 0
>> c3_htr.Out.VapFrac = 1
>> c3_htr.Out
Port: /c3_htr.Out + sim21.old.solver.Ports.Port_Material
Connected to: None
VapFrac            = 1.0 * 
T                  = -30.000270167583267 = C
P                  = 215.29880568242876 = kPa
MoleFlow           = None
MassFlow           = None
VolumeFlow         = None
StdLiqVolumeFlow is invalid
H                  = 16688.06545842732 = kJ/kmol
Energy             = None
MolecularWeight    = 42.07974 = 
ZFactor            = 0.9440039399723816 = 
METHANE            = 0.0 = 
ETHYLENE           = 0.0 = 
PROPYLENE          = 1.0 = 

>> 
>> c3_compr1 = Compressor.Compressor()
>> c3_compr1.In -> c3_htr.Out
>> c3_compr1.Efficiency = .8
>> c3_compr1.Out.P = 530 kPa
>> c3_compr1.Out
Port: /c3_compr1.Waste.Out + sim21.old.solver.Ports.Port_Material
Connected to: None
VapFrac            = 1.0 = 
T                  = 11.931848248222195 = C
P                  = 530.0 * kPa
MoleFlow           = None
MassFlow           = None
VolumeFlow         = None
StdLiqVolumeFlow is invalid
H                  = 18814.121833787347 = kJ/kmol
Energy             = None
MolecularWeight    = 42.07974 = 
ZFactor            = 0.9070601033548837 = 
METHANE            = 0.0 = 
ETHYLENE           = 0.0 = 
PROPYLENE          = 1.0 = 

>> 
>> c3_compr2 = Compressor.Compressor()
>> c3_compr2.In -> c3_compr1.Out
>> c3_compr2.Efficiency = .8
>> c3_compr2.Out -> c3_cond.In
>> 
>> c3_compr2.Out
Port: /c3_compr2.Waste.Out + sim21.old.solver.Ports.Port_Material
Connected to: /c3_cond.In
VapFrac            = 1.0 | 
T                  = 61.9476994050234 | C
P                  = 1478.777467834266 | kPa
MoleFlow           = None
MassFlow           = None
VolumeFlow         = None
StdLiqVolumeFlow is invalid
H                  = 21296.638307598056 = kJ/kmol
Energy             = None
MolecularWeight    = 42.07974 | 
ZFactor            = 0.8263313627732234 | 
METHANE            = 0.0 = 
ETHYLENE           = 0.0 = 
PROPYLENE          = 1.0 = 

>> 
>> # The loop is fully defined, now specifying the duty required
>> # in c3_htr will fully specify the loop
>> c3_htr.InQ.Energy
/c3_htr.InQ.Energy= None
>> 
>> # Specify the Duty
>> c3_htr.InQ.Energy = 1e3 W
>> 
>> # Now the loop should be solved
>> c3_cond.Out
Port: /c3_cond.Out + sim21.old.solver.Ports.Port_Material
Connected to: /c3_vlv.In
VapFrac            = 0.0 * 
T                  = 35.0 * C
P                  = 1478.777467834266 = kPa
MoleFlow           = 0.3347513019324783 = kgmole/h
MassFlow           = 14.086247749980187 = kg/h
VolumeFlow         = 0.028117040705271226 = m3/hr
StdLiqVolumeFlow   = 0.027865100074421816 = m3/hr
H                  = 5933.813035157747 = kJ/kmol
Energy             = 551.7643441508241 = W
MolecularWeight    = 42.07974 = 
ZFactor            = 0.0484790166858286 = 
METHANE            = 0.0 * 
ETHYLENE           = 0.0 * 
PROPYLENE          = 1.0 * 

>> 
>> 
>> 
>> # The ethylene loop
>> c2_cond = Heater.Cooler()
>> c2_cond.Out.T = -25 C
>> c2_cond.DeltaP.DP = 0
>> c2_cond.Out.VapFrac = 0
>> c2_cond.Out.Fraction = 0 1 0
>> c2_cond.Out
Port: /c2_cond.Out + sim21.old.solver.Ports.Port_Material
Connected to: None
VapFrac            = 0.0 * 
T                  = -25.0 * C
P                  = 2225.016064376388 = kPa
MoleFlow           = None
MassFlow           = None
VolumeFlow         = None
StdLiqVolumeFlow is invalid
H                  = 40043.38279255153 = kJ/kmol
Energy             = None
MolecularWeight    = 28.05316 = 
ZFactor            = 0.0695950351073612 = 
METHANE            = 0.0 * 
ETHYLENE           = 1.0 * 
PROPYLENE          = 0.0 * 

>> 
>> c2_vlv = Valve.Valve()
>> c2_vlv.In -> c2_cond.Out
>> c2_vlv.Out.T = -105 C
>> c2_vlv.Out
Port: /c2_vlv.Out + sim21.old.solver.Ports.Port_Material
Connected to: None
VapFrac            = 0.44682366586466926 = 
T                  = -105.0 * C
P                  = 95.54562219146189 = kPa
MoleFlow           = None
MassFlow           = None
VolumeFlow         = None
StdLiqVolumeFlow is invalid
H                  = 40043.38279255153 = kJ/kmol
Energy             = None
MolecularWeight    = 28.05316 = 
ZFactor            = 0.43575693023168205 = 
METHANE            = 0.0 = 
ETHYLENE           = 1.0 = 
PROPYLENE          = 0.0 = 

>> 
>> c2_htr = Heater.Heater()
>> c2_htr.In -> c2_vlv.Out
>> c2_htr.DeltaP = 0
>> c2_htr.Out.VapFrac = 1
>> c2_htr.Out
Port: /c2_htr.Out + sim21.old.solver.Ports.Port_Material
Connected to: None
VapFrac            = 1.0 * 
T                  = -104.99996799764597 = C
P                  = 95.54562219146189 = kPa
MoleFlow           = None
MassFlow           = None
VolumeFlow         = None
StdLiqVolumeFlow is invalid
H                  = 47469.45063780603 = kJ/kmol
Energy             = None
MolecularWeight    = 28.05316 = 
ZFactor            = 0.9714048282968731 = 
METHANE            = 0.0 = 
ETHYLENE           = 1.0 = 
PROPYLENE          = 0.0 = 

>> 
>> c2_compr1 = Compressor.Compressor()
>> c2_compr1.In -> c2_htr.Out
>> c2_compr1.Efficiency = .8
>> c2_compr1.Out.P = 1000 kPa
>> c2_compr1.Out
Port: /c2_compr1.Waste.Out + sim21.old.solver.Ports.Port_Material
Connected to: None
VapFrac            = 1.0 = 
T                  = 36.34586331923475 = C
P                  = 1000.0 * kPa
MoleFlow           = None
MassFlow           = None
VolumeFlow         = None
StdLiqVolumeFlow is invalid
H                  = 52552.09565940121 = kJ/kmol
Energy             = None
MolecularWeight    = 28.05316 = 
ZFactor            = 0.9409476070603617 = 
METHANE            = 0.0 = 
ETHYLENE           = 1.0 = 
PROPYLENE          = 0.0 = 

>> 
>> c2_compr2 = Compressor.Compressor()
>> c2_compr2.In -> c2_compr1.Out
>> c2_compr2.Efficiency = .8
>> c2_compr2.Out -> c2_cond.In
>> 
>> c2_compr2.Out
Port: /c2_compr2.Waste.Out + sim21.old.solver.Ports.Port_Material
Connected to: /c2_cond.In
VapFrac            = 1.0 | 
T                  = 96.48434713772889 | C
P                  = 2225.016064376388 | kPa
MoleFlow           = None
MassFlow           = None
VolumeFlow         = None
StdLiqVolumeFlow is invalid
H                  = 55054.62445025413 = kJ/kmol
Energy             = None
MolecularWeight    = 28.05316 | 
ZFactor            = 0.9256504687882913 | 
METHANE            = 0.0 = 
ETHYLENE           = 1.0 = 
PROPYLENE          = 0.0 = 

>> 
>> # The loop is fully defined, now specifying the duty required
>> # in c2_htr will fully specify the loop
>> c2_htr.InQ.Energy
/c2_htr.InQ.Energy= None
>> 
>> # Specify the Duty
>> c2_htr.InQ.Energy = 1e3 W
>> 
>> # Now the loop should be solved
>> c2_cond.Out
Port: /c2_cond.Out + sim21.old.solver.Ports.Port_Material
Connected to: /c2_vlv.In
VapFrac            = 0.0 * 
T                  = -25.0 * C
P                  = 2225.016064376388 = kPa
MoleFlow           = 0.4847787651577299 = kgmole/h
MassFlow           = 13.599576263572219 = kg/h
VolumeFlow         = 0.03128507209075113 = m3/hr
StdLiqVolumeFlow   = 0.024757651536605262 = m3/hr
H                  = 40043.38279255153 = kJ/kmol
Energy             = 5392.272684142061 = W
MolecularWeight    = 28.05316 = 
ZFactor            = 0.0695950351073612 = 
METHANE            = 0.0 * 
ETHYLENE           = 1.0 * 
PROPYLENE          = 0.0 * 

>> 
>> # The methane loop
>> c1_cond = Heater.Cooler()
>> c1_cond.Out.T = -100 C
>> c1_cond.DeltaP.DP = 0
>> c1_cond.Out.VapFrac = 0
>> c1_cond.Out.Fraction = 1 0 0
>> c1_cond.Out
Port: /c1_cond.Out + sim21.old.solver.Ports.Port_Material
Connected to: None
VapFrac            = 0.0 * 
T                  = -100.0 * C
P                  = 2626.2672652677993 = kPa
MoleFlow           = None
MassFlow           = None
VolumeFlow         = None
StdLiqVolumeFlow is invalid
H                  = -84904.94431154414 = kJ/kmol
Energy             = None
MolecularWeight    = 16.04246 = 
ZFactor            = 0.09602158482507983 = 
METHANE            = 1.0 * 
ETHYLENE           = 0.0 * 
PROPYLENE          = 0.0 * 

>> 
>> c1_vlv = Valve.Valve()
>> c1_vlv.In -> c1_cond.Out
>> c1_vlv.Out.T = -165 C
>> c1_vlv.Out
Port: /c1_vlv.Out + sim21.old.solver.Ports.Port_Material
Connected to: None
VapFrac            = 0.5226778175607352 = 
T                  = -165.0 * C
P                  = 75.85809567580462 = kPa
MoleFlow           = None
MassFlow           = None
VolumeFlow         = None
StdLiqVolumeFlow is invalid
H                  = -84904.94431154414 = kJ/kmol
Energy             = None
MolecularWeight    = 16.04246 = 
ZFactor            = 0.510189808898011 = 
METHANE            = 1.0 = 
ETHYLENE           = 0.0 = 
PROPYLENE          = 0.0 = 

>> 
>> c1_htr = Heater.Heater()
>> c1_htr.In -> c1_vlv.Out
>> c1_htr.DeltaP = 0
>> c1_htr.Out.VapFrac = 1
>> c1_htr.Out
Port: /c1_htr.Out + sim21.old.solver.Ports.Port_Material
Connected to: None
VapFrac            = 1.0 * 
T                  = -166.00081797281956 = C
P                  = 75.85809567580462 = kPa
MoleFlow           = None
MassFlow           = None
VolumeFlow         = None
StdLiqVolumeFlow is invalid
H                  = -80979.03914993811 = kJ/kmol
Energy             = None
MolecularWeight    = 16.04246 = 
ZFactor            = 0.9729328058628517 = 
METHANE            = 1.0 = 
ETHYLENE           = 0.0 = 
PROPYLENE          = 0.0 = 

>> 
>> c1_compr1 = Compressor.Compressor()
>> c1_compr1.In -> c1_htr.Out
>> c1_compr1.Efficiency = .8
>> c1_compr1.Out.P = 1500 kPa
>> c1_compr1.Out
Port: /c1_compr1.Waste.Out + sim21.old.solver.Ports.Port_Material
Connected to: None
VapFrac            = 1.0 = 
T                  = -16.570452452555003 = C
P                  = 1500.0 * kPa
MoleFlow           = None
MassFlow           = None
VolumeFlow         = None
StdLiqVolumeFlow is invalid
H                  = -76326.014079896 = kJ/kmol
Energy             = None
MolecularWeight    = 16.04246 = 
ZFactor            = 0.9468941188060008 = 
METHANE            = 1.0 = 
ETHYLENE           = 0.0 = 
PROPYLENE          = 0.0 = 

>> 
>> c1_compr2 = Compressor.Compressor()
>> c1_compr2.In -> c1_compr1.Out
>> c1_compr2.Efficiency = .8
>> c1_compr2.Out -> c1_cond.In
>> 
>> c1_compr2.Out
Port: /c1_compr2.Waste.Out + sim21.old.solver.Ports.Port_Material
Connected to: /c1_cond.In
VapFrac            = 1.0 | 
T                  = 29.463200504072347 | C
P                  = 2626.2672652677993 | kPa
MoleFlow           = None
MassFlow           = None
VolumeFlow         = None
StdLiqVolumeFlow is invalid
H                  = -74827.09678479531 = kJ/kmol
Energy             = None
MolecularWeight    = 16.04246 | 
ZFactor            = 0.9471062118661793 | 
METHANE            = 1.0 = 
ETHYLENE           = 0.0 = 
PROPYLENE          = 0.0 = 

>> 
>> # The loop is fully defined, now specifying the duty required
>> # in c1_htr will fully specify the loop
>> c1_htr.InQ.Energy
/c1_htr.InQ.Energy= None
>> 
>> # Specify the Duty
>> c1_htr.InQ.Energy = 1e3 W
>> 
>> # Now the loop should be solved
>> c1_cond.Out
Port: /c1_cond.Out + sim21.old.solver.Ports.Port_Material
Connected to: /c1_vlv.In
VapFrac            = 0.0 * 
T                  = -100.0 * C
P                  = 2626.2672652677993 = kPa
MoleFlow           = 0.9169859820371434 = kgmole/h
MassFlow           = 14.710710937391593 = kg/h
VolumeFlow         = 0.04826689112562433 = m3/hr
StdLiqVolumeFlow   = 0.03258968180160008 = m3/hr
H                  = -84904.94431154414 = kJ/kmol
Energy             = -21626.845483147303 = W
MolecularWeight    = 16.04246 = 
ZFactor            = 0.09602158482507983 = 
METHANE            = 1.0 * 
ETHYLENE           = 0.0 * 
PROPYLENE          = 0.0 * 

>> 
>> # First delete the spec on the htrs in the C2, C3 levels
>> c2_htr.InQ.Energy = None
>> c3_htr.InQ.Energy = None
>> 
>> # Connect the heaters up
>> c2_htr.InQ -> c1_cond.OutQ
>> c3_htr.InQ -> c2_cond.OutQ
>> 
>> 
>> # Now let's see we're at
>> c1_compr1.TotalQ.Out
Port: /c1_compr1.TotalQ.Out + sim21.old.solver.Ports.Port_Energy
Connected to: /c1_compr1.Mix.InQ0
Energy   = 1185.2107675822208 = W

>> c1_compr2.TotalQ.Out
Port: /c1_compr2.TotalQ.Out + sim21.old.solver.Ports.Port_Energy
Connected to: /c1_compr2.Mix.InQ0
Energy   = 381.80170773343434 = W

>> 
>> c2_compr1.TotalQ.Out
Port: /c2_compr1.TotalQ.Out + sim21.old.solver.Ports.Port_Energy
Connected to: /c2_compr1.Mix.InQ0
Energy   = 1756.9477481105196 = W

>> c2_compr2.TotalQ.Out
Port: /c2_compr2.TotalQ.Out + sim21.old.solver.Ports.Port_Energy
Connected to: /c2_compr2.Mix.InQ0
Energy   = 865.06382109897 = W

>> 
>> c3_compr1.TotalQ.Out
Port: /c3_compr1.TotalQ.Out + sim21.old.solver.Ports.Port_Energy
Connected to: /c3_compr1.Mix.InQ0
Energy   = 1025.8414269585364 = W

>> c3_compr2.TotalQ.Out
Port: /c3_compr2.TotalQ.Out + sim21.old.solver.Ports.Port_Energy
Connected to: /c3_compr2.Mix.InQ0
Energy   = 1197.8366479161696 = W

>> 
>> # Change the Duty at C1 level
>> c1_htr.InQ.Energy = 2e3 W
>> 
>> # Now let's see we're at
>> c1_compr1.TotalQ.Out
Port: /c1_compr1.TotalQ.Out + sim21.old.solver.Ports.Port_Energy
Connected to: /c1_compr1.Mix.InQ0
Energy   = 2370.4215351644416 = W

>> c1_compr2.TotalQ.Out
Port: /c1_compr2.TotalQ.Out + sim21.old.solver.Ports.Port_Energy
Connected to: /c1_compr2.Mix.InQ0
Energy   = 763.6034154668687 = W

>> 
>> c2_compr1.TotalQ.Out
Port: /c2_compr1.TotalQ.Out + sim21.old.solver.Ports.Port_Energy
Connected to: /c2_compr1.Mix.InQ0
Energy   = 3513.895496221039 = W

>> c2_compr2.TotalQ.Out
Port: /c2_compr2.TotalQ.Out + sim21.old.solver.Ports.Port_Energy
Connected to: /c2_compr2.Mix.InQ0
Energy   = 1730.12764219794 = W

>> 
>> c3_compr1.TotalQ.Out
Port: /c3_compr1.TotalQ.Out + sim21.old.solver.Ports.Port_Energy
Connected to: /c3_compr1.Mix.InQ0
Energy   = 2051.682853917073 = W

>> c3_compr2.TotalQ.Out
Port: /c3_compr2.TotalQ.Out + sim21.old.solver.Ports.Port_Energy
Connected to: /c3_compr2.Mix.InQ0
Energy   = 2395.673295832339 = W

>> 
>> # 2x the Duty! - not surprising, how about we change the efficiencies of the compressors at the C1 level
>> hold
>> c1_compr1.Efficiency = .9
>> c1_compr2.Efficiency = .9
>> go
>> 
>> # Now let's see we're at, a decent improvement
>> c1_compr1.TotalQ.Out
Port: /c1_compr1.TotalQ.Out + sim21.old.solver.Ports.Port_Energy
Connected to: /c1_compr1.Mix.InQ0
Energy   = 2107.0413645906146 = W

>> c1_compr2.TotalQ.Out
Port: /c1_compr2.TotalQ.Out + sim21.old.solver.Ports.Port_Energy
Connected to: /c1_compr2.Mix.InQ0
Energy   = 632.499542932419 = W

>> 
>> c2_compr1.TotalQ.Out
Port: /c2_compr1.TotalQ.Out + sim21.old.solver.Ports.Port_Energy
Connected to: /c2_compr1.Mix.InQ0
Energy   = 3243.8976454628755 = W

>> c2_compr2.TotalQ.Out
Port: /c2_compr2.TotalQ.Out + sim21.old.solver.Ports.Port_Energy
Connected to: /c2_compr2.Mix.InQ0
Energy   = 1597.189498353564 = W

>> 
>> c3_compr1.TotalQ.Out
Port: /c3_compr1.TotalQ.Out + sim21.old.solver.Ports.Port_Energy
Connected to: /c3_compr1.Mix.InQ0
Energy   = 1894.0373116433398 = W

>> c3_compr2.TotalQ.Out
Port: /c3_compr2.TotalQ.Out + sim21.old.solver.Ports.Port_Energy
Connected to: /c3_compr2.Mix.InQ0
Energy   = 2211.5964951167007 = W

>> 
>> # Now what happens if we improve the efficiency at the C3 level but not the C1 level.
>> hold
>> 
>> # Go back the old values here
>> c1_compr1.Efficiency = .8
>> c1_compr2.Efficiency = .8
>> 
>> c3_compr1.Efficiency = .9
>> c3_compr2.Efficiency = .9
>> 
>> go
>> 
>> # Now let's see we're at
>> c1_compr1.TotalQ.Out
Port: /c1_compr1.TotalQ.Out + sim21.old.solver.Ports.Port_Energy
Connected to: /c1_compr1.Mix.InQ0
Energy   = 2370.4215351644416 = W

>> c1_compr2.TotalQ.Out
Port: /c1_compr2.TotalQ.Out + sim21.old.solver.Ports.Port_Energy
Connected to: /c1_compr2.Mix.InQ0
Energy   = 763.6034154668687 = W

>> 
>> c2_compr1.TotalQ.Out
Port: /c2_compr1.TotalQ.Out + sim21.old.solver.Ports.Port_Energy
Connected to: /c2_compr1.Mix.InQ0
Energy   = 3513.895496221039 = W

>> c2_compr2.TotalQ.Out
Port: /c2_compr2.TotalQ.Out + sim21.old.solver.Ports.Port_Energy
Connected to: /c2_compr2.Mix.InQ0
Energy   = 1730.12764219794 = W

>> 
>> c3_compr1.TotalQ.Out
Port: /c3_compr1.TotalQ.Out + sim21.old.solver.Ports.Port_Energy
Connected to: /c3_compr1.Mix.InQ0
Energy   = 1823.7180923707315 = W

>> c3_compr2.TotalQ.Out
Port: /c3_compr2.TotalQ.Out + sim21.old.solver.Ports.Port_Energy
Connected to: /c3_compr2.Mix.InQ0
Energy   = 2075.4966981843004 = W

